{"level":"info","message":"POST /auth/login","timestamp":"2024-12-12 04:24:01"}
{"level":"info","message":"GET /protected","timestamp":"2024-12-12 04:31:59"}
{"level":"info","message":"GET /protected","timestamp":"2024-12-12 04:32:19"}
{"level":"info","message":"GET /protected","timestamp":"2024-12-12 04:32:31"}
{"level":"info","message":"POST /auth/login","timestamp":"2024-12-12 04:32:44"}
{"level":"info","message":"GET /protected","timestamp":"2024-12-12 04:32:49"}
{"level":"info","message":"GET /protected","timestamp":"2024-12-12 04:33:07"}
{"level":"info","message":"GET /protected","timestamp":"2024-12-12 04:33:44"}
{"level":"info","message":"GET /protected","timestamp":"2024-12-12 04:34:10"}
{"level":"info","message":"POST /auth/login","timestamp":"2024-12-12 04:34:12"}
{"level":"info","message":"POST /auth/login","timestamp":"2024-12-12 04:34:15"}
{"level":"info","message":"POST /auth/login","timestamp":"2024-12-12 04:34:26"}
{"level":"info","message":"GET /protected","timestamp":"2024-12-12 04:34:34"}
{"level":"info","message":"GET /protected","timestamp":"2024-12-12 04:34:43"}
{"level":"info","message":"POST /auth/login","timestamp":"2024-12-12 04:34:59"}
{"level":"info","message":"GET /protected","timestamp":"2024-12-12 04:35:06"}
{"level":"info","message":"POST /auth/login","timestamp":"2024-12-12 04:35:42"}
{"level":"info","message":"GET /protected","timestamp":"2024-12-12 04:36:06"}
{"level":"info","message":"POST /auth/login","timestamp":"2024-12-12 04:36:08"}
{"level":"info","message":"GET /protected","timestamp":"2024-12-12 04:36:14"}
{"level":"info","message":"GET /protected","timestamp":"2024-12-12 04:36:25"}
{"level":"info","message":"POST /auth/login","timestamp":"2024-12-12 04:37:36"}
{"level":"info","message":"GET /protected","timestamp":"2024-12-12 04:37:41"}
{"level":"info","message":"GET /protected","timestamp":"2024-12-12 04:37:50"}
{"level":"info","message":"POST /auth/login","timestamp":"2024-12-12 04:39:20"}
{"level":"info","message":"POST /auth/login","timestamp":"2024-12-12 04:39:54"}
{"level":"info","message":"POST /auth/login","timestamp":"2024-12-12 04:40:18"}
{"level":"info","message":"GET /protected","timestamp":"2024-12-12 04:40:58"}
{"level":"info","message":"GET /protected","timestamp":"2024-12-12 04:44:55"}
{"level":"info","message":"POST /auth/login","timestamp":"2024-12-12 04:44:59"}
{"level":"info","message":"GET /protected","timestamp":"2024-12-12 04:45:06"}
{"level":"info","message":"GET /protected","timestamp":"2024-12-12 04:46:00"}
{"level":"info","message":"POST /auth/login","timestamp":"2024-12-12 04:46:02"}
{"level":"info","message":"GET /protected","timestamp":"2024-12-12 04:46:12"}
{"level":"info","message":"POST /auth/login","timestamp":"2024-12-12 04:48:03"}
{"level":"info","message":"GET /protected","timestamp":"2024-12-12 04:48:12"}
{"level":"info","message":"GET /protected","timestamp":"2024-12-12 04:48:23"}
{"level":"info","message":"POST /auth/login","timestamp":"2024-12-12 04:52:03"}
{"level":"info","message":"POST /auth/token","timestamp":"2024-12-12 04:52:08"}
{"level":"info","message":"GET /protected","timestamp":"2024-12-12 04:52:18"}
{"level":"info","message":"GET /protected","timestamp":"2024-12-12 04:52:49"}
{"level":"info","message":"POST /auth/login","timestamp":"2024-12-12 04:52:52"}
{"level":"info","message":"POST /auth/login","timestamp":"2024-12-12 04:53:26"}
{"level":"info","message":"POST /auth/login","timestamp":"2024-12-12 04:53:36"}
{"level":"info","message":"GET /protected","timestamp":"2024-12-12 04:53:44"}
{"level":"info","message":"GET /protected","timestamp":"2024-12-12 04:54:07"}
{"level":"info","message":"POST /auth/login","timestamp":"2024-12-12 04:54:36"}
{"level":"info","message":"GET /protected","timestamp":"2024-12-12 04:54:48"}
{"level":"info","message":"POST /auth/login","timestamp":"2024-12-12 04:54:57"}
{"level":"info","message":"GET /protected","timestamp":"2024-12-12 04:55:05"}
{"level":"info","message":"POST /auth/login","timestamp":"2024-12-12 04:55:19"}
{"level":"info","message":"GET /protected","timestamp":"2024-12-12 04:55:30"}
{"level":"info","message":"POST /auth/login","timestamp":"2024-12-12 04:56:09"}
{"level":"info","message":"GET /protected","timestamp":"2024-12-12 04:56:17"}
{"level":"info","message":"POST /auth/login","timestamp":"2024-12-13 01:23:46"}
{"level":"info","message":"GET /protected","timestamp":"2024-12-13 01:23:58"}
{"level":"info","message":"GET /protected","timestamp":"2024-12-13 01:28:02"}
{"level":"info","message":"GET /protected","timestamp":"2024-12-13 01:28:24"}
{"level":"info","message":"GET /protected","timestamp":"2024-12-13 01:29:11"}
{"level":"info","message":"GET /protected","timestamp":"2024-12-13 01:29:22"}
{"level":"info","message":"POST /auth/login","timestamp":"2024-12-13 01:29:34"}
{"level":"info","message":"GET /protected","timestamp":"2024-12-13 01:29:44"}
{"level":"info","message":"POST /auth/login","timestamp":"2024-12-13 01:34:29"}
{"level":"info","message":"GET /protected","timestamp":"2024-12-13 01:34:36"}
{"level":"info","message":"GET /protected","timestamp":"2024-12-13 01:35:28"}
{"level":"info","message":"POST /auth/login","timestamp":"2024-12-13 01:35:31"}
{"level":"info","message":"GET /protected","timestamp":"2024-12-13 01:35:39"}
{"level":"info","message":"POST /auth/login","timestamp":"2024-12-13 01:35:43"}
{"level":"info","message":"GET /protected","timestamp":"2024-12-13 01:35:54"}
{"level":"info","message":"POST /auth/login","timestamp":"2024-12-13 01:36:52"}
{"level":"info","message":"GET /protected","timestamp":"2024-12-13 01:37:02"}
{"level":"info","message":"POST /auth/login","timestamp":"2024-12-13 01:37:13"}
{"level":"info","message":"GET /protected","timestamp":"2024-12-13 01:37:21"}
{"level":"info","message":"GET /protected","timestamp":"2024-12-13 01:37:40"}
{"level":"info","message":"POST /auth/login","timestamp":"2024-12-13 01:37:42"}
{"level":"info","message":"GET /protected","timestamp":"2024-12-13 01:37:49"}
{"level":"info","message":"GET /protected","timestamp":"2024-12-13 01:38:11"}
{"level":"info","message":"POST /auth/login","timestamp":"2024-12-13 01:38:16"}
{"level":"info","message":"GET /protected","timestamp":"2024-12-13 01:38:22"}
{"level":"info","message":"GET /protected","timestamp":"2024-12-13 01:38:28"}
{"level":"info","message":"GET /protected","timestamp":"2024-12-13 01:38:35"}
{"level":"info","message":"POST /auth/login","timestamp":"2024-12-13 01:38:38"}
{"level":"info","message":"GET /protected","timestamp":"2024-12-13 01:38:45"}
{"level":"info","message":"GET /protected","timestamp":"2024-12-13 01:38:57"}
{"level":"info","message":"GET /protected","timestamp":"2024-12-13 01:39:17"}
{"level":"info","message":"POST /auth/login","timestamp":"2024-12-13 01:39:19"}
{"level":"info","message":"GET /protected","timestamp":"2024-12-13 01:39:25"}
{"level":"info","message":"POST /auth/login","timestamp":"2024-12-13 01:39:34"}
{"level":"info","message":"GET /protected","timestamp":"2024-12-13 01:39:44"}
{"level":"info","message":"POST /auth/token","timestamp":"2024-12-13 01:39:54"}
{"level":"info","message":"GET /protected","timestamp":"2024-12-13 01:40:05"}
{"level":"info","message":"GET /protected","timestamp":"2024-12-13 01:40:47"}
{"level":"info","message":"POST /auth/login","timestamp":"2024-12-13 01:40:49"}
{"level":"info","message":"POST /auth/token","timestamp":"2024-12-13 01:40:51"}
{"level":"info","message":"servidor corriendo en el puerto 3000","timestamp":"2024-12-13 01:51:31"}
{"level":"info","message":"servidor corriendo en el puerto 3000","timestamp":"2024-12-13 01:51:33"}
{"level":"info","message":"servidor corriendo en el puerto 3000","timestamp":"2024-12-13 01:51:34"}
{"level":"info","message":"servidor corriendo en el puerto 3000","timestamp":"2024-12-13 01:51:36"}
{"level":"info","message":"conectado a la base de datos","timestamp":"2024-12-13 01:51:36"}
{"level":"info","message":"servidor corriendo en el puerto 3000","timestamp":"2024-12-13 01:51:43"}
{"level":"info","message":"conectado a la base de datos","timestamp":"2024-12-13 01:51:43"}
{"level":"info","message":"conectado a la base de datos","timestamp":"2024-12-13 01:51:45"}
{"level":"info","message":"conectado a la base de datos","timestamp":"2024-12-13 01:51:48"}
{"level":"info","message":"Example app listening on port 3000!","timestamp":"2024-12-13 01:51:53"}
{"level":"info","message":"conectado a la base de datos","timestamp":"2024-12-13 01:51:53"}
{"level":"info","message":"Example app listening on port:","timestamp":"2024-12-13 01:51:55"}
{"level":"info","message":"conectado a la base de datos","timestamp":"2024-12-13 01:51:56"}
{"level":"info","message":"Example app listening on port:","timestamp":"2024-12-13 01:51:57"}
{"level":"info","message":"conectado a la base de datos","timestamp":"2024-12-13 01:51:57"}
{"level":"info","message":"Example app listening on port:","timestamp":"2024-12-13 01:51:58"}
{"level":"info","message":"conectado a la base de datos","timestamp":"2024-12-13 01:51:58"}
{"level":"info","message":"Example app listening on port: 3000","timestamp":"2024-12-13 01:52:13"}
{"level":"info","message":"conectado a la base de datos","timestamp":"2024-12-13 01:52:13"}
{"level":"info","message":"Example app listening on port: 3000","timestamp":"2024-12-13 01:54:38"}
{"level":"info","message":"conectado a la base de datos","timestamp":"2024-12-13 01:54:39"}
{"level":"info","message":"Example app listening on port: 3000","timestamp":"2024-12-13 01:55:15"}
{"level":"info","message":"conectado a la base de datos","timestamp":"2024-12-13 01:55:16"}
{"level":"info","message":"Example app listening on port: 3000","timestamp":"2024-12-13 01:55:18"}
{"level":"info","message":"conectado a la base de datos","timestamp":"2024-12-13 01:55:18"}
{"level":"info","message":"Example app listening on port: 3000","timestamp":"2024-12-13 01:55:22"}
{"level":"info","message":"conectado a la base de datos","timestamp":"2024-12-13 01:55:22"}
{"level":"info","message":"Example app listening on port: 3000","timestamp":"2024-12-13 01:55:23"}
{"level":"info","message":"conectado a la base de datos","timestamp":"2024-12-13 01:55:24"}
{"level":"info","message":"Example app listening on port: 3000","timestamp":"2024-12-13 01:55:35"}
{"level":"info","message":"conectado a la base de datos","timestamp":"2024-12-13 01:55:36"}
{"level":"info","message":"Example app listening on port: 3000","timestamp":"2024-12-13 01:55:39"}
{"level":"info","message":"conectado a la base de datos","timestamp":"2024-12-13 01:55:39"}
{"level":"info","message":"Example app listening on port: 3000","timestamp":"2024-12-13 01:55:40"}
{"level":"info","message":"conectado a la base de datos","timestamp":"2024-12-13 01:55:40"}
{"level":"info","message":"Example app listening on port: 3000","timestamp":"2024-12-13 01:55:43"}
{"level":"info","message":"Example app listening on port: 3000","timestamp":"2024-12-13 01:55:43"}
{"level":"info","message":"conectado a la base de datos","timestamp":"2024-12-13 01:55:44"}
{"level":"info","message":"Example app listening on port: 3000","timestamp":"2024-12-13 01:56:07"}
{"level":"info","message":"conectado a la base de datos","timestamp":"2024-12-13 01:56:08"}
{"level":"info","message":"Example app listening on port: 3000","timestamp":"2024-12-13 01:56:14"}
{"level":"info","message":"Example app listening on port: 3000","timestamp":"2024-12-13 01:56:16"}
{"level":"info","message":"conectado a la base de datos","timestamp":"2024-12-13 01:56:16"}
{"level":"info","message":"Example app listening on port: 3000","timestamp":"2024-12-13 01:56:17"}
{"level":"info","message":"conectado a la base de datos","timestamp":"2024-12-13 01:56:17"}
{"level":"info","message":"Example app listening on port: 3000","timestamp":"2024-12-13 01:56:20"}
{"level":"info","message":"conectado a la base de datos","timestamp":"2024-12-13 01:56:21"}
{"level":"info","message":"Example app listening on port: 3000","timestamp":"2024-12-13 01:56:33"}
{"level":"info","message":"conectado a la base de datos","timestamp":"2024-12-13 01:56:33"}
{"level":"info","message":"Example app listening on port: 3000","timestamp":"2024-12-13 01:56:35"}
{"level":"info","message":"conectado a la base de datos","timestamp":"2024-12-13 01:56:35"}
{"level":"info","message":"Example app listening on port: 3000","timestamp":"2024-12-13 01:56:36"}
{"level":"info","message":"conectado a la base de datos","timestamp":"2024-12-13 01:56:36"}
{"level":"info","message":"Example app listening on port: 3000","timestamp":"2024-12-13 01:56:37"}
{"level":"info","message":"conectado a la base de datos","timestamp":"2024-12-13 01:56:38"}
{"level":"info","message":"Example app listening on port: 3000","timestamp":"2024-12-13 01:56:43"}
{"level":"info","message":"conectado a la base de datos","timestamp":"2024-12-13 01:56:44"}
{"level":"info","message":"Example app listening on port: 3000","timestamp":"2024-12-13 01:56:46"}
{"level":"info","message":"conectado a la base de datos","timestamp":"2024-12-13 01:56:47"}
{"level":"info","message":"Example app listening on port: 3000","timestamp":"2024-12-13 01:57:17"}
{"level":"info","message":"conectado a la base de datos","timestamp":"2024-12-13 01:57:18"}
{"level":"info","message":"Example app listening on port: 3000","timestamp":"2024-12-13 01:57:18"}
{"level":"info","message":"conectado a la base de datos","timestamp":"2024-12-13 01:57:19"}
{"level":"info","message":"Example app listening on port: 3000","timestamp":"2024-12-13 01:57:20"}
{"level":"info","message":"conectado a la base de datos","timestamp":"2024-12-13 01:57:21"}
{"level":"info","message":"Example app listening on port: 3000","timestamp":"2024-12-13 01:57:21"}
{"level":"info","message":"conectado a la base de datos","timestamp":"2024-12-13 01:57:22"}
{"level":"info","message":"Example app listening on port: 3000","timestamp":"2024-12-13 01:57:25"}
{"level":"info","message":"conectado a la base de datos","timestamp":"2024-12-13 01:57:25"}
{"level":"info","message":"Example app listening on port: 3000","timestamp":"2024-12-13 01:57:26"}
{"level":"info","message":"conectado a la base de datos","timestamp":"2024-12-13 01:57:27"}
{"level":"info","message":"Example app listening on port: 3000","timestamp":"2024-12-13 01:57:36"}
{"level":"info","message":"conectado a la base de datos","timestamp":"2024-12-13 01:57:36"}
{"level":"info","message":"Example app listening on port: 3000","timestamp":"2024-12-13 01:57:37"}
{"level":"info","message":"conectado a la base de datos","timestamp":"2024-12-13 01:57:38"}
{"level":"info","message":"Example app listening on port: 3000","timestamp":"2024-12-13 01:59:04"}
{"level":"info","message":"conectado a la base de datos","timestamp":"2024-12-13 01:59:05"}
{"level":"info","message":"Example app listening on port: 3000","timestamp":"2024-12-13 01:59:22"}
{"level":"info","message":"conectado a la base de datos","timestamp":"2024-12-13 01:59:23"}
{"level":"info","message":"Example app listening on port: 3000","timestamp":"2024-12-13 01:59:23"}
{"level":"info","message":"conectado a la base de datos","timestamp":"2024-12-13 01:59:24"}
{"level":"info","message":"Example app listening on port: 3000","timestamp":"2024-12-13 02:01:37"}
{"level":"info","message":"conectado a la base de datos","timestamp":"2024-12-13 02:01:38"}
{"level":"info","message":"Example app listening on port: 3000","timestamp":"2024-12-13 02:01:49"}
{"level":"info","message":"conectado a la base de datos","timestamp":"2024-12-13 02:01:49"}
{"level":"info","message":"Example app listening on port: 3000","timestamp":"2024-12-13 02:01:50"}
{"level":"info","message":"conectado a la base de datos","timestamp":"2024-12-13 02:01:51"}
{"level":"info","message":"Example app listening on port: 3000","timestamp":"2024-12-13 02:01:52"}
{"level":"info","message":"conectado a la base de datos","timestamp":"2024-12-13 02:01:53"}
{"level":"info","message":"Example app listening on port: 3000","timestamp":"2024-12-13 02:01:59"}
{"level":"info","message":"conectado a la base de datos","timestamp":"2024-12-13 02:02:00"}
{"level":"info","message":"Example app listening on port: 3000","timestamp":"2024-12-13 02:02:03"}
{"level":"info","message":"Example app listening on port: 3000","timestamp":"2024-12-13 02:02:03"}
{"level":"info","message":"conectado a la base de datos","timestamp":"2024-12-13 02:02:04"}
{"level":"info","message":"Example app listening on port: 3000","timestamp":"2024-12-13 02:02:10"}
{"level":"info","message":"conectado a la base de datos","timestamp":"2024-12-13 02:02:10"}
{"level":"info","message":"Example app listening on port: 3000","timestamp":"2024-12-13 02:06:27"}
{"level":"info","message":"conectado a la base de datos","timestamp":"2024-12-13 02:06:28"}
{"level":"info","message":"Example app listening on port: 3000","timestamp":"2024-12-13 02:06:30"}
{"level":"info","message":"conectado a la base de datos","timestamp":"2024-12-13 02:06:30"}
{"level":"info","message":"Example app listening on port: 3000","timestamp":"2024-12-13 02:06:38"}
{"level":"info","message":"conectado a la base de datos","timestamp":"2024-12-13 02:06:38"}
{"level":"info","message":"Example app listening on port: 3000","timestamp":"2024-12-13 02:06:39"}
{"level":"info","message":"conectado a la base de datos","timestamp":"2024-12-13 02:06:39"}
{"level":"info","message":"Example app listening on port: 3000","timestamp":"2024-12-13 02:06:45"}
{"level":"info","message":"conectado a la base de datos","timestamp":"2024-12-13 02:06:45"}
{"level":"info","message":"Example app listening on port: 3000","timestamp":"2024-12-13 02:06:47"}
{"level":"info","message":"conectado a la base de datos","timestamp":"2024-12-13 02:06:48"}
{"level":"info","message":"Example app listening on port: 3000","timestamp":"2024-12-13 02:06:51"}
{"level":"info","message":"conectado a la base de datos","timestamp":"2024-12-13 02:06:52"}
{"level":"info","message":"Example app listening on port: 3000","timestamp":"2024-12-13 02:06:53"}
{"level":"info","message":"conectado a la base de datos","timestamp":"2024-12-13 02:06:54"}
{"level":"info","message":"Example app listening on port: 3000","timestamp":"2024-12-13 02:06:55"}
{"level":"info","message":"conectado a la base de datos","timestamp":"2024-12-13 02:06:56"}
{"level":"info","message":"Example app listening on port: 3000","timestamp":"2024-12-13 02:06:57"}
{"level":"info","message":"conectado a la base de datos","timestamp":"2024-12-13 02:06:57"}
{"level":"info","message":"Example app listening on port: 3000","timestamp":"2024-12-13 02:06:58"}
{"level":"info","message":"conectado a la base de datos","timestamp":"2024-12-13 02:06:59"}
{"level":"info","message":"GET /blog/","timestamp":"2024-12-13 02:07:02"}
{"level":"info","message":"Example app listening on port: 3000","timestamp":"2024-12-13 02:07:30"}
{"level":"info","message":"conectado a la base de datos","timestamp":"2024-12-13 02:07:30"}
{"level":"info","message":"Example app listening on port: 3000","timestamp":"2024-12-13 02:07:31"}
{"level":"info","message":"conectado a la base de datos","timestamp":"2024-12-13 02:07:32"}
{"level":"info","message":"Example app listening on port: 3000","timestamp":"2024-12-13 02:08:14"}
{"level":"info","message":"conectado a la base de datos","timestamp":"2024-12-13 02:08:15"}
{"level":"info","message":"Example app listening on port: 3000","timestamp":"2024-12-13 02:08:22"}
{"level":"info","message":"conectado a la base de datos","timestamp":"2024-12-13 02:08:23"}
{"level":"info","message":"Example app listening on port: 3000","timestamp":"2024-12-13 02:08:25"}
{"level":"info","message":"conectado a la base de datos","timestamp":"2024-12-13 02:08:25"}
{"level":"info","message":"Example app listening on port: 3000","timestamp":"2024-12-13 02:08:40"}
{"level":"info","message":"conectado a la base de datos","timestamp":"2024-12-13 02:08:41"}
{"level":"info","message":"Example app listening on port: 3000","timestamp":"2024-12-13 02:08:42"}
{"level":"info","message":"conectado a la base de datos","timestamp":"2024-12-13 02:08:42"}
{"level":"info","message":"Example app listening on port: 3000","timestamp":"2024-12-13 02:08:50"}
{"level":"info","message":"conectado a la base de datos","timestamp":"2024-12-13 02:08:50"}
{"level":"info","message":"Example app listening on port: 3000","timestamp":"2024-12-13 02:08:52"}
{"level":"info","message":"conectado a la base de datos","timestamp":"2024-12-13 02:08:53"}
{"level":"info","message":"Example app listening on port: 3000","timestamp":"2024-12-13 02:08:57"}
{"level":"info","message":"conectado a la base de datos","timestamp":"2024-12-13 02:08:57"}
{"level":"info","message":"Example app listening on port: 3000","timestamp":"2024-12-13 02:08:59"}
{"level":"info","message":"conectado a la base de datos","timestamp":"2024-12-13 02:08:59"}
{"level":"info","message":"Example app listening on port: 3000","timestamp":"2024-12-13 02:09:01"}
{"level":"info","message":"conectado a la base de datos","timestamp":"2024-12-13 02:09:02"}
{"level":"info","message":"Example app listening on port: 3000","timestamp":"2024-12-13 02:09:16"}
{"level":"info","message":"conectado a la base de datos","timestamp":"2024-12-13 02:09:16"}
{"level":"info","message":"Example app listening on port: 3000","timestamp":"2024-12-13 02:09:17"}
{"level":"info","message":"conectado a la base de datos","timestamp":"2024-12-13 02:09:17"}
{"level":"info","message":"Example app listening on port: 3000","timestamp":"2024-12-13 02:09:21"}
{"level":"info","message":"conectado a la base de datos","timestamp":"2024-12-13 02:09:21"}
{"level":"info","message":"Example app listening on port: 3000","timestamp":"2024-12-13 02:09:36"}
{"level":"info","message":"conectado a la base de datos","timestamp":"2024-12-13 02:09:37"}
{"level":"info","message":"Example app listening on port: 3000","timestamp":"2024-12-13 02:09:45"}
{"level":"info","message":"conectado a la base de datos","timestamp":"2024-12-13 02:09:46"}
{"level":"info","message":"Example app listening on port: 3000","timestamp":"2024-12-13 02:09:52"}
{"level":"info","message":"conectado a la base de datos","timestamp":"2024-12-13 02:09:53"}
{"level":"info","message":"Example app listening on port: 3000","timestamp":"2024-12-13 02:09:55"}
{"level":"info","message":"conectado a la base de datos","timestamp":"2024-12-13 02:09:56"}
{"level":"info","message":"Example app listening on port: 3000","timestamp":"2024-12-13 02:09:57"}
{"level":"info","message":"conectado a la base de datos","timestamp":"2024-12-13 02:09:57"}
{"level":"info","message":"Example app listening on port: 3000","timestamp":"2024-12-13 02:10:01"}
{"level":"info","message":"conectado a la base de datos","timestamp":"2024-12-13 02:10:01"}
{"level":"info","message":"Example app listening on port: 3000","timestamp":"2024-12-13 02:10:11"}
{"level":"info","message":"conectado a la base de datos","timestamp":"2024-12-13 02:10:12"}
{"level":"info","message":"Example app listening on port: 3000","timestamp":"2024-12-13 02:10:13"}
{"level":"info","message":"conectado a la base de datos","timestamp":"2024-12-13 02:10:14"}
{"level":"info","message":"Example app listening on port: 3000","timestamp":"2024-12-13 02:10:15"}
{"level":"info","message":"conectado a la base de datos","timestamp":"2024-12-13 02:10:16"}
{"level":"info","message":"Example app listening on port: 3000","timestamp":"2024-12-13 02:10:18"}
{"level":"info","message":"conectado a la base de datos","timestamp":"2024-12-13 02:10:18"}
{"level":"info","message":"Example app listening on port: 3000","timestamp":"2024-12-13 02:10:19"}
{"level":"info","message":"conectado a la base de datos","timestamp":"2024-12-13 02:10:19"}
{"level":"info","message":"Example app listening on port: 3000","timestamp":"2024-12-13 02:10:24"}
{"level":"info","message":"conectado a la base de datos","timestamp":"2024-12-13 02:10:24"}
{"level":"info","message":"Example app listening on port: 3000","timestamp":"2024-12-13 02:10:27"}
{"level":"info","message":"conectado a la base de datos","timestamp":"2024-12-13 02:10:28"}
{"level":"info","message":"Example app listening on port: 3000","timestamp":"2024-12-13 02:10:30"}
{"level":"info","message":"conectado a la base de datos","timestamp":"2024-12-13 02:10:31"}
{"level":"info","message":"Example app listening on port: 3000","timestamp":"2024-12-13 02:10:34"}
{"level":"info","message":"conectado a la base de datos","timestamp":"2024-12-13 02:10:34"}
{"level":"info","message":"Example app listening on port: 3000","timestamp":"2024-12-13 02:10:40"}
{"level":"info","message":"conectado a la base de datos","timestamp":"2024-12-13 02:10:41"}
{"level":"info","message":"Example app listening on port: 3000","timestamp":"2024-12-13 02:10:44"}
{"level":"info","message":"conectado a la base de datos","timestamp":"2024-12-13 02:10:45"}
{"level":"info","message":"Example app listening on port: 3000","timestamp":"2024-12-13 02:10:46"}
{"level":"info","message":"conectado a la base de datos","timestamp":"2024-12-13 02:10:47"}
{"level":"info","message":"Example app listening on port: 3000","timestamp":"2024-12-13 02:10:47"}
{"level":"info","message":"conectado a la base de datos","timestamp":"2024-12-13 02:10:48"}
{"level":"info","message":"Example app listening on port: 3000","timestamp":"2024-12-13 02:10:51"}
{"level":"info","message":"Example app listening on port: 3000","timestamp":"2024-12-13 02:10:51"}
{"level":"info","message":"conectado a la base de datos","timestamp":"2024-12-13 02:10:52"}
{"level":"info","message":"Example app listening on port: 3000","timestamp":"2024-12-13 02:10:53"}
{"level":"info","message":"conectado a la base de datos","timestamp":"2024-12-13 02:10:54"}
{"level":"info","message":"Example app listening on port: 3000","timestamp":"2024-12-13 02:11:20"}
{"level":"info","message":"conectado a la base de datos","timestamp":"2024-12-13 02:11:21"}
{"level":"info","message":"POST /auth/login","timestamp":"2024-12-13 02:11:28"}
{"level":"info","message":"Example app listening on port: 3000","timestamp":"2024-12-13 02:12:09"}
{"level":"info","message":"conectado a la base de datos","timestamp":"2024-12-13 02:12:09"}
{"level":"info","message":"Example app listening on port: 3000","timestamp":"2024-12-13 02:12:28"}
{"level":"info","message":"conectado a la base de datos","timestamp":"2024-12-13 02:12:29"}
{"level":"info","message":"Example app listening on port: 3000","timestamp":"2024-12-13 02:12:30"}
{"level":"info","message":"Example app listening on port: 3000","timestamp":"2024-12-13 02:12:31"}
{"level":"info","message":"conectado a la base de datos","timestamp":"2024-12-13 02:12:31"}
{"level":"info","message":"Example app listening on port: 3000","timestamp":"2024-12-13 02:20:41"}
{"level":"info","message":"conectado a la base de datos","timestamp":"2024-12-13 02:20:42"}
{"level":"info","message":"Example app listening on port: 3000","timestamp":"2024-12-13 03:24:57"}
{"level":"info","message":"conectado a la base de datos","timestamp":"2024-12-13 03:24:57"}
{"level":"info","message":"POST /productos","timestamp":"2024-12-13 03:25:30"}
{"level":"info","message":"Example app listening on port: 3000","timestamp":"2024-12-13 03:26:07"}
{"level":"info","message":"conectado a la base de datos","timestamp":"2024-12-13 03:26:08"}
{"level":"info","message":"POST /productos","timestamp":"2024-12-13 03:26:09"}
{"level":"info","message":"Example app listening on port: 3000","timestamp":"2024-12-13 03:26:24"}
{"level":"info","message":"conectado a la base de datos","timestamp":"2024-12-13 03:26:24"}
{"level":"info","message":"Example app listening on port: 3000","timestamp":"2024-12-13 03:26:50"}
{"level":"info","message":"conectado a la base de datos","timestamp":"2024-12-13 03:26:51"}
{"level":"info","message":"POST /productos","timestamp":"2024-12-13 03:26:52"}
{"level":"info","message":"Example app listening on port: 3000","timestamp":"2024-12-13 03:27:00"}
{"level":"info","message":"conectado a la base de datos","timestamp":"2024-12-13 03:27:00"}
{"level":"info","message":"POST /productos","timestamp":"2024-12-13 03:27:02"}
{"level":"info","message":"Example app listening on port: 3000","timestamp":"2024-12-13 03:27:04"}
{"level":"info","message":"conectado a la base de datos","timestamp":"2024-12-13 03:27:05"}
{"level":"info","message":"Example app listening on port: 3000","timestamp":"2024-12-13 03:27:42"}
{"level":"info","message":"conectado a la base de datos","timestamp":"2024-12-13 03:27:42"}
{"level":"info","message":"Example app listening on port: 3000","timestamp":"2024-12-13 03:27:45"}
{"level":"info","message":"conectado a la base de datos","timestamp":"2024-12-13 03:27:45"}
{"level":"info","message":"Example app listening on port: 3000","timestamp":"2024-12-13 03:27:52"}
{"level":"info","message":"conectado a la base de datos","timestamp":"2024-12-13 03:27:52"}
{"level":"info","message":"Example app listening on port: 3000","timestamp":"2024-12-13 03:28:08"}
{"level":"info","message":"conectado a la base de datos","timestamp":"2024-12-13 03:28:08"}
{"level":"info","message":"Example app listening on port: 3000","timestamp":"2024-12-13 03:28:12"}
{"level":"info","message":"conectado a la base de datos","timestamp":"2024-12-13 03:28:12"}
{"level":"info","message":"Example app listening on port: 3000","timestamp":"2024-12-13 03:28:13"}
{"level":"info","message":"conectado a la base de datos","timestamp":"2024-12-13 03:28:14"}
{"level":"info","message":"POST /productos","timestamp":"2024-12-13 03:28:21"}
{"level":"info","message":"Example app listening on port: 3000","timestamp":"2024-12-13 03:28:29"}
{"level":"info","message":"conectado a la base de datos","timestamp":"2024-12-13 03:28:29"}
{"level":"info","message":"POST /productos","timestamp":"2024-12-13 03:28:35"}
{"level":"info","message":"POST /productos","timestamp":"2024-12-13 03:29:06"}
{"level":"info","message":"Example app listening on port: 3000","timestamp":"2024-12-13 03:29:18"}
{"level":"info","message":"conectado a la base de datos","timestamp":"2024-12-13 03:29:19"}
{"level":"info","message":"POST /productos","timestamp":"2024-12-13 03:29:19"}
{"level":"info","message":"Example app listening on port: 3000","timestamp":"2024-12-13 03:29:55"}
{"level":"info","message":"conectado a la base de datos","timestamp":"2024-12-13 03:29:55"}
{"level":"info","message":"Example app listening on port: 3000","timestamp":"2024-12-13 03:29:56"}
{"level":"info","message":"conectado a la base de datos","timestamp":"2024-12-13 03:29:56"}
