{"level":"info","message":"GET /productos/paginado?page=1&limit=1","timestamp":"2024-12-29 00:02:29"}
{"level":"info","message":"GET /productos/paginado?page=1&limit=1","timestamp":"2024-12-29 00:02:31"}
{"level":"info","message":"GET /productos/paginado?page=1&limit=1","timestamp":"2024-12-29 00:02:37"}
{"level":"info","message":"GET /productos/paginado?page=1&limit=1","timestamp":"2024-12-29 00:02:48"}
{"level":"info","message":"GET /productos/paginado?page=1&limit=1","timestamp":"2024-12-29 00:02:49"}
{"level":"info","message":"GET /productos/paginado?page=1&limit=1","timestamp":"2024-12-29 00:02:54"}
{"level":"info","message":"GET /productos/paginado?page=1&limit=1","timestamp":"2024-12-29 00:03:30"}
{"level":"info","message":"GET /productos/paginado?page=1&limit=1","timestamp":"2024-12-29 00:03:31"}
{"level":"info","message":"GET /productos/paginado?page=1&limit=1","timestamp":"2024-12-29 00:03:38"}
{"level":"info","message":"GET /productos/paginado?page=1&limit=1","timestamp":"2024-12-29 00:03:39"}
{"level":"info","message":"GET /productos/paginado?page=1&limit=1","timestamp":"2024-12-29 00:03:39"}
{"level":"info","message":"GET /productos/paginado?page=1&limit=1","timestamp":"2024-12-29 00:03:48"}
{"level":"info","message":"GET /productos/paginado?page=1&limit=1","timestamp":"2024-12-29 00:03:50"}
{"level":"info","message":"GET /productos/paginado?page=1&limit=1","timestamp":"2024-12-29 00:03:57"}
{"level":"info","message":"GET /productos/paginado?page=1&limit=1","timestamp":"2024-12-29 00:04:21"}
{"level":"info","message":"GET /productos/paginado?page=1&limit=1","timestamp":"2024-12-29 00:04:22"}
{"level":"info","message":"GET /productos/paginado?page=1&limit=1","timestamp":"2024-12-29 00:04:26"}
{"level":"info","message":"GET /productos/paginado?page=1&limit=1","timestamp":"2024-12-29 00:04:27"}
{"level":"info","message":"GET /productos/paginado?page=1&limit=1","timestamp":"2024-12-29 00:04:33"}
{"level":"info","message":"GET /productos/paginado?page=1&limit=1","timestamp":"2024-12-29 00:04:34"}
{"level":"info","message":"GET /productos/paginado?page=1&limit=1","timestamp":"2024-12-29 00:04:35"}
{"level":"info","message":"GET /productos/paginado?page=1&limit=1","timestamp":"2024-12-29 00:04:39"}
{"level":"info","message":"GET /blog?page=1&limit=2","timestamp":"2024-12-29 00:04:50"}
{"level":"info","message":"GET /productos/paginado?page=1&limit=1","timestamp":"2024-12-29 00:04:51"}
{"level":"info","message":"POST /auth/login","timestamp":"2024-12-29 00:05:07"}
{"level":"info","message":"POST /productos","timestamp":"2024-12-29 00:05:19"}
{"level":"info","message":"POST /productos","timestamp":"2024-12-29 00:05:21"}
{"level":"info","message":"POST /productos","timestamp":"2024-12-29 00:05:22"}
{"level":"info","message":"POST /productos","timestamp":"2024-12-29 00:05:22"}
{"level":"info","message":"POST /productos","timestamp":"2024-12-29 00:05:23"}
{"level":"info","message":"POST /productos","timestamp":"2024-12-29 00:05:23"}
{"level":"info","message":"POST /productos","timestamp":"2024-12-29 00:05:23"}
{"level":"info","message":"POST /productos","timestamp":"2024-12-29 00:05:24"}
{"level":"info","message":"POST /productos","timestamp":"2024-12-29 00:05:24"}
{"level":"info","message":"POST /productos","timestamp":"2024-12-29 00:05:25"}
{"level":"info","message":"GET /productos/paginado?page=1&limit=1","timestamp":"2024-12-29 00:05:27"}
{"level":"info","message":"GET /productos/paginado?page=1&limit=1","timestamp":"2024-12-29 00:05:28"}
{"level":"info","message":"GET /productos/paginado?page=1&limit=1","timestamp":"2024-12-29 00:05:28"}
{"level":"info","message":"GET /productos/paginado?page=1&limit=1","timestamp":"2024-12-29 00:05:28"}
{"level":"info","message":"GET /productos/paginado?page=1&limit=1","timestamp":"2024-12-29 00:05:28"}
{"level":"info","message":"GET /productos/paginado?page=1&limit=1","timestamp":"2024-12-29 00:05:29"}
{"level":"info","message":"GET /productos/paginado?page=1&limit=1","timestamp":"2024-12-29 00:05:29"}
{"level":"info","message":"GET /productos/paginado?page=1&limit=1","timestamp":"2024-12-29 00:05:29"}
{"level":"info","message":"GET /productos/paginado?page=1&limit=1","timestamp":"2024-12-29 00:05:29"}
{"level":"info","message":"GET /productos/paginado?page=1&limit=1","timestamp":"2024-12-29 00:05:29"}
{"level":"info","message":"GET /productos/paginado?page=1&limit=1","timestamp":"2024-12-29 00:05:30"}
{"level":"info","message":"GET /productos","timestamp":"2024-12-29 00:05:33"}
{"level":"info","message":"GET /productos","timestamp":"2024-12-29 00:05:47"}
{"level":"info","message":"GET /productos","timestamp":"2024-12-29 00:05:49"}
{"level":"info","message":"GET /productos","timestamp":"2024-12-29 00:05:54"}
{"level":"info","message":"GET /productos","timestamp":"2024-12-29 00:05:57"}
{"level":"info","message":"GET //productos","timestamp":"2024-12-29 00:05:59"}
{"level":"info","message":"GET //productos","timestamp":"2024-12-29 00:06:05"}
{"level":"info","message":"GET //productos","timestamp":"2024-12-29 00:06:07"}
{"level":"info","message":"GET /productos","timestamp":"2024-12-29 00:06:13"}
{"level":"info","message":"GET /blog?page=1&limit=2","timestamp":"2024-12-29 00:06:32"}
{"level":"info","message":"POST /auth/login","timestamp":"2024-12-29 00:06:52"}
{"level":"info","message":"GET /autores/3f0c5b50-3740-4445-846e-22114511570e","timestamp":"2024-12-29 00:07:01"}
{"level":"info","message":"POST /auth/login","timestamp":"2024-12-29 00:07:10"}
{"level":"info","message":"GET /autores/3f0c5b50-3740-4445-846e-22114511570e","timestamp":"2024-12-29 00:07:21"}
{"level":"info","message":"GET /blog?page=1&limit=2","timestamp":"2024-12-29 00:18:54"}
{"level":"info","message":"GET /blog?page=2&limit=2","timestamp":"2024-12-29 00:19:01"}
{"level":"info","message":"GET /blog?page=3&limit=2","timestamp":"2024-12-29 00:19:01"}
{"level":"info","message":"GET /blog?page=4&limit=2","timestamp":"2024-12-29 00:19:03"}
{"level":"info","message":"GET /blog?page=4&limit=2","timestamp":"2024-12-29 00:28:10"}
{"level":"info","message":"GET /autores/e3fed2fa-2f7d-427b-91d8-2616cab4511a","timestamp":"2024-12-29 00:28:10"}
{"level":"info","message":"GET /autores/e3fed2fa-2f7d-427b-91d8-2616cab4511a","timestamp":"2024-12-29 00:28:12"}
{"level":"info","message":"GET /autores/e3fed2fa-2f7d-427b-91d8-2616cab4511a","timestamp":"2024-12-29 00:29:43"}
{"level":"info","message":"GET /autores/e3fed2fa-2f7d-427b-91d8-2616cab4511a","timestamp":"2024-12-29 00:29:44"}
{"level":"info","message":"GET /autores/e3fed2fa-2f7d-427b-91d8-2616cab4511a","timestamp":"2024-12-29 00:29:49"}
{"level":"info","message":"GET /autores/e3fed2fa-2f7d-427b-91d8-2616cab4511a","timestamp":"2024-12-29 00:29:57"}
{"level":"info","message":"GET /autores/e3fed2fa-2f7d-427b-91d8-2616cab4511a","timestamp":"2024-12-29 00:30:06"}
{"level":"info","message":"GET /autores/e3fed2fa-2f7d-427b-91d8-2616cab4511a","timestamp":"2024-12-29 00:30:13"}
{"level":"info","message":"GET /autores/e3fed2fa-2f7d-427b-91d8-2616cab4511a","timestamp":"2024-12-29 00:30:17"}
{"level":"info","message":"GET /autores/e3fed2fa-2f7d-427b-91d8-2616cab4511a","timestamp":"2024-12-29 00:30:21"}
{"level":"info","message":"GET /autores/e3fed2fa-2f7d-427b-91d8-2616cab4511a","timestamp":"2024-12-29 00:30:22"}
{"level":"info","message":"GET /autores/e3fed2fa-2f7d-427b-91d8-2616cab4511a","timestamp":"2024-12-29 00:30:23"}
{"level":"info","message":"GET /autores/e3fed2fa-2f7d-427b-91d8-2616cab4511a","timestamp":"2024-12-29 00:30:24"}
{"level":"info","message":"GET /autores/e3fed2fa-2f7d-427b-91d8-2616cab4511a","timestamp":"2024-12-29 00:30:34"}
{"level":"info","message":"GET /autores/e3fed2fa-2f7d-427b-91d8-2616cab4511a","timestamp":"2024-12-29 00:30:37"}
{"level":"info","message":"GET /autores/e3fed2fa-2f7d-427b-91d8-2616cab4511a","timestamp":"2024-12-29 00:30:40"}
{"level":"info","message":"GET /autores/e3fed2fa-2f7d-427b-91d8-2616cab4511a","timestamp":"2024-12-29 00:30:41"}
{"level":"info","message":"GET /autores/e3fed2fa-2f7d-427b-91d8-2616cab4511a","timestamp":"2024-12-29 00:30:42"}
{"level":"info","message":"GET /autores/e3fed2fa-2f7d-427b-91d8-2616cab4511a","timestamp":"2024-12-29 00:30:57"}
{"level":"info","message":"GET /autores/e3fed2fa-2f7d-427b-91d8-2616cab4511a","timestamp":"2024-12-29 00:31:07"}
{"level":"info","message":"GET /blog?page=4&limit=2","timestamp":"2024-12-29 00:31:08"}
{"level":"info","message":"GET /autores/e3fed2fa-2f7d-427b-91d8-2616cab4511a","timestamp":"2024-12-29 00:31:08"}
{"level":"info","message":"GET /autores/3f0c5b50-3740-4445-846e-22114511570e","timestamp":"2024-12-29 00:31:28"}
{"level":"info","message":"GET /autores/e3fed2fa-2f7d-427b-91d8-2616cab4511a","timestamp":"2024-12-29 00:32:05"}
{"level":"info","message":"GET /autores/e3fed2fa-2f7d-427b-91d8-2616cab4511a","timestamp":"2024-12-29 00:32:07"}
{"level":"info","message":"GET /autores/e3fed2fa-2f7d-427b-91d8-2616cab4511a","timestamp":"2024-12-29 00:32:34"}
{"level":"info","message":"OPTIONS /auth/token","timestamp":"2024-12-29 00:32:34"}
{"level":"info","message":"POST /auth/token","timestamp":"2024-12-29 00:32:34"}
{"level":"info","message":"GET /autores/e3fed2fa-2f7d-427b-91d8-2616cab4511a","timestamp":"2024-12-29 00:32:39"}
{"level":"info","message":"GET /autores/e3fed2fa-2f7d-427b-91d8-2616cab4511a","timestamp":"2024-12-29 00:32:51"}
{"level":"info","message":"GET /autores/e3fed2fa-2f7d-427b-91d8-2616cab4511a","timestamp":"2024-12-29 00:32:58"}
{"level":"info","message":"GET /autores/e3fed2fa-2f7d-427b-91d8-2616cab4511a","timestamp":"2024-12-29 00:33:14"}
{"level":"info","message":"GET /autores/e3fed2fa-2f7d-427b-91d8-2616cab4511a","timestamp":"2024-12-29 00:33:22"}
{"level":"info","message":"GET /autores/e3fed2fa-2f7d-427b-91d8-2616cab4511a","timestamp":"2024-12-29 00:33:25"}
{"level":"info","message":"GET /autores/e3fed2fa-2f7d-427b-91d8-2616cab4511a","timestamp":"2024-12-29 00:33:34"}
{"level":"info","message":"GET /autores/e3fed2fa-2f7d-427b-91d8-2616cab4511a","timestamp":"2024-12-29 00:33:35"}
{"level":"info","message":"GET /autores/e3fed2fa-2f7d-427b-91d8-2616cab4511a","timestamp":"2024-12-29 00:33:36"}
{"level":"info","message":"GET /autores/e3fed2fa-2f7d-427b-91d8-2616cab4511a","timestamp":"2024-12-29 00:33:41"}
{"level":"info","message":"GET /autores/e3fed2fa-2f7d-427b-91d8-2616cab4511a","timestamp":"2024-12-29 00:33:44"}
{"level":"info","message":"GET /autores/e3fed2fa-2f7d-427b-91d8-2616cab4511a","timestamp":"2024-12-29 00:33:46"}
{"level":"info","message":"GET /autores/e3fed2fa-2f7d-427b-91d8-2616cab4511a","timestamp":"2024-12-29 00:33:48"}
{"level":"info","message":"GET /autores/e3fed2fa-2f7d-427b-91d8-2616cab4511a","timestamp":"2024-12-29 00:33:52"}
{"level":"info","message":"GET /autores/e3fed2fa-2f7d-427b-91d8-2616cab4511a","timestamp":"2024-12-29 00:33:53"}
{"level":"info","message":"GET /autores/e3fed2fa-2f7d-427b-91d8-2616cab4511a","timestamp":"2024-12-29 00:33:57"}
{"level":"info","message":"GET /autores/e3fed2fa-2f7d-427b-91d8-2616cab4511a","timestamp":"2024-12-29 00:33:59"}
{"level":"info","message":"GET /autores/e3fed2fa-2f7d-427b-91d8-2616cab4511a","timestamp":"2024-12-29 00:34:02"}
{"level":"info","message":"GET /autores/e3fed2fa-2f7d-427b-91d8-2616cab4511a","timestamp":"2024-12-29 00:34:14"}
{"level":"info","message":"GET /blog?page=4&limit=2","timestamp":"2024-12-29 00:34:14"}
{"level":"info","message":"GET /autores/e3fed2fa-2f7d-427b-91d8-2616cab4511a","timestamp":"2024-12-29 00:34:18"}
{"level":"info","message":"GET /autores/e3fed2fa-2f7d-427b-91d8-2616cab4511a","timestamp":"2024-12-29 00:34:27"}
{"level":"info","message":"OPTIONS /auth/token","timestamp":"2024-12-29 00:34:27"}
{"level":"info","message":"POST /auth/token","timestamp":"2024-12-29 00:34:27"}
{"level":"info","message":"GET /autores/e3fed2fa-2f7d-427b-91d8-2616cab4511a","timestamp":"2024-12-29 00:34:29"}
{"level":"info","message":"POST /auth/token","timestamp":"2024-12-29 00:34:29"}
{"level":"info","message":"GET /autores/e3fed2fa-2f7d-427b-91d8-2616cab4511a","timestamp":"2024-12-29 00:34:44"}
{"level":"info","message":"OPTIONS /auth/token","timestamp":"2024-12-29 00:34:44"}
{"level":"info","message":"POST /auth/token","timestamp":"2024-12-29 00:34:44"}
{"level":"info","message":"GET /autores/e3fed2fa-2f7d-427b-91d8-2616cab4511a","timestamp":"2024-12-29 00:34:49"}
{"level":"info","message":"POST /auth/token","timestamp":"2024-12-29 00:34:49"}
{"level":"info","message":"GET /autores/e3fed2fa-2f7d-427b-91d8-2616cab4511a","timestamp":"2024-12-29 00:34:50"}
{"level":"info","message":"GET /autores/e3fed2fa-2f7d-427b-91d8-2616cab4511a","timestamp":"2024-12-29 00:34:52"}
{"level":"info","message":"GET /autores/e3fed2fa-2f7d-427b-91d8-2616cab4511a","timestamp":"2024-12-29 00:34:53"}
{"level":"info","message":"GET /autores/e3fed2fa-2f7d-427b-91d8-2616cab4511a","timestamp":"2024-12-29 00:35:02"}
{"level":"info","message":"GET /autores/e3fed2fa-2f7d-427b-91d8-2616cab4511a","timestamp":"2024-12-29 00:35:05"}
{"level":"info","message":"GET /autores/e3fed2fa-2f7d-427b-91d8-2616cab4511a","timestamp":"2024-12-29 00:35:07"}
{"level":"info","message":"GET /autores/e3fed2fa-2f7d-427b-91d8-2616cab4511a","timestamp":"2024-12-29 00:35:09"}
{"level":"info","message":"GET /autores/e3fed2fa-2f7d-427b-91d8-2616cab4511a","timestamp":"2024-12-29 00:35:11"}
{"level":"info","message":"GET /autores/e3fed2fa-2f7d-427b-91d8-2616cab4511a","timestamp":"2024-12-29 00:35:14"}
{"level":"info","message":"GET /autores/e3fed2fa-2f7d-427b-91d8-2616cab4511a","timestamp":"2024-12-29 00:35:20"}
{"level":"info","message":"GET /autores/e3fed2fa-2f7d-427b-91d8-2616cab4511a","timestamp":"2024-12-29 00:35:24"}
{"level":"info","message":"GET /autores/e3fed2fa-2f7d-427b-91d8-2616cab4511a","timestamp":"2024-12-29 00:35:25"}
{"level":"info","message":"OPTIONS /autores/e3fed2fa-2f7d-427b-91d8-2616cab4511a","timestamp":"2024-12-29 00:35:38"}
{"level":"info","message":"PUT /autores/e3fed2fa-2f7d-427b-91d8-2616cab4511a","timestamp":"2024-12-29 00:35:38"}
{"level":"info","message":"PUT /autores/e3fed2fa-2f7d-427b-91d8-2616cab4511a","timestamp":"2024-12-29 00:35:39"}
{"level":"info","message":"GET /autores/e3fed2fa-2f7d-427b-91d8-2616cab4511a","timestamp":"2024-12-29 00:35:43"}
{"level":"info","message":"OPTIONS /autores/e3fed2fa-2f7d-427b-91d8-2616cab4511a","timestamp":"2024-12-29 00:35:44"}
{"level":"info","message":"GET /autores/e3fed2fa-2f7d-427b-91d8-2616cab4511a","timestamp":"2024-12-29 00:35:44"}
{"level":"info","message":"GET /autores/e3fed2fa-2f7d-427b-91d8-2616cab4511a","timestamp":"2024-12-29 00:35:46"}
{"level":"info","message":"OPTIONS /autores/e3fed2fa-2f7d-427b-91d8-2616cab4511a","timestamp":"2024-12-29 00:35:50"}
{"level":"info","message":"GET /blog?page=4&limit=2","timestamp":"2024-12-29 00:35:50"}
{"level":"info","message":"GET /autores/e3fed2fa-2f7d-427b-91d8-2616cab4511a","timestamp":"2024-12-29 00:35:50"}
{"level":"info","message":"OPTIONS /autores/e3fed2fa-2f7d-427b-91d8-2616cab4511a","timestamp":"2024-12-29 00:36:02"}
{"level":"info","message":"GET /autores/e3fed2fa-2f7d-427b-91d8-2616cab4511a","timestamp":"2024-12-29 00:36:02"}
{"level":"info","message":"OPTIONS /autores/e3fed2fa-2f7d-427b-91d8-2616cab4511a","timestamp":"2024-12-29 00:36:10"}
{"level":"info","message":"GET /autores/e3fed2fa-2f7d-427b-91d8-2616cab4511a","timestamp":"2024-12-29 00:36:10"}
{"level":"info","message":"GET /autores/e3fed2fa-2f7d-427b-91d8-2616cab4511a","timestamp":"2024-12-29 00:36:12"}
{"level":"info","message":"POST /auth/login","timestamp":"2024-12-29 00:36:17"}
{"level":"info","message":"GET /autores/3f0c5b50-3740-4445-846e-22114511570e","timestamp":"2024-12-29 00:36:25"}
{"level":"info","message":"OPTIONS /autores/e3fed2fa-2f7d-427b-91d8-2616cab4511a","timestamp":"2024-12-29 00:36:43"}
{"level":"info","message":"GET /autores/e3fed2fa-2f7d-427b-91d8-2616cab4511a","timestamp":"2024-12-29 00:36:43"}
{"level":"info","message":"OPTIONS /auth/token","timestamp":"2024-12-29 00:36:43"}
{"level":"info","message":"POST /auth/token","timestamp":"2024-12-29 00:36:43"}
{"level":"info","message":"GET /autores/e3fed2fa-2f7d-427b-91d8-2616cab4511a","timestamp":"2024-12-29 00:36:46"}
{"level":"info","message":"POST /auth/token","timestamp":"2024-12-29 00:36:46"}
{"level":"info","message":"OPTIONS /autores/e3fed2fa-2f7d-427b-91d8-2616cab4511a","timestamp":"2024-12-29 00:36:55"}
{"level":"info","message":"GET /autores/e3fed2fa-2f7d-427b-91d8-2616cab4511a","timestamp":"2024-12-29 00:36:55"}
{"level":"info","message":"OPTIONS /auth/token","timestamp":"2024-12-29 00:36:55"}
{"level":"info","message":"POST /auth/token","timestamp":"2024-12-29 00:36:55"}
{"level":"info","message":"POST /auth/token","timestamp":"2024-12-29 00:37:21"}
{"level":"info","message":"POST /auth/token","timestamp":"2024-12-29 00:37:28"}
{"level":"info","message":"POST /auth/token","timestamp":"2024-12-29 00:37:35"}
{"level":"info","message":"POST /auth/login","timestamp":"2024-12-29 00:37:40"}
{"level":"info","message":"POST /auth/token","timestamp":"2024-12-29 00:37:46"}
{"level":"info","message":"POST /auth/token","timestamp":"2024-12-29 00:37:51"}
{"level":"info","message":"Example app listening on port: 3000","timestamp":"2024-12-29 00:38:19"}
{"level":"info","message":"conectado a la base de datos","timestamp":"2024-12-29 00:38:20"}
{"level":"info","message":"Example app listening on port: 3000","timestamp":"2024-12-29 00:38:22"}
{"level":"info","message":"conectado a la base de datos","timestamp":"2024-12-29 00:38:23"}
{"level":"info","message":"Example app listening on port: 3000","timestamp":"2024-12-29 00:38:27"}
{"level":"info","message":"conectado a la base de datos","timestamp":"2024-12-29 00:38:28"}
{"level":"info","message":"Example app listening on port: 3000","timestamp":"2024-12-29 00:38:29"}
{"level":"info","message":"conectado a la base de datos","timestamp":"2024-12-29 00:38:30"}
{"level":"info","message":"Example app listening on port: 3000","timestamp":"2024-12-29 00:38:30"}
{"level":"info","message":"conectado a la base de datos","timestamp":"2024-12-29 00:38:31"}
{"level":"info","message":"POST /auth/token","timestamp":"2024-12-29 00:38:31"}
{"level":"info","message":"POST /auth/login","timestamp":"2024-12-29 00:38:34"}
{"level":"info","message":"POST /auth/token","timestamp":"2024-12-29 00:38:39"}
{"level":"info","message":"Example app listening on port: 3000","timestamp":"2024-12-29 00:38:46"}
{"level":"info","message":"conectado a la base de datos","timestamp":"2024-12-29 00:38:46"}
{"level":"info","message":"OPTIONS /auth/login","timestamp":"2024-12-29 00:39:10"}
{"level":"info","message":"POST /auth/login","timestamp":"2024-12-29 00:39:10"}
{"level":"info","message":"OPTIONS /autores/e3fed2fa-2f7d-427b-91d8-2616cab4511a","timestamp":"2024-12-29 00:39:11"}
{"level":"info","message":"GET /blog?page=1&limit=2","timestamp":"2024-12-29 00:39:11"}
{"level":"info","message":"GET /autores/e3fed2fa-2f7d-427b-91d8-2616cab4511a","timestamp":"2024-12-29 00:39:11"}
{"level":"info","message":"OPTIONS /autores/e3fed2fa-2f7d-427b-91d8-2616cab4511a","timestamp":"2024-12-29 00:39:26"}
{"level":"info","message":"GET /autores/e3fed2fa-2f7d-427b-91d8-2616cab4511a","timestamp":"2024-12-29 00:39:26"}
{"level":"info","message":"OPTIONS /autores/e3fed2fa-2f7d-427b-91d8-2616cab4511a","timestamp":"2024-12-29 00:39:32"}
{"level":"info","message":"GET /autores/e3fed2fa-2f7d-427b-91d8-2616cab4511a","timestamp":"2024-12-29 00:39:32"}
{"level":"info","message":"OPTIONS /autores/e3fed2fa-2f7d-427b-91d8-2616cab4511a","timestamp":"2024-12-29 00:39:51"}
{"level":"info","message":"GET /autores/e3fed2fa-2f7d-427b-91d8-2616cab4511a","timestamp":"2024-12-29 00:39:51"}
{"level":"info","message":"GET /autores/e3fed2fa-2f7d-427b-91d8-2616cab4511a","timestamp":"2024-12-29 00:39:53"}
{"level":"info","message":"OPTIONS /auth/token","timestamp":"2024-12-29 00:39:53"}
{"level":"info","message":"POST /auth/token","timestamp":"2024-12-29 00:39:53"}
{"level":"info","message":"OPTIONS /autores/e3fed2fa-2f7d-427b-91d8-2616cab4511a","timestamp":"2024-12-29 00:39:57"}
{"level":"info","message":"GET /autores/e3fed2fa-2f7d-427b-91d8-2616cab4511a","timestamp":"2024-12-29 00:39:57"}
{"level":"info","message":"POST /auth/token","timestamp":"2024-12-29 00:39:57"}
{"level":"info","message":"GET /autores/e3fed2fa-2f7d-427b-91d8-2616cab4511a","timestamp":"2024-12-29 00:40:01"}
{"level":"info","message":"OPTIONS /auth/token","timestamp":"2024-12-29 00:40:01"}
{"level":"info","message":"POST /auth/token","timestamp":"2024-12-29 00:40:01"}
{"level":"info","message":"OPTIONS /autores/e3fed2fa-2f7d-427b-91d8-2616cab4511a","timestamp":"2024-12-29 00:40:06"}
{"level":"info","message":"GET /autores/e3fed2fa-2f7d-427b-91d8-2616cab4511a","timestamp":"2024-12-29 00:40:06"}
{"level":"info","message":"OPTIONS /auth/token","timestamp":"2024-12-29 00:40:06"}
{"level":"info","message":"POST /auth/token","timestamp":"2024-12-29 00:40:06"}
{"level":"info","message":"OPTIONS /autores/e3fed2fa-2f7d-427b-91d8-2616cab4511a","timestamp":"2024-12-29 00:40:12"}
{"level":"info","message":"GET /autores/e3fed2fa-2f7d-427b-91d8-2616cab4511a","timestamp":"2024-12-29 00:40:12"}
{"level":"info","message":"OPTIONS /auth/token","timestamp":"2024-12-29 00:40:12"}
{"level":"info","message":"POST /auth/token","timestamp":"2024-12-29 00:40:12"}
{"level":"info","message":"GET /autores/e3fed2fa-2f7d-427b-91d8-2616cab4511a","timestamp":"2024-12-29 00:40:13"}
{"level":"info","message":"POST /auth/token","timestamp":"2024-12-29 00:40:13"}
{"level":"info","message":"GET /autores/e3fed2fa-2f7d-427b-91d8-2616cab4511a","timestamp":"2024-12-29 00:40:16"}
{"level":"info","message":"GET /blog?page=1&limit=2","timestamp":"2024-12-29 00:40:16"}
{"level":"info","message":"POST /auth/token","timestamp":"2024-12-29 00:40:16"}
{"level":"info","message":"OPTIONS /auth/login","timestamp":"2024-12-29 00:40:23"}
{"level":"info","message":"POST /auth/login","timestamp":"2024-12-29 00:40:23"}
{"level":"info","message":"OPTIONS /autores/3f0c5b50-3740-4445-846e-22114511570e","timestamp":"2024-12-29 00:40:23"}
{"level":"info","message":"GET /blog?page=1&limit=2","timestamp":"2024-12-29 00:40:23"}
{"level":"info","message":"GET /autores/3f0c5b50-3740-4445-846e-22114511570e","timestamp":"2024-12-29 00:40:23"}
{"level":"info","message":"OPTIONS /autores/3f0c5b50-3740-4445-846e-22114511570e","timestamp":"2024-12-29 00:41:14"}
{"level":"info","message":"GET /autores/3f0c5b50-3740-4445-846e-22114511570e","timestamp":"2024-12-29 00:41:14"}
{"level":"info","message":"OPTIONS /auth/token","timestamp":"2024-12-29 00:41:14"}
{"level":"info","message":"POST /auth/token","timestamp":"2024-12-29 00:41:14"}
{"level":"info","message":"OPTIONS /autores/3f0c5b50-3740-4445-846e-22114511570e","timestamp":"2024-12-29 00:41:59"}
{"level":"info","message":"GET /autores/3f0c5b50-3740-4445-846e-22114511570e","timestamp":"2024-12-29 00:41:59"}
{"level":"info","message":"OPTIONS /auth/token","timestamp":"2024-12-29 00:41:59"}
{"level":"info","message":"POST /auth/token","timestamp":"2024-12-29 00:41:59"}
{"level":"info","message":"OPTIONS /autores/3f0c5b50-3740-4445-846e-22114511570e","timestamp":"2024-12-29 00:46:52"}
{"level":"info","message":"GET /autores/3f0c5b50-3740-4445-846e-22114511570e","timestamp":"2024-12-29 00:46:52"}
{"level":"info","message":"OPTIONS /auth/token","timestamp":"2024-12-29 00:46:52"}
{"level":"info","message":"POST /auth/token","timestamp":"2024-12-29 00:46:52"}
{"level":"info","message":"GET /blog?page=1&limit=2","timestamp":"2024-12-29 00:50:46"}
{"level":"info","message":"OPTIONS /auth/login","timestamp":"2024-12-29 00:51:00"}
{"level":"info","message":"POST /auth/login","timestamp":"2024-12-29 00:51:00"}
{"level":"info","message":"OPTIONS /autores/3f0c5b50-3740-4445-846e-22114511570e","timestamp":"2024-12-29 00:51:00"}
{"level":"info","message":"GET /blog?page=1&limit=2","timestamp":"2024-12-29 00:51:00"}
{"level":"info","message":"GET /autores/3f0c5b50-3740-4445-846e-22114511570e","timestamp":"2024-12-29 00:51:00"}
{"level":"info","message":"GET /autores/3f0c5b50-3740-4445-846e-22114511570e","timestamp":"2024-12-29 00:51:03"}
{"level":"info","message":"OPTIONS /autores/3f0c5b50-3740-4445-846e-22114511570e","timestamp":"2024-12-29 00:52:29"}
{"level":"info","message":"GET /autores/3f0c5b50-3740-4445-846e-22114511570e","timestamp":"2024-12-29 00:52:29"}
{"level":"info","message":"OPTIONS /auth/token","timestamp":"2024-12-29 00:52:29"}
{"level":"info","message":"POST /auth/token","timestamp":"2024-12-29 00:52:29"}
{"level":"info","message":"GET /autores/3f0c5b50-3740-4445-846e-22114511570e","timestamp":"2024-12-29 00:52:31"}
{"level":"info","message":"GET /autores/3f0c5b50-3740-4445-846e-22114511570e","timestamp":"2024-12-29 00:52:31"}
{"level":"info","message":"POST /auth/token","timestamp":"2024-12-29 00:52:31"}
{"level":"info","message":"POST /auth/token","timestamp":"2024-12-29 00:52:31"}
{"level":"info","message":"GET /autores/3f0c5b50-3740-4445-846e-22114511570e","timestamp":"2024-12-29 00:52:33"}
{"level":"info","message":"GET /autores/3f0c5b50-3740-4445-846e-22114511570e","timestamp":"2024-12-29 00:52:33"}
{"level":"info","message":"POST /auth/token","timestamp":"2024-12-29 00:52:33"}
{"level":"info","message":"POST /auth/token","timestamp":"2024-12-29 00:52:33"}
{"level":"info","message":"OPTIONS /autores/3f0c5b50-3740-4445-846e-22114511570e","timestamp":"2024-12-29 00:52:41"}
{"level":"info","message":"GET /autores/3f0c5b50-3740-4445-846e-22114511570e","timestamp":"2024-12-29 00:52:41"}
{"level":"info","message":"OPTIONS /auth/token","timestamp":"2024-12-29 00:52:41"}
{"level":"info","message":"POST /auth/token","timestamp":"2024-12-29 00:52:41"}
{"level":"info","message":"OPTIONS /auth/login","timestamp":"2024-12-29 00:52:45"}
{"level":"info","message":"POST /auth/login","timestamp":"2024-12-29 00:52:45"}
{"level":"info","message":"GET /blog?page=1&limit=2","timestamp":"2024-12-29 00:52:45"}
{"level":"info","message":"OPTIONS /auth/login","timestamp":"2024-12-29 00:53:24"}
{"level":"info","message":"POST /auth/login","timestamp":"2024-12-29 00:53:24"}
{"level":"info","message":"OPTIONS /autores/e3fed2fa-2f7d-427b-91d8-2616cab4511a","timestamp":"2024-12-29 00:53:24"}
{"level":"info","message":"GET /blog?page=1&limit=2","timestamp":"2024-12-29 00:53:24"}
{"level":"info","message":"GET /autores/e3fed2fa-2f7d-427b-91d8-2616cab4511a","timestamp":"2024-12-29 00:53:24"}
{"level":"info","message":"GET /autores/e3fed2fa-2f7d-427b-91d8-2616cab4511a","timestamp":"2024-12-29 00:53:26"}
{"level":"info","message":"OPTIONS /autores/e3fed2fa-2f7d-427b-91d8-2616cab4511a","timestamp":"2024-12-29 00:53:31"}
{"level":"info","message":"GET /autores/e3fed2fa-2f7d-427b-91d8-2616cab4511a","timestamp":"2024-12-29 00:53:31"}
{"level":"info","message":"OPTIONS /autores/e3fed2fa-2f7d-427b-91d8-2616cab4511a","timestamp":"2024-12-29 00:54:18"}
{"level":"info","message":"GET /autores/e3fed2fa-2f7d-427b-91d8-2616cab4511a","timestamp":"2024-12-29 00:54:18"}
{"level":"info","message":"OPTIONS /auth/token","timestamp":"2024-12-29 00:54:18"}
{"level":"info","message":"POST /auth/token","timestamp":"2024-12-29 00:54:18"}
{"level":"info","message":"GET /autores/e3fed2fa-2f7d-427b-91d8-2616cab4511a","timestamp":"2024-12-29 00:54:21"}
{"level":"info","message":"POST /auth/token","timestamp":"2024-12-29 00:54:21"}
{"level":"info","message":"OPTIONS /autores/e3fed2fa-2f7d-427b-91d8-2616cab4511a","timestamp":"2024-12-29 00:55:12"}
{"level":"info","message":"GET /autores/e3fed2fa-2f7d-427b-91d8-2616cab4511a","timestamp":"2024-12-29 00:55:12"}
{"level":"info","message":"OPTIONS /auth/token","timestamp":"2024-12-29 00:55:12"}
{"level":"info","message":"POST /auth/token","timestamp":"2024-12-29 00:55:12"}
{"level":"info","message":"OPTIONS /auth/login","timestamp":"2024-12-29 00:55:19"}
{"level":"info","message":"POST /auth/login","timestamp":"2024-12-29 00:55:19"}
{"level":"info","message":"OPTIONS /autores/3f0c5b50-3740-4445-846e-22114511570e","timestamp":"2024-12-29 00:55:19"}
{"level":"info","message":"GET /blog?page=1&limit=2","timestamp":"2024-12-29 00:55:19"}
{"level":"info","message":"GET /autores/3f0c5b50-3740-4445-846e-22114511570e","timestamp":"2024-12-29 00:55:19"}
{"level":"info","message":"GET /autores/3f0c5b50-3740-4445-846e-22114511570e","timestamp":"2024-12-29 00:55:22"}
{"level":"info","message":"OPTIONS /autores/3f0c5b50-3740-4445-846e-22114511570e","timestamp":"2024-12-29 00:55:48"}
{"level":"info","message":"GET /autores/3f0c5b50-3740-4445-846e-22114511570e","timestamp":"2024-12-29 00:55:48"}
{"level":"info","message":"GET /autores/3f0c5b50-3740-4445-846e-22114511570e","timestamp":"2024-12-29 00:55:48"}
{"level":"info","message":"GET /autores/3f0c5b50-3740-4445-846e-22114511570e","timestamp":"2024-12-29 00:55:50"}
{"level":"info","message":"GET /autores/3f0c5b50-3740-4445-846e-22114511570e","timestamp":"2024-12-29 00:55:52"}
{"level":"info","message":"OPTIONS /autores/3f0c5b50-3740-4445-846e-22114511570e","timestamp":"2024-12-29 00:55:59"}
{"level":"info","message":"GET /autores/3f0c5b50-3740-4445-846e-22114511570e","timestamp":"2024-12-29 00:55:59"}
{"level":"info","message":"OPTIONS /autores/3f0c5b50-3740-4445-846e-22114511570e","timestamp":"2024-12-29 00:57:00"}
{"level":"info","message":"GET /autores/3f0c5b50-3740-4445-846e-22114511570e","timestamp":"2024-12-29 00:57:00"}
{"level":"info","message":"OPTIONS /auth/token","timestamp":"2024-12-29 00:57:00"}
{"level":"info","message":"POST /auth/token","timestamp":"2024-12-29 00:57:00"}
{"level":"info","message":"OPTIONS /auth/login","timestamp":"2024-12-29 00:57:25"}
{"level":"info","message":"POST /auth/login","timestamp":"2024-12-29 00:57:25"}
{"level":"info","message":"OPTIONS /autores/3f0c5b50-3740-4445-846e-22114511570e","timestamp":"2024-12-29 00:57:25"}
{"level":"info","message":"GET /blog?page=1&limit=2","timestamp":"2024-12-29 00:57:25"}
{"level":"info","message":"GET /autores/3f0c5b50-3740-4445-846e-22114511570e","timestamp":"2024-12-29 00:57:25"}
{"level":"info","message":"GET /autores/3f0c5b50-3740-4445-846e-22114511570e","timestamp":"2024-12-29 00:57:28"}
{"level":"info","message":"OPTIONS /autores/3f0c5b50-3740-4445-846e-22114511570e","timestamp":"2024-12-29 00:58:01"}
{"level":"info","message":"GET /autores/3f0c5b50-3740-4445-846e-22114511570e","timestamp":"2024-12-29 00:58:01"}
{"level":"info","message":"OPTIONS /autores/3f0c5b50-3740-4445-846e-22114511570e","timestamp":"2024-12-29 00:58:06"}
{"level":"info","message":"GET /autores/3f0c5b50-3740-4445-846e-22114511570e","timestamp":"2024-12-29 00:58:06"}
{"level":"info","message":"OPTIONS /autores/3f0c5b50-3740-4445-846e-22114511570e","timestamp":"2024-12-29 00:59:04"}
{"level":"info","message":"GET /autores/3f0c5b50-3740-4445-846e-22114511570e","timestamp":"2024-12-29 00:59:04"}
{"level":"info","message":"OPTIONS /auth/token","timestamp":"2024-12-29 00:59:04"}
{"level":"info","message":"POST /auth/token","timestamp":"2024-12-29 00:59:04"}
{"level":"info","message":"OPTIONS /auth/login","timestamp":"2024-12-29 00:59:09"}
{"level":"info","message":"POST /auth/login","timestamp":"2024-12-29 00:59:09"}
{"level":"info","message":"OPTIONS /autores/3f0c5b50-3740-4445-846e-22114511570e","timestamp":"2024-12-29 00:59:09"}
{"level":"info","message":"GET /blog?page=1&limit=2","timestamp":"2024-12-29 00:59:09"}
{"level":"info","message":"GET /autores/3f0c5b50-3740-4445-846e-22114511570e","timestamp":"2024-12-29 00:59:09"}
{"level":"info","message":"GET /autores/3f0c5b50-3740-4445-846e-22114511570e","timestamp":"2024-12-29 00:59:11"}
{"level":"info","message":"OPTIONS /autores/3f0c5b50-3740-4445-846e-22114511570e","timestamp":"2024-12-29 00:59:34"}
{"level":"info","message":"GET /autores/3f0c5b50-3740-4445-846e-22114511570e","timestamp":"2024-12-29 00:59:34"}
{"level":"info","message":"GET /autores/3f0c5b50-3740-4445-846e-22114511570e","timestamp":"2024-12-29 00:59:37"}
{"level":"info","message":"OPTIONS /autores/3f0c5b50-3740-4445-846e-22114511570e","timestamp":"2024-12-29 00:59:40"}
{"level":"info","message":"GET /autores/3f0c5b50-3740-4445-846e-22114511570e","timestamp":"2024-12-29 00:59:40"}
