{"level":"info","message":"GET /blog/","timestamp":"2024-12-21 01:00:34"}
{"level":"info","message":"GET //productos","timestamp":"2024-12-21 01:00:34"}
{"level":"info","message":"GET /blog/","timestamp":"2024-12-21 01:00:41"}
{"level":"info","message":"GET /blog/","timestamp":"2024-12-21 01:00:44"}
{"level":"info","message":"GET /blog/","timestamp":"2024-12-21 01:00:47"}
{"level":"info","message":"GET //blog/b7b088d7-566e-4dd6-8866-b9b28807692b","timestamp":"2024-12-21 01:02:46"}
{"level":"info","message":"GET //blog/b7b088d7-566e-4dd6-8866-b9b28807692b","timestamp":"2024-12-21 01:02:53"}
{"level":"info","message":"GET //blog/b7b088d7-566e-4dd6-8866-b9b28807692b","timestamp":"2024-12-21 01:02:55"}
{"level":"info","message":"GET //blog/b7b088d7-566e-4dd6-8866-b9b28807692b","timestamp":"2024-12-21 01:02:56"}
{"level":"info","message":"GET //blog/b7b088d7-566e-4dd6-8866-b9b28807692b","timestamp":"2024-12-21 01:02:59"}
{"level":"info","message":"GET //blog/b7b088d7-566e-4dd6-8866-b9b28807692b","timestamp":"2024-12-21 01:03:01"}
{"level":"info","message":"GET //blog/b7b088d7-566e-4dd6-8866-b9b28807692b","timestamp":"2024-12-21 01:03:06"}
{"level":"info","message":"GET //blog/b7b088d7-566e-4dd6-8866-b9b28807692b","timestamp":"2024-12-21 01:03:07"}
{"level":"info","message":"GET //blog/b7b088d7-566e-4dd6-8866-b9b28807692b","timestamp":"2024-12-21 01:03:15"}
{"level":"info","message":"GET //blog","timestamp":"2024-12-21 01:03:15"}
{"level":"info","message":"GET /blog/b7b088d7-566e-4dd6-8866-b9b28807692b","timestamp":"2024-12-21 01:03:20"}
{"level":"info","message":"GET /blog/b7b088d7-566e-4dd6-8866-b9b28807692b","timestamp":"2024-12-21 01:03:24"}
{"level":"info","message":"GET //blog","timestamp":"2024-12-21 01:03:27"}
{"level":"info","message":"GET /blog/b7b088d7-566e-4dd6-8866-b9b28807692b","timestamp":"2024-12-21 01:03:27"}
{"level":"info","message":"GET /blog/96f23e91-3c89-4f5e-8364-c34db1bbc0fd","timestamp":"2024-12-21 01:03:43"}
{"level":"info","message":"GET /blog/b7b088d7-566e-4dd6-8866-b9b28807692b","timestamp":"2024-12-21 01:04:15"}
{"level":"info","message":"GET /blog/b7b088d7-566e-4dd6-8866-b9b28807692b","timestamp":"2024-12-21 01:04:16"}
{"level":"info","message":"GET /blog/b7b088d7-566e-4dd6-8866-b9b28807692b","timestamp":"2024-12-21 01:04:22"}
{"level":"info","message":"GET /blog/b7b088d7-566e-4dd6-8866-b9b28807692b","timestamp":"2024-12-21 01:04:27"}
{"level":"info","message":"GET /blog/b7b088d7-566e-4dd6-8866-b9b28807692b","timestamp":"2024-12-21 01:04:27"}
{"level":"info","message":"GET /blog/b7b088d7-566e-4dd6-8866-b9b28807692b","timestamp":"2024-12-21 01:04:28"}
{"level":"info","message":"GET /blog/b7b088d7-566e-4dd6-8866-b9b28807692b","timestamp":"2024-12-21 01:04:28"}
{"level":"info","message":"GET /blog/b7b088d7-566e-4dd6-8866-b9b28807692b","timestamp":"2024-12-21 01:04:28"}
{"level":"info","message":"GET /blog/b7b088d7-566e-4dd6-8866-b9b28807692b","timestamp":"2024-12-21 01:04:28"}
{"level":"info","message":"GET /blog/b7b088d7-566e-4dd6-8866-b9b28807692b","timestamp":"2024-12-21 01:04:28"}
{"level":"info","message":"GET /blog/b7b088d7-566e-4dd6-8866-b9b28807692b","timestamp":"2024-12-21 01:04:28"}
{"level":"info","message":"GET /blog/b7b088d7-566e-4dd6-8866-b9b28807692b","timestamp":"2024-12-21 01:04:28"}
{"level":"info","message":"GET /blog/b7b088d7-566e-4dd6-8866-b9b28807692b","timestamp":"2024-12-21 01:04:28"}
{"level":"info","message":"GET /blog/b7b088d7-566e-4dd6-8866-b9b28807692b","timestamp":"2024-12-21 01:04:28"}
{"level":"info","message":"GET /blog/b7b088d7-566e-4dd6-8866-b9b28807692b","timestamp":"2024-12-21 01:04:28"}
{"level":"info","message":"GET /blog/b7b088d7-566e-4dd6-8866-b9b28807692b","timestamp":"2024-12-21 01:04:28"}
{"level":"info","message":"GET /blog/b7b088d7-566e-4dd6-8866-b9b28807692b","timestamp":"2024-12-21 01:04:28"}
{"level":"info","message":"GET /blog/b7b088d7-566e-4dd6-8866-b9b28807692b","timestamp":"2024-12-21 01:04:29"}
{"level":"info","message":"GET /blog/b7b088d7-566e-4dd6-8866-b9b28807692b","timestamp":"2024-12-21 01:04:29"}
{"level":"info","message":"GET /blog/b7b088d7-566e-4dd6-8866-b9b28807692b","timestamp":"2024-12-21 01:04:29"}
{"level":"info","message":"GET /blog/b7b088d7-566e-4dd6-8866-b9b28807692b","timestamp":"2024-12-21 01:04:29"}
{"level":"info","message":"GET /blog/b7b088d7-566e-4dd6-8866-b9b28807692b","timestamp":"2024-12-21 01:04:29"}
{"level":"info","message":"GET /blog/b7b088d7-566e-4dd6-8866-b9b28807692b","timestamp":"2024-12-21 01:04:29"}
{"level":"info","message":"GET /blog/b7b088d7-566e-4dd6-8866-b9b28807692b","timestamp":"2024-12-21 01:04:29"}
{"level":"info","message":"GET /blog/b7b088d7-566e-4dd6-8866-b9b28807692b","timestamp":"2024-12-21 01:04:29"}
{"level":"info","message":"GET /blog/b7b088d7-566e-4dd6-8866-b9b28807692b","timestamp":"2024-12-21 01:04:29"}
{"level":"info","message":"GET /blog/b7b088d7-566e-4dd6-8866-b9b28807692b","timestamp":"2024-12-21 01:04:29"}
{"level":"info","message":"GET /blog/b7b088d7-566e-4dd6-8866-b9b28807692b","timestamp":"2024-12-21 01:04:29"}
{"level":"info","message":"GET /blog/b7b088d7-566e-4dd6-8866-b9b28807692b","timestamp":"2024-12-21 01:04:29"}
{"level":"info","message":"GET /blog/b7b088d7-566e-4dd6-8866-b9b28807692b","timestamp":"2024-12-21 01:04:30"}
{"level":"info","message":"GET /blog/b7b088d7-566e-4dd6-8866-b9b28807692b","timestamp":"2024-12-21 01:04:30"}
{"level":"info","message":"GET /blog/b7b088d7-566e-4dd6-8866-b9b28807692b","timestamp":"2024-12-21 01:04:30"}
{"level":"info","message":"GET /blog/b7b088d7-566e-4dd6-8866-b9b28807692b","timestamp":"2024-12-21 01:04:30"}
{"level":"info","message":"GET /blog/b7b088d7-566e-4dd6-8866-b9b28807692b","timestamp":"2024-12-21 01:04:30"}
{"level":"info","message":"GET /blog/b7b088d7-566e-4dd6-8866-b9b28807692b","timestamp":"2024-12-21 01:04:30"}
{"level":"info","message":"GET /blog/b7b088d7-566e-4dd6-8866-b9b28807692b","timestamp":"2024-12-21 01:04:30"}
{"level":"info","message":"GET /blog/b7b088d7-566e-4dd6-8866-b9b28807692b","timestamp":"2024-12-21 01:04:30"}
{"level":"info","message":"GET /blog/b7b088d7-566e-4dd6-8866-b9b28807692b","timestamp":"2024-12-21 01:04:30"}
{"level":"info","message":"GET /blog/b7b088d7-566e-4dd6-8866-b9b28807692b","timestamp":"2024-12-21 01:04:30"}
{"level":"info","message":"GET /blog/b7b088d7-566e-4dd6-8866-b9b28807692b","timestamp":"2024-12-21 01:04:30"}
{"level":"info","message":"GET /blog/b7b088d7-566e-4dd6-8866-b9b28807692b","timestamp":"2024-12-21 01:04:30"}
{"level":"info","message":"GET /blog/b7b088d7-566e-4dd6-8866-b9b28807692b","timestamp":"2024-12-21 01:04:30"}
{"level":"info","message":"GET /blog/b7b088d7-566e-4dd6-8866-b9b28807692b","timestamp":"2024-12-21 01:04:31"}
{"level":"info","message":"GET /blog/b7b088d7-566e-4dd6-8866-b9b28807692b","timestamp":"2024-12-21 01:04:31"}
{"level":"info","message":"GET /blog/b7b088d7-566e-4dd6-8866-b9b28807692b","timestamp":"2024-12-21 01:04:31"}
{"level":"info","message":"GET /blog/b7b088d7-566e-4dd6-8866-b9b28807692b","timestamp":"2024-12-21 01:04:31"}
{"level":"info","message":"GET /blog/b7b088d7-566e-4dd6-8866-b9b28807692b","timestamp":"2024-12-21 01:04:31"}
{"level":"info","message":"GET /blog/b7b088d7-566e-4dd6-8866-b9b28807692b","timestamp":"2024-12-21 01:04:31"}
{"level":"info","message":"GET /blog/b7b088d7-566e-4dd6-8866-b9b28807692b","timestamp":"2024-12-21 01:04:31"}
{"level":"info","message":"GET /blog/b7b088d7-566e-4dd6-8866-b9b28807692b","timestamp":"2024-12-21 01:04:31"}
{"level":"info","message":"GET /blog/b7b088d7-566e-4dd6-8866-b9b28807692b","timestamp":"2024-12-21 01:04:31"}
{"level":"info","message":"GET /blog/b7b088d7-566e-4dd6-8866-b9b28807692b","timestamp":"2024-12-21 01:04:31"}
{"level":"info","message":"GET /blog/b7b088d7-566e-4dd6-8866-b9b28807692b","timestamp":"2024-12-21 01:04:31"}
{"level":"info","message":"GET /blog/b7b088d7-566e-4dd6-8866-b9b28807692b","timestamp":"2024-12-21 01:04:31"}
{"level":"info","message":"GET /blog/b7b088d7-566e-4dd6-8866-b9b28807692b","timestamp":"2024-12-21 01:04:31"}
{"level":"info","message":"GET /blog/b7b088d7-566e-4dd6-8866-b9b28807692b","timestamp":"2024-12-21 01:04:31"}
{"level":"info","message":"GET /blog/b7b088d7-566e-4dd6-8866-b9b28807692b","timestamp":"2024-12-21 01:04:32"}
{"level":"info","message":"GET /blog/b7b088d7-566e-4dd6-8866-b9b28807692b","timestamp":"2024-12-21 01:04:32"}
{"level":"info","message":"GET /blog/b7b088d7-566e-4dd6-8866-b9b28807692b","timestamp":"2024-12-21 01:04:32"}
{"level":"info","message":"GET /blog/b7b088d7-566e-4dd6-8866-b9b28807692b","timestamp":"2024-12-21 01:04:32"}
{"level":"info","message":"GET /blog/b7b088d7-566e-4dd6-8866-b9b28807692b","timestamp":"2024-12-21 01:04:32"}
{"level":"info","message":"GET /blog/b7b088d7-566e-4dd6-8866-b9b28807692b","timestamp":"2024-12-21 01:04:32"}
{"level":"info","message":"GET /blog/b7b088d7-566e-4dd6-8866-b9b28807692b","timestamp":"2024-12-21 01:04:32"}
{"level":"info","message":"GET /blog/b7b088d7-566e-4dd6-8866-b9b28807692b","timestamp":"2024-12-21 01:04:32"}
{"level":"info","message":"GET /blog/b7b088d7-566e-4dd6-8866-b9b28807692b","timestamp":"2024-12-21 01:04:32"}
{"level":"info","message":"GET /blog/b7b088d7-566e-4dd6-8866-b9b28807692b","timestamp":"2024-12-21 01:04:32"}
{"level":"info","message":"GET /blog/b7b088d7-566e-4dd6-8866-b9b28807692b","timestamp":"2024-12-21 01:04:32"}
{"level":"info","message":"GET /blog/b7b088d7-566e-4dd6-8866-b9b28807692b","timestamp":"2024-12-21 01:04:32"}
{"level":"info","message":"GET /blog/b7b088d7-566e-4dd6-8866-b9b28807692b","timestamp":"2024-12-21 01:04:32"}
{"level":"info","message":"GET /blog/b7b088d7-566e-4dd6-8866-b9b28807692b","timestamp":"2024-12-21 01:04:32"}
{"level":"info","message":"GET /blog/b7b088d7-566e-4dd6-8866-b9b28807692b","timestamp":"2024-12-21 01:04:33"}
{"level":"info","message":"GET /blog/b7b088d7-566e-4dd6-8866-b9b28807692b","timestamp":"2024-12-21 01:04:33"}
{"level":"info","message":"GET /blog/b7b088d7-566e-4dd6-8866-b9b28807692b","timestamp":"2024-12-21 01:04:33"}
{"level":"info","message":"GET /blog/b7b088d7-566e-4dd6-8866-b9b28807692b","timestamp":"2024-12-21 01:04:33"}
{"level":"info","message":"GET /blog/b7b088d7-566e-4dd6-8866-b9b28807692b","timestamp":"2024-12-21 01:04:33"}
{"level":"info","message":"GET /blog/b7b088d7-566e-4dd6-8866-b9b28807692b","timestamp":"2024-12-21 01:04:33"}
{"level":"info","message":"GET /blog/b7b088d7-566e-4dd6-8866-b9b28807692b","timestamp":"2024-12-21 01:04:33"}
{"level":"info","message":"GET /blog/b7b088d7-566e-4dd6-8866-b9b28807692b","timestamp":"2024-12-21 01:04:33"}
{"level":"info","message":"GET /blog/b7b088d7-566e-4dd6-8866-b9b28807692b","timestamp":"2024-12-21 01:04:33"}
{"level":"info","message":"GET /blog/b7b088d7-566e-4dd6-8866-b9b28807692b","timestamp":"2024-12-21 01:04:33"}
{"level":"info","message":"GET /blog/b7b088d7-566e-4dd6-8866-b9b28807692b","timestamp":"2024-12-21 01:04:33"}
{"level":"info","message":"GET /blog/b7b088d7-566e-4dd6-8866-b9b28807692b","timestamp":"2024-12-21 01:04:33"}
{"level":"info","message":"GET /blog/b7b088d7-566e-4dd6-8866-b9b28807692b","timestamp":"2024-12-21 01:04:33"}
{"level":"info","message":"GET /blog/b7b088d7-566e-4dd6-8866-b9b28807692b","timestamp":"2024-12-21 01:04:33"}
{"level":"info","message":"GET /blog/b7b088d7-566e-4dd6-8866-b9b28807692b","timestamp":"2024-12-21 01:04:34"}
{"level":"info","message":"GET /blog/b7b088d7-566e-4dd6-8866-b9b28807692b","timestamp":"2024-12-21 01:04:34"}
{"level":"info","message":"GET /blog/b7b088d7-566e-4dd6-8866-b9b28807692b","timestamp":"2024-12-21 01:04:34"}
{"level":"info","message":"GET /blog/b7b088d7-566e-4dd6-8866-b9b28807692b","timestamp":"2024-12-21 01:04:34"}
{"level":"info","message":"GET /blog/b7b088d7-566e-4dd6-8866-b9b28807692b","timestamp":"2024-12-21 01:04:34"}
{"level":"info","message":"GET /blog/b7b088d7-566e-4dd6-8866-b9b28807692b","timestamp":"2024-12-21 01:04:34"}
{"level":"info","message":"GET /blog/b7b088d7-566e-4dd6-8866-b9b28807692b","timestamp":"2024-12-21 01:04:34"}
{"level":"info","message":"GET /blog/b7b088d7-566e-4dd6-8866-b9b28807692b","timestamp":"2024-12-21 01:04:34"}
{"level":"info","message":"GET /blog/b7b088d7-566e-4dd6-8866-b9b28807692b","timestamp":"2024-12-21 01:04:34"}
{"level":"info","message":"GET /blog/b7b088d7-566e-4dd6-8866-b9b28807692b","timestamp":"2024-12-21 01:04:34"}
{"level":"info","message":"GET /blog/b7b088d7-566e-4dd6-8866-b9b28807692b","timestamp":"2024-12-21 01:04:34"}
{"level":"info","message":"GET /blog/b7b088d7-566e-4dd6-8866-b9b28807692b","timestamp":"2024-12-21 01:04:34"}
{"level":"info","message":"GET /blog/b7b088d7-566e-4dd6-8866-b9b28807692b","timestamp":"2024-12-21 01:04:34"}
{"level":"info","message":"GET /blog/b7b088d7-566e-4dd6-8866-b9b28807692b","timestamp":"2024-12-21 01:04:35"}
{"level":"info","message":"GET /blog/b7b088d7-566e-4dd6-8866-b9b28807692b","timestamp":"2024-12-21 01:04:35"}
{"level":"info","message":"GET /blog/b7b088d7-566e-4dd6-8866-b9b28807692b","timestamp":"2024-12-21 01:04:35"}
{"level":"info","message":"GET /blog/b7b088d7-566e-4dd6-8866-b9b28807692b","timestamp":"2024-12-21 01:04:35"}
{"level":"info","message":"GET /blog/b7b088d7-566e-4dd6-8866-b9b28807692b","timestamp":"2024-12-21 01:04:35"}
{"level":"info","message":"GET /blog/b7b088d7-566e-4dd6-8866-b9b28807692b","timestamp":"2024-12-21 01:04:35"}
{"level":"info","message":"GET /blog/b7b088d7-566e-4dd6-8866-b9b28807692b","timestamp":"2024-12-21 01:04:35"}
{"level":"info","message":"GET /blog/b7b088d7-566e-4dd6-8866-b9b28807692b","timestamp":"2024-12-21 01:04:35"}
{"level":"info","message":"GET /blog/b7b088d7-566e-4dd6-8866-b9b28807692b","timestamp":"2024-12-21 01:04:35"}
{"level":"info","message":"GET /blog/b7b088d7-566e-4dd6-8866-b9b28807692b","timestamp":"2024-12-21 01:04:35"}
{"level":"info","message":"GET /blog/b7b088d7-566e-4dd6-8866-b9b28807692b","timestamp":"2024-12-21 01:04:35"}
{"level":"info","message":"GET /blog/b7b088d7-566e-4dd6-8866-b9b28807692b","timestamp":"2024-12-21 01:04:35"}
{"level":"info","message":"GET /blog/b7b088d7-566e-4dd6-8866-b9b28807692b","timestamp":"2024-12-21 01:04:35"}
{"level":"info","message":"GET /blog/b7b088d7-566e-4dd6-8866-b9b28807692b","timestamp":"2024-12-21 01:04:35"}
{"level":"info","message":"GET /blog/b7b088d7-566e-4dd6-8866-b9b28807692b","timestamp":"2024-12-21 01:04:36"}
{"level":"info","message":"GET /blog/b7b088d7-566e-4dd6-8866-b9b28807692b","timestamp":"2024-12-21 01:04:36"}
{"level":"info","message":"GET /blog/b7b088d7-566e-4dd6-8866-b9b28807692b","timestamp":"2024-12-21 01:04:36"}
{"level":"info","message":"GET /blog/b7b088d7-566e-4dd6-8866-b9b28807692b","timestamp":"2024-12-21 01:04:36"}
{"level":"info","message":"GET /blog/b7b088d7-566e-4dd6-8866-b9b28807692b","timestamp":"2024-12-21 01:04:36"}
{"level":"info","message":"GET /blog/b7b088d7-566e-4dd6-8866-b9b28807692b","timestamp":"2024-12-21 01:04:36"}
{"level":"info","message":"GET /blog/b7b088d7-566e-4dd6-8866-b9b28807692b","timestamp":"2024-12-21 01:04:36"}
{"level":"info","message":"GET /blog/b7b088d7-566e-4dd6-8866-b9b28807692b","timestamp":"2024-12-21 01:04:36"}
{"level":"info","message":"GET /blog/b7b088d7-566e-4dd6-8866-b9b28807692b","timestamp":"2024-12-21 01:04:36"}
{"level":"info","message":"GET /blog/b7b088d7-566e-4dd6-8866-b9b28807692b","timestamp":"2024-12-21 01:04:36"}
{"level":"info","message":"GET /blog/b7b088d7-566e-4dd6-8866-b9b28807692b","timestamp":"2024-12-21 01:04:36"}
{"level":"info","message":"GET /blog/b7b088d7-566e-4dd6-8866-b9b28807692b","timestamp":"2024-12-21 01:04:36"}
{"level":"info","message":"GET /blog/b7b088d7-566e-4dd6-8866-b9b28807692b","timestamp":"2024-12-21 01:04:36"}
{"level":"info","message":"GET /blog/b7b088d7-566e-4dd6-8866-b9b28807692b","timestamp":"2024-12-21 01:04:36"}
{"level":"info","message":"GET /blog/b7b088d7-566e-4dd6-8866-b9b28807692b","timestamp":"2024-12-21 01:04:37"}
{"level":"info","message":"GET /blog/b7b088d7-566e-4dd6-8866-b9b28807692b","timestamp":"2024-12-21 01:04:37"}
{"level":"info","message":"GET /blog/b7b088d7-566e-4dd6-8866-b9b28807692b","timestamp":"2024-12-21 01:04:37"}
{"level":"info","message":"GET /blog/b7b088d7-566e-4dd6-8866-b9b28807692b","timestamp":"2024-12-21 01:04:37"}
{"level":"info","message":"GET /blog/b7b088d7-566e-4dd6-8866-b9b28807692b","timestamp":"2024-12-21 01:04:37"}
{"level":"info","message":"GET /blog/b7b088d7-566e-4dd6-8866-b9b28807692b","timestamp":"2024-12-21 01:04:37"}
{"level":"info","message":"GET /blog/b7b088d7-566e-4dd6-8866-b9b28807692b","timestamp":"2024-12-21 01:04:37"}
{"level":"info","message":"GET /blog/b7b088d7-566e-4dd6-8866-b9b28807692b","timestamp":"2024-12-21 01:04:37"}
{"level":"info","message":"GET /blog/b7b088d7-566e-4dd6-8866-b9b28807692b","timestamp":"2024-12-21 01:04:37"}
{"level":"info","message":"GET /blog/b7b088d7-566e-4dd6-8866-b9b28807692b","timestamp":"2024-12-21 01:04:37"}
{"level":"info","message":"GET /blog/b7b088d7-566e-4dd6-8866-b9b28807692b","timestamp":"2024-12-21 01:04:37"}
{"level":"info","message":"GET /blog/b7b088d7-566e-4dd6-8866-b9b28807692b","timestamp":"2024-12-21 01:04:37"}
{"level":"info","message":"GET /blog/b7b088d7-566e-4dd6-8866-b9b28807692b","timestamp":"2024-12-21 01:04:37"}
{"level":"info","message":"GET /blog/b7b088d7-566e-4dd6-8866-b9b28807692b","timestamp":"2024-12-21 01:04:38"}
{"level":"info","message":"GET /blog/b7b088d7-566e-4dd6-8866-b9b28807692b","timestamp":"2024-12-21 01:04:38"}
{"level":"info","message":"GET /blog/b7b088d7-566e-4dd6-8866-b9b28807692b","timestamp":"2024-12-21 01:04:38"}
{"level":"info","message":"GET /blog/b7b088d7-566e-4dd6-8866-b9b28807692b","timestamp":"2024-12-21 01:04:38"}
{"level":"info","message":"GET /blog/b7b088d7-566e-4dd6-8866-b9b28807692b","timestamp":"2024-12-21 01:04:38"}
{"level":"info","message":"GET /blog/b7b088d7-566e-4dd6-8866-b9b28807692b","timestamp":"2024-12-21 01:04:38"}
{"level":"info","message":"GET /blog/b7b088d7-566e-4dd6-8866-b9b28807692b","timestamp":"2024-12-21 01:04:38"}
{"level":"info","message":"GET /blog/b7b088d7-566e-4dd6-8866-b9b28807692b","timestamp":"2024-12-21 01:04:38"}
{"level":"info","message":"GET /blog/b7b088d7-566e-4dd6-8866-b9b28807692b","timestamp":"2024-12-21 01:04:38"}
{"level":"info","message":"GET /blog/b7b088d7-566e-4dd6-8866-b9b28807692b","timestamp":"2024-12-21 01:04:38"}
{"level":"info","message":"GET /blog/b7b088d7-566e-4dd6-8866-b9b28807692b","timestamp":"2024-12-21 01:04:38"}
{"level":"info","message":"GET /blog/b7b088d7-566e-4dd6-8866-b9b28807692b","timestamp":"2024-12-21 01:04:38"}
{"level":"info","message":"GET /blog/b7b088d7-566e-4dd6-8866-b9b28807692b","timestamp":"2024-12-21 01:04:38"}
{"level":"info","message":"GET /blog/b7b088d7-566e-4dd6-8866-b9b28807692b","timestamp":"2024-12-21 01:04:38"}
{"level":"info","message":"GET /blog/b7b088d7-566e-4dd6-8866-b9b28807692b","timestamp":"2024-12-21 01:04:39"}
{"level":"info","message":"GET /blog/b7b088d7-566e-4dd6-8866-b9b28807692b","timestamp":"2024-12-21 01:04:39"}
{"level":"info","message":"GET /blog/b7b088d7-566e-4dd6-8866-b9b28807692b","timestamp":"2024-12-21 01:04:39"}
{"level":"info","message":"GET /blog/b7b088d7-566e-4dd6-8866-b9b28807692b","timestamp":"2024-12-21 01:04:39"}
{"level":"info","message":"GET /blog/b7b088d7-566e-4dd6-8866-b9b28807692b","timestamp":"2024-12-21 01:04:39"}
{"level":"info","message":"GET /blog/b7b088d7-566e-4dd6-8866-b9b28807692b","timestamp":"2024-12-21 01:04:39"}
{"level":"info","message":"GET /blog/b7b088d7-566e-4dd6-8866-b9b28807692b","timestamp":"2024-12-21 01:04:39"}
{"level":"info","message":"GET /blog/b7b088d7-566e-4dd6-8866-b9b28807692b","timestamp":"2024-12-21 01:04:39"}
{"level":"info","message":"GET /blog/b7b088d7-566e-4dd6-8866-b9b28807692b","timestamp":"2024-12-21 01:04:39"}
{"level":"info","message":"GET /blog/b7b088d7-566e-4dd6-8866-b9b28807692b","timestamp":"2024-12-21 01:04:39"}
{"level":"info","message":"GET /blog/b7b088d7-566e-4dd6-8866-b9b28807692b","timestamp":"2024-12-21 01:04:39"}
{"level":"info","message":"GET /blog/b7b088d7-566e-4dd6-8866-b9b28807692b","timestamp":"2024-12-21 01:04:39"}
{"level":"info","message":"GET /blog/b7b088d7-566e-4dd6-8866-b9b28807692b","timestamp":"2024-12-21 01:04:39"}
{"level":"info","message":"GET /blog/b7b088d7-566e-4dd6-8866-b9b28807692b","timestamp":"2024-12-21 01:04:39"}
{"level":"info","message":"GET /blog/b7b088d7-566e-4dd6-8866-b9b28807692b","timestamp":"2024-12-21 01:04:40"}
{"level":"info","message":"GET /blog/b7b088d7-566e-4dd6-8866-b9b28807692b","timestamp":"2024-12-21 01:04:40"}
{"level":"info","message":"GET /blog/b7b088d7-566e-4dd6-8866-b9b28807692b","timestamp":"2024-12-21 01:04:40"}
{"level":"info","message":"GET /blog/b7b088d7-566e-4dd6-8866-b9b28807692b","timestamp":"2024-12-21 01:04:40"}
{"level":"info","message":"GET /blog/b7b088d7-566e-4dd6-8866-b9b28807692b","timestamp":"2024-12-21 01:04:40"}
{"level":"info","message":"GET /blog/b7b088d7-566e-4dd6-8866-b9b28807692b","timestamp":"2024-12-21 01:04:40"}
{"level":"info","message":"GET /blog/b7b088d7-566e-4dd6-8866-b9b28807692b","timestamp":"2024-12-21 01:04:40"}
{"level":"info","message":"GET /blog/b7b088d7-566e-4dd6-8866-b9b28807692b","timestamp":"2024-12-21 01:04:40"}
{"level":"info","message":"GET /blog/b7b088d7-566e-4dd6-8866-b9b28807692b","timestamp":"2024-12-21 01:04:40"}
{"level":"info","message":"GET /blog/b7b088d7-566e-4dd6-8866-b9b28807692b","timestamp":"2024-12-21 01:04:40"}
{"level":"info","message":"GET /blog/b7b088d7-566e-4dd6-8866-b9b28807692b","timestamp":"2024-12-21 01:04:40"}
{"level":"info","message":"GET /blog/b7b088d7-566e-4dd6-8866-b9b28807692b","timestamp":"2024-12-21 01:04:40"}
{"level":"info","message":"GET /blog/b7b088d7-566e-4dd6-8866-b9b28807692b","timestamp":"2024-12-21 01:04:40"}
{"level":"info","message":"GET /blog/b7b088d7-566e-4dd6-8866-b9b28807692b","timestamp":"2024-12-21 01:04:41"}
{"level":"info","message":"GET /blog/b7b088d7-566e-4dd6-8866-b9b28807692b","timestamp":"2024-12-21 01:04:41"}
{"level":"info","message":"GET /blog/b7b088d7-566e-4dd6-8866-b9b28807692b","timestamp":"2024-12-21 01:04:41"}
{"level":"info","message":"GET /blog/b7b088d7-566e-4dd6-8866-b9b28807692b","timestamp":"2024-12-21 01:04:41"}
{"level":"info","message":"GET /blog/b7b088d7-566e-4dd6-8866-b9b28807692b","timestamp":"2024-12-21 01:04:41"}
{"level":"info","message":"GET /blog/b7b088d7-566e-4dd6-8866-b9b28807692b","timestamp":"2024-12-21 01:04:41"}
{"level":"info","message":"GET /blog/b7b088d7-566e-4dd6-8866-b9b28807692b","timestamp":"2024-12-21 01:04:41"}
{"level":"info","message":"GET /blog/b7b088d7-566e-4dd6-8866-b9b28807692b","timestamp":"2024-12-21 01:04:41"}
{"level":"info","message":"GET //blog","timestamp":"2024-12-21 01:04:43"}
{"level":"info","message":"GET /blog/b7b088d7-566e-4dd6-8866-b9b28807692b","timestamp":"2024-12-21 01:04:43"}
{"level":"info","message":"GET /blog/b7b088d7-566e-4dd6-8866-b9b28807692b","timestamp":"2024-12-21 01:04:43"}
{"level":"info","message":"GET /blog/b7b088d7-566e-4dd6-8866-b9b28807692b","timestamp":"2024-12-21 01:04:43"}
{"level":"info","message":"GET /blog/b7b088d7-566e-4dd6-8866-b9b28807692b","timestamp":"2024-12-21 01:04:43"}
{"level":"info","message":"GET /blog/b7b088d7-566e-4dd6-8866-b9b28807692b","timestamp":"2024-12-21 01:04:43"}
{"level":"info","message":"GET /blog/b7b088d7-566e-4dd6-8866-b9b28807692b","timestamp":"2024-12-21 01:04:43"}
{"level":"info","message":"GET /blog/b7b088d7-566e-4dd6-8866-b9b28807692b","timestamp":"2024-12-21 01:04:43"}
{"level":"info","message":"GET /blog/b7b088d7-566e-4dd6-8866-b9b28807692b","timestamp":"2024-12-21 01:04:44"}
{"level":"info","message":"GET /blog/b7b088d7-566e-4dd6-8866-b9b28807692b","timestamp":"2024-12-21 01:04:44"}
{"level":"info","message":"GET /blog/b7b088d7-566e-4dd6-8866-b9b28807692b","timestamp":"2024-12-21 01:04:44"}
{"level":"info","message":"GET /blog/b7b088d7-566e-4dd6-8866-b9b28807692b","timestamp":"2024-12-21 01:04:44"}
{"level":"info","message":"GET /blog/b7b088d7-566e-4dd6-8866-b9b28807692b","timestamp":"2024-12-21 01:04:44"}
{"level":"info","message":"GET /blog/b7b088d7-566e-4dd6-8866-b9b28807692b","timestamp":"2024-12-21 01:04:44"}
{"level":"info","message":"GET /blog/b7b088d7-566e-4dd6-8866-b9b28807692b","timestamp":"2024-12-21 01:04:44"}
{"level":"info","message":"GET /blog/b7b088d7-566e-4dd6-8866-b9b28807692b","timestamp":"2024-12-21 01:04:44"}
{"level":"info","message":"GET /blog/b7b088d7-566e-4dd6-8866-b9b28807692b","timestamp":"2024-12-21 01:04:44"}
{"level":"info","message":"GET /blog/b7b088d7-566e-4dd6-8866-b9b28807692b","timestamp":"2024-12-21 01:04:44"}
{"level":"info","message":"GET /blog/b7b088d7-566e-4dd6-8866-b9b28807692b","timestamp":"2024-12-21 01:04:44"}
{"level":"info","message":"GET /blog/b7b088d7-566e-4dd6-8866-b9b28807692b","timestamp":"2024-12-21 01:04:44"}
{"level":"info","message":"GET //blog","timestamp":"2024-12-21 01:04:44"}
{"level":"info","message":"GET /blog/b7b088d7-566e-4dd6-8866-b9b28807692b","timestamp":"2024-12-21 01:04:44"}
{"level":"info","message":"GET /blog/b7b088d7-566e-4dd6-8866-b9b28807692b","timestamp":"2024-12-21 01:04:44"}
{"level":"info","message":"GET /blog/b7b088d7-566e-4dd6-8866-b9b28807692b","timestamp":"2024-12-21 01:04:45"}
{"level":"info","message":"GET /blog/b7b088d7-566e-4dd6-8866-b9b28807692b","timestamp":"2024-12-21 01:04:45"}
{"level":"info","message":"GET /blog/b7b088d7-566e-4dd6-8866-b9b28807692b","timestamp":"2024-12-21 01:04:45"}
{"level":"info","message":"GET /blog/b7b088d7-566e-4dd6-8866-b9b28807692b","timestamp":"2024-12-21 01:04:45"}
{"level":"info","message":"GET /blog/b7b088d7-566e-4dd6-8866-b9b28807692b","timestamp":"2024-12-21 01:04:45"}
{"level":"info","message":"GET /blog/b7b088d7-566e-4dd6-8866-b9b28807692b","timestamp":"2024-12-21 01:04:45"}
{"level":"info","message":"GET /blog/b7b088d7-566e-4dd6-8866-b9b28807692b","timestamp":"2024-12-21 01:04:45"}
{"level":"info","message":"GET /blog/b7b088d7-566e-4dd6-8866-b9b28807692b","timestamp":"2024-12-21 01:04:45"}
{"level":"info","message":"GET /blog/b7b088d7-566e-4dd6-8866-b9b28807692b","timestamp":"2024-12-21 01:04:45"}
{"level":"info","message":"GET /blog/b7b088d7-566e-4dd6-8866-b9b28807692b","timestamp":"2024-12-21 01:04:45"}
{"level":"info","message":"GET /blog/b7b088d7-566e-4dd6-8866-b9b28807692b","timestamp":"2024-12-21 01:04:45"}
{"level":"info","message":"GET /blog/b7b088d7-566e-4dd6-8866-b9b28807692b","timestamp":"2024-12-21 01:04:45"}
{"level":"info","message":"GET /blog/b7b088d7-566e-4dd6-8866-b9b28807692b","timestamp":"2024-12-21 01:04:45"}
{"level":"info","message":"GET /blog/b7b088d7-566e-4dd6-8866-b9b28807692b","timestamp":"2024-12-21 01:04:45"}
{"level":"info","message":"GET /blog/b7b088d7-566e-4dd6-8866-b9b28807692b","timestamp":"2024-12-21 01:04:46"}
{"level":"info","message":"GET /blog/b7b088d7-566e-4dd6-8866-b9b28807692b","timestamp":"2024-12-21 01:04:46"}
{"level":"info","message":"GET /blog/b7b088d7-566e-4dd6-8866-b9b28807692b","timestamp":"2024-12-21 01:04:46"}
{"level":"info","message":"GET /blog/b7b088d7-566e-4dd6-8866-b9b28807692b","timestamp":"2024-12-21 01:04:46"}
{"level":"info","message":"GET /blog/b7b088d7-566e-4dd6-8866-b9b28807692b","timestamp":"2024-12-21 01:04:46"}
{"level":"info","message":"GET /blog/b7b088d7-566e-4dd6-8866-b9b28807692b","timestamp":"2024-12-21 01:04:46"}
{"level":"info","message":"GET /blog/b7b088d7-566e-4dd6-8866-b9b28807692b","timestamp":"2024-12-21 01:04:46"}
{"level":"info","message":"GET /blog/b7b088d7-566e-4dd6-8866-b9b28807692b","timestamp":"2024-12-21 01:04:46"}
{"level":"info","message":"GET /blog/b7b088d7-566e-4dd6-8866-b9b28807692b","timestamp":"2024-12-21 01:04:46"}
{"level":"info","message":"GET /blog/b7b088d7-566e-4dd6-8866-b9b28807692b","timestamp":"2024-12-21 01:04:46"}
{"level":"info","message":"GET /blog/b7b088d7-566e-4dd6-8866-b9b28807692b","timestamp":"2024-12-21 01:04:46"}
{"level":"info","message":"GET /blog/b7b088d7-566e-4dd6-8866-b9b28807692b","timestamp":"2024-12-21 01:04:46"}
{"level":"info","message":"GET /blog/b7b088d7-566e-4dd6-8866-b9b28807692b","timestamp":"2024-12-21 01:04:46"}
{"level":"info","message":"GET /blog/b7b088d7-566e-4dd6-8866-b9b28807692b","timestamp":"2024-12-21 01:04:46"}
{"level":"info","message":"GET /blog/b7b088d7-566e-4dd6-8866-b9b28807692b","timestamp":"2024-12-21 01:04:47"}
{"level":"info","message":"GET /blog/b7b088d7-566e-4dd6-8866-b9b28807692b","timestamp":"2024-12-21 01:04:47"}
{"level":"info","message":"GET /blog/b7b088d7-566e-4dd6-8866-b9b28807692b","timestamp":"2024-12-21 01:04:47"}
{"level":"info","message":"GET /blog/b7b088d7-566e-4dd6-8866-b9b28807692b","timestamp":"2024-12-21 01:04:47"}
{"level":"info","message":"GET /blog/b7b088d7-566e-4dd6-8866-b9b28807692b","timestamp":"2024-12-21 01:04:47"}
{"level":"info","message":"GET /blog/b7b088d7-566e-4dd6-8866-b9b28807692b","timestamp":"2024-12-21 01:04:47"}
{"level":"info","message":"GET /blog/b7b088d7-566e-4dd6-8866-b9b28807692b","timestamp":"2024-12-21 01:04:47"}
{"level":"info","message":"GET /blog/b7b088d7-566e-4dd6-8866-b9b28807692b","timestamp":"2024-12-21 01:04:47"}
{"level":"info","message":"GET /blog/b7b088d7-566e-4dd6-8866-b9b28807692b","timestamp":"2024-12-21 01:04:47"}
{"level":"info","message":"GET /blog/b7b088d7-566e-4dd6-8866-b9b28807692b","timestamp":"2024-12-21 01:04:47"}
{"level":"info","message":"GET /blog/b7b088d7-566e-4dd6-8866-b9b28807692b","timestamp":"2024-12-21 01:04:47"}
{"level":"info","message":"GET /blog/b7b088d7-566e-4dd6-8866-b9b28807692b","timestamp":"2024-12-21 01:04:47"}
{"level":"info","message":"GET /blog/b7b088d7-566e-4dd6-8866-b9b28807692b","timestamp":"2024-12-21 01:04:47"}
{"level":"info","message":"GET /blog/b7b088d7-566e-4dd6-8866-b9b28807692b","timestamp":"2024-12-21 01:04:47"}
{"level":"info","message":"GET /blog/b7b088d7-566e-4dd6-8866-b9b28807692b","timestamp":"2024-12-21 01:04:48"}
{"level":"info","message":"GET /blog/b7b088d7-566e-4dd6-8866-b9b28807692b","timestamp":"2024-12-21 01:04:48"}
{"level":"info","message":"GET /blog/b7b088d7-566e-4dd6-8866-b9b28807692b","timestamp":"2024-12-21 01:04:48"}
{"level":"info","message":"GET /blog/b7b088d7-566e-4dd6-8866-b9b28807692b","timestamp":"2024-12-21 01:04:48"}
{"level":"info","message":"GET /blog/b7b088d7-566e-4dd6-8866-b9b28807692b","timestamp":"2024-12-21 01:04:48"}
{"level":"info","message":"GET /blog/b7b088d7-566e-4dd6-8866-b9b28807692b","timestamp":"2024-12-21 01:04:48"}
{"level":"info","message":"GET /blog/b7b088d7-566e-4dd6-8866-b9b28807692b","timestamp":"2024-12-21 01:04:48"}
{"level":"info","message":"GET /blog/b7b088d7-566e-4dd6-8866-b9b28807692b","timestamp":"2024-12-21 01:04:48"}
{"level":"info","message":"GET /blog/b7b088d7-566e-4dd6-8866-b9b28807692b","timestamp":"2024-12-21 01:04:48"}
{"level":"info","message":"GET /blog/b7b088d7-566e-4dd6-8866-b9b28807692b","timestamp":"2024-12-21 01:04:48"}
{"level":"info","message":"GET /blog/b7b088d7-566e-4dd6-8866-b9b28807692b","timestamp":"2024-12-21 01:04:48"}
{"level":"info","message":"GET /blog/b7b088d7-566e-4dd6-8866-b9b28807692b","timestamp":"2024-12-21 01:04:49"}
{"level":"info","message":"GET /blog/b7b088d7-566e-4dd6-8866-b9b28807692b","timestamp":"2024-12-21 01:04:49"}
{"level":"info","message":"GET /blog/b7b088d7-566e-4dd6-8866-b9b28807692b","timestamp":"2024-12-21 01:04:49"}
{"level":"info","message":"GET /blog/b7b088d7-566e-4dd6-8866-b9b28807692b","timestamp":"2024-12-21 01:04:49"}
{"level":"info","message":"GET /blog/b7b088d7-566e-4dd6-8866-b9b28807692b","timestamp":"2024-12-21 01:04:49"}
{"level":"info","message":"GET /blog/b7b088d7-566e-4dd6-8866-b9b28807692b","timestamp":"2024-12-21 01:04:49"}
{"level":"info","message":"GET /blog/b7b088d7-566e-4dd6-8866-b9b28807692b","timestamp":"2024-12-21 01:04:49"}
{"level":"info","message":"GET /blog/b7b088d7-566e-4dd6-8866-b9b28807692b","timestamp":"2024-12-21 01:04:49"}
{"level":"info","message":"GET /blog/b7b088d7-566e-4dd6-8866-b9b28807692b","timestamp":"2024-12-21 01:04:49"}
{"level":"info","message":"GET /blog/b7b088d7-566e-4dd6-8866-b9b28807692b","timestamp":"2024-12-21 01:04:49"}
{"level":"info","message":"GET /blog/b7b088d7-566e-4dd6-8866-b9b28807692b","timestamp":"2024-12-21 01:04:49"}
{"level":"info","message":"GET /blog/b7b088d7-566e-4dd6-8866-b9b28807692b","timestamp":"2024-12-21 01:04:49"}
{"level":"info","message":"GET /blog/b7b088d7-566e-4dd6-8866-b9b28807692b","timestamp":"2024-12-21 01:04:49"}
{"level":"info","message":"GET /blog/b7b088d7-566e-4dd6-8866-b9b28807692b","timestamp":"2024-12-21 01:04:49"}
{"level":"info","message":"GET /blog/b7b088d7-566e-4dd6-8866-b9b28807692b","timestamp":"2024-12-21 01:04:50"}
{"level":"info","message":"GET /blog/b7b088d7-566e-4dd6-8866-b9b28807692b","timestamp":"2024-12-21 01:04:50"}
{"level":"info","message":"GET /blog/b7b088d7-566e-4dd6-8866-b9b28807692b","timestamp":"2024-12-21 01:04:50"}
{"level":"info","message":"GET /blog/b7b088d7-566e-4dd6-8866-b9b28807692b","timestamp":"2024-12-21 01:04:50"}
{"level":"info","message":"GET /blog/b7b088d7-566e-4dd6-8866-b9b28807692b","timestamp":"2024-12-21 01:04:50"}
{"level":"info","message":"GET /blog/b7b088d7-566e-4dd6-8866-b9b28807692b","timestamp":"2024-12-21 01:04:50"}
{"level":"info","message":"GET /blog/b7b088d7-566e-4dd6-8866-b9b28807692b","timestamp":"2024-12-21 01:04:50"}
{"level":"info","message":"GET /blog/b7b088d7-566e-4dd6-8866-b9b28807692b","timestamp":"2024-12-21 01:04:50"}
{"level":"info","message":"GET /blog/b7b088d7-566e-4dd6-8866-b9b28807692b","timestamp":"2024-12-21 01:04:50"}
{"level":"info","message":"GET /blog/b7b088d7-566e-4dd6-8866-b9b28807692b","timestamp":"2024-12-21 01:04:50"}
{"level":"info","message":"GET /blog/b7b088d7-566e-4dd6-8866-b9b28807692b","timestamp":"2024-12-21 01:04:50"}
{"level":"info","message":"GET /blog/b7b088d7-566e-4dd6-8866-b9b28807692b","timestamp":"2024-12-21 01:04:50"}
{"level":"info","message":"GET /blog/b7b088d7-566e-4dd6-8866-b9b28807692b","timestamp":"2024-12-21 01:04:50"}
{"level":"info","message":"GET /blog/b7b088d7-566e-4dd6-8866-b9b28807692b","timestamp":"2024-12-21 01:04:50"}
{"level":"info","message":"GET /blog/b7b088d7-566e-4dd6-8866-b9b28807692b","timestamp":"2024-12-21 01:04:51"}
{"level":"info","message":"GET /blog/b7b088d7-566e-4dd6-8866-b9b28807692b","timestamp":"2024-12-21 01:04:51"}
{"level":"info","message":"GET /blog/b7b088d7-566e-4dd6-8866-b9b28807692b","timestamp":"2024-12-21 01:04:51"}
{"level":"info","message":"GET /blog/b7b088d7-566e-4dd6-8866-b9b28807692b","timestamp":"2024-12-21 01:04:51"}
{"level":"info","message":"GET /blog/b7b088d7-566e-4dd6-8866-b9b28807692b","timestamp":"2024-12-21 01:04:51"}
{"level":"info","message":"GET /blog/b7b088d7-566e-4dd6-8866-b9b28807692b","timestamp":"2024-12-21 01:04:51"}
{"level":"info","message":"GET /blog/b7b088d7-566e-4dd6-8866-b9b28807692b","timestamp":"2024-12-21 01:04:51"}
{"level":"info","message":"GET /blog/b7b088d7-566e-4dd6-8866-b9b28807692b","timestamp":"2024-12-21 01:04:51"}
{"level":"info","message":"GET /blog/b7b088d7-566e-4dd6-8866-b9b28807692b","timestamp":"2024-12-21 01:04:51"}
{"level":"info","message":"GET /blog/b7b088d7-566e-4dd6-8866-b9b28807692b","timestamp":"2024-12-21 01:04:51"}
{"level":"info","message":"GET /blog/b7b088d7-566e-4dd6-8866-b9b28807692b","timestamp":"2024-12-21 01:04:51"}
{"level":"info","message":"GET /blog/b7b088d7-566e-4dd6-8866-b9b28807692b","timestamp":"2024-12-21 01:04:51"}
{"level":"info","message":"GET /blog/b7b088d7-566e-4dd6-8866-b9b28807692b","timestamp":"2024-12-21 01:04:51"}
{"level":"info","message":"GET /blog/b7b088d7-566e-4dd6-8866-b9b28807692b","timestamp":"2024-12-21 01:04:51"}
{"level":"info","message":"GET /blog/b7b088d7-566e-4dd6-8866-b9b28807692b","timestamp":"2024-12-21 01:04:52"}
{"level":"info","message":"GET /blog/b7b088d7-566e-4dd6-8866-b9b28807692b","timestamp":"2024-12-21 01:04:52"}
{"level":"info","message":"GET /blog/b7b088d7-566e-4dd6-8866-b9b28807692b","timestamp":"2024-12-21 01:04:52"}
{"level":"info","message":"GET /blog/b7b088d7-566e-4dd6-8866-b9b28807692b","timestamp":"2024-12-21 01:04:52"}
{"level":"info","message":"GET /blog/b7b088d7-566e-4dd6-8866-b9b28807692b","timestamp":"2024-12-21 01:04:52"}
{"level":"info","message":"GET /blog/b7b088d7-566e-4dd6-8866-b9b28807692b","timestamp":"2024-12-21 01:04:52"}
{"level":"info","message":"GET /blog/b7b088d7-566e-4dd6-8866-b9b28807692b","timestamp":"2024-12-21 01:04:52"}
{"level":"info","message":"GET /blog/b7b088d7-566e-4dd6-8866-b9b28807692b","timestamp":"2024-12-21 01:04:52"}
{"level":"info","message":"GET /blog/b7b088d7-566e-4dd6-8866-b9b28807692b","timestamp":"2024-12-21 01:04:52"}
{"level":"info","message":"GET /blog/b7b088d7-566e-4dd6-8866-b9b28807692b","timestamp":"2024-12-21 01:04:52"}
{"level":"info","message":"GET /blog/b7b088d7-566e-4dd6-8866-b9b28807692b","timestamp":"2024-12-21 01:04:52"}
{"level":"info","message":"GET /blog/b7b088d7-566e-4dd6-8866-b9b28807692b","timestamp":"2024-12-21 01:04:52"}
{"level":"info","message":"GET /blog/b7b088d7-566e-4dd6-8866-b9b28807692b","timestamp":"2024-12-21 01:04:52"}
{"level":"info","message":"GET /blog/b7b088d7-566e-4dd6-8866-b9b28807692b","timestamp":"2024-12-21 01:04:52"}
{"level":"info","message":"GET /blog/b7b088d7-566e-4dd6-8866-b9b28807692b","timestamp":"2024-12-21 01:04:53"}
{"level":"info","message":"GET /blog/b7b088d7-566e-4dd6-8866-b9b28807692b","timestamp":"2024-12-21 01:04:53"}
{"level":"info","message":"GET /blog/b7b088d7-566e-4dd6-8866-b9b28807692b","timestamp":"2024-12-21 01:04:53"}
{"level":"info","message":"GET /blog/b7b088d7-566e-4dd6-8866-b9b28807692b","timestamp":"2024-12-21 01:04:53"}
{"level":"info","message":"GET /blog/b7b088d7-566e-4dd6-8866-b9b28807692b","timestamp":"2024-12-21 01:04:53"}
{"level":"info","message":"GET /blog/b7b088d7-566e-4dd6-8866-b9b28807692b","timestamp":"2024-12-21 01:04:53"}
{"level":"info","message":"GET /blog/b7b088d7-566e-4dd6-8866-b9b28807692b","timestamp":"2024-12-21 01:04:53"}
{"level":"info","message":"GET /blog/b7b088d7-566e-4dd6-8866-b9b28807692b","timestamp":"2024-12-21 01:04:53"}
{"level":"info","message":"GET /blog/b7b088d7-566e-4dd6-8866-b9b28807692b","timestamp":"2024-12-21 01:04:53"}
{"level":"info","message":"GET /blog/b7b088d7-566e-4dd6-8866-b9b28807692b","timestamp":"2024-12-21 01:04:53"}
{"level":"info","message":"GET /blog/b7b088d7-566e-4dd6-8866-b9b28807692b","timestamp":"2024-12-21 01:04:53"}
{"level":"info","message":"GET /blog/b7b088d7-566e-4dd6-8866-b9b28807692b","timestamp":"2024-12-21 01:04:53"}
{"level":"info","message":"GET /blog/b7b088d7-566e-4dd6-8866-b9b28807692b","timestamp":"2024-12-21 01:04:53"}
{"level":"info","message":"GET /blog/b7b088d7-566e-4dd6-8866-b9b28807692b","timestamp":"2024-12-21 01:04:53"}
{"level":"info","message":"GET /blog/b7b088d7-566e-4dd6-8866-b9b28807692b","timestamp":"2024-12-21 01:04:54"}
{"level":"info","message":"GET /blog/b7b088d7-566e-4dd6-8866-b9b28807692b","timestamp":"2024-12-21 01:04:54"}
{"level":"info","message":"GET /blog/b7b088d7-566e-4dd6-8866-b9b28807692b","timestamp":"2024-12-21 01:04:54"}
{"level":"info","message":"GET /blog/b7b088d7-566e-4dd6-8866-b9b28807692b","timestamp":"2024-12-21 01:04:54"}
{"level":"info","message":"GET /blog/b7b088d7-566e-4dd6-8866-b9b28807692b","timestamp":"2024-12-21 01:04:54"}
{"level":"info","message":"GET /blog/b7b088d7-566e-4dd6-8866-b9b28807692b","timestamp":"2024-12-21 01:04:54"}
{"level":"info","message":"GET /blog/b7b088d7-566e-4dd6-8866-b9b28807692b","timestamp":"2024-12-21 01:04:54"}
{"level":"info","message":"GET /blog/b7b088d7-566e-4dd6-8866-b9b28807692b","timestamp":"2024-12-21 01:04:54"}
{"level":"info","message":"GET /blog/b7b088d7-566e-4dd6-8866-b9b28807692b","timestamp":"2024-12-21 01:04:54"}
{"level":"info","message":"GET /blog/b7b088d7-566e-4dd6-8866-b9b28807692b","timestamp":"2024-12-21 01:04:54"}
{"level":"info","message":"GET /blog/b7b088d7-566e-4dd6-8866-b9b28807692b","timestamp":"2024-12-21 01:04:54"}
{"level":"info","message":"GET /blog/b7b088d7-566e-4dd6-8866-b9b28807692b","timestamp":"2024-12-21 01:04:54"}
{"level":"info","message":"GET /blog/b7b088d7-566e-4dd6-8866-b9b28807692b","timestamp":"2024-12-21 01:04:54"}
{"level":"info","message":"GET /blog/b7b088d7-566e-4dd6-8866-b9b28807692b","timestamp":"2024-12-21 01:04:54"}
{"level":"info","message":"GET /blog/b7b088d7-566e-4dd6-8866-b9b28807692b","timestamp":"2024-12-21 01:04:55"}
{"level":"info","message":"GET /blog/b7b088d7-566e-4dd6-8866-b9b28807692b","timestamp":"2024-12-21 01:04:55"}
{"level":"info","message":"GET /blog/b7b088d7-566e-4dd6-8866-b9b28807692b","timestamp":"2024-12-21 01:04:55"}
{"level":"info","message":"GET /blog/b7b088d7-566e-4dd6-8866-b9b28807692b","timestamp":"2024-12-21 01:04:55"}
{"level":"info","message":"GET /blog/b7b088d7-566e-4dd6-8866-b9b28807692b","timestamp":"2024-12-21 01:04:55"}
{"level":"info","message":"GET /blog/b7b088d7-566e-4dd6-8866-b9b28807692b","timestamp":"2024-12-21 01:04:55"}
{"level":"info","message":"GET /blog/b7b088d7-566e-4dd6-8866-b9b28807692b","timestamp":"2024-12-21 01:04:55"}
{"level":"info","message":"GET /blog/b7b088d7-566e-4dd6-8866-b9b28807692b","timestamp":"2024-12-21 01:04:55"}
{"level":"info","message":"GET /blog/b7b088d7-566e-4dd6-8866-b9b28807692b","timestamp":"2024-12-21 01:04:55"}
{"level":"info","message":"GET /blog/b7b088d7-566e-4dd6-8866-b9b28807692b","timestamp":"2024-12-21 01:04:55"}
{"level":"info","message":"GET /blog/b7b088d7-566e-4dd6-8866-b9b28807692b","timestamp":"2024-12-21 01:04:55"}
{"level":"info","message":"GET /blog/b7b088d7-566e-4dd6-8866-b9b28807692b","timestamp":"2024-12-21 01:04:55"}
{"level":"info","message":"GET /blog/b7b088d7-566e-4dd6-8866-b9b28807692b","timestamp":"2024-12-21 01:04:55"}
{"level":"info","message":"GET /blog/b7b088d7-566e-4dd6-8866-b9b28807692b","timestamp":"2024-12-21 01:04:55"}
{"level":"info","message":"GET /blog/b7b088d7-566e-4dd6-8866-b9b28807692b","timestamp":"2024-12-21 01:04:56"}
{"level":"info","message":"GET /blog/b7b088d7-566e-4dd6-8866-b9b28807692b","timestamp":"2024-12-21 01:04:56"}
{"level":"info","message":"GET /blog/b7b088d7-566e-4dd6-8866-b9b28807692b","timestamp":"2024-12-21 01:04:56"}
{"level":"info","message":"GET /blog/b7b088d7-566e-4dd6-8866-b9b28807692b","timestamp":"2024-12-21 01:04:56"}
{"level":"info","message":"GET /blog/b7b088d7-566e-4dd6-8866-b9b28807692b","timestamp":"2024-12-21 01:04:56"}
{"level":"info","message":"GET /blog/b7b088d7-566e-4dd6-8866-b9b28807692b","timestamp":"2024-12-21 01:04:56"}
{"level":"info","message":"GET /blog/b7b088d7-566e-4dd6-8866-b9b28807692b","timestamp":"2024-12-21 01:04:56"}
{"level":"info","message":"GET /blog/b7b088d7-566e-4dd6-8866-b9b28807692b","timestamp":"2024-12-21 01:04:56"}
{"level":"info","message":"GET /blog/b7b088d7-566e-4dd6-8866-b9b28807692b","timestamp":"2024-12-21 01:04:56"}
{"level":"info","message":"GET /blog/b7b088d7-566e-4dd6-8866-b9b28807692b","timestamp":"2024-12-21 01:04:56"}
{"level":"info","message":"GET /blog/b7b088d7-566e-4dd6-8866-b9b28807692b","timestamp":"2024-12-21 01:04:56"}
{"level":"info","message":"GET /blog/b7b088d7-566e-4dd6-8866-b9b28807692b","timestamp":"2024-12-21 01:04:56"}
{"level":"info","message":"GET /blog/b7b088d7-566e-4dd6-8866-b9b28807692b","timestamp":"2024-12-21 01:04:56"}
{"level":"info","message":"GET /blog/b7b088d7-566e-4dd6-8866-b9b28807692b","timestamp":"2024-12-21 01:04:56"}
{"level":"info","message":"GET /blog/b7b088d7-566e-4dd6-8866-b9b28807692b","timestamp":"2024-12-21 01:04:56"}
{"level":"info","message":"GET /blog/b7b088d7-566e-4dd6-8866-b9b28807692b","timestamp":"2024-12-21 01:04:57"}
{"level":"info","message":"GET /blog/b7b088d7-566e-4dd6-8866-b9b28807692b","timestamp":"2024-12-21 01:04:57"}
{"level":"info","message":"GET /blog/b7b088d7-566e-4dd6-8866-b9b28807692b","timestamp":"2024-12-21 01:04:57"}
{"level":"info","message":"GET /blog/b7b088d7-566e-4dd6-8866-b9b28807692b","timestamp":"2024-12-21 01:04:57"}
{"level":"info","message":"GET /blog/b7b088d7-566e-4dd6-8866-b9b28807692b","timestamp":"2024-12-21 01:04:57"}
{"level":"info","message":"GET /blog/b7b088d7-566e-4dd6-8866-b9b28807692b","timestamp":"2024-12-21 01:04:57"}
{"level":"info","message":"GET /blog/b7b088d7-566e-4dd6-8866-b9b28807692b","timestamp":"2024-12-21 01:04:57"}
{"level":"info","message":"GET /blog/b7b088d7-566e-4dd6-8866-b9b28807692b","timestamp":"2024-12-21 01:04:57"}
{"level":"info","message":"GET /blog/b7b088d7-566e-4dd6-8866-b9b28807692b","timestamp":"2024-12-21 01:04:57"}
{"level":"info","message":"GET /blog/b7b088d7-566e-4dd6-8866-b9b28807692b","timestamp":"2024-12-21 01:04:57"}
{"level":"info","message":"GET /blog/b7b088d7-566e-4dd6-8866-b9b28807692b","timestamp":"2024-12-21 01:04:57"}
{"level":"info","message":"GET /blog/b7b088d7-566e-4dd6-8866-b9b28807692b","timestamp":"2024-12-21 01:04:57"}
{"level":"info","message":"GET /blog/b7b088d7-566e-4dd6-8866-b9b28807692b","timestamp":"2024-12-21 01:04:57"}
{"level":"info","message":"GET /blog/b7b088d7-566e-4dd6-8866-b9b28807692b","timestamp":"2024-12-21 01:04:57"}
{"level":"info","message":"GET /blog/b7b088d7-566e-4dd6-8866-b9b28807692b","timestamp":"2024-12-21 01:04:58"}
{"level":"info","message":"GET /blog/b7b088d7-566e-4dd6-8866-b9b28807692b","timestamp":"2024-12-21 01:04:58"}
{"level":"info","message":"GET /blog/b7b088d7-566e-4dd6-8866-b9b28807692b","timestamp":"2024-12-21 01:04:58"}
{"level":"info","message":"GET /blog/b7b088d7-566e-4dd6-8866-b9b28807692b","timestamp":"2024-12-21 01:04:58"}
{"level":"info","message":"GET /blog/b7b088d7-566e-4dd6-8866-b9b28807692b","timestamp":"2024-12-21 01:04:58"}
{"level":"info","message":"GET /blog/b7b088d7-566e-4dd6-8866-b9b28807692b","timestamp":"2024-12-21 01:04:58"}
{"level":"info","message":"GET /blog/b7b088d7-566e-4dd6-8866-b9b28807692b","timestamp":"2024-12-21 01:04:58"}
{"level":"info","message":"GET /blog/b7b088d7-566e-4dd6-8866-b9b28807692b","timestamp":"2024-12-21 01:04:58"}
{"level":"info","message":"GET /blog/b7b088d7-566e-4dd6-8866-b9b28807692b","timestamp":"2024-12-21 01:04:58"}
{"level":"info","message":"GET /blog/b7b088d7-566e-4dd6-8866-b9b28807692b","timestamp":"2024-12-21 01:04:58"}
{"level":"info","message":"GET /blog/b7b088d7-566e-4dd6-8866-b9b28807692b","timestamp":"2024-12-21 01:04:58"}
{"level":"info","message":"GET /blog/b7b088d7-566e-4dd6-8866-b9b28807692b","timestamp":"2024-12-21 01:04:58"}
{"level":"info","message":"GET /blog/b7b088d7-566e-4dd6-8866-b9b28807692b","timestamp":"2024-12-21 01:04:58"}
{"level":"info","message":"GET /blog/b7b088d7-566e-4dd6-8866-b9b28807692b","timestamp":"2024-12-21 01:04:58"}
{"level":"info","message":"GET /blog/b7b088d7-566e-4dd6-8866-b9b28807692b","timestamp":"2024-12-21 01:04:59"}
{"level":"info","message":"GET /blog/b7b088d7-566e-4dd6-8866-b9b28807692b","timestamp":"2024-12-21 01:04:59"}
{"level":"info","message":"GET /blog/b7b088d7-566e-4dd6-8866-b9b28807692b","timestamp":"2024-12-21 01:04:59"}
{"level":"info","message":"GET /blog/b7b088d7-566e-4dd6-8866-b9b28807692b","timestamp":"2024-12-21 01:04:59"}
{"level":"info","message":"GET /blog/b7b088d7-566e-4dd6-8866-b9b28807692b","timestamp":"2024-12-21 01:04:59"}
{"level":"info","message":"GET /blog/b7b088d7-566e-4dd6-8866-b9b28807692b","timestamp":"2024-12-21 01:04:59"}
{"level":"info","message":"GET /blog/b7b088d7-566e-4dd6-8866-b9b28807692b","timestamp":"2024-12-21 01:04:59"}
{"level":"info","message":"GET /blog/b7b088d7-566e-4dd6-8866-b9b28807692b","timestamp":"2024-12-21 01:04:59"}
{"level":"info","message":"GET /blog/b7b088d7-566e-4dd6-8866-b9b28807692b","timestamp":"2024-12-21 01:05:00"}
{"level":"info","message":"GET /blog/b7b088d7-566e-4dd6-8866-b9b28807692b","timestamp":"2024-12-21 01:05:07"}
{"level":"info","message":"GET /blog/b7b088d7-566e-4dd6-8866-b9b28807692b","timestamp":"2024-12-21 01:05:07"}
{"level":"info","message":"GET //blog","timestamp":"2024-12-21 01:05:07"}
{"level":"info","message":"GET /blog/b7b088d7-566e-4dd6-8866-b9b28807692b","timestamp":"2024-12-21 01:05:33"}
{"level":"info","message":"GET /blog/b7b088d7-566e-4dd6-8866-b9b28807692b","timestamp":"2024-12-21 01:05:40"}
{"level":"info","message":"GET /blog/b7b088d7-566e-4dd6-8866-b9b28807692b","timestamp":"2024-12-21 01:06:00"}
{"level":"info","message":"GET /blog/b7b088d7-566e-4dd6-8866-b9b28807692b","timestamp":"2024-12-21 01:06:12"}
{"level":"info","message":"GET /blog/b7b088d7-566e-4dd6-8866-b9b28807692b","timestamp":"2024-12-21 01:06:13"}
{"level":"info","message":"GET /blog/b7b088d7-566e-4dd6-8866-b9b28807692b","timestamp":"2024-12-21 01:06:14"}
{"level":"info","message":"GET /blog/b7b088d7-566e-4dd6-8866-b9b28807692b","timestamp":"2024-12-21 01:07:32"}
{"level":"info","message":"GET /blog/b7b088d7-566e-4dd6-8866-b9b28807692b","timestamp":"2024-12-21 01:08:30"}
{"level":"info","message":"GET /blog/b7b088d7-566e-4dd6-8866-b9b28807692b","timestamp":"2024-12-21 01:08:32"}
{"level":"info","message":"GET /blog/b7b088d7-566e-4dd6-8866-b9b28807692b","timestamp":"2024-12-21 01:08:34"}
{"level":"info","message":"GET /blog/b7b088d7-566e-4dd6-8866-b9b28807692b","timestamp":"2024-12-21 01:08:36"}
{"level":"info","message":"GET /blog/b7b088d7-566e-4dd6-8866-b9b28807692b","timestamp":"2024-12-21 01:08:39"}
{"level":"info","message":"GET /blog/b7b088d7-566e-4dd6-8866-b9b28807692b","timestamp":"2024-12-21 01:08:40"}
{"level":"info","message":"GET /blog/b7b088d7-566e-4dd6-8866-b9b28807692b","timestamp":"2024-12-21 01:08:45"}
{"level":"info","message":"GET /blog/b7b088d7-566e-4dd6-8866-b9b28807692b","timestamp":"2024-12-21 01:08:45"}
{"level":"info","message":"GET /blog/b7b088d7-566e-4dd6-8866-b9b28807692b","timestamp":"2024-12-21 01:08:45"}
{"level":"info","message":"GET /blog/b7b088d7-566e-4dd6-8866-b9b28807692b","timestamp":"2024-12-21 01:08:45"}
{"level":"info","message":"GET /blog/b7b088d7-566e-4dd6-8866-b9b28807692b","timestamp":"2024-12-21 01:08:45"}
{"level":"info","message":"GET /blog/b7b088d7-566e-4dd6-8866-b9b28807692b","timestamp":"2024-12-21 01:08:45"}
{"level":"info","message":"GET /blog/b7b088d7-566e-4dd6-8866-b9b28807692b","timestamp":"2024-12-21 01:08:45"}
{"level":"info","message":"GET /blog/b7b088d7-566e-4dd6-8866-b9b28807692b","timestamp":"2024-12-21 01:08:45"}
{"level":"info","message":"GET /blog/b7b088d7-566e-4dd6-8866-b9b28807692b","timestamp":"2024-12-21 01:08:45"}
{"level":"info","message":"GET /blog/b7b088d7-566e-4dd6-8866-b9b28807692b","timestamp":"2024-12-21 01:08:45"}
{"level":"info","message":"GET /blog/b7b088d7-566e-4dd6-8866-b9b28807692b","timestamp":"2024-12-21 01:08:45"}
{"level":"info","message":"GET /blog/b7b088d7-566e-4dd6-8866-b9b28807692b","timestamp":"2024-12-21 01:08:45"}
{"level":"info","message":"GET /blog/b7b088d7-566e-4dd6-8866-b9b28807692b","timestamp":"2024-12-21 01:08:45"}
{"level":"info","message":"GET /blog/b7b088d7-566e-4dd6-8866-b9b28807692b","timestamp":"2024-12-21 01:08:45"}
{"level":"info","message":"GET /blog/b7b088d7-566e-4dd6-8866-b9b28807692b","timestamp":"2024-12-21 01:08:46"}
{"level":"info","message":"GET /blog/b7b088d7-566e-4dd6-8866-b9b28807692b","timestamp":"2024-12-21 01:08:46"}
{"level":"info","message":"GET /blog/b7b088d7-566e-4dd6-8866-b9b28807692b","timestamp":"2024-12-21 01:08:46"}
{"level":"info","message":"GET /blog/b7b088d7-566e-4dd6-8866-b9b28807692b","timestamp":"2024-12-21 01:08:46"}
{"level":"info","message":"GET /blog/b7b088d7-566e-4dd6-8866-b9b28807692b","timestamp":"2024-12-21 01:08:46"}
{"level":"info","message":"GET /blog/b7b088d7-566e-4dd6-8866-b9b28807692b","timestamp":"2024-12-21 01:08:46"}
{"level":"info","message":"GET /blog/b7b088d7-566e-4dd6-8866-b9b28807692b","timestamp":"2024-12-21 01:08:46"}
{"level":"info","message":"GET /blog/b7b088d7-566e-4dd6-8866-b9b28807692b","timestamp":"2024-12-21 01:08:46"}
{"level":"info","message":"GET /blog/b7b088d7-566e-4dd6-8866-b9b28807692b","timestamp":"2024-12-21 01:08:46"}
{"level":"info","message":"GET /blog/b7b088d7-566e-4dd6-8866-b9b28807692b","timestamp":"2024-12-21 01:08:46"}
{"level":"info","message":"GET /blog/b7b088d7-566e-4dd6-8866-b9b28807692b","timestamp":"2024-12-21 01:08:46"}
{"level":"info","message":"GET /blog/b7b088d7-566e-4dd6-8866-b9b28807692b","timestamp":"2024-12-21 01:08:46"}
{"level":"info","message":"GET /blog/b7b088d7-566e-4dd6-8866-b9b28807692b","timestamp":"2024-12-21 01:08:46"}
{"level":"info","message":"GET /blog/b7b088d7-566e-4dd6-8866-b9b28807692b","timestamp":"2024-12-21 01:08:47"}
{"level":"info","message":"GET /blog/b7b088d7-566e-4dd6-8866-b9b28807692b","timestamp":"2024-12-21 01:08:47"}
{"level":"info","message":"GET /blog/b7b088d7-566e-4dd6-8866-b9b28807692b","timestamp":"2024-12-21 01:08:48"}
{"level":"info","message":"GET /blog/b7b088d7-566e-4dd6-8866-b9b28807692b","timestamp":"2024-12-21 01:10:26"}
{"level":"info","message":"GET /blog/b7b088d7-566e-4dd6-8866-b9b28807692b","timestamp":"2024-12-21 01:10:31"}
{"level":"info","message":"GET /blog/b7b088d7-566e-4dd6-8866-b9b28807692b","timestamp":"2024-12-21 01:10:54"}
{"level":"info","message":"GET /blog/b7b088d7-566e-4dd6-8866-b9b28807692b","timestamp":"2024-12-21 01:10:56"}
{"level":"info","message":"GET /blog/b7b088d7-566e-4dd6-8866-b9b28807692b","timestamp":"2024-12-21 01:13:31"}
{"level":"info","message":"GET /blog/b7b088d7-566e-4dd6-8866-b9b28807692b","timestamp":"2024-12-21 01:13:37"}
{"level":"info","message":"GET /blog/b7b088d7-566e-4dd6-8866-b9b28807692b","timestamp":"2024-12-21 01:13:44"}
{"level":"info","message":"GET /blog/b7b088d7-566e-4dd6-8866-b9b28807692b","timestamp":"2024-12-21 01:14:04"}
{"level":"info","message":"GET /blog/b7b088d7-566e-4dd6-8866-b9b28807692b","timestamp":"2024-12-21 01:14:43"}
{"level":"info","message":"GET /blog/","timestamp":"2024-12-21 01:16:24"}
{"level":"info","message":"GET /blog/2c156db0-3602-4904-af19-04fd008097f0","timestamp":"2024-12-21 01:16:30"}
{"level":"info","message":"GET /blog/2c156db0-3602-4904-af19-04fd008097f0","timestamp":"2024-12-21 01:17:38"}
{"level":"info","message":"GET /blog/2c156db0-3602-4904-af19-04fd008097f0","timestamp":"2024-12-21 01:18:09"}
{"level":"info","message":"GET /blog/2c156db0-3602-4904-af19-04fd008097f0","timestamp":"2024-12-21 01:18:12"}
{"level":"info","message":"GET /blog/2c156db0-3602-4904-af19-04fd008097f0","timestamp":"2024-12-21 01:18:14"}
{"level":"info","message":"GET /blog/2c156db0-3602-4904-af19-04fd008097f0","timestamp":"2024-12-21 01:19:06"}
{"level":"info","message":"GET /blog/2c156db0-3602-4904-af19-04fd008097f0","timestamp":"2024-12-21 01:19:35"}
{"level":"info","message":"GET /blog/2c156db0-3602-4904-af19-04fd008097f0","timestamp":"2024-12-21 01:20:33"}
{"level":"info","message":"GET /blog/2c156db0-3602-4904-af19-04fd008097f0","timestamp":"2024-12-21 01:20:35"}
{"level":"info","message":"GET /blog/2c156db0-3602-4904-af19-04fd008097f0","timestamp":"2024-12-21 01:20:45"}
{"level":"info","message":"GET /blog/2c156db0-3602-4904-af19-04fd008097f0","timestamp":"2024-12-21 01:20:58"}
{"level":"info","message":"GET /blog/2c156db0-3602-4904-af19-04fd008097f0","timestamp":"2024-12-21 01:20:59"}
{"level":"info","message":"GET /blog/2c156db0-3602-4904-af19-04fd008097f0","timestamp":"2024-12-21 01:24:00"}
{"level":"info","message":"GET /blog/2c156db0-3602-4904-af19-04fd008097f0","timestamp":"2024-12-21 01:25:58"}
{"level":"info","message":"GET /blog/2c156db0-3602-4904-af19-04fd008097f0","timestamp":"2024-12-21 01:26:09"}
{"level":"info","message":"GET /blog/2c156db0-3602-4904-af19-04fd008097f0","timestamp":"2024-12-21 01:26:10"}
{"level":"info","message":"GET /blog/2c156db0-3602-4904-af19-04fd008097f0","timestamp":"2024-12-21 01:26:11"}
{"level":"info","message":"GET /blog/2c156db0-3602-4904-af19-04fd008097f0","timestamp":"2024-12-21 01:26:25"}
{"level":"info","message":"GET /blog/2c156db0-3602-4904-af19-04fd008097f0","timestamp":"2024-12-21 01:26:28"}
{"level":"info","message":"GET /blog/2c156db0-3602-4904-af19-04fd008097f0","timestamp":"2024-12-21 01:26:31"}
{"level":"info","message":"GET /blog/2c156db0-3602-4904-af19-04fd008097f0","timestamp":"2024-12-21 01:28:15"}
{"level":"info","message":"GET /blog/2c156db0-3602-4904-af19-04fd008097f0","timestamp":"2024-12-21 01:28:27"}
{"level":"info","message":"GET /blog/2c156db0-3602-4904-af19-04fd008097f0","timestamp":"2024-12-21 01:28:27"}
{"level":"info","message":"GET /blog/2c156db0-3602-4904-af19-04fd008097f0","timestamp":"2024-12-21 01:28:29"}
{"level":"info","message":"GET /blog/2c156db0-3602-4904-af19-04fd008097f0","timestamp":"2024-12-21 01:28:32"}
{"level":"info","message":"GET /blog/2c156db0-3602-4904-af19-04fd008097f0","timestamp":"2024-12-21 01:28:37"}
{"level":"info","message":"GET /blog/2c156db0-3602-4904-af19-04fd008097f0","timestamp":"2024-12-21 01:28:38"}
{"level":"info","message":"GET /blog/2c156db0-3602-4904-af19-04fd008097f0","timestamp":"2024-12-21 01:28:43"}
{"level":"info","message":"GET /blog/2c156db0-3602-4904-af19-04fd008097f0","timestamp":"2024-12-21 01:28:45"}
{"level":"info","message":"GET /blog/2c156db0-3602-4904-af19-04fd008097f0","timestamp":"2024-12-21 01:28:46"}
{"level":"info","message":"GET /blog/2c156db0-3602-4904-af19-04fd008097f0","timestamp":"2024-12-21 01:28:46"}
{"level":"info","message":"GET /blog/2c156db0-3602-4904-af19-04fd008097f0","timestamp":"2024-12-21 01:29:37"}
{"level":"info","message":"GET /blog/2c156db0-3602-4904-af19-04fd008097f0","timestamp":"2024-12-21 01:30:00"}
{"level":"info","message":"GET /blog/2c156db0-3602-4904-af19-04fd008097f0","timestamp":"2024-12-21 01:30:01"}
{"level":"info","message":"GET /blog/2c156db0-3602-4904-af19-04fd008097f0","timestamp":"2024-12-21 01:30:02"}
{"level":"info","message":"GET /blog/2c156db0-3602-4904-af19-04fd008097f0","timestamp":"2024-12-21 01:30:02"}
{"level":"info","message":"GET /blog/2c156db0-3602-4904-af19-04fd008097f0","timestamp":"2024-12-21 01:30:02"}
{"level":"info","message":"GET /blog/2c156db0-3602-4904-af19-04fd008097f0","timestamp":"2024-12-21 01:30:03"}
{"level":"info","message":"GET /blog/2c156db0-3602-4904-af19-04fd008097f0","timestamp":"2024-12-21 01:30:03"}
{"level":"info","message":"GET /blog/2c156db0-3602-4904-af19-04fd008097f0","timestamp":"2024-12-21 01:30:04"}
{"level":"info","message":"GET /blog/2c156db0-3602-4904-af19-04fd008097f0","timestamp":"2024-12-21 01:30:08"}
{"level":"info","message":"GET /blog/2c156db0-3602-4904-af19-04fd008097f0","timestamp":"2024-12-21 01:30:17"}
{"level":"info","message":"GET /blog/2c156db0-3602-4904-af19-04fd008097f0","timestamp":"2024-12-21 01:30:19"}
{"level":"info","message":"GET /blog/2c156db0-3602-4904-af19-04fd008097f0","timestamp":"2024-12-21 01:30:20"}
{"level":"info","message":"GET /blog/2c156db0-3602-4904-af19-04fd008097f0","timestamp":"2024-12-21 01:30:20"}
{"level":"info","message":"GET /blog/2c156db0-3602-4904-af19-04fd008097f0","timestamp":"2024-12-21 01:30:20"}
{"level":"info","message":"GET /blog/2c156db0-3602-4904-af19-04fd008097f0","timestamp":"2024-12-21 01:30:21"}
{"level":"info","message":"GET /blog/2c156db0-3602-4904-af19-04fd008097f0","timestamp":"2024-12-21 01:30:21"}
{"level":"info","message":"GET /blog/2c156db0-3602-4904-af19-04fd008097f0","timestamp":"2024-12-21 01:30:22"}
{"level":"info","message":"GET /blog/2c156db0-3602-4904-af19-04fd008097f0","timestamp":"2024-12-21 01:30:24"}
{"level":"info","message":"GET /blog/2c156db0-3602-4904-af19-04fd008097f0","timestamp":"2024-12-21 01:31:24"}
{"level":"info","message":"GET /blog/2c156db0-3602-4904-af19-04fd008097f0","timestamp":"2024-12-21 01:31:34"}
{"level":"info","message":"GET /blog/2c156db0-3602-4904-af19-04fd008097f0","timestamp":"2024-12-21 01:31:34"}
{"level":"info","message":"GET /blog/2c156db0-3602-4904-af19-04fd008097f0","timestamp":"2024-12-21 01:31:37"}
{"level":"info","message":"GET /blog/2c156db0-3602-4904-af19-04fd008097f0","timestamp":"2024-12-21 01:31:38"}
{"level":"info","message":"GET /blog/2c156db0-3602-4904-af19-04fd008097f0","timestamp":"2024-12-21 01:31:38"}
{"level":"info","message":"GET /blog/2c156db0-3602-4904-af19-04fd008097f0","timestamp":"2024-12-21 01:31:38"}
{"level":"info","message":"GET /blog/2c156db0-3602-4904-af19-04fd008097f0","timestamp":"2024-12-21 01:32:34"}
{"level":"info","message":"GET /blog/2c156db0-3602-4904-af19-04fd008097f0","timestamp":"2024-12-21 01:32:34"}
{"level":"info","message":"GET /blog/2c156db0-3602-4904-af19-04fd008097f0","timestamp":"2024-12-21 01:32:35"}
{"level":"info","message":"GET /blog/2c156db0-3602-4904-af19-04fd008097f0","timestamp":"2024-12-21 01:32:35"}
{"level":"info","message":"GET /blog/2c156db0-3602-4904-af19-04fd008097f0","timestamp":"2024-12-21 01:32:36"}
{"level":"info","message":"GET /blog/","timestamp":"2024-12-21 01:32:36"}
{"level":"info","message":"GET /blog/","timestamp":"2024-12-21 01:33:06"}
{"level":"info","message":"GET /blog/","timestamp":"2024-12-21 01:33:07"}
{"level":"info","message":"GET /blog/","timestamp":"2024-12-21 01:33:11"}
{"level":"info","message":"GET /blog/","timestamp":"2024-12-21 01:33:12"}
{"level":"info","message":"GET /blog/","timestamp":"2024-12-21 01:33:14"}
{"level":"info","message":"GET /blog/","timestamp":"2024-12-21 01:33:18"}
{"level":"info","message":"GET /blog/","timestamp":"2024-12-21 01:33:19"}
{"level":"info","message":"GET /blog/","timestamp":"2024-12-21 01:33:19"}
{"level":"info","message":"GET /blog/","timestamp":"2024-12-21 01:33:20"}
{"level":"info","message":"GET /blog/","timestamp":"2024-12-21 01:33:20"}
{"level":"info","message":"GET /blog/","timestamp":"2024-12-21 01:33:21"}
{"level":"info","message":"GET /blog/","timestamp":"2024-12-21 01:33:21"}
{"level":"info","message":"GET /blog/","timestamp":"2024-12-21 01:33:30"}
{"level":"info","message":"GET /blog/","timestamp":"2024-12-21 01:33:34"}
{"level":"info","message":"GET /blog/","timestamp":"2024-12-21 01:33:48"}
{"level":"info","message":"GET /blog/","timestamp":"2024-12-21 01:33:50"}
{"level":"info","message":"GET /blog/","timestamp":"2024-12-21 01:33:58"}
{"level":"info","message":"GET /blog/","timestamp":"2024-12-21 01:33:59"}
{"level":"info","message":"GET /blog/","timestamp":"2024-12-21 01:33:59"}
{"level":"info","message":"GET /blog/","timestamp":"2024-12-21 01:33:59"}
{"level":"info","message":"GET /blog/","timestamp":"2024-12-21 01:34:00"}
{"level":"info","message":"GET /blog/","timestamp":"2024-12-21 01:34:00"}
{"level":"info","message":"GET /blog/","timestamp":"2024-12-21 01:34:00"}
{"level":"info","message":"GET /blog/","timestamp":"2024-12-21 01:34:01"}
{"level":"info","message":"GET /blog/","timestamp":"2024-12-21 01:34:01"}
{"level":"info","message":"GET /blog/","timestamp":"2024-12-21 01:34:01"}
{"level":"info","message":"GET /blog/","timestamp":"2024-12-21 01:34:01"}
{"level":"info","message":"GET /blog/","timestamp":"2024-12-21 01:34:01"}
{"level":"info","message":"GET /blog/","timestamp":"2024-12-21 01:34:01"}
{"level":"info","message":"GET /blog/","timestamp":"2024-12-21 01:34:19"}
{"level":"info","message":"GET /blog/","timestamp":"2024-12-21 01:34:21"}
{"level":"info","message":"GET /blog/","timestamp":"2024-12-21 01:34:24"}
{"level":"info","message":"GET /blog/","timestamp":"2024-12-21 01:34:25"}
{"level":"info","message":"GET /blog/","timestamp":"2024-12-21 01:34:27"}
{"level":"info","message":"GET /blog/","timestamp":"2024-12-21 01:34:28"}
{"level":"info","message":"GET /blog/","timestamp":"2024-12-21 01:34:29"}
{"level":"info","message":"GET /blog/","timestamp":"2024-12-21 01:34:30"}
{"level":"info","message":"GET /blog/","timestamp":"2024-12-21 01:34:30"}
{"level":"info","message":"GET /blog/","timestamp":"2024-12-21 01:34:31"}
{"level":"info","message":"GET /blog/","timestamp":"2024-12-21 01:34:31"}
{"level":"info","message":"GET /blog/","timestamp":"2024-12-21 01:34:31"}
{"level":"info","message":"GET /blog/","timestamp":"2024-12-21 01:34:31"}
{"level":"info","message":"GET /blog/","timestamp":"2024-12-21 01:34:31"}
{"level":"info","message":"GET /blog/","timestamp":"2024-12-21 01:34:34"}
{"level":"info","message":"GET /blog/","timestamp":"2024-12-21 01:34:35"}
{"level":"info","message":"GET /blog/","timestamp":"2024-12-21 01:34:36"}
{"level":"info","message":"GET /blog/","timestamp":"2024-12-21 01:34:36"}
{"level":"info","message":"GET /blog/","timestamp":"2024-12-21 01:34:37"}
{"level":"info","message":"GET /blog/","timestamp":"2024-12-21 01:34:37"}
{"level":"info","message":"GET /blog/","timestamp":"2024-12-21 01:34:37"}
{"level":"info","message":"GET /blog/","timestamp":"2024-12-21 01:34:37"}
{"level":"info","message":"GET /blog/","timestamp":"2024-12-21 01:34:37"}
{"level":"info","message":"GET /blog/","timestamp":"2024-12-21 01:34:38"}
{"level":"info","message":"GET /blog/","timestamp":"2024-12-21 01:34:38"}
{"level":"info","message":"GET /blog/","timestamp":"2024-12-21 01:34:38"}
{"level":"info","message":"GET /blog/","timestamp":"2024-12-21 01:34:38"}
{"level":"info","message":"GET /blog/","timestamp":"2024-12-21 01:34:55"}
{"level":"info","message":"GET /blog/","timestamp":"2024-12-21 01:34:57"}
{"level":"info","message":"GET /blog/","timestamp":"2024-12-21 01:34:59"}
{"level":"info","message":"GET /blog/","timestamp":"2024-12-21 01:35:01"}
{"level":"info","message":"GET /blog/","timestamp":"2024-12-21 01:35:01"}
{"level":"info","message":"GET /blog/","timestamp":"2024-12-21 01:35:01"}
{"level":"info","message":"GET /blog/","timestamp":"2024-12-21 01:35:02"}
{"level":"info","message":"GET /blog/","timestamp":"2024-12-21 01:35:02"}
{"level":"info","message":"GET /blog/","timestamp":"2024-12-21 01:35:02"}
{"level":"info","message":"GET /blog/","timestamp":"2024-12-21 01:35:02"}
{"level":"info","message":"GET /blog/","timestamp":"2024-12-21 01:35:02"}
{"level":"info","message":"GET /blog/","timestamp":"2024-12-21 01:35:09"}
{"level":"info","message":"GET /blog/","timestamp":"2024-12-21 01:35:20"}
{"level":"info","message":"GET /blog/","timestamp":"2024-12-21 01:36:24"}
{"level":"info","message":"GET /blog/b7b088d7-566e-4dd6-8866-b9b28807692b","timestamp":"2024-12-21 01:36:51"}
{"level":"info","message":"GET /blog/b7b088d7-566e-4dd6-8866-b9b28807692b","timestamp":"2024-12-21 01:36:56"}
{"level":"info","message":"GET /blog/b7b088d7-566e-4dd6-8866-b9b28807692b","timestamp":"2024-12-21 01:37:01"}
{"level":"info","message":"GET /blog/b7b088d7-566e-4dd6-8866-b9b28807692b","timestamp":"2024-12-21 01:37:01"}
{"level":"info","message":"GET /blog/b7b088d7-566e-4dd6-8866-b9b28807692b","timestamp":"2024-12-21 01:37:09"}
{"level":"info","message":"GET /blog/b7b088d7-566e-4dd6-8866-b9b28807692b","timestamp":"2024-12-21 01:37:12"}
{"level":"info","message":"GET /blog/b7b088d7-566e-4dd6-8866-b9b28807692b","timestamp":"2024-12-21 01:37:14"}
{"level":"info","message":"GET /blog/b7b088d7-566e-4dd6-8866-b9b28807692b","timestamp":"2024-12-21 01:37:20"}
{"level":"info","message":"GET /blog/b7b088d7-566e-4dd6-8866-b9b28807692b","timestamp":"2024-12-21 01:37:42"}
{"level":"info","message":"GET /blog/b7b088d7-566e-4dd6-8866-b9b28807692b","timestamp":"2024-12-21 01:37:45"}
{"level":"info","message":"GET /blog/b7b088d7-566e-4dd6-8866-b9b28807692b","timestamp":"2024-12-21 01:37:46"}
{"level":"info","message":"GET /blog/b7b088d7-566e-4dd6-8866-b9b28807692b","timestamp":"2024-12-21 01:37:55"}
{"level":"info","message":"GET /blog/b7b088d7-566e-4dd6-8866-b9b28807692b","timestamp":"2024-12-21 01:38:00"}
{"level":"info","message":"GET /blog/b7b088d7-566e-4dd6-8866-b9b28807692b","timestamp":"2024-12-21 01:38:01"}
{"level":"info","message":"GET /blog/b7b088d7-566e-4dd6-8866-b9b28807692b","timestamp":"2024-12-21 01:38:27"}
{"level":"info","message":"GET /blog/","timestamp":"2024-12-21 01:38:45"}
{"level":"info","message":"GET /blog/b7b088d7-566e-4dd6-8866-b9b28807692b","timestamp":"2024-12-21 01:38:54"}
{"level":"info","message":"GET /blog/","timestamp":"2024-12-21 01:38:56"}
{"level":"info","message":"GET /blog/","timestamp":"2024-12-21 01:41:58"}
{"level":"info","message":"OPTIONS /auth/login","timestamp":"2024-12-21 01:51:08"}
{"level":"info","message":"POST /auth/login","timestamp":"2024-12-21 01:51:08"}
{"level":"info","message":"GET /blog/","timestamp":"2024-12-21 01:51:08"}
{"level":"info","message":"OPTIONS /auth/login","timestamp":"2024-12-21 01:51:34"}
{"level":"info","message":"POST /auth/login","timestamp":"2024-12-21 01:51:34"}
{"level":"info","message":"OPTIONS /auth/login","timestamp":"2024-12-21 01:51:48"}
{"level":"info","message":"POST /auth/login","timestamp":"2024-12-21 01:51:48"}
{"level":"info","message":"GET /blog/","timestamp":"2024-12-21 01:51:48"}
{"level":"info","message":"OPTIONS /auth/login","timestamp":"2024-12-21 01:52:28"}
{"level":"info","message":"POST /auth/login","timestamp":"2024-12-21 01:52:28"}
{"level":"info","message":"POST /auth/login","timestamp":"2024-12-21 01:52:28"}
{"level":"info","message":"POST /auth/login","timestamp":"2024-12-21 01:52:28"}
{"level":"info","message":"POST /auth/login","timestamp":"2024-12-21 01:52:28"}
{"level":"info","message":"POST /auth/login","timestamp":"2024-12-21 01:52:28"}
{"level":"info","message":"OPTIONS /auth/login","timestamp":"2024-12-21 01:52:36"}
{"level":"info","message":"POST /auth/login","timestamp":"2024-12-21 01:52:36"}
{"level":"info","message":"POST /auth/login","timestamp":"2024-12-21 01:52:41"}
{"level":"info","message":"GET /blog/","timestamp":"2024-12-21 01:52:41"}
{"level":"info","message":"OPTIONS /auth/login","timestamp":"2024-12-21 01:53:49"}
{"level":"info","message":"POST /auth/login","timestamp":"2024-12-21 01:53:49"}
{"level":"info","message":"GET /blog/","timestamp":"2024-12-21 01:53:49"}
{"level":"info","message":"OPTIONS /auth/login","timestamp":"2024-12-21 01:54:25"}
{"level":"info","message":"POST /auth/login","timestamp":"2024-12-21 01:54:25"}
{"level":"info","message":"GET /blog/","timestamp":"2024-12-21 01:54:25"}
{"level":"info","message":"OPTIONS /auth/login","timestamp":"2024-12-21 01:54:50"}
{"level":"info","message":"POST /auth/login","timestamp":"2024-12-21 01:54:50"}
{"level":"info","message":"GET /blog/","timestamp":"2024-12-21 01:54:50"}
{"level":"info","message":"GET /blog/","timestamp":"2024-12-21 01:55:09"}
{"level":"info","message":"Example app listening on port: 3000","timestamp":"2024-12-21 01:56:38"}
{"level":"info","message":"conectado a la base de datos","timestamp":"2024-12-21 01:56:39"}
{"level":"info","message":"Example app listening on port: 3000","timestamp":"2024-12-21 01:56:45"}
{"level":"info","message":"conectado a la base de datos","timestamp":"2024-12-21 01:56:45"}
{"level":"info","message":"POST /auth/login","timestamp":"2024-12-21 01:56:50"}
{"level":"info","message":"GET /blog/","timestamp":"2024-12-21 01:57:44"}
{"level":"info","message":"GET /blog/","timestamp":"2024-12-21 01:58:17"}
{"level":"info","message":"GET /blog/","timestamp":"2024-12-21 01:58:19"}
{"level":"info","message":"GET /blog/","timestamp":"2024-12-21 01:58:21"}
{"level":"info","message":"GET /blog/","timestamp":"2024-12-21 01:58:29"}
{"level":"info","message":"GET /blog/","timestamp":"2024-12-21 01:58:40"}
{"level":"info","message":"GET /blog/","timestamp":"2024-12-21 01:58:56"}
{"level":"info","message":"GET /blog/","timestamp":"2024-12-21 01:59:01"}
{"level":"info","message":"GET /blog/","timestamp":"2024-12-21 01:59:07"}
{"level":"info","message":"GET /blog/","timestamp":"2024-12-21 01:59:09"}
{"level":"info","message":"GET /blog/","timestamp":"2024-12-21 01:59:21"}
{"level":"info","message":"GET /blog/","timestamp":"2024-12-21 01:59:29"}
{"level":"info","message":"GET /blog/","timestamp":"2024-12-21 01:59:30"}
{"level":"info","message":"GET /blog/","timestamp":"2024-12-21 01:59:42"}
{"level":"info","message":"GET /blog/","timestamp":"2024-12-21 01:59:43"}
