{"level":"info","message":"Example app listening on port: 3000","timestamp":"2024-12-26 00:00:06"}
{"level":"info","message":"conectado a la base de datos","timestamp":"2024-12-26 00:00:06"}
{"level":"info","message":"Example app listening on port: 3000","timestamp":"2024-12-26 00:00:21"}
{"level":"info","message":"Example app listening on port: 3000","timestamp":"2024-12-26 00:00:22"}
{"level":"info","message":"conectado a la base de datos","timestamp":"2024-12-26 00:00:22"}
{"level":"info","message":"Example app listening on port: 3000","timestamp":"2024-12-26 00:00:25"}
{"level":"info","message":"conectado a la base de datos","timestamp":"2024-12-26 00:00:27"}
{"level":"info","message":"Example app listening on port: 3000","timestamp":"2024-12-26 00:00:29"}
{"level":"info","message":"Example app listening on port: 3000","timestamp":"2024-12-26 00:00:31"}
{"level":"info","message":"conectado a la base de datos","timestamp":"2024-12-26 00:00:31"}
{"level":"info","message":"GET /blog/getbyautor/3f0c5b50-3740-4445-846e-22114511570e","timestamp":"2024-12-26 00:00:32"}
{"level":"info","message":"Example app listening on port: 3000","timestamp":"2024-12-26 00:00:44"}
{"level":"info","message":"Example app listening on port: 3000","timestamp":"2024-12-26 00:00:58"}
{"level":"info","message":"conectado a la base de datos","timestamp":"2024-12-26 00:00:58"}
{"level":"info","message":"Example app listening on port: 3000","timestamp":"2024-12-26 00:01:00"}
{"level":"info","message":"conectado a la base de datos","timestamp":"2024-12-26 00:01:01"}
{"level":"info","message":"Example app listening on port: 3000","timestamp":"2024-12-26 00:01:02"}
{"level":"info","message":"Example app listening on port: 3000","timestamp":"2024-12-26 00:01:03"}
{"level":"info","message":"conectado a la base de datos","timestamp":"2024-12-26 00:01:03"}
{"level":"info","message":"GET /blog/getbyautor/3f0c5b50-3740-4445-846e-22114511570e","timestamp":"2024-12-26 00:01:04"}
{"level":"info","message":"Example app listening on port: 3000","timestamp":"2024-12-26 00:01:24"}
{"level":"info","message":"conectado a la base de datos","timestamp":"2024-12-26 00:01:25"}
{"level":"info","message":"Example app listening on port: 3000","timestamp":"2024-12-26 00:01:27"}
{"level":"info","message":"conectado a la base de datos","timestamp":"2024-12-26 00:01:35"}
{"level":"info","message":"GET /blog/","timestamp":"2024-12-26 00:02:00"}
{"level":"info","message":"Example app listening on port: 3000","timestamp":"2024-12-26 00:02:18"}
{"level":"info","message":"conectado a la base de datos","timestamp":"2024-12-26 00:02:19"}
{"level":"info","message":"Example app listening on port: 3000","timestamp":"2024-12-26 00:03:39"}
{"level":"info","message":"conectado a la base de datos","timestamp":"2024-12-26 00:03:40"}
{"level":"info","message":"Example app listening on port: 3000","timestamp":"2024-12-26 00:03:46"}
{"level":"info","message":"Example app listening on port: 3000","timestamp":"2024-12-26 00:03:49"}
{"level":"info","message":"conectado a la base de datos","timestamp":"2024-12-26 00:03:49"}
{"level":"info","message":"Example app listening on port: 3000","timestamp":"2024-12-26 00:03:51"}
{"level":"info","message":"conectado a la base de datos","timestamp":"2024-12-26 00:03:53"}
{"level":"info","message":"Example app listening on port: 3000","timestamp":"2024-12-26 00:03:55"}
{"level":"info","message":"conectado a la base de datos","timestamp":"2024-12-26 00:03:55"}
{"level":"info","message":"Example app listening on port: 3000","timestamp":"2024-12-26 00:04:01"}
{"level":"info","message":"conectado a la base de datos","timestamp":"2024-12-26 00:04:02"}
{"level":"info","message":"GET /blog/","timestamp":"2024-12-26 00:04:05"}
{"level":"info","message":"Example app listening on port: 3000","timestamp":"2024-12-26 00:04:53"}
{"level":"info","message":"conectado a la base de datos","timestamp":"2024-12-26 00:04:54"}
{"level":"info","message":"GET /blog/","timestamp":"2024-12-26 00:04:55"}
{"level":"info","message":"Example app listening on port: 3000","timestamp":"2024-12-26 00:05:06"}
{"level":"info","message":"conectado a la base de datos","timestamp":"2024-12-26 00:05:06"}
{"level":"info","message":"GET /blog/","timestamp":"2024-12-26 00:05:08"}
{"level":"info","message":"Example app listening on port: 3000","timestamp":"2024-12-26 00:05:45"}
{"level":"info","message":"conectado a la base de datos","timestamp":"2024-12-26 00:05:46"}
{"level":"info","message":"GET /blog/getbyautor/3f0c5b50-3740-4445-846e-22114511570e","timestamp":"2024-12-26 00:05:54"}
{"level":"info","message":"Example app listening on port: 3000","timestamp":"2024-12-26 00:06:00"}
{"level":"info","message":"GET /blog/getbyautor/3f0c5b50-3740-4445-846e-22114511570e","timestamp":"2024-12-26 00:06:01"}
{"level":"info","message":"conectado a la base de datos","timestamp":"2024-12-26 00:06:05"}
{"level":"info","message":"Example app listening on port: 3000","timestamp":"2024-12-26 00:12:01"}
{"level":"info","message":"conectado a la base de datos","timestamp":"2024-12-26 00:12:03"}
{"level":"info","message":"GET /blog/getbyautor/3f0c5b50-3740-4445-846e-22114511570e","timestamp":"2024-12-26 00:12:09"}
{"level":"info","message":"Example app listening on port: 3000","timestamp":"2024-12-26 00:12:16"}
{"level":"info","message":"conectado a la base de datos","timestamp":"2024-12-26 00:12:16"}
{"level":"info","message":"GET /blog/getbyautor/3f0c5b50-3740-4445-846e-22114511570e","timestamp":"2024-12-26 00:12:17"}
{"level":"info","message":"Example app listening on port: 3000","timestamp":"2024-12-26 00:12:25"}
{"level":"info","message":"conectado a la base de datos","timestamp":"2024-12-26 00:12:26"}
{"level":"info","message":"GET /blog/getbyautor/3f0c5b50-3740-4445-846e-22114511570e","timestamp":"2024-12-26 00:12:26"}
{"level":"info","message":"Example app listening on port: 3000","timestamp":"2024-12-26 00:12:56"}
{"level":"info","message":"conectado a la base de datos","timestamp":"2024-12-26 00:12:57"}
{"level":"info","message":"Example app listening on port: 3000","timestamp":"2024-12-26 00:12:58"}
{"level":"info","message":"conectado a la base de datos","timestamp":"2024-12-26 00:12:59"}
{"level":"info","message":"GET /blog/getbyautor/3f0c5b50-3740-4445-846e-22114511570e","timestamp":"2024-12-26 00:12:59"}
{"level":"info","message":"GET /blog/","timestamp":"2024-12-26 00:13:40"}
{"level":"info","message":"Example app listening on port: 3000","timestamp":"2024-12-26 00:13:56"}
{"level":"info","message":"conectado a la base de datos","timestamp":"2024-12-26 00:13:56"}
{"level":"info","message":"GET /blog/","timestamp":"2024-12-26 00:13:57"}
{"level":"info","message":"Example app listening on port: 3000","timestamp":"2024-12-26 00:14:49"}
{"level":"info","message":"conectado a la base de datos","timestamp":"2024-12-26 00:14:49"}
{"level":"info","message":"Example app listening on port: 3000","timestamp":"2024-12-26 00:14:50"}
{"level":"info","message":"conectado a la base de datos","timestamp":"2024-12-26 00:14:51"}
{"level":"info","message":"Example app listening on port: 3000","timestamp":"2024-12-26 00:14:58"}
{"level":"info","message":"conectado a la base de datos","timestamp":"2024-12-26 00:14:58"}
{"level":"info","message":"Example app listening on port: 3000","timestamp":"2024-12-26 00:15:19"}
{"level":"info","message":"conectado a la base de datos","timestamp":"2024-12-26 00:15:20"}
{"level":"info","message":"Example app listening on port: 3000","timestamp":"2024-12-26 00:15:23"}
{"level":"info","message":"conectado a la base de datos","timestamp":"2024-12-26 00:15:24"}
{"level":"info","message":"Example app listening on port: 3000","timestamp":"2024-12-26 00:15:24"}
{"level":"info","message":"conectado a la base de datos","timestamp":"2024-12-26 00:15:25"}
{"level":"info","message":"Example app listening on port: 3000","timestamp":"2024-12-26 00:25:09"}
{"level":"info","message":"conectado a la base de datos","timestamp":"2024-12-26 00:25:10"}
{"level":"info","message":"GET /blog/getbyautor/3f0c5b50-3740-4445-846e-22114511570e","timestamp":"2024-12-26 00:25:12"}
{"level":"info","message":"Example app listening on port: 3000","timestamp":"2024-12-26 00:25:35"}
{"level":"info","message":"conectado a la base de datos","timestamp":"2024-12-26 00:25:35"}
{"level":"info","message":"GET /blog/getbyautor/3f0c5b50-3740-4445-846e-22114511570e","timestamp":"2024-12-26 00:25:37"}
{"level":"info","message":"Example app listening on port: 3000","timestamp":"2024-12-26 00:25:42"}
{"level":"info","message":"GET /blog/getbyautor/3f0c5b50-3740-4445-846e-22114511570e","timestamp":"2024-12-26 00:25:43"}
{"level":"info","message":"conectado a la base de datos","timestamp":"2024-12-26 00:25:47"}
{"level":"info","message":"Example app listening on port: 3000","timestamp":"2024-12-26 00:26:02"}
{"level":"info","message":"conectado a la base de datos","timestamp":"2024-12-26 00:26:03"}
{"level":"info","message":"Example app listening on port: 3000","timestamp":"2024-12-26 00:27:18"}
{"level":"info","message":"conectado a la base de datos","timestamp":"2024-12-26 00:27:19"}
{"level":"info","message":"Example app listening on port: 3000","timestamp":"2024-12-26 00:27:22"}
{"level":"info","message":"conectado a la base de datos","timestamp":"2024-12-26 00:27:23"}
{"level":"info","message":"Example app listening on port: 3000","timestamp":"2024-12-26 00:27:24"}
{"level":"info","message":"conectado a la base de datos","timestamp":"2024-12-26 00:27:24"}
{"level":"info","message":"Example app listening on port: 3000","timestamp":"2024-12-26 00:27:26"}
{"level":"info","message":"Example app listening on port: 3000","timestamp":"2024-12-26 00:27:26"}
{"level":"info","message":"conectado a la base de datos","timestamp":"2024-12-26 00:27:27"}
{"level":"info","message":"GET /blog/getbyautor/3f0c5b50-3740-4445-846e-22114511570e","timestamp":"2024-12-26 00:27:29"}
{"level":"info","message":"Example app listening on port: 3000","timestamp":"2024-12-26 00:27:39"}
{"level":"info","message":"conectado a la base de datos","timestamp":"2024-12-26 00:27:39"}
{"level":"info","message":"Example app listening on port: 3000","timestamp":"2024-12-26 00:27:41"}
{"level":"info","message":"conectado a la base de datos","timestamp":"2024-12-26 00:27:41"}
{"level":"info","message":"GET /blog/getbyautor/3f0c5b50-3740-4445-846e-22114511570e","timestamp":"2024-12-26 00:27:42"}
{"level":"info","message":"Example app listening on port: 3000","timestamp":"2024-12-26 00:27:52"}
{"level":"info","message":"conectado a la base de datos","timestamp":"2024-12-26 00:27:53"}
{"level":"info","message":"GET /blog/getbyautor/3f0c5b50-3740-4445-846e-22114511570e","timestamp":"2024-12-26 00:27:53"}
{"level":"info","message":"Example app listening on port: 3000","timestamp":"2024-12-26 00:28:00"}
{"level":"info","message":"GET /blog/getbyautor/3f0c5b50-3740-4445-846e-22114511570e","timestamp":"2024-12-26 00:28:01"}
{"level":"info","message":"conectado a la base de datos","timestamp":"2024-12-26 00:28:01"}
{"level":"info","message":"Example app listening on port: 3000","timestamp":"2024-12-26 00:29:24"}
{"level":"info","message":"conectado a la base de datos","timestamp":"2024-12-26 00:29:25"}
{"level":"info","message":"GET /blog/","timestamp":"2024-12-26 00:29:45"}
{"level":"info","message":"GET /blog/","timestamp":"2024-12-26 00:30:20"}
{"level":"info","message":"GET /blog/","timestamp":"2024-12-26 00:30:22"}
{"level":"info","message":"GET /blog/","timestamp":"2024-12-26 00:30:26"}
{"level":"info","message":"GET /blog/","timestamp":"2024-12-26 00:30:36"}
{"level":"info","message":"GET /blog/","timestamp":"2024-12-26 00:31:29"}
{"level":"info","message":"GET /blog/","timestamp":"2024-12-26 00:31:31"}
{"level":"info","message":"GET /blog/","timestamp":"2024-12-26 00:31:52"}
{"level":"info","message":"GET /blog/","timestamp":"2024-12-26 00:34:04"}
{"level":"info","message":"GET /blog/","timestamp":"2024-12-26 00:34:05"}
{"level":"info","message":"GET /blog/","timestamp":"2024-12-26 00:34:15"}
{"level":"info","message":"GET /blog/","timestamp":"2024-12-26 00:34:17"}
{"level":"info","message":"GET /blog/","timestamp":"2024-12-26 00:34:21"}
{"level":"info","message":"GET /blog/","timestamp":"2024-12-26 00:35:30"}
{"level":"info","message":"GET /blog/","timestamp":"2024-12-26 00:35:33"}
{"level":"info","message":"GET /blog/","timestamp":"2024-12-26 00:35:34"}
{"level":"info","message":"OPTIONS /blog/","timestamp":"2024-12-26 00:35:36"}
{"level":"info","message":"GET /blog/","timestamp":"2024-12-26 00:35:36"}
{"level":"info","message":"GET /blog/","timestamp":"2024-12-26 00:35:41"}
{"level":"info","message":"OPTIONS /blog/","timestamp":"2024-12-26 00:35:46"}
{"level":"info","message":"GET /blog/","timestamp":"2024-12-26 00:35:46"}
{"level":"info","message":"GET /blog/","timestamp":"2024-12-26 00:35:49"}
{"level":"info","message":"OPTIONS /blog/","timestamp":"2024-12-26 00:35:53"}
{"level":"info","message":"GET /blog/","timestamp":"2024-12-26 00:35:53"}
{"level":"info","message":"OPTIONS /blog/","timestamp":"2024-12-26 00:36:27"}
{"level":"info","message":"GET /blog/","timestamp":"2024-12-26 00:36:27"}
{"level":"info","message":"OPTIONS /blog/","timestamp":"2024-12-26 00:36:36"}
{"level":"info","message":"GET /blog/","timestamp":"2024-12-26 00:36:36"}
{"level":"info","message":"OPTIONS /blog/","timestamp":"2024-12-26 00:36:51"}
{"level":"info","message":"GET /blog/","timestamp":"2024-12-26 00:36:51"}
{"level":"info","message":"OPTIONS /blog/","timestamp":"2024-12-26 00:37:08"}
{"level":"info","message":"GET /blog/","timestamp":"2024-12-26 00:37:08"}
{"level":"info","message":"GET /blog/","timestamp":"2024-12-26 00:37:08"}
{"level":"info","message":"OPTIONS /blog/","timestamp":"2024-12-26 00:37:13"}
{"level":"info","message":"GET /blog/","timestamp":"2024-12-26 00:37:13"}
{"level":"info","message":"GET /blog/?page=1&limit=10","timestamp":"2024-12-26 00:37:39"}
{"level":"info","message":"OPTIONS /blog/","timestamp":"2024-12-26 00:38:04"}
{"level":"info","message":"GET /blog/","timestamp":"2024-12-26 00:38:04"}
{"level":"info","message":"OPTIONS /blog/","timestamp":"2024-12-26 00:38:17"}
{"level":"info","message":"GET /blog/","timestamp":"2024-12-26 00:38:17"}
{"level":"info","message":"GET /blog/","timestamp":"2024-12-26 00:38:18"}
{"level":"info","message":"OPTIONS /blog/","timestamp":"2024-12-26 00:38:33"}
{"level":"info","message":"GET /blog/","timestamp":"2024-12-26 00:38:33"}
{"level":"info","message":"OPTIONS /blog","timestamp":"2024-12-26 00:38:46"}
{"level":"info","message":"GET /blog","timestamp":"2024-12-26 00:38:46"}
{"level":"info","message":"OPTIONS /blog?page=1&limit=10","timestamp":"2024-12-26 00:38:47"}
{"level":"info","message":"GET /blog?page=1&limit=10","timestamp":"2024-12-26 00:38:47"}
{"level":"info","message":"GET /blog?page=1&limit=10","timestamp":"2024-12-26 00:38:56"}
{"level":"info","message":"GET /blog?page=1&limit=10","timestamp":"2024-12-26 00:38:57"}
{"level":"info","message":"GET /blog?page=1&limit=10","timestamp":"2024-12-26 00:38:59"}
{"level":"info","message":"GET /blog?page=1&limit=1","timestamp":"2024-12-26 00:39:18"}
{"level":"info","message":"GET /blog/?page=1&limit=1","timestamp":"2024-12-26 00:40:06"}
{"level":"info","message":"GET /blog?page=1&limit=1","timestamp":"2024-12-26 00:44:08"}
{"level":"info","message":"GET /blog?page=1&limit=1","timestamp":"2024-12-26 00:44:15"}
{"level":"info","message":"GET /blog?page=1&limit=1","timestamp":"2024-12-26 00:44:16"}
{"level":"info","message":"GET /blog?page=1&limit=1","timestamp":"2024-12-26 00:44:20"}
{"level":"info","message":"GET /blog?page=1&limit=1","timestamp":"2024-12-26 00:44:21"}
{"level":"info","message":"GET /blog?page=1&limit=1","timestamp":"2024-12-26 00:44:29"}
{"level":"info","message":"GET /blog?page=1&limit=1","timestamp":"2024-12-26 00:44:39"}
{"level":"info","message":"GET /blog?page=2&limit=1","timestamp":"2024-12-26 00:44:49"}
{"level":"info","message":"GET /blog?page=3&limit=1","timestamp":"2024-12-26 00:44:55"}
{"level":"info","message":"GET /blog?page=4&limit=1","timestamp":"2024-12-26 00:44:56"}
{"level":"info","message":"GET /blog?page=5&limit=1","timestamp":"2024-12-26 00:44:57"}
{"level":"info","message":"GET /blog?page=6&limit=1","timestamp":"2024-12-26 00:44:58"}
{"level":"info","message":"GET /blog?page=7&limit=1","timestamp":"2024-12-26 00:44:59"}
{"level":"info","message":"GET /blog?page=8&limit=1","timestamp":"2024-12-26 00:44:59"}
{"level":"info","message":"GET /blog?page=9&limit=1","timestamp":"2024-12-26 00:45:00"}
{"level":"info","message":"GET /blog?page=10&limit=1","timestamp":"2024-12-26 00:45:02"}
{"level":"info","message":"GET /blog?page=11&limit=1","timestamp":"2024-12-26 00:45:03"}
{"level":"info","message":"GET /blog?page=12&limit=1","timestamp":"2024-12-26 00:45:04"}
{"level":"info","message":"GET /blog?page=13&limit=1","timestamp":"2024-12-26 00:45:07"}
{"level":"info","message":"GET /blog?page=14&limit=1","timestamp":"2024-12-26 00:45:07"}
{"level":"info","message":"GET /blog?page=14&limit=1","timestamp":"2024-12-26 00:45:47"}
{"level":"info","message":"GET /blog?page=14&limit=1","timestamp":"2024-12-26 00:45:49"}
{"level":"info","message":"GET /blog?page=14&limit=1","timestamp":"2024-12-26 00:45:59"}
{"level":"info","message":"GET /blog?page=14&limit=1","timestamp":"2024-12-26 00:46:02"}
{"level":"info","message":"GET /blog?page=14&limit=1","timestamp":"2024-12-26 00:46:07"}
{"level":"info","message":"GET /blog?page=14&limit=1","timestamp":"2024-12-26 00:46:08"}
{"level":"info","message":"GET /blog?page=14&limit=1","timestamp":"2024-12-26 00:46:17"}
{"level":"info","message":"GET /blog?page=14&limit=1","timestamp":"2024-12-26 00:46:19"}
{"level":"info","message":"GET /blog?page=14&limit=1","timestamp":"2024-12-26 00:46:21"}
{"level":"info","message":"GET /blog/?page=5&limit=1","timestamp":"2024-12-26 00:46:33"}
{"level":"info","message":"GET /blog?page=14&limit=1","timestamp":"2024-12-26 00:46:42"}
{"level":"info","message":"GET /blog?page=14&limit=1","timestamp":"2024-12-26 00:46:43"}
{"level":"info","message":"GET /blog?page=14&limit=1","timestamp":"2024-12-26 00:46:58"}
{"level":"info","message":"GET /blog?page=14&limit=1","timestamp":"2024-12-26 00:47:14"}
{"level":"info","message":"GET /blog?page=14&limit=1","timestamp":"2024-12-26 00:47:16"}
{"level":"info","message":"GET /blog?page=14&limit=1","timestamp":"2024-12-26 00:47:23"}
{"level":"info","message":"GET /blog?page=14&limit=1","timestamp":"2024-12-26 00:47:28"}
{"level":"info","message":"GET /blog?page=14&limit=1","timestamp":"2024-12-26 00:47:36"}
{"level":"info","message":"GET /blog?page=14&limit=1","timestamp":"2024-12-26 00:47:36"}
{"level":"info","message":"GET /blog?page=14&limit=1","timestamp":"2024-12-26 00:47:42"}
{"level":"info","message":"GET /blog?page=14&limit=1","timestamp":"2024-12-26 00:47:45"}
{"level":"info","message":"GET /blog?page=14&limit=1","timestamp":"2024-12-26 00:47:48"}
{"level":"info","message":"GET /blog?page=14&limit=1","timestamp":"2024-12-26 00:47:50"}
{"level":"info","message":"GET /blog?page=14&limit=1","timestamp":"2024-12-26 00:47:53"}
{"level":"info","message":"GET /blog?page=14&limit=1","timestamp":"2024-12-26 00:47:56"}
{"level":"info","message":"GET /blog?page=14&limit=1","timestamp":"2024-12-26 00:47:57"}
{"level":"info","message":"GET /blog?page=14&limit=1","timestamp":"2024-12-26 00:48:01"}
{"level":"info","message":"GET /blog?page=14&limit=1","timestamp":"2024-12-26 00:48:02"}
{"level":"info","message":"GET /blog?page=12&limit=1","timestamp":"2024-12-26 00:48:07"}
{"level":"info","message":"GET /blog?page=13&limit=1","timestamp":"2024-12-26 00:48:08"}
{"level":"info","message":"GET /blog?page=13&limit=1","timestamp":"2024-12-26 00:48:17"}
{"level":"info","message":"GET /blog?page=13&limit=1","timestamp":"2024-12-26 00:48:19"}
{"level":"info","message":"GET /blog?page=13&limit=1","timestamp":"2024-12-26 00:48:22"}
{"level":"info","message":"GET /blog?page=13&limit=1","timestamp":"2024-12-26 00:48:27"}
{"level":"info","message":"GET /blog?page=14&limit=1","timestamp":"2024-12-26 00:48:29"}
{"level":"info","message":"GET /blog?page=14&limit=1","timestamp":"2024-12-26 00:48:50"}
{"level":"info","message":"GET /blog?page=14&limit=1","timestamp":"2024-12-26 00:48:52"}
{"level":"info","message":"GET /blog?page=14&limit=1","timestamp":"2024-12-26 00:48:54"}
{"level":"info","message":"GET /blog?page=14&limit=1","timestamp":"2024-12-26 00:48:57"}
{"level":"info","message":"GET /blog?page=14&limit=1","timestamp":"2024-12-26 00:49:00"}
{"level":"info","message":"GET /blog?page=14&limit=1","timestamp":"2024-12-26 00:49:10"}
{"level":"info","message":"GET /blog?page=14&limit=1","timestamp":"2024-12-26 00:49:12"}
{"level":"info","message":"GET /blog?page=14&limit=1","timestamp":"2024-12-26 00:49:14"}
{"level":"info","message":"GET /blog?page=12&limit=1","timestamp":"2024-12-26 00:49:16"}
{"level":"info","message":"GET /blog?page=13&limit=1","timestamp":"2024-12-26 00:49:18"}
{"level":"info","message":"GET /blog?page=14&limit=1","timestamp":"2024-12-26 00:49:18"}
{"level":"info","message":"GET /blog?page=14&limit=1","timestamp":"2024-12-26 00:49:23"}
{"level":"info","message":"GET /blog?page=13&limit=1","timestamp":"2024-12-26 00:49:25"}
{"level":"info","message":"GET /blog?page=13&limit=1","timestamp":"2024-12-26 00:49:32"}
{"level":"info","message":"GET /blog?page=13&limit=1","timestamp":"2024-12-26 00:49:33"}
{"level":"info","message":"GET /blog?page=13&limit=1","timestamp":"2024-12-26 00:49:33"}
{"level":"info","message":"GET /blog?page=13&limit=1","timestamp":"2024-12-26 00:49:37"}
{"level":"info","message":"GET /blog?page=13&limit=1","timestamp":"2024-12-26 00:49:38"}
{"level":"info","message":"GET /blog?page=12&limit=1","timestamp":"2024-12-26 00:49:41"}
{"level":"info","message":"GET /blog?page=12&limit=1","timestamp":"2024-12-26 00:49:45"}
{"level":"info","message":"GET /blog?page=12&limit=1","timestamp":"2024-12-26 00:49:52"}
{"level":"info","message":"GET /blog?page=12&limit=1","timestamp":"2024-12-26 00:49:52"}
{"level":"info","message":"GET /blog?page=12&limit=1","timestamp":"2024-12-26 00:50:06"}
{"level":"info","message":"GET /blog?page=12&limit=1","timestamp":"2024-12-26 00:50:09"}
{"level":"info","message":"GET /blog?page=12&limit=1","timestamp":"2024-12-26 00:50:16"}
{"level":"info","message":"GET /blog?page=12&limit=1","timestamp":"2024-12-26 00:50:27"}
{"level":"info","message":"GET /blog?page=12&limit=1","timestamp":"2024-12-26 00:50:38"}
{"level":"info","message":"GET /blog?page=12&limit=1","timestamp":"2024-12-26 00:50:40"}
{"level":"info","message":"GET /blog?page=12&limit=1","timestamp":"2024-12-26 00:50:43"}
{"level":"info","message":"GET /blog?page=12&limit=1","timestamp":"2024-12-26 00:50:45"}
{"level":"info","message":"GET /blog?page=12&limit=1","timestamp":"2024-12-26 00:50:48"}
{"level":"info","message":"GET /blog?page=12&limit=1","timestamp":"2024-12-26 00:50:51"}
{"level":"info","message":"GET /blog?page=11&limit=1","timestamp":"2024-12-26 00:50:57"}
{"level":"info","message":"GET /blog/?page=11&limit=1","timestamp":"2024-12-26 00:51:43"}
{"level":"info","message":"GET /blog?page=11&limit=1","timestamp":"2024-12-26 00:51:54"}
{"level":"info","message":"GET /blog?page=11&limit=1","timestamp":"2024-12-26 00:51:58"}
{"level":"info","message":"GET /blog?page=11&limit=1","timestamp":"2024-12-26 00:52:03"}
{"level":"info","message":"GET /blog?page=11&limit=1","timestamp":"2024-12-26 00:52:05"}
{"level":"info","message":"GET /blog?page=11&limit=1","timestamp":"2024-12-26 00:52:08"}
{"level":"info","message":"GET /blog?page=11&limit=1","timestamp":"2024-12-26 00:52:08"}
{"level":"info","message":"GET /blog?page=11&limit=1","timestamp":"2024-12-26 00:52:41"}
{"level":"info","message":"GET /blog?page=11&limit=1","timestamp":"2024-12-26 00:52:46"}
{"level":"info","message":"GET /blog?page=11&limit=1","timestamp":"2024-12-26 00:52:48"}
{"level":"info","message":"GET /blog?page=11&limit=1","timestamp":"2024-12-26 00:52:49"}
{"level":"info","message":"GET /blog?page=11&limit=1","timestamp":"2024-12-26 00:52:54"}
{"level":"info","message":"GET /blog?page=11&limit=1","timestamp":"2024-12-26 00:53:01"}
{"level":"info","message":"GET /blog?page=11&limit=1","timestamp":"2024-12-26 00:53:02"}
{"level":"info","message":"GET /blog?page=11&limit=1","timestamp":"2024-12-26 00:53:11"}
{"level":"info","message":"GET /blog?page=11&limit=1","timestamp":"2024-12-26 00:53:14"}
{"level":"info","message":"GET /blog?page=11&limit=1","timestamp":"2024-12-26 00:53:21"}
{"level":"info","message":"GET /blog?page=11&limit=1","timestamp":"2024-12-26 00:53:22"}
{"level":"info","message":"GET /blog?page=11&limit=1","timestamp":"2024-12-26 00:53:33"}
{"level":"info","message":"GET /blog?page=11&limit=1","timestamp":"2024-12-26 00:53:36"}
{"level":"info","message":"GET /blog?page=11&limit=1","timestamp":"2024-12-26 00:53:46"}
{"level":"info","message":"GET /blog?page=11&limit=1","timestamp":"2024-12-26 00:53:53"}
{"level":"info","message":"GET /blog?page=11&limit=1","timestamp":"2024-12-26 00:54:00"}
{"level":"info","message":"GET /blog?page=11&limit=1","timestamp":"2024-12-26 00:54:05"}
{"level":"info","message":"GET /blog?page=11&limit=1","timestamp":"2024-12-26 00:54:06"}
{"level":"info","message":"GET /blog?page=12&limit=1","timestamp":"2024-12-26 00:54:09"}
{"level":"info","message":"GET /blog?page=13&limit=1","timestamp":"2024-12-26 00:54:09"}
{"level":"info","message":"GET /blog?page=14&limit=1","timestamp":"2024-12-26 00:54:10"}
{"level":"info","message":"GET /blog?page=14&limit=1","timestamp":"2024-12-26 00:54:15"}
{"level":"info","message":"GET /blog?page=14&limit=1","timestamp":"2024-12-26 00:54:17"}
{"level":"info","message":"GET /blog?page=14&limit=1","timestamp":"2024-12-26 00:54:22"}
{"level":"info","message":"GET /blog?page=14&limit=1","timestamp":"2024-12-26 00:54:25"}
{"level":"info","message":"GET /blog?page=14&limit=1","timestamp":"2024-12-26 00:54:26"}
{"level":"info","message":"GET /blog?page=14&limit=1","timestamp":"2024-12-26 00:54:27"}
{"level":"info","message":"GET /blog?page=13&limit=1","timestamp":"2024-12-26 00:54:29"}
{"level":"info","message":"GET /blog?page=13&limit=1","timestamp":"2024-12-26 00:54:37"}
{"level":"info","message":"GET /blog?page=13&limit=1","timestamp":"2024-12-26 00:55:40"}
{"level":"info","message":"GET /blog?page=13&limit=1","timestamp":"2024-12-26 00:55:47"}
{"level":"info","message":"GET /blog?page=13&limit=1","timestamp":"2024-12-26 00:55:48"}
{"level":"info","message":"GET /blog?page=13&limit=1","timestamp":"2024-12-26 00:55:52"}
{"level":"info","message":"GET /blog?page=13&limit=1","timestamp":"2024-12-26 00:56:07"}
{"level":"info","message":"GET /blog?page=13&limit=1","timestamp":"2024-12-26 00:56:21"}
{"level":"info","message":"GET /blog?page=13&limit=1","timestamp":"2024-12-26 00:56:34"}
{"level":"info","message":"GET /blog?page=13&limit=1","timestamp":"2024-12-26 00:56:44"}
{"level":"info","message":"GET /blog?page=13&limit=1","timestamp":"2024-12-26 00:56:45"}
{"level":"info","message":"GET /blog?page=12&limit=1","timestamp":"2024-12-26 00:56:47"}
{"level":"info","message":"GET /blog?page=11&limit=1","timestamp":"2024-12-26 00:56:47"}
{"level":"info","message":"GET /blog?page=10&limit=1","timestamp":"2024-12-26 00:56:47"}
{"level":"info","message":"GET /blog?page=9&limit=1","timestamp":"2024-12-26 00:56:48"}
{"level":"info","message":"GET /blog?page=8&limit=1","timestamp":"2024-12-26 00:56:48"}
{"level":"info","message":"GET /blog?page=7&limit=1","timestamp":"2024-12-26 00:56:48"}
{"level":"info","message":"GET /blog?page=6&limit=1","timestamp":"2024-12-26 00:56:48"}
{"level":"info","message":"GET /blog?page=5&limit=1","timestamp":"2024-12-26 00:56:49"}
{"level":"info","message":"GET /blog?page=4&limit=1","timestamp":"2024-12-26 00:56:49"}
{"level":"info","message":"GET /blog?page=3&limit=1","timestamp":"2024-12-26 00:56:49"}
{"level":"info","message":"GET /blog?page=2&limit=1","timestamp":"2024-12-26 00:56:49"}
{"level":"info","message":"GET /blog?page=1&limit=1","timestamp":"2024-12-26 00:56:50"}
{"level":"info","message":"GET /blog?page=2&limit=1","timestamp":"2024-12-26 00:56:51"}
{"level":"info","message":"GET /blog?page=3&limit=1","timestamp":"2024-12-26 00:56:51"}
{"level":"info","message":"GET /blog?page=4&limit=1","timestamp":"2024-12-26 00:56:51"}
{"level":"info","message":"GET /blog?page=5&limit=1","timestamp":"2024-12-26 00:56:51"}
{"level":"info","message":"GET /blog?page=6&limit=1","timestamp":"2024-12-26 00:56:51"}
{"level":"info","message":"GET /blog?page=7&limit=1","timestamp":"2024-12-26 00:56:51"}
{"level":"info","message":"GET /blog?page=8&limit=1","timestamp":"2024-12-26 00:56:52"}
{"level":"info","message":"GET /blog?page=9&limit=1","timestamp":"2024-12-26 00:56:52"}
{"level":"info","message":"GET /blog?page=10&limit=1","timestamp":"2024-12-26 00:56:52"}
{"level":"info","message":"GET /blog?page=11&limit=1","timestamp":"2024-12-26 00:56:52"}
{"level":"info","message":"GET /blog?page=12&limit=1","timestamp":"2024-12-26 00:56:52"}
{"level":"info","message":"GET /blog?page=13&limit=1","timestamp":"2024-12-26 00:56:53"}
{"level":"info","message":"GET /blog?page=13&limit=1","timestamp":"2024-12-26 00:57:03"}
{"level":"info","message":"GET /blog?page=13&limit=1","timestamp":"2024-12-26 00:57:04"}
{"level":"info","message":"GET /blog?page=13&limit=1","timestamp":"2024-12-26 00:57:08"}
{"level":"info","message":"GET /blog?page=13&limit=1","timestamp":"2024-12-26 00:57:39"}
{"level":"info","message":"GET /blog?page=13&limit=1","timestamp":"2024-12-26 00:57:43"}
{"level":"info","message":"GET /blog?page=13&limit=1","timestamp":"2024-12-26 00:57:52"}
{"level":"info","message":"GET /blog?page=13&limit=1","timestamp":"2024-12-26 00:57:53"}
{"level":"info","message":"GET /blog?page=14&limit=1","timestamp":"2024-12-26 00:57:55"}
{"level":"info","message":"GET /blog?page=14&limit=1","timestamp":"2024-12-26 00:58:00"}
{"level":"info","message":"GET /blog?page=14&limit=1","timestamp":"2024-12-26 00:58:03"}
{"level":"info","message":"GET /blog?page=13&limit=1","timestamp":"2024-12-26 00:58:07"}
{"level":"info","message":"GET /blog?page=14&limit=1","timestamp":"2024-12-26 00:58:09"}
{"level":"info","message":"GET /blog?page=14&limit=1","timestamp":"2024-12-26 00:58:20"}
{"level":"info","message":"GET /blog?page=14&limit=1","timestamp":"2024-12-26 00:58:20"}
{"level":"info","message":"GET /blog?page=14&limit=1","timestamp":"2024-12-26 00:58:22"}
{"level":"info","message":"GET /blog?page=14&limit=1","timestamp":"2024-12-26 00:58:25"}
{"level":"info","message":"GET /blog?page=14&limit=1","timestamp":"2024-12-26 00:58:26"}
{"level":"info","message":"GET /blog?page=14&limit=1","timestamp":"2024-12-26 00:58:28"}
{"level":"info","message":"GET /blog?page=14&limit=1","timestamp":"2024-12-26 00:58:29"}
{"level":"info","message":"GET /blog?page=14&limit=1","timestamp":"2024-12-26 00:58:32"}
{"level":"info","message":"GET /blog?page=14&limit=1","timestamp":"2024-12-26 00:58:35"}
{"level":"info","message":"GET /blog?page=14&limit=1","timestamp":"2024-12-26 00:58:37"}
{"level":"info","message":"GET /blog?page=14&limit=1","timestamp":"2024-12-26 00:58:42"}
{"level":"info","message":"GET /blog?page=14&limit=1","timestamp":"2024-12-26 00:58:43"}
{"level":"info","message":"GET /blog?page=13&limit=1","timestamp":"2024-12-26 00:58:45"}
{"level":"info","message":"GET /blog?page=13&limit=1","timestamp":"2024-12-26 00:58:51"}
{"level":"info","message":"GET /blog?page=14&limit=1","timestamp":"2024-12-26 00:58:54"}
{"level":"info","message":"GET /blog?page=13&limit=1","timestamp":"2024-12-26 00:58:57"}
{"level":"info","message":"GET /blog?page=12&limit=1","timestamp":"2024-12-26 00:58:59"}
{"level":"info","message":"GET /blog?page=11&limit=1","timestamp":"2024-12-26 00:58:59"}
{"level":"info","message":"GET /blog?page=10&limit=1","timestamp":"2024-12-26 00:59:00"}
{"level":"info","message":"GET /blog?page=9&limit=1","timestamp":"2024-12-26 00:59:00"}
{"level":"info","message":"GET /blog?page=8&limit=1","timestamp":"2024-12-26 00:59:00"}
{"level":"info","message":"GET /blog?page=7&limit=1","timestamp":"2024-12-26 00:59:00"}
{"level":"info","message":"GET /blog?page=6&limit=1","timestamp":"2024-12-26 00:59:00"}
{"level":"info","message":"GET /blog?page=5&limit=1","timestamp":"2024-12-26 00:59:01"}
{"level":"info","message":"GET /blog?page=4&limit=1","timestamp":"2024-12-26 00:59:01"}
{"level":"info","message":"GET /blog?page=3&limit=1","timestamp":"2024-12-26 00:59:02"}
{"level":"info","message":"GET /blog?page=2&limit=1","timestamp":"2024-12-26 00:59:02"}
{"level":"info","message":"GET /blog?page=1&limit=1","timestamp":"2024-12-26 00:59:03"}
{"level":"info","message":"GET /blog?page=1&limit=1","timestamp":"2024-12-26 00:59:21"}
{"level":"info","message":"GET /blog?page=1&limit=1","timestamp":"2024-12-26 00:59:24"}
{"level":"info","message":"GET /blog?page=1&limit=1","timestamp":"2024-12-26 00:59:39"}
{"level":"info","message":"GET /blog?page=1&limit=1","timestamp":"2024-12-26 00:59:43"}
{"level":"info","message":"GET /blog?page=1&limit=1","timestamp":"2024-12-26 00:59:49"}
{"level":"info","message":"GET /blog?page=1&limit=1","timestamp":"2024-12-26 00:59:56"}
{"level":"info","message":"GET /blog?page=2&limit=1","timestamp":"2024-12-26 00:59:58"}
