{"level":"info","message":"GET /blog/","timestamp":"2024-12-24 02:04:12"}
{"level":"info","message":"GET /blog/b092f3d0-7aad-4740-81f1-fa01ce889964","timestamp":"2024-12-24 02:04:42"}
{"level":"info","message":"GET /blog/","timestamp":"2024-12-24 02:05:03"}
{"level":"info","message":"GET /blog/","timestamp":"2024-12-24 02:10:40"}
{"level":"info","message":"GET /blog/","timestamp":"2024-12-24 02:13:02"}
{"level":"info","message":"GET /blog/","timestamp":"2024-12-24 02:13:53"}
{"level":"info","message":"GET /blog/","timestamp":"2024-12-24 02:14:00"}
{"level":"info","message":"GET /blog/38570244-0696-4089-8662-1655bbf934d2","timestamp":"2024-12-24 02:14:15"}
{"level":"info","message":"GET /blog/38570244-0696-4089-8662-1655bbf934d2","timestamp":"2024-12-24 02:14:35"}
{"level":"info","message":"GET /blog/38570244-0696-4089-8662-1655bbf934d2","timestamp":"2024-12-24 02:15:39"}
{"level":"info","message":"GET /blog/38570244-0696-4089-8662-1655bbf934d2","timestamp":"2024-12-24 02:15:43"}
{"level":"info","message":"GET /blog/38570244-0696-4089-8662-1655bbf934d2","timestamp":"2024-12-24 02:15:48"}
{"level":"info","message":"GET /blog/38570244-0696-4089-8662-1655bbf934d2","timestamp":"2024-12-24 02:15:49"}
{"level":"info","message":"GET /blog/38570244-0696-4089-8662-1655bbf934d2","timestamp":"2024-12-24 02:15:50"}
{"level":"info","message":"GET /blog/38570244-0696-4089-8662-1655bbf934d2","timestamp":"2024-12-24 02:16:08"}
{"level":"info","message":"GET /protected","timestamp":"2024-12-24 02:16:59"}
{"level":"info","message":"GET /blog/","timestamp":"2024-12-24 02:17:05"}
{"level":"info","message":"GET /blog/f30fc198-d3d5-46e7-b2c9-6a7cbb74801a","timestamp":"2024-12-24 02:19:13"}
{"level":"info","message":"GET /blog/f30fc198-d3d5-46e7-b2c9-6a7cbb74801a","timestamp":"2024-12-24 02:19:49"}
{"level":"info","message":"GET /blog/f30fc198-d3d5-46e7-b2c9-6a7cbb74801a","timestamp":"2024-12-24 02:19:52"}
{"level":"info","message":"GET /blog/f30fc198-d3d5-46e7-b2c9-6a7cbb74801a","timestamp":"2024-12-24 02:20:33"}
{"level":"info","message":"GET /blog/f30fc198-d3d5-46e7-b2c9-6a7cbb74801a","timestamp":"2024-12-24 02:20:43"}
{"level":"info","message":"GET /blog/f30fc198-d3d5-46e7-b2c9-6a7cbb74801a","timestamp":"2024-12-24 02:20:45"}
{"level":"info","message":"GET /blog/f30fc198-d3d5-46e7-b2c9-6a7cbb74801a","timestamp":"2024-12-24 02:20:59"}
{"level":"info","message":"GET /blog/f30fc198-d3d5-46e7-b2c9-6a7cbb74801a","timestamp":"2024-12-24 02:21:00"}
{"level":"info","message":"GET /blog/f30fc198-d3d5-46e7-b2c9-6a7cbb74801a","timestamp":"2024-12-24 02:22:26"}
{"level":"info","message":"GET /blog/f30fc198-d3d5-46e7-b2c9-6a7cbb74801a","timestamp":"2024-12-24 02:22:31"}
{"level":"info","message":"GET /blog/f30fc198-d3d5-46e7-b2c9-6a7cbb74801a","timestamp":"2024-12-24 02:22:33"}
{"level":"info","message":"GET /blog/f30fc198-d3d5-46e7-b2c9-6a7cbb74801a","timestamp":"2024-12-24 02:22:35"}
{"level":"info","message":"GET /blog/","timestamp":"2024-12-24 02:22:53"}
{"level":"info","message":"GET /blog/b7b088d7-566e-4dd6-8866-b9b28807692b","timestamp":"2024-12-24 02:22:55"}
{"level":"info","message":"GET /blog/","timestamp":"2024-12-24 02:22:58"}
{"level":"info","message":"GET /blog/c796ce76-f790-43ef-b793-2b0dc866f85e","timestamp":"2024-12-24 02:23:00"}
{"level":"info","message":"GET /blog/c796ce76-f790-43ef-b793-2b0dc866f85e","timestamp":"2024-12-24 02:24:26"}
{"level":"info","message":"GET /blog/c796ce76-f790-43ef-b793-2b0dc866f85e","timestamp":"2024-12-24 02:24:32"}
{"level":"info","message":"GET /blog/c796ce76-f790-43ef-b793-2b0dc866f85e","timestamp":"2024-12-24 02:24:35"}
{"level":"info","message":"GET /blog/c796ce76-f790-43ef-b793-2b0dc866f85e","timestamp":"2024-12-24 02:24:37"}
{"level":"info","message":"GET /blog/c796ce76-f790-43ef-b793-2b0dc866f85e","timestamp":"2024-12-24 02:24:39"}
{"level":"info","message":"GET /blog/c796ce76-f790-43ef-b793-2b0dc866f85e","timestamp":"2024-12-24 02:24:40"}
{"level":"info","message":"GET /blog/c796ce76-f790-43ef-b793-2b0dc866f85e","timestamp":"2024-12-24 02:24:42"}
{"level":"info","message":"GET /blog/c796ce76-f790-43ef-b793-2b0dc866f85e","timestamp":"2024-12-24 02:27:59"}
{"level":"info","message":"GET /blog/c796ce76-f790-43ef-b793-2b0dc866f85e","timestamp":"2024-12-24 02:28:32"}
{"level":"info","message":"GET /blog/c796ce76-f790-43ef-b793-2b0dc866f85e","timestamp":"2024-12-24 02:29:08"}
{"level":"info","message":"GET /blog/editar","timestamp":"2024-12-24 02:31:16"}
{"level":"info","message":"GET /blog/","timestamp":"2024-12-24 02:31:19"}
{"level":"info","message":"GET /blog/d1e582ce-d193-4926-8c87-da0db7f46df4","timestamp":"2024-12-24 02:31:51"}
{"level":"info","message":"OPTIONS /blog/","timestamp":"2024-12-24 02:34:01"}
{"level":"info","message":"PUT /blog/","timestamp":"2024-12-24 02:34:01"}
{"level":"info","message":"OPTIONS /blog/d1e582ce-d193-4926-8c87-da0db7f46df4","timestamp":"2024-12-24 02:34:42"}
{"level":"info","message":"PUT /blog/d1e582ce-d193-4926-8c87-da0db7f46df4","timestamp":"2024-12-24 02:34:42"}
{"level":"info","message":"OPTIONS /auth/token","timestamp":"2024-12-24 02:34:42"}
{"level":"info","message":"POST /auth/token","timestamp":"2024-12-24 02:34:42"}
{"level":"info","message":"PUT /blog/d1e582ce-d193-4926-8c87-da0db7f46df4","timestamp":"2024-12-24 02:34:42"}
{"level":"info","message":"POST /auth/token","timestamp":"2024-12-24 02:34:42"}
{"level":"info","message":"GET /blog/","timestamp":"2024-12-24 02:35:25"}
{"level":"info","message":"GET /blog/c796ce76-f790-43ef-b793-2b0dc866f85e","timestamp":"2024-12-24 02:35:28"}
{"level":"info","message":"OPTIONS /blog/c796ce76-f790-43ef-b793-2b0dc866f85e","timestamp":"2024-12-24 02:35:30"}
{"level":"info","message":"PUT /blog/c796ce76-f790-43ef-b793-2b0dc866f85e","timestamp":"2024-12-24 02:35:30"}
{"level":"info","message":"OPTIONS /auth/token","timestamp":"2024-12-24 02:35:30"}
{"level":"info","message":"POST /auth/token","timestamp":"2024-12-24 02:35:30"}
{"level":"info","message":"PUT /blog/c796ce76-f790-43ef-b793-2b0dc866f85e","timestamp":"2024-12-24 02:35:30"}
{"level":"info","message":"POST /auth/token","timestamp":"2024-12-24 02:35:30"}
{"level":"info","message":"GET /blog/c796ce76-f790-43ef-b793-2b0dc866f85e","timestamp":"2024-12-24 02:35:50"}
{"level":"info","message":"OPTIONS /blog/c796ce76-f790-43ef-b793-2b0dc866f85e","timestamp":"2024-12-24 02:35:52"}
{"level":"info","message":"PUT /blog/c796ce76-f790-43ef-b793-2b0dc866f85e","timestamp":"2024-12-24 02:35:52"}
{"level":"info","message":"GET /blog/c796ce76-f790-43ef-b793-2b0dc866f85e","timestamp":"2024-12-24 02:36:27"}
{"level":"info","message":"OPTIONS /blog/c796ce76-f790-43ef-b793-2b0dc866f85e","timestamp":"2024-12-24 02:36:32"}
{"level":"info","message":"PUT /blog/c796ce76-f790-43ef-b793-2b0dc866f85e","timestamp":"2024-12-24 02:36:32"}
{"level":"info","message":"OPTIONS /auth/token","timestamp":"2024-12-24 02:36:32"}
{"level":"info","message":"POST /auth/token","timestamp":"2024-12-24 02:36:32"}
{"level":"info","message":"PUT /blog/c796ce76-f790-43ef-b793-2b0dc866f85e","timestamp":"2024-12-24 02:36:32"}
{"level":"info","message":"POST /auth/token","timestamp":"2024-12-24 02:36:32"}
{"level":"info","message":"GET /blog/","timestamp":"2024-12-24 02:37:11"}
{"level":"info","message":"GET /blog/2c156db0-3602-4904-af19-04fd008097f0","timestamp":"2024-12-24 02:37:20"}
{"level":"info","message":"GET /blog/","timestamp":"2024-12-24 02:37:21"}
{"level":"info","message":"GET /blog/2c156db0-3602-4904-af19-04fd008097f0","timestamp":"2024-12-24 02:37:22"}
{"level":"info","message":"GET /blog/","timestamp":"2024-12-24 02:37:24"}
{"level":"info","message":"GET /blog/c796ce76-f790-43ef-b793-2b0dc866f85e","timestamp":"2024-12-24 02:37:26"}
{"level":"info","message":"OPTIONS /blog/c796ce76-f790-43ef-b793-2b0dc866f85e","timestamp":"2024-12-24 02:37:39"}
{"level":"info","message":"PUT /blog/c796ce76-f790-43ef-b793-2b0dc866f85e","timestamp":"2024-12-24 02:37:39"}
{"level":"info","message":"OPTIONS /auth/token","timestamp":"2024-12-24 02:37:39"}
{"level":"info","message":"POST /auth/token","timestamp":"2024-12-24 02:37:39"}
{"level":"info","message":"PUT /blog/c796ce76-f790-43ef-b793-2b0dc866f85e","timestamp":"2024-12-24 02:37:39"}
{"level":"info","message":"POST /auth/token","timestamp":"2024-12-24 02:37:39"}
{"level":"info","message":"GET /blog/","timestamp":"2024-12-24 02:38:04"}
{"level":"info","message":"GET /blog/c796ce76-f790-43ef-b793-2b0dc866f85e","timestamp":"2024-12-24 02:38:07"}
{"level":"info","message":"OPTIONS /blog/c796ce76-f790-43ef-b793-2b0dc866f85e","timestamp":"2024-12-24 02:38:08"}
{"level":"info","message":"PUT /blog/c796ce76-f790-43ef-b793-2b0dc866f85e","timestamp":"2024-12-24 02:38:08"}
{"level":"info","message":"GET /blog/","timestamp":"2024-12-24 02:38:23"}
{"level":"info","message":"GET /blog/d1e582ce-d193-4926-8c87-da0db7f46df4","timestamp":"2024-12-24 02:38:25"}
{"level":"info","message":"OPTIONS /blog/d1e582ce-d193-4926-8c87-da0db7f46df4","timestamp":"2024-12-24 02:38:27"}
{"level":"info","message":"PUT /blog/d1e582ce-d193-4926-8c87-da0db7f46df4","timestamp":"2024-12-24 02:38:27"}
{"level":"info","message":"OPTIONS /auth/token","timestamp":"2024-12-24 02:38:27"}
{"level":"info","message":"POST /auth/token","timestamp":"2024-12-24 02:38:27"}
{"level":"info","message":"PUT /blog/d1e582ce-d193-4926-8c87-da0db7f46df4","timestamp":"2024-12-24 02:38:27"}
{"level":"info","message":"POST /auth/token","timestamp":"2024-12-24 02:38:27"}
{"level":"info","message":"PUT /blog/96f23e91-3c89-4f5e-8364-c34db1bbc0fd","timestamp":"2024-12-24 02:39:22"}
{"level":"info","message":"OPTIONS /blog/d1e582ce-d193-4926-8c87-da0db7f46df4","timestamp":"2024-12-24 02:42:20"}
{"level":"info","message":"PUT /blog/d1e582ce-d193-4926-8c87-da0db7f46df4","timestamp":"2024-12-24 02:42:20"}
{"level":"info","message":"OPTIONS /auth/token","timestamp":"2024-12-24 02:42:20"}
{"level":"info","message":"POST /auth/token","timestamp":"2024-12-24 02:42:20"}
{"level":"info","message":"PUT /blog/d1e582ce-d193-4926-8c87-da0db7f46df4","timestamp":"2024-12-24 02:42:20"}
{"level":"info","message":"POST /auth/token","timestamp":"2024-12-24 02:42:20"}
{"level":"info","message":"Example app listening on port: 3000","timestamp":"2024-12-24 02:44:49"}
{"level":"info","message":"conectado a la base de datos","timestamp":"2024-12-24 02:44:50"}
{"level":"info","message":"OPTIONS /blog/d1e582ce-d193-4926-8c87-da0db7f46df4","timestamp":"2024-12-24 02:44:56"}
{"level":"info","message":"PUT /blog/d1e582ce-d193-4926-8c87-da0db7f46df4","timestamp":"2024-12-24 02:44:56"}
{"level":"info","message":"OPTIONS /auth/token","timestamp":"2024-12-24 02:44:56"}
{"level":"info","message":"POST /auth/token","timestamp":"2024-12-24 02:44:56"}
{"level":"info","message":"PUT /blog/d1e582ce-d193-4926-8c87-da0db7f46df4","timestamp":"2024-12-24 02:44:56"}
{"level":"info","message":"POST /auth/token","timestamp":"2024-12-24 02:44:56"}
{"level":"info","message":"Example app listening on port: 3000","timestamp":"2024-12-24 02:45:07"}
{"level":"info","message":"conectado a la base de datos","timestamp":"2024-12-24 02:45:08"}
{"level":"info","message":"GET /blog/","timestamp":"2024-12-24 02:45:12"}
{"level":"info","message":"GET /blog/c796ce76-f790-43ef-b793-2b0dc866f85e","timestamp":"2024-12-24 02:45:14"}
{"level":"info","message":"OPTIONS /blog/c796ce76-f790-43ef-b793-2b0dc866f85e","timestamp":"2024-12-24 02:45:17"}
{"level":"info","message":"PUT /blog/c796ce76-f790-43ef-b793-2b0dc866f85e","timestamp":"2024-12-24 02:45:17"}
{"level":"info","message":"OPTIONS /auth/token","timestamp":"2024-12-24 02:45:17"}
{"level":"info","message":"POST /auth/token","timestamp":"2024-12-24 02:45:17"}
{"level":"info","message":"Example app listening on port: 3000","timestamp":"2024-12-24 02:46:34"}
{"level":"info","message":"POST /auth/token","timestamp":"2024-12-24 02:46:34"}
{"level":"info","message":"OPTIONS /blog/c796ce76-f790-43ef-b793-2b0dc866f85e","timestamp":"2024-12-24 02:46:39"}
{"level":"info","message":"PUT /blog/c796ce76-f790-43ef-b793-2b0dc866f85e","timestamp":"2024-12-24 02:46:39"}
{"level":"info","message":"OPTIONS /auth/token","timestamp":"2024-12-24 02:46:39"}
{"level":"info","message":"POST /auth/token","timestamp":"2024-12-24 02:46:39"}
{"level":"info","message":"conectado a la base de datos","timestamp":"2024-12-24 02:46:46"}
{"level":"info","message":"GET /blog/c796ce76-f790-43ef-b793-2b0dc866f85e","timestamp":"2024-12-24 02:47:25"}
{"level":"info","message":"OPTIONS /blog/c796ce76-f790-43ef-b793-2b0dc866f85e","timestamp":"2024-12-24 02:47:28"}
{"level":"info","message":"PUT /blog/c796ce76-f790-43ef-b793-2b0dc866f85e","timestamp":"2024-12-24 02:47:28"}
{"level":"info","message":"OPTIONS /auth/token","timestamp":"2024-12-24 02:47:28"}
{"level":"info","message":"POST /auth/token","timestamp":"2024-12-24 02:47:28"}
{"level":"info","message":"OPTIONS /blog/c796ce76-f790-43ef-b793-2b0dc866f85e","timestamp":"2024-12-24 02:47:40"}
{"level":"info","message":"PUT /blog/c796ce76-f790-43ef-b793-2b0dc866f85e","timestamp":"2024-12-24 02:47:40"}
{"level":"info","message":"OPTIONS /auth/token","timestamp":"2024-12-24 02:47:40"}
{"level":"info","message":"POST /auth/token","timestamp":"2024-12-24 02:47:40"}
{"level":"info","message":"OPTIONS /auth/login","timestamp":"2024-12-24 02:48:07"}
{"level":"info","message":"POST /auth/login","timestamp":"2024-12-24 02:48:07"}
{"level":"info","message":"GET /blog/","timestamp":"2024-12-24 02:48:07"}
{"level":"info","message":"GET /blog/c796ce76-f790-43ef-b793-2b0dc866f85e","timestamp":"2024-12-24 02:48:10"}
{"level":"info","message":"OPTIONS /blog/c796ce76-f790-43ef-b793-2b0dc866f85e","timestamp":"2024-12-24 02:48:12"}
{"level":"info","message":"PUT /blog/c796ce76-f790-43ef-b793-2b0dc866f85e","timestamp":"2024-12-24 02:48:12"}
{"level":"info","message":"OPTIONS /blog/c796ce76-f790-43ef-b793-2b0dc866f85e","timestamp":"2024-12-24 02:48:23"}
{"level":"info","message":"PUT /blog/c796ce76-f790-43ef-b793-2b0dc866f85e","timestamp":"2024-12-24 02:48:23"}
{"level":"info","message":"GET /blog/","timestamp":"2024-12-24 02:49:00"}
{"level":"info","message":"GET /blog/c52deb94-4405-4b6c-9efd-b14d6858de25","timestamp":"2024-12-24 02:49:03"}
{"level":"info","message":"OPTIONS /blog/c52deb94-4405-4b6c-9efd-b14d6858de25","timestamp":"2024-12-24 02:49:06"}
{"level":"info","message":"PUT /blog/c52deb94-4405-4b6c-9efd-b14d6858de25","timestamp":"2024-12-24 02:49:06"}
{"level":"info","message":"GET /blog/","timestamp":"2024-12-24 02:49:06"}
{"level":"info","message":"GET /blog/","timestamp":"2024-12-24 02:49:32"}
{"level":"info","message":"GET /blog/","timestamp":"2024-12-24 02:49:33"}
{"level":"info","message":"GET /blog/","timestamp":"2024-12-24 02:49:35"}
{"level":"info","message":"GET /blog/","timestamp":"2024-12-24 02:49:36"}
{"level":"info","message":"GET /blog/","timestamp":"2024-12-24 02:49:38"}
{"level":"info","message":"GET /blog/","timestamp":"2024-12-24 02:50:04"}
{"level":"info","message":"GET /blog/b092f3d0-7aad-4740-81f1-fa01ce889964","timestamp":"2024-12-24 02:51:25"}
{"level":"info","message":"GET /blog/","timestamp":"2024-12-24 02:51:27"}
{"level":"info","message":"GET /blog/70db61c7-509e-48e3-9550-6981ea52f535","timestamp":"2024-12-24 02:51:39"}
{"level":"info","message":"OPTIONS /blog/70db61c7-509e-48e3-9550-6981ea52f535","timestamp":"2024-12-24 02:51:45"}
{"level":"info","message":"PUT /blog/70db61c7-509e-48e3-9550-6981ea52f535","timestamp":"2024-12-24 02:51:45"}
{"level":"info","message":"GET /blog/","timestamp":"2024-12-24 02:51:45"}
{"level":"info","message":"GET /blog/38570244-0696-4089-8662-1655bbf934d2","timestamp":"2024-12-24 02:51:52"}
{"level":"info","message":"GET /blog/","timestamp":"2024-12-24 02:51:57"}
{"level":"info","message":"Example app listening on port: 3000","timestamp":"2024-12-24 02:56:17"}
{"level":"info","message":"conectado a la base de datos","timestamp":"2024-12-24 02:56:18"}
