{"level":"info","message":"Example app listening on port: 3000","timestamp":"2024-12-24 00:11:01"}
{"level":"info","message":"conectado a la base de datos","timestamp":"2024-12-24 00:11:02"}
{"level":"info","message":"GET /blog/","timestamp":"2024-12-24 00:11:20"}
{"level":"info","message":"GET /blog/","timestamp":"2024-12-24 00:14:39"}
{"level":"info","message":"GET /blog/","timestamp":"2024-12-24 00:15:05"}
{"level":"info","message":"GET /blog/b7b088d7-566e-4dd6-8866-b9b28807692b","timestamp":"2024-12-24 00:15:10"}
{"level":"info","message":"GET /blog/","timestamp":"2024-12-24 00:15:28"}
{"level":"info","message":"GET /blog/","timestamp":"2024-12-24 00:16:30"}
{"level":"info","message":"GET /blog/","timestamp":"2024-12-24 00:20:31"}
{"level":"info","message":"GET /blog/","timestamp":"2024-12-24 00:20:35"}
{"level":"info","message":"GET /blog/","timestamp":"2024-12-24 00:20:36"}
{"level":"info","message":"GET /blog/","timestamp":"2024-12-24 00:20:36"}
{"level":"info","message":"GET /blog/","timestamp":"2024-12-24 00:20:36"}
{"level":"info","message":"GET /blog/","timestamp":"2024-12-24 00:20:36"}
{"level":"info","message":"GET /blog/","timestamp":"2024-12-24 00:21:39"}
{"level":"info","message":"GET /blog/","timestamp":"2024-12-24 00:27:13"}
{"level":"info","message":"GET /blog/","timestamp":"2024-12-24 00:27:13"}
{"level":"info","message":"GET /blog/","timestamp":"2024-12-24 00:27:14"}
{"level":"info","message":"GET /blog/","timestamp":"2024-12-24 00:27:14"}
{"level":"info","message":"GET /blog/","timestamp":"2024-12-24 00:27:14"}
{"level":"info","message":"GET /blog/","timestamp":"2024-12-24 00:27:14"}
{"level":"info","message":"GET /blog/","timestamp":"2024-12-24 00:27:14"}
{"level":"info","message":"GET /blog/","timestamp":"2024-12-24 00:28:35"}
{"level":"info","message":"GET /blog/","timestamp":"2024-12-24 00:32:13"}
{"level":"info","message":"GET /blog/","timestamp":"2024-12-24 00:32:13"}
{"level":"info","message":"GET /blog/","timestamp":"2024-12-24 00:32:14"}
{"level":"info","message":"GET /blog/","timestamp":"2024-12-24 00:32:14"}
{"level":"info","message":"GET /blog/","timestamp":"2024-12-24 00:38:41"}
{"level":"info","message":"GET /blog/","timestamp":"2024-12-24 00:38:42"}
{"level":"info","message":"GET /blog/","timestamp":"2024-12-24 00:38:42"}
{"level":"info","message":"GET /blog/","timestamp":"2024-12-24 00:38:42"}
{"level":"info","message":"GET /blog/","timestamp":"2024-12-24 00:38:42"}
{"level":"info","message":"GET /blog/","timestamp":"2024-12-24 00:40:32"}
{"level":"info","message":"GET /blog/","timestamp":"2024-12-24 00:40:33"}
{"level":"info","message":"GET /blog/","timestamp":"2024-12-24 00:43:36"}
{"level":"info","message":"GET /blog/b7b088d7-566e-4dd6-8866-b9b28807692b","timestamp":"2024-12-24 00:50:07"}
{"level":"info","message":"GET /blog/","timestamp":"2024-12-24 00:50:31"}
{"level":"info","message":"GET /blog/b7b088d7-566e-4dd6-8866-b9b28807692b","timestamp":"2024-12-24 00:50:36"}
{"level":"info","message":"GET /blog/","timestamp":"2024-12-24 00:51:12"}
{"level":"info","message":"GET /blog/","timestamp":"2024-12-24 00:54:42"}
{"level":"info","message":"OPTIONS /auth/login","timestamp":"2024-12-24 00:54:56"}
{"level":"info","message":"POST /auth/login","timestamp":"2024-12-24 00:54:56"}
{"level":"info","message":"GET /blog/","timestamp":"2024-12-24 00:54:56"}
{"level":"info","message":"GET /blog/","timestamp":"2024-12-24 00:54:59"}
{"level":"info","message":"GET /blog/","timestamp":"2024-12-24 00:55:11"}
{"level":"info","message":"GET /blog/","timestamp":"2024-12-24 00:55:49"}
{"level":"info","message":"OPTIONS /auth/login","timestamp":"2024-12-24 00:56:36"}
{"level":"info","message":"POST /auth/login","timestamp":"2024-12-24 00:56:36"}
{"level":"info","message":"GET /blog/","timestamp":"2024-12-24 00:56:36"}
{"level":"info","message":"OPTIONS /auth/login","timestamp":"2024-12-24 00:57:00"}
{"level":"info","message":"POST /auth/login","timestamp":"2024-12-24 00:57:00"}
{"level":"info","message":"POST /auth/login","timestamp":"2024-12-24 00:57:04"}
{"level":"info","message":"POST /auth/login","timestamp":"2024-12-24 00:57:05"}
{"level":"info","message":"POST /auth/login","timestamp":"2024-12-24 00:57:05"}
{"level":"info","message":"OPTIONS /auth/login","timestamp":"2024-12-24 00:57:06"}
{"level":"info","message":"POST /auth/login","timestamp":"2024-12-24 00:57:06"}
{"level":"info","message":"POST /auth/login","timestamp":"2024-12-24 00:57:06"}
{"level":"info","message":"POST /auth/login","timestamp":"2024-12-24 00:57:09"}
{"level":"info","message":"POST /auth/login","timestamp":"2024-12-24 00:57:09"}
{"level":"info","message":"POST /auth/login","timestamp":"2024-12-24 00:57:09"}
{"level":"info","message":"POST /auth/login","timestamp":"2024-12-24 00:57:09"}
{"level":"info","message":"POST /auth/login","timestamp":"2024-12-24 00:57:10"}
{"level":"info","message":"POST /auth/login","timestamp":"2024-12-24 00:57:10"}
{"level":"info","message":"POST /auth/login","timestamp":"2024-12-24 00:57:10"}
{"level":"info","message":"POST /auth/login","timestamp":"2024-12-24 00:57:10"}
{"level":"info","message":"POST /auth/login","timestamp":"2024-12-24 00:57:10"}
{"level":"info","message":"POST /auth/login","timestamp":"2024-12-24 00:57:10"}
{"level":"info","message":"POST /auth/login","timestamp":"2024-12-24 00:57:10"}
{"level":"info","message":"POST /auth/login","timestamp":"2024-12-24 00:57:11"}
{"level":"info","message":"OPTIONS /auth/login","timestamp":"2024-12-24 00:57:11"}
{"level":"info","message":"POST /auth/login","timestamp":"2024-12-24 00:57:11"}
{"level":"info","message":"POST /auth/login","timestamp":"2024-12-24 00:57:11"}
{"level":"info","message":"POST /auth/login","timestamp":"2024-12-24 00:57:11"}
{"level":"info","message":"OPTIONS /auth/login","timestamp":"2024-12-24 00:57:24"}
{"level":"info","message":"POST /auth/login","timestamp":"2024-12-24 00:57:24"}
{"level":"info","message":"GET /blog/","timestamp":"2024-12-24 00:57:24"}
{"level":"info","message":"GET /blog/","timestamp":"2024-12-24 00:58:55"}
{"level":"info","message":"GET /blog/b7b088d7-566e-4dd6-8866-b9b28807692b","timestamp":"2024-12-24 00:58:57"}
{"level":"info","message":"GET /blog/","timestamp":"2024-12-24 00:59:00"}
