{"level":"info","message":"GET /blog?page=1&limit=2","timestamp":"2024-12-26 23:23:33"}
{"level":"info","message":"GET /blog/b7b088d7-566e-4dd6-8866-b9b28807692b","timestamp":"2024-12-26 23:23:43"}
{"level":"info","message":"GET /blog?page=1&limit=2","timestamp":"2024-12-26 23:23:46"}
{"level":"info","message":"GET /blog/getbyautor/3f0c5b50-3740-4445-846e-22114511570e?page=1&limit=2","timestamp":"2024-12-26 23:23:48"}
{"level":"info","message":"GET /blog/getbyautor/3f0c5b50-3740-4445-846e-22114511570e?page=1&limit=2","timestamp":"2024-12-26 23:25:39"}
{"level":"info","message":"GET /blog/getbyautor/3f0c5b50-3740-4445-846e-22114511570e?page=1&limit=2","timestamp":"2024-12-26 23:25:46"}
{"level":"info","message":"GET /blog/getbyautor/3f0c5b50-3740-4445-846e-22114511570e?page=1&limit=2","timestamp":"2024-12-26 23:26:16"}
{"level":"info","message":"GET /blog?page=1&limit=2","timestamp":"2024-12-26 23:26:17"}
{"level":"info","message":"GET /blog/getbyautor/3f0c5b50-3740-4445-846e-22114511570e?page=1&limit=2","timestamp":"2024-12-26 23:26:19"}
{"level":"info","message":"OPTIONS /blog/c796ce76-f790-43ef-b793-2b0dc866f85e","timestamp":"2024-12-26 23:30:40"}
{"level":"info","message":"DELETE /blog/c796ce76-f790-43ef-b793-2b0dc866f85e","timestamp":"2024-12-26 23:30:40"}
{"level":"info","message":"GET /blog/getbyautor/3f0c5b50-3740-4445-846e-22114511570e?page=1&limit=2","timestamp":"2024-12-26 23:32:11"}
{"level":"info","message":"GET /blog/getbyautor/3f0c5b50-3740-4445-846e-22114511570e?page=1&limit=2","timestamp":"2024-12-26 23:32:16"}
{"level":"info","message":"OPTIONS /blog/c796ce76-f790-43ef-b793-2b0dc866f85e","timestamp":"2024-12-26 23:33:51"}
{"level":"info","message":"DELETE /blog/c796ce76-f790-43ef-b793-2b0dc866f85e","timestamp":"2024-12-26 23:33:51"}
{"level":"info","message":"OPTIONS /auth/token","timestamp":"2024-12-26 23:33:51"}
{"level":"info","message":"POST /auth/token","timestamp":"2024-12-26 23:33:51"}
{"level":"info","message":"GET /blog/getbyautor/3f0c5b50-3740-4445-846e-22114511570e?page=1&limit=2","timestamp":"2024-12-26 23:33:55"}
{"level":"info","message":"OPTIONS /blog/c796ce76-f790-43ef-b793-2b0dc866f85e","timestamp":"2024-12-26 23:33:56"}
{"level":"info","message":"DELETE /blog/c796ce76-f790-43ef-b793-2b0dc866f85e","timestamp":"2024-12-26 23:33:56"}
{"level":"info","message":"OPTIONS /auth/token","timestamp":"2024-12-26 23:33:56"}
{"level":"info","message":"POST /auth/token","timestamp":"2024-12-26 23:33:56"}
{"level":"info","message":"GET /blog/getbyautor/3f0c5b50-3740-4445-846e-22114511570e?page=1&limit=2","timestamp":"2024-12-26 23:34:14"}
{"level":"info","message":"GET /blog?page=1&limit=2","timestamp":"2024-12-26 23:34:16"}
{"level":"info","message":"GET /blog/getbyautor/3f0c5b50-3740-4445-846e-22114511570e?page=1&limit=2","timestamp":"2024-12-26 23:34:24"}
{"level":"info","message":"OPTIONS /blog/c796ce76-f790-43ef-b793-2b0dc866f85e","timestamp":"2024-12-26 23:34:25"}
{"level":"info","message":"DELETE /blog/c796ce76-f790-43ef-b793-2b0dc866f85e","timestamp":"2024-12-26 23:34:25"}
{"level":"info","message":"OPTIONS /auth/token","timestamp":"2024-12-26 23:34:25"}
{"level":"info","message":"POST /auth/token","timestamp":"2024-12-26 23:34:25"}
{"level":"info","message":"GET /blog/getbyautor/3f0c5b50-3740-4445-846e-22114511570e?page=1&limit=2","timestamp":"2024-12-26 23:39:18"}
{"level":"info","message":"GET /blog/getbyautor/3f0c5b50-3740-4445-846e-22114511570e?page=1&limit=2","timestamp":"2024-12-26 23:39:20"}
{"level":"info","message":"GET /blog/getbyautor/3f0c5b50-3740-4445-846e-22114511570e?page=1&limit=2","timestamp":"2024-12-26 23:39:27"}
{"level":"info","message":"GET /blog/getbyautor/3f0c5b50-3740-4445-846e-22114511570e?page=1&limit=2","timestamp":"2024-12-26 23:39:29"}
{"level":"info","message":"GET /blog/getbyautor/3f0c5b50-3740-4445-846e-22114511570e?page=1&limit=2","timestamp":"2024-12-26 23:39:34"}
{"level":"info","message":"GET /blog/getbyautor/3f0c5b50-3740-4445-846e-22114511570e?page=1&limit=2","timestamp":"2024-12-26 23:39:46"}
{"level":"info","message":"GET /blog/getbyautor/3f0c5b50-3740-4445-846e-22114511570e?page=1&limit=2","timestamp":"2024-12-26 23:41:36"}
{"level":"info","message":"GET /blog/getbyautor/3f0c5b50-3740-4445-846e-22114511570e?page=1&limit=2","timestamp":"2024-12-26 23:41:51"}
{"level":"info","message":"OPTIONS /blog/c796ce76-f790-43ef-b793-2b0dc866f85e","timestamp":"2024-12-26 23:41:58"}
{"level":"info","message":"DELETE /blog/c796ce76-f790-43ef-b793-2b0dc866f85e","timestamp":"2024-12-26 23:41:58"}
{"level":"info","message":"OPTIONS /auth/token","timestamp":"2024-12-26 23:41:58"}
{"level":"info","message":"POST /auth/token","timestamp":"2024-12-26 23:41:58"}
{"level":"info","message":"Example app listening on port: 3000","timestamp":"2024-12-26 23:42:21"}
{"level":"info","message":"conectado a la base de datos","timestamp":"2024-12-26 23:42:22"}
{"level":"info","message":"GET /blog/getbyautor/3f0c5b50-3740-4445-846e-22114511570e?page=1&limit=2","timestamp":"2024-12-26 23:44:22"}
{"level":"info","message":"OPTIONS /blog/c796ce76-f790-43ef-b793-2b0dc866f85e","timestamp":"2024-12-26 23:44:23"}
{"level":"info","message":"DELETE /blog/c796ce76-f790-43ef-b793-2b0dc866f85e","timestamp":"2024-12-26 23:44:23"}
{"level":"info","message":"OPTIONS /auth/token","timestamp":"2024-12-26 23:44:23"}
{"level":"info","message":"POST /auth/token","timestamp":"2024-12-26 23:44:23"}
{"level":"info","message":"POST /auth/login","timestamp":"2024-12-26 23:44:37"}
{"level":"info","message":"POST /auth/login","timestamp":"2024-12-26 23:44:52"}
{"level":"info","message":"OPTIONS /auth/login","timestamp":"2024-12-26 23:45:20"}
{"level":"info","message":"POST /auth/login","timestamp":"2024-12-26 23:45:20"}
{"level":"info","message":"GET /blog?page=1&limit=2","timestamp":"2024-12-26 23:45:20"}
{"level":"info","message":"GET /blog/getbyautor/3f0c5b50-3740-4445-846e-22114511570e?page=1&limit=2","timestamp":"2024-12-26 23:46:47"}
{"level":"info","message":"OPTIONS /blog/c796ce76-f790-43ef-b793-2b0dc866f85e","timestamp":"2024-12-26 23:46:48"}
{"level":"info","message":"DELETE /blog/c796ce76-f790-43ef-b793-2b0dc866f85e","timestamp":"2024-12-26 23:46:48"}
{"level":"info","message":"OPTIONS /auth/token","timestamp":"2024-12-26 23:46:48"}
{"level":"info","message":"POST /auth/token","timestamp":"2024-12-26 23:46:48"}
{"level":"info","message":"GET /blog/?page=11&limit=1","timestamp":"2024-12-26 23:47:04"}
{"level":"info","message":"DELETE /blog/f30fc198-d3d5-46e7-b2c9-6a7cbb74801a","timestamp":"2024-12-26 23:47:15"}
{"level":"info","message":"POST /auth/login","timestamp":"2024-12-26 23:47:28"}
{"level":"info","message":"DELETE /blog/f30fc198-d3d5-46e7-b2c9-6a7cbb74801a","timestamp":"2024-12-26 23:47:38"}
{"level":"info","message":"GET /blog/?page=11&limit=1","timestamp":"2024-12-26 23:47:45"}
{"level":"info","message":"GET /blog/getbyautor/3f0c5b50-3740-4445-846e-22114511570e?page=1&limit=2","timestamp":"2024-12-26 23:50:43"}
{"level":"info","message":"OPTIONS /auth/login","timestamp":"2024-12-26 23:51:03"}
{"level":"info","message":"POST /auth/login","timestamp":"2024-12-26 23:51:03"}
{"level":"info","message":"GET /blog?page=1&limit=2","timestamp":"2024-12-26 23:51:03"}
{"level":"info","message":"GET /blog/getbyautor/3f0c5b50-3740-4445-846e-22114511570e?page=1&limit=2","timestamp":"2024-12-26 23:51:04"}
{"level":"info","message":"OPTIONS /blog/c796ce76-f790-43ef-b793-2b0dc866f85e","timestamp":"2024-12-26 23:51:06"}
{"level":"info","message":"DELETE /blog/c796ce76-f790-43ef-b793-2b0dc866f85e","timestamp":"2024-12-26 23:51:06"}
{"level":"info","message":"GET /blog/getbyautor/3f0c5b50-3740-4445-846e-22114511570e?page=1&limit=2","timestamp":"2024-12-26 23:51:06"}
{"level":"info","message":"OPTIONS /blog/c52deb94-4405-4b6c-9efd-b14d6858de25","timestamp":"2024-12-26 23:51:43"}
{"level":"info","message":"DELETE /blog/c52deb94-4405-4b6c-9efd-b14d6858de25","timestamp":"2024-12-26 23:51:43"}
{"level":"info","message":"GET /blog/getbyautor/3f0c5b50-3740-4445-846e-22114511570e?page=1&limit=2","timestamp":"2024-12-26 23:51:43"}
{"level":"info","message":"OPTIONS /blog/8531b795-f2e1-490c-acf6-630b68368b39","timestamp":"2024-12-26 23:51:47"}
{"level":"info","message":"DELETE /blog/8531b795-f2e1-490c-acf6-630b68368b39","timestamp":"2024-12-26 23:51:47"}
{"level":"info","message":"OPTIONS /auth/token","timestamp":"2024-12-26 23:51:47"}
{"level":"info","message":"POST /auth/token","timestamp":"2024-12-26 23:51:47"}
{"level":"info","message":"GET /blog/getbyautor/3f0c5b50-3740-4445-846e-22114511570e?page=2&limit=2","timestamp":"2024-12-26 23:51:50"}
{"level":"info","message":"OPTIONS /blog/b092f3d0-7aad-4740-81f1-fa01ce889964","timestamp":"2024-12-26 23:51:52"}
{"level":"info","message":"GET /blog/getbyautor/3f0c5b50-3740-4445-846e-22114511570e?page=1&limit=2","timestamp":"2024-12-26 23:51:52"}
{"level":"info","message":"DELETE /blog/b092f3d0-7aad-4740-81f1-fa01ce889964","timestamp":"2024-12-26 23:51:52"}
{"level":"info","message":"POST /auth/token","timestamp":"2024-12-26 23:51:52"}
{"level":"info","message":"POST /auth/login","timestamp":"2024-12-26 23:52:04"}
{"level":"info","message":"POST /auth/token","timestamp":"2024-12-26 23:52:20"}
{"level":"info","message":"POST /auth/token","timestamp":"2024-12-26 23:52:22"}
{"level":"info","message":"POST /auth/token","timestamp":"2024-12-26 23:52:23"}
{"level":"info","message":"POST /auth/token","timestamp":"2024-12-26 23:52:23"}
{"level":"info","message":"POST /auth/token","timestamp":"2024-12-26 23:52:24"}
{"level":"info","message":"POST /auth/token","timestamp":"2024-12-26 23:52:25"}
{"level":"info","message":"POST /auth/login","timestamp":"2024-12-26 23:52:27"}
{"level":"info","message":"POST /auth/token","timestamp":"2024-12-26 23:52:35"}
{"level":"info","message":"POST /auth/token","timestamp":"2024-12-26 23:52:36"}
{"level":"info","message":"POST /auth/token","timestamp":"2024-12-26 23:52:36"}
{"level":"info","message":"POST /auth/token","timestamp":"2024-12-26 23:52:37"}
{"level":"info","message":"POST /auth/token","timestamp":"2024-12-26 23:52:37"}
{"level":"info","message":"Example app listening on port: 3000","timestamp":"2024-12-26 23:53:15"}
{"level":"info","message":"conectado a la base de datos","timestamp":"2024-12-26 23:53:15"}
{"level":"info","message":"POST /auth/token","timestamp":"2024-12-26 23:53:18"}
{"level":"info","message":"POST /auth/login","timestamp":"2024-12-26 23:53:53"}
{"level":"info","message":"POST /auth/login","timestamp":"2024-12-26 23:53:54"}
{"level":"info","message":"POST /auth/login","timestamp":"2024-12-26 23:53:55"}
{"level":"info","message":"POST /auth/login","timestamp":"2024-12-26 23:53:55"}
{"level":"info","message":"POST /auth/login","timestamp":"2024-12-26 23:53:56"}
{"level":"info","message":"POST /auth/login","timestamp":"2024-12-26 23:53:57"}
{"level":"info","message":"POST /auth/token","timestamp":"2024-12-26 23:54:10"}
{"level":"info","message":"POST /auth/token","timestamp":"2024-12-26 23:55:41"}
{"level":"info","message":"Example app listening on port: 3000","timestamp":"2024-12-26 23:56:07"}
{"level":"info","message":"conectado a la base de datos","timestamp":"2024-12-26 23:56:07"}
{"level":"info","message":"POST /auth/token","timestamp":"2024-12-26 23:56:33"}
