{"level":"info","message":"POST /auth/login","timestamp":"2024-12-13 01:23:46"}
{"level":"info","message":"GET /protected","timestamp":"2024-12-13 01:23:58"}
{"level":"info","message":"GET /protected","timestamp":"2024-12-13 01:28:02"}
{"level":"info","message":"GET /protected","timestamp":"2024-12-13 01:28:24"}
{"level":"info","message":"GET /protected","timestamp":"2024-12-13 01:29:11"}
{"level":"info","message":"GET /protected","timestamp":"2024-12-13 01:29:22"}
{"level":"info","message":"POST /auth/login","timestamp":"2024-12-13 01:29:34"}
{"level":"info","message":"GET /protected","timestamp":"2024-12-13 01:29:44"}
{"level":"info","message":"POST /auth/login","timestamp":"2024-12-13 01:34:29"}
{"level":"info","message":"GET /protected","timestamp":"2024-12-13 01:34:36"}
{"level":"info","message":"GET /protected","timestamp":"2024-12-13 01:35:28"}
{"level":"info","message":"POST /auth/login","timestamp":"2024-12-13 01:35:31"}
{"level":"info","message":"GET /protected","timestamp":"2024-12-13 01:35:39"}
{"level":"info","message":"POST /auth/login","timestamp":"2024-12-13 01:35:43"}
{"level":"info","message":"GET /protected","timestamp":"2024-12-13 01:35:54"}
{"level":"info","message":"POST /auth/login","timestamp":"2024-12-13 01:36:52"}
{"level":"info","message":"GET /protected","timestamp":"2024-12-13 01:37:02"}
{"level":"info","message":"POST /auth/login","timestamp":"2024-12-13 01:37:13"}
{"level":"info","message":"GET /protected","timestamp":"2024-12-13 01:37:21"}
{"level":"info","message":"GET /protected","timestamp":"2024-12-13 01:37:40"}
{"level":"info","message":"POST /auth/login","timestamp":"2024-12-13 01:37:42"}
{"level":"info","message":"GET /protected","timestamp":"2024-12-13 01:37:49"}
{"level":"info","message":"GET /protected","timestamp":"2024-12-13 01:38:11"}
{"level":"info","message":"POST /auth/login","timestamp":"2024-12-13 01:38:16"}
{"level":"info","message":"GET /protected","timestamp":"2024-12-13 01:38:22"}
{"level":"info","message":"GET /protected","timestamp":"2024-12-13 01:38:28"}
{"level":"info","message":"GET /protected","timestamp":"2024-12-13 01:38:35"}
{"level":"info","message":"POST /auth/login","timestamp":"2024-12-13 01:38:38"}
{"level":"info","message":"GET /protected","timestamp":"2024-12-13 01:38:45"}
{"level":"info","message":"GET /protected","timestamp":"2024-12-13 01:38:57"}
{"level":"info","message":"GET /protected","timestamp":"2024-12-13 01:39:17"}
{"level":"info","message":"POST /auth/login","timestamp":"2024-12-13 01:39:19"}
{"level":"info","message":"GET /protected","timestamp":"2024-12-13 01:39:25"}
{"level":"info","message":"POST /auth/login","timestamp":"2024-12-13 01:39:34"}
{"level":"info","message":"GET /protected","timestamp":"2024-12-13 01:39:44"}
{"level":"info","message":"POST /auth/token","timestamp":"2024-12-13 01:39:54"}
{"level":"info","message":"GET /protected","timestamp":"2024-12-13 01:40:05"}
{"level":"info","message":"GET /protected","timestamp":"2024-12-13 01:40:47"}
{"level":"info","message":"POST /auth/login","timestamp":"2024-12-13 01:40:49"}
{"level":"info","message":"POST /auth/token","timestamp":"2024-12-13 01:40:51"}
{"level":"info","message":"servidor corriendo en el puerto 3000","timestamp":"2024-12-13 01:51:31"}
{"level":"info","message":"servidor corriendo en el puerto 3000","timestamp":"2024-12-13 01:51:33"}
{"level":"info","message":"servidor corriendo en el puerto 3000","timestamp":"2024-12-13 01:51:34"}
{"level":"info","message":"servidor corriendo en el puerto 3000","timestamp":"2024-12-13 01:51:36"}
{"level":"info","message":"conectado a la base de datos","timestamp":"2024-12-13 01:51:36"}
{"level":"info","message":"servidor corriendo en el puerto 3000","timestamp":"2024-12-13 01:51:43"}
{"level":"info","message":"conectado a la base de datos","timestamp":"2024-12-13 01:51:43"}
{"level":"info","message":"conectado a la base de datos","timestamp":"2024-12-13 01:51:45"}
{"level":"info","message":"conectado a la base de datos","timestamp":"2024-12-13 01:51:48"}
{"level":"info","message":"Example app listening on port 3000!","timestamp":"2024-12-13 01:51:53"}
{"level":"info","message":"conectado a la base de datos","timestamp":"2024-12-13 01:51:53"}
{"level":"info","message":"Example app listening on port:","timestamp":"2024-12-13 01:51:55"}
{"level":"info","message":"conectado a la base de datos","timestamp":"2024-12-13 01:51:56"}
{"level":"info","message":"Example app listening on port:","timestamp":"2024-12-13 01:51:57"}
{"level":"info","message":"conectado a la base de datos","timestamp":"2024-12-13 01:51:57"}
{"level":"info","message":"Example app listening on port:","timestamp":"2024-12-13 01:51:58"}
{"level":"info","message":"conectado a la base de datos","timestamp":"2024-12-13 01:51:58"}
{"level":"info","message":"Example app listening on port: 3000","timestamp":"2024-12-13 01:52:13"}
{"level":"info","message":"conectado a la base de datos","timestamp":"2024-12-13 01:52:13"}
