{"level":"info","message":"POST /blog/","timestamp":"2024-12-19 03:00:04"}
{"level":"info","message":"Example app listening on port: 3000","timestamp":"2024-12-19 03:00:17"}
{"level":"info","message":"conectado a la base de datos","timestamp":"2024-12-19 03:00:17"}
{"level":"info","message":"Example app listening on port: 3000","timestamp":"2024-12-19 03:00:21"}
{"level":"info","message":"conectado a la base de datos","timestamp":"2024-12-19 03:00:21"}
{"level":"info","message":"Example app listening on port: 3000","timestamp":"2024-12-19 03:00:45"}
{"level":"info","message":"conectado a la base de datos","timestamp":"2024-12-19 03:00:45"}
{"level":"info","message":"POST /auth/login","timestamp":"2024-12-19 03:00:54"}
{"level":"info","message":"POST /auth/login","timestamp":"2024-12-19 03:00:54"}
{"level":"info","message":"POST /auth/login","timestamp":"2024-12-19 03:00:55"}
{"level":"info","message":"POST /auth/login","timestamp":"2024-12-19 03:00:56"}
{"level":"info","message":"POST /auth/login","timestamp":"2024-12-19 03:00:57"}
{"level":"info","message":"POST /auth/login","timestamp":"2024-12-19 03:00:57"}
{"level":"info","message":"POST /blog/","timestamp":"2024-12-19 03:01:03"}
{"level":"info","message":"POST /blog/","timestamp":"2024-12-19 03:01:04"}
{"level":"info","message":"POST /blog/","timestamp":"2024-12-19 03:01:14"}
{"level":"info","message":"POST /blog/","timestamp":"2024-12-19 03:01:23"}
{"level":"info","message":"POST /auth/login","timestamp":"2024-12-19 03:01:31"}
{"level":"info","message":"POST /blog/","timestamp":"2024-12-19 03:01:37"}
{"level":"info","message":"GET /protected","timestamp":"2024-12-19 03:01:47"}
{"level":"info","message":"Example app listening on port: 3000","timestamp":"2024-12-19 03:02:41"}
{"level":"info","message":"conectado a la base de datos","timestamp":"2024-12-19 03:02:42"}
{"level":"info","message":"Example app listening on port: 3000","timestamp":"2024-12-19 03:02:44"}
{"level":"info","message":"conectado a la base de datos","timestamp":"2024-12-19 03:02:45"}
{"level":"info","message":"Example app listening on port: 3000","timestamp":"2024-12-19 03:02:46"}
{"level":"info","message":"conectado a la base de datos","timestamp":"2024-12-19 03:02:46"}
{"level":"info","message":"Example app listening on port: 3000","timestamp":"2024-12-19 03:02:49"}
{"level":"info","message":"conectado a la base de datos","timestamp":"2024-12-19 03:02:50"}
{"level":"info","message":"POST /auth/login","timestamp":"2024-12-19 03:02:52"}
{"level":"info","message":"Example app listening on port: 3000","timestamp":"2024-12-19 03:03:19"}
{"level":"info","message":"conectado a la base de datos","timestamp":"2024-12-19 03:03:19"}
{"level":"info","message":"Example app listening on port: 3000","timestamp":"2024-12-19 03:03:21"}
{"level":"info","message":"conectado a la base de datos","timestamp":"2024-12-19 03:03:22"}
{"level":"info","message":"POST /auth/login","timestamp":"2024-12-19 03:03:26"}
{"level":"info","message":"POST /auth/login","timestamp":"2024-12-19 03:03:42"}
{"level":"info","message":"POST /auth/login","timestamp":"2024-12-19 03:03:42"}
{"level":"info","message":"POST /auth/login","timestamp":"2024-12-19 03:03:43"}
{"level":"info","message":"POST /auth/login","timestamp":"2024-12-19 03:03:44"}
{"level":"info","message":"POST /auth/login","timestamp":"2024-12-19 03:03:44"}
{"level":"info","message":"POST /auth/login","timestamp":"2024-12-19 03:03:45"}
{"level":"info","message":"GET /protected","timestamp":"2024-12-19 03:03:51"}
{"level":"info","message":"POST /blog/","timestamp":"2024-12-19 03:03:57"}
{"level":"info","message":"Example app listening on port: 3000","timestamp":"2024-12-19 03:05:33"}
{"level":"info","message":"conectado a la base de datos","timestamp":"2024-12-19 03:05:35"}
{"level":"info","message":"Example app listening on port: 3000","timestamp":"2024-12-19 03:05:35"}
{"level":"info","message":"conectado a la base de datos","timestamp":"2024-12-19 03:05:36"}
{"level":"info","message":"Example app listening on port: 3000","timestamp":"2024-12-19 03:06:14"}
{"level":"info","message":"conectado a la base de datos","timestamp":"2024-12-19 03:06:14"}
{"level":"info","message":"Example app listening on port: 3000","timestamp":"2024-12-19 03:06:16"}
{"level":"info","message":"conectado a la base de datos","timestamp":"2024-12-19 03:06:17"}
{"level":"info","message":"GET /blog/","timestamp":"2024-12-19 03:06:20"}
{"level":"info","message":"Example app listening on port: 3000","timestamp":"2024-12-19 03:06:41"}
{"level":"info","message":"Example app listening on port: 3000","timestamp":"2024-12-19 03:06:42"}
{"level":"info","message":"conectado a la base de datos","timestamp":"2024-12-19 03:06:43"}
{"level":"info","message":"Example app listening on port: 3000","timestamp":"2024-12-19 03:06:50"}
{"level":"info","message":"conectado a la base de datos","timestamp":"2024-12-19 03:06:50"}
