{"level":"info","message":"POST /auth/login","timestamp":"2024-12-27 00:00:07"}
{"level":"info","message":"POST /auth/token","timestamp":"2024-12-27 00:00:17"}
{"level":"info","message":"POST /auth/login","timestamp":"2024-12-27 00:03:06"}
{"level":"info","message":"POST /auth/login","timestamp":"2024-12-27 00:06:01"}
{"level":"info","message":"POST /auth/login","timestamp":"2024-12-27 00:06:01"}
{"level":"info","message":"POST /auth/login","timestamp":"2024-12-27 00:06:02"}
{"level":"info","message":"POST /auth/login","timestamp":"2024-12-27 00:06:03"}
{"level":"info","message":"POST /auth/login","timestamp":"2024-12-27 00:06:04"}
{"level":"info","message":"POST /auth/login","timestamp":"2024-12-27 00:06:04"}
{"level":"info","message":"POST /auth/login","timestamp":"2024-12-27 00:06:05"}
{"level":"info","message":"POST /auth/login","timestamp":"2024-12-27 00:06:06"}
{"level":"info","message":"POST /auth/token","timestamp":"2024-12-27 00:06:12"}
{"level":"info","message":"Example app listening on port: 3000","timestamp":"2024-12-27 00:13:23"}
{"level":"info","message":"conectado a la base de datos","timestamp":"2024-12-27 00:13:24"}
{"level":"info","message":"GET /blog/getbyautor/3f0c5b50-3740-4445-846e-22114511570e?page=1&limit=2","timestamp":"2024-12-27 00:13:39"}
{"level":"info","message":"OPTIONS /blog/8531b795-f2e1-490c-acf6-630b68368b39","timestamp":"2024-12-27 00:13:42"}
{"level":"info","message":"DELETE /blog/8531b795-f2e1-490c-acf6-630b68368b39","timestamp":"2024-12-27 00:13:42"}
{"level":"info","message":"OPTIONS /auth/token","timestamp":"2024-12-27 00:13:42"}
{"level":"info","message":"POST /auth/token","timestamp":"2024-12-27 00:13:42"}
{"level":"info","message":"GET /blog/getbyautor/3f0c5b50-3740-4445-846e-22114511570e?page=1&limit=2","timestamp":"2024-12-27 00:14:47"}
{"level":"info","message":"OPTIONS /blog/d1e582ce-d193-4926-8c87-da0db7f46df4","timestamp":"2024-12-27 00:14:48"}
{"level":"info","message":"DELETE /blog/d1e582ce-d193-4926-8c87-da0db7f46df4","timestamp":"2024-12-27 00:14:48"}
{"level":"info","message":"OPTIONS /auth/token","timestamp":"2024-12-27 00:14:48"}
{"level":"info","message":"POST /auth/token","timestamp":"2024-12-27 00:14:48"}
{"level":"info","message":"OPTIONS /blog/8531b795-f2e1-490c-acf6-630b68368b39","timestamp":"2024-12-27 00:15:36"}
{"level":"info","message":"DELETE /blog/8531b795-f2e1-490c-acf6-630b68368b39","timestamp":"2024-12-27 00:15:36"}
{"level":"info","message":"OPTIONS /auth/token","timestamp":"2024-12-27 00:15:36"}
{"level":"info","message":"POST /auth/token","timestamp":"2024-12-27 00:15:36"}
{"level":"info","message":"OPTIONS /auth/login","timestamp":"2024-12-27 00:15:55"}
{"level":"info","message":"POST /auth/login","timestamp":"2024-12-27 00:15:55"}
{"level":"info","message":"OPTIONS /auth/login","timestamp":"2024-12-27 00:16:05"}
{"level":"info","message":"POST /auth/login","timestamp":"2024-12-27 00:16:05"}
{"level":"info","message":"POST /auth/login","timestamp":"2024-12-27 00:16:10"}
{"level":"info","message":"Example app listening on port: 3000","timestamp":"2024-12-27 00:16:31"}
{"level":"info","message":"conectado a la base de datos","timestamp":"2024-12-27 00:16:31"}
{"level":"info","message":"Example app listening on port: 3000","timestamp":"2024-12-27 00:16:32"}
{"level":"info","message":"conectado a la base de datos","timestamp":"2024-12-27 00:16:33"}
{"level":"info","message":"OPTIONS /auth/login","timestamp":"2024-12-27 00:16:35"}
{"level":"info","message":"POST /auth/login","timestamp":"2024-12-27 00:16:35"}
{"level":"info","message":"GET /blog?page=1&limit=2","timestamp":"2024-12-27 00:16:35"}
{"level":"info","message":"GET /blog/getbyautor/3f0c5b50-3740-4445-846e-22114511570e?page=1&limit=2","timestamp":"2024-12-27 00:16:38"}
{"level":"info","message":"OPTIONS /blog/d1e582ce-d193-4926-8c87-da0db7f46df4","timestamp":"2024-12-27 00:16:41"}
{"level":"info","message":"DELETE /blog/d1e582ce-d193-4926-8c87-da0db7f46df4","timestamp":"2024-12-27 00:16:41"}
{"level":"info","message":"GET /blog/getbyautor/3f0c5b50-3740-4445-846e-22114511570e?page=1&limit=2","timestamp":"2024-12-27 00:16:41"}
{"level":"info","message":"OPTIONS /blog/8531b795-f2e1-490c-acf6-630b68368b39","timestamp":"2024-12-27 00:16:44"}
{"level":"info","message":"DELETE /blog/8531b795-f2e1-490c-acf6-630b68368b39","timestamp":"2024-12-27 00:16:44"}
{"level":"info","message":"GET /blog/getbyautor/3f0c5b50-3740-4445-846e-22114511570e?page=1&limit=2","timestamp":"2024-12-27 00:16:44"}
{"level":"info","message":"OPTIONS /blog/70db61c7-509e-48e3-9550-6981ea52f535","timestamp":"2024-12-27 00:16:46"}
{"level":"info","message":"DELETE /blog/70db61c7-509e-48e3-9550-6981ea52f535","timestamp":"2024-12-27 00:16:46"}
{"level":"info","message":"GET /blog/getbyautor/3f0c5b50-3740-4445-846e-22114511570e?page=1&limit=2","timestamp":"2024-12-27 00:16:46"}
{"level":"info","message":"OPTIONS /blog/b7bd7a10-5b31-47bc-a8b3-0540ed35f3dc","timestamp":"2024-12-27 00:16:48"}
{"level":"info","message":"DELETE /blog/b7bd7a10-5b31-47bc-a8b3-0540ed35f3dc","timestamp":"2024-12-27 00:16:48"}
{"level":"info","message":"GET /blog/getbyautor/3f0c5b50-3740-4445-846e-22114511570e?page=1&limit=2","timestamp":"2024-12-27 00:16:48"}
{"level":"info","message":"GET /blog/getbyautor/3f0c5b50-3740-4445-846e-22114511570e?page=1&limit=2","timestamp":"2024-12-27 00:20:43"}
{"level":"info","message":"GET /blog/getbyautor/3f0c5b50-3740-4445-846e-22114511570e?page=1&limit=2","timestamp":"2024-12-27 00:20:44"}
{"level":"info","message":"GET /blog/getbyautor/3f0c5b50-3740-4445-846e-22114511570e?page=1&limit=2","timestamp":"2024-12-27 00:20:46"}
{"level":"info","message":"GET /blog/getbyautor/3f0c5b50-3740-4445-846e-22114511570e?page=1&limit=2","timestamp":"2024-12-27 00:20:48"}
{"level":"info","message":"GET /blog/getbyautor/3f0c5b50-3740-4445-846e-22114511570e?page=1&limit=2","timestamp":"2024-12-27 00:20:50"}
{"level":"info","message":"GET /blog/getbyautor/3f0c5b50-3740-4445-846e-22114511570e?page=1&limit=2","timestamp":"2024-12-27 00:22:54"}
{"level":"info","message":"GET /blog/getbyautor/3f0c5b50-3740-4445-846e-22114511570e?page=1&limit=2","timestamp":"2024-12-27 00:26:09"}
{"level":"info","message":"GET /blog/getbyautor/3f0c5b50-3740-4445-846e-22114511570e?page=1&limit=2","timestamp":"2024-12-27 00:26:42"}
{"level":"info","message":"GET /blog/getbyautor/3f0c5b50-3740-4445-846e-22114511570e?page=1&limit=2","timestamp":"2024-12-27 00:31:48"}
{"level":"info","message":"GET /blog/getbyautor/3f0c5b50-3740-4445-846e-22114511570e?page=1&limit=2","timestamp":"2024-12-27 00:35:21"}
{"level":"info","message":"GET /blog/getbyautor/3f0c5b50-3740-4445-846e-22114511570e?page=1&limit=2","timestamp":"2024-12-27 00:40:56"}
