{"level":"info","message":"GET /blog/b7b088d7-566e-4dd6-8866-b9b28807692b","timestamp":"2024-12-28 23:21:34"}
{"level":"info","message":"GET /blog?page=1&limit=2","timestamp":"2024-12-28 23:28:42"}
{"level":"info","message":"GET /blog?page=1&limit=2","timestamp":"2024-12-28 23:32:13"}
{"level":"info","message":"GET /blog?page=2&limit=2","timestamp":"2024-12-28 23:38:55"}
{"level":"info","message":"GET /blog?page=3&limit=2","timestamp":"2024-12-28 23:39:02"}
{"level":"info","message":"GET /blog?page=1&limit=2","timestamp":"2024-12-28 23:39:06"}
{"level":"info","message":"GET /blog?page=2&limit=2","timestamp":"2024-12-28 23:39:08"}
{"level":"info","message":"GET /blog?page=3&limit=2","timestamp":"2024-12-28 23:39:08"}
{"level":"info","message":"OPTIONS /auth/register","timestamp":"2024-12-28 23:42:43"}
{"level":"info","message":"POST /auth/register","timestamp":"2024-12-28 23:42:43"}
{"level":"info","message":"OPTIONS /auth/login","timestamp":"2024-12-28 23:42:56"}
{"level":"info","message":"POST /auth/login","timestamp":"2024-12-28 23:42:56"}
{"level":"info","message":"GET /blog?page=1&limit=2","timestamp":"2024-12-28 23:42:56"}
{"level":"info","message":"OPTIONS /blog/","timestamp":"2024-12-28 23:43:24"}
{"level":"info","message":"POST /blog/","timestamp":"2024-12-28 23:43:24"}
{"level":"info","message":"GET /blog?page=1&limit=2","timestamp":"2024-12-28 23:43:29"}
{"level":"info","message":"GET /blog?page=2&limit=2","timestamp":"2024-12-28 23:43:31"}
{"level":"info","message":"GET /blog?page=3&limit=2","timestamp":"2024-12-28 23:43:31"}
{"level":"info","message":"GET /blog?page=4&limit=2","timestamp":"2024-12-28 23:43:32"}
{"level":"info","message":"GET /productos/paginado?page=1&limit=1","timestamp":"2024-12-28 23:45:36"}
{"level":"info","message":"GET /productos/paginado?page=1&limit=1","timestamp":"2024-12-28 23:47:52"}
{"level":"info","message":"GET /productos/paginado?page=1&limit=1","timestamp":"2024-12-28 23:48:31"}
{"level":"info","message":"GET /productos/paginado?page=1&limit=1","timestamp":"2024-12-28 23:48:39"}
{"level":"info","message":"GET /productos/paginado?page=1&limit=1","timestamp":"2024-12-28 23:48:51"}
{"level":"info","message":"GET /productos/paginado?page=1&limit=1","timestamp":"2024-12-28 23:48:54"}
{"level":"info","message":"GET /productos/paginado?page=1&limit=1","timestamp":"2024-12-28 23:48:56"}
{"level":"info","message":"GET /productos/paginado?page=1&limit=1","timestamp":"2024-12-28 23:49:17"}
{"level":"info","message":"GET /productos/paginado?page=1&limit=1","timestamp":"2024-12-28 23:49:19"}
{"level":"info","message":"GET /productos/paginado?page=1&limit=1","timestamp":"2024-12-28 23:49:39"}
{"level":"info","message":"GET /productos/paginado?page=1&limit=1","timestamp":"2024-12-28 23:49:41"}
{"level":"info","message":"GET /productos/paginado?page=1&limit=1","timestamp":"2024-12-28 23:49:42"}
{"level":"info","message":"GET /productos/paginado?page=1&limit=1","timestamp":"2024-12-28 23:49:49"}
{"level":"info","message":"GET /productos/paginado?page=1&limit=1","timestamp":"2024-12-28 23:49:56"}
{"level":"info","message":"GET /productos/paginado?page=1&limit=1","timestamp":"2024-12-28 23:50:00"}
{"level":"info","message":"GET /productos/paginado?page=1&limit=1","timestamp":"2024-12-28 23:50:03"}
{"level":"info","message":"GET /productos/paginado?page=1&limit=1","timestamp":"2024-12-28 23:50:04"}
{"level":"info","message":"GET /productos/paginado?page=1&limit=1","timestamp":"2024-12-28 23:50:44"}
{"level":"info","message":"GET /productos/paginado?page=1&limit=1","timestamp":"2024-12-28 23:50:45"}
{"level":"info","message":"GET /productos/paginado?page=1&limit=1","timestamp":"2024-12-28 23:50:57"}
{"level":"info","message":"GET /productos/paginado?page=1&limit=1","timestamp":"2024-12-28 23:51:45"}
{"level":"info","message":"GET /productos/paginado?page=1&limit=1","timestamp":"2024-12-28 23:51:47"}
{"level":"info","message":"GET /productos/paginado?page=1&limit=1","timestamp":"2024-12-28 23:51:51"}
{"level":"info","message":"GET /productos/paginado?page=1&limit=1","timestamp":"2024-12-28 23:51:59"}
{"level":"info","message":"GET /productos/paginado?page=1&limit=1","timestamp":"2024-12-28 23:52:02"}
{"level":"info","message":"GET /productos/paginado?page=1&limit=1","timestamp":"2024-12-28 23:52:05"}
{"level":"info","message":"GET /productos/paginado?page=1&limit=1","timestamp":"2024-12-28 23:52:07"}
{"level":"info","message":"GET /productos/paginado?page=1&limit=1","timestamp":"2024-12-28 23:52:14"}
{"level":"info","message":"GET /productos/paginado?page=1&limit=1","timestamp":"2024-12-28 23:52:20"}
{"level":"info","message":"GET /productos/paginado?page=1&limit=1","timestamp":"2024-12-28 23:52:23"}
{"level":"info","message":"GET /productos/paginado?page=1&limit=1","timestamp":"2024-12-28 23:52:36"}
{"level":"info","message":"GET /productos/paginado?page=1&limit=1","timestamp":"2024-12-28 23:52:37"}
{"level":"info","message":"GET /productos/paginado?page=1&limit=1","timestamp":"2024-12-28 23:52:37"}
{"level":"info","message":"GET /productos/paginado?page=1&limit=1","timestamp":"2024-12-28 23:52:41"}
{"level":"info","message":"GET /productos/paginado?page=1&limit=1","timestamp":"2024-12-28 23:52:44"}
{"level":"info","message":"GET /productos/paginado?page=1&limit=1","timestamp":"2024-12-28 23:52:45"}
{"level":"info","message":"GET /productos/paginado?page=1&limit=1","timestamp":"2024-12-28 23:52:53"}
{"level":"info","message":"GET /productos/paginado?page=1&limit=1","timestamp":"2024-12-28 23:52:54"}
{"level":"info","message":"GET /productos/paginado?page=1&limit=1","timestamp":"2024-12-28 23:55:01"}
{"level":"info","message":"GET /productos/paginado?page=1&limit=1","timestamp":"2024-12-28 23:55:03"}
{"level":"info","message":"GET /productos/paginado?page=1&limit=1","timestamp":"2024-12-28 23:55:24"}
{"level":"info","message":"GET /productos/paginado?page=1&limit=1","timestamp":"2024-12-28 23:55:25"}
{"level":"info","message":"GET /productos/paginado?page=1&limit=1","timestamp":"2024-12-28 23:57:44"}
{"level":"info","message":"GET /productos/paginado?page=1&limit=1","timestamp":"2024-12-28 23:57:46"}
{"level":"info","message":"GET /productos/paginado?page=1&limit=1","timestamp":"2024-12-28 23:57:58"}
{"level":"info","message":"GET /productos/paginado?page=1&limit=1","timestamp":"2024-12-28 23:58:05"}
{"level":"info","message":"GET /productos/paginado?page=1&limit=1","timestamp":"2024-12-28 23:58:07"}
{"level":"info","message":"GET /productos/paginado?page=1&limit=1","timestamp":"2024-12-28 23:58:08"}
{"level":"info","message":"GET /productos/paginado?page=1&limit=1","timestamp":"2024-12-28 23:58:10"}
{"level":"info","message":"GET /productos/paginado?page=1&limit=1","timestamp":"2024-12-28 23:58:17"}
{"level":"info","message":"GET /productos/paginado?page=1&limit=1","timestamp":"2024-12-28 23:58:19"}
