{"level":"info","message":"GET /blog?page=2&limit=1","timestamp":"2024-12-26 01:00:02"}
{"level":"info","message":"GET /blog?page=1&limit=1","timestamp":"2024-12-26 01:00:04"}
{"level":"info","message":"GET /blog?page=1&limit=1","timestamp":"2024-12-26 01:00:08"}
{"level":"info","message":"GET /blog?page=2&limit=1","timestamp":"2024-12-26 01:00:09"}
{"level":"info","message":"GET /blog?page=3&limit=1","timestamp":"2024-12-26 01:00:09"}
{"level":"info","message":"GET /blog?page=4&limit=1","timestamp":"2024-12-26 01:00:09"}
{"level":"info","message":"GET /blog?page=5&limit=1","timestamp":"2024-12-26 01:00:09"}
{"level":"info","message":"GET /blog?page=6&limit=1","timestamp":"2024-12-26 01:00:10"}
{"level":"info","message":"GET /blog?page=7&limit=1","timestamp":"2024-12-26 01:00:10"}
{"level":"info","message":"GET /blog?page=8&limit=1","timestamp":"2024-12-26 01:00:10"}
{"level":"info","message":"GET /blog?page=9&limit=1","timestamp":"2024-12-26 01:00:10"}
{"level":"info","message":"GET /blog?page=10&limit=1","timestamp":"2024-12-26 01:00:10"}
{"level":"info","message":"GET /blog?page=11&limit=1","timestamp":"2024-12-26 01:00:11"}
{"level":"info","message":"GET /blog?page=12&limit=1","timestamp":"2024-12-26 01:00:12"}
{"level":"info","message":"GET /blog?page=13&limit=1","timestamp":"2024-12-26 01:00:12"}
{"level":"info","message":"GET /blog?page=13&limit=1","timestamp":"2024-12-26 01:00:24"}
{"level":"info","message":"GET /blog?page=13&limit=1","timestamp":"2024-12-26 01:00:25"}
{"level":"info","message":"GET /blog?page=13&limit=1","timestamp":"2024-12-26 01:00:29"}
{"level":"info","message":"GET /blog?page=13&limit=1","timestamp":"2024-12-26 01:00:33"}
{"level":"info","message":"GET /blog?page=13&limit=1","timestamp":"2024-12-26 01:00:38"}
{"level":"info","message":"GET /blog?page=13&limit=1","timestamp":"2024-12-26 01:00:55"}
{"level":"info","message":"GET /blog?page=13&limit=1","timestamp":"2024-12-26 01:01:03"}
{"level":"info","message":"GET /blog?page=13&limit=1","timestamp":"2024-12-26 01:01:16"}
{"level":"info","message":"GET /blog?page=13&limit=1","timestamp":"2024-12-26 01:01:21"}
{"level":"info","message":"GET /blog?page=13&limit=1","timestamp":"2024-12-26 01:01:28"}
{"level":"info","message":"GET /blog?page=13&limit=1","timestamp":"2024-12-26 01:01:29"}
{"level":"info","message":"GET /blog?page=13&limit=1","timestamp":"2024-12-26 01:01:32"}
{"level":"info","message":"GET /blog?page=13&limit=1","timestamp":"2024-12-26 01:03:13"}
{"level":"info","message":"GET /blog?page=13&limit=1","timestamp":"2024-12-26 01:03:15"}
{"level":"info","message":"GET /blog?page=13&limit=1","timestamp":"2024-12-26 01:03:44"}
{"level":"info","message":"GET /blog?page=13&limit=1","timestamp":"2024-12-26 01:03:57"}
{"level":"info","message":"GET /blog?page=13&limit=1","timestamp":"2024-12-26 01:04:03"}
{"level":"info","message":"GET /blog?page=13&limit=1","timestamp":"2024-12-26 01:04:04"}
{"level":"info","message":"GET /blog?page=13&limit=1","timestamp":"2024-12-26 01:09:10"}
{"level":"info","message":"GET /blog?page=13&limit=1","timestamp":"2024-12-26 01:09:10"}
{"level":"info","message":"GET /blog?page=13&limit=1","timestamp":"2024-12-26 01:09:11"}
{"level":"info","message":"GET /blog?page=12&limit=1","timestamp":"2024-12-26 01:09:54"}
{"level":"info","message":"GET /blog?page=11&limit=1","timestamp":"2024-12-26 01:09:55"}
{"level":"info","message":"GET /blog?page=10&limit=1","timestamp":"2024-12-26 01:09:56"}
{"level":"info","message":"GET /blog?page=9&limit=1","timestamp":"2024-12-26 01:09:56"}
{"level":"info","message":"GET /blog?page=8&limit=1","timestamp":"2024-12-26 01:09:56"}
{"level":"info","message":"GET /blog?page=7&limit=1","timestamp":"2024-12-26 01:09:56"}
{"level":"info","message":"GET /blog?page=6&limit=1","timestamp":"2024-12-26 01:09:57"}
{"level":"info","message":"GET /blog?page=5&limit=1","timestamp":"2024-12-26 01:09:57"}
{"level":"info","message":"GET /blog?page=4&limit=1","timestamp":"2024-12-26 01:09:59"}
{"level":"info","message":"GET /blog?page=3&limit=1","timestamp":"2024-12-26 01:09:59"}
{"level":"info","message":"GET /blog?page=2&limit=1","timestamp":"2024-12-26 01:09:59"}
{"level":"info","message":"GET /blog?page=1&limit=1","timestamp":"2024-12-26 01:09:59"}
{"level":"info","message":"GET /blog?page=1&limit=5","timestamp":"2024-12-26 01:10:07"}
{"level":"info","message":"GET /blog?page=2&limit=5","timestamp":"2024-12-26 01:10:10"}
{"level":"info","message":"GET /blog?page=3&limit=5","timestamp":"2024-12-26 01:10:11"}
{"level":"info","message":"GET /blog?page=3&limit=5","timestamp":"2024-12-26 01:19:24"}
{"level":"info","message":"OPTIONS /auth/login","timestamp":"2024-12-26 01:19:35"}
{"level":"info","message":"POST /auth/login","timestamp":"2024-12-26 01:19:35"}
{"level":"info","message":"GET /blog?page=1&limit=2","timestamp":"2024-12-26 01:19:35"}
{"level":"info","message":"GET /blog/getbyautor/+3f0c5b50-3740-4445-846e-22114511570e?page=1&limit=2","timestamp":"2024-12-26 01:23:44"}
{"level":"info","message":"GET /blog/getbyautor/3f0c5b50-3740-4445-846e-22114511570e?page=1&limit=2","timestamp":"2024-12-26 01:24:02"}
{"level":"info","message":"GET /blog/getbyautor/3f0c5b50-3740-4445-846e-22114511570e?page=11&limit=1","timestamp":"2024-12-26 01:24:42"}
{"level":"info","message":"GET /blog/getbyautor/3f0c5b50-3740-4445-846e-22114511570e?page=1&limit=2","timestamp":"2024-12-26 01:25:15"}
{"level":"info","message":"GET /blog/getbyautor/3f0c5b50-3740-4445-846e-22114511570e?page=1&limit=2","timestamp":"2024-12-26 01:25:19"}
{"level":"info","message":"GET /blog/getbyautor/3f0c5b50-3740-4445-846e-22114511570e?page=1&limit=2","timestamp":"2024-12-26 01:25:35"}
{"level":"info","message":"GET /blog/getbyautor/3f0c5b50-3740-4445-846e-22114511570e?page=1&limit=2","timestamp":"2024-12-26 01:25:37"}
{"level":"info","message":"GET /blog/getbyautor/3f0c5b50-3740-4445-846e-22114511570e?page=11&limit=1","timestamp":"2024-12-26 01:26:14"}
{"level":"info","message":"GET /blog/getbyautor/3f0c5b50-3740-4445-846e-22114511570e?page=1&limit=2","timestamp":"2024-12-26 01:26:21"}
{"level":"info","message":"GET /blog/getbyautor/3f0c5b50-3740-4445-846e-22114511570e?page=1&limit=2","timestamp":"2024-12-26 01:26:38"}
{"level":"info","message":"GET /blog/getbyautor/3f0c5b50-3740-4445-846e-22114511570e?page=1&limit=2","timestamp":"2024-12-26 01:26:44"}
{"level":"info","message":"GET /blog/getbyautor/3f0c5b50-3740-4445-846e-22114511570e?page=1&limit=2","timestamp":"2024-12-26 01:26:57"}
{"level":"info","message":"GET /blog/getbyautor/3f0c5b50-3740-4445-846e-22114511570e?page=1&limit=1","timestamp":"2024-12-26 01:29:07"}
{"level":"info","message":"GET /blog/getbyautor/3f0c5b50-3740-4445-846e-22114511570e?page=1&limit=2","timestamp":"2024-12-26 01:29:19"}
{"level":"info","message":"GET /blog/getbyautor/3f0c5b50-3740-4445-846e-22114511570e?page=1&limit=1","timestamp":"2024-12-26 01:32:59"}
{"level":"info","message":"GET /blog/getbyautor/3f0c5b50-3740-4445-846e-22114511570e?page=1&limit=1","timestamp":"2024-12-26 01:33:10"}
{"level":"info","message":"GET /blog/getbyautor/3f0c5b50-3740-4445-846e-22114511570e?page=1&limit=5","timestamp":"2024-12-26 01:33:21"}
{"level":"info","message":"GET /blog/getbyautor/3f0c5b50-3740-4445-846e-22114511570e?page=1&limit=1","timestamp":"2024-12-26 01:33:43"}
{"level":"info","message":"GET /blog/getbyautor/3f0c5b50-3740-4445-846e-22114511570e?page=1&limit=1","timestamp":"2024-12-26 01:33:44"}
{"level":"info","message":"GET /blog/getbyautor/3f0c5b50-3740-4445-846e-22114511570e?page=1&limit=1","timestamp":"2024-12-26 01:33:44"}
{"level":"info","message":"GET /blog/getbyautor/3f0c5b50-3740-4445-846e-22114511570e?page=1&limit=1","timestamp":"2024-12-26 01:33:45"}
{"level":"info","message":"GET /blog/getbyautor/3f0c5b50-3740-4445-846e-22114511570e?page=1&limit=1","timestamp":"2024-12-26 01:34:04"}
{"level":"info","message":"GET /blog/getbyautor/3f0c5b50-3740-4445-846e-22114511570e?page=1&limit=1","timestamp":"2024-12-26 01:34:05"}
{"level":"info","message":"GET /blog/getbyautor/3f0c5b50-3740-4445-846e-22114511570e?page=2&limit=1","timestamp":"2024-12-26 01:34:09"}
{"level":"info","message":"GET /blog/getbyautor/3f0c5b50-3740-4445-846e-22114511570e?page=3&limit=1","timestamp":"2024-12-26 01:34:09"}
{"level":"info","message":"GET /blog/getbyautor/3f0c5b50-3740-4445-846e-22114511570e?page=4&limit=1","timestamp":"2024-12-26 01:34:10"}
{"level":"info","message":"GET /blog/getbyautor/3f0c5b50-3740-4445-846e-22114511570e?page=5&limit=1","timestamp":"2024-12-26 01:34:10"}
{"level":"info","message":"GET /blog/getbyautor/3f0c5b50-3740-4445-846e-22114511570e?page=6&limit=1","timestamp":"2024-12-26 01:34:11"}
{"level":"info","message":"GET /blog/getbyautor/3f0c5b50-3740-4445-846e-22114511570e?page=7&limit=1","timestamp":"2024-12-26 01:34:11"}
{"level":"info","message":"GET /blog/getbyautor/3f0c5b50-3740-4445-846e-22114511570e?page=8&limit=1","timestamp":"2024-12-26 01:34:12"}
{"level":"info","message":"GET /blog/getbyautor/3f0c5b50-3740-4445-846e-22114511570e?page=9&limit=1","timestamp":"2024-12-26 01:34:12"}
{"level":"info","message":"GET /blog/getbyautor/3f0c5b50-3740-4445-846e-22114511570e?page=10&limit=1","timestamp":"2024-12-26 01:34:12"}
{"level":"info","message":"GET /blog/getbyautor/3f0c5b50-3740-4445-846e-22114511570e?page=11&limit=1","timestamp":"2024-12-26 01:34:13"}
{"level":"info","message":"GET /blog/getbyautor/3f0c5b50-3740-4445-846e-22114511570e?page=12&limit=1","timestamp":"2024-12-26 01:34:14"}
{"level":"info","message":"GET /blog/getbyautor/3f0c5b50-3740-4445-846e-22114511570e?page=12&limit=1","timestamp":"2024-12-26 01:34:22"}
{"level":"info","message":"GET /blog/getbyautor/3f0c5b50-3740-4445-846e-22114511570e?page=11&limit=1","timestamp":"2024-12-26 01:34:27"}
{"level":"info","message":"GET /blog/getbyautor/3f0c5b50-3740-4445-846e-22114511570e?page=12&limit=1","timestamp":"2024-12-26 01:34:29"}
{"level":"info","message":"GET /blog/getbyautor/3f0c5b50-3740-4445-846e-22114511570e?page=12&limit=1","timestamp":"2024-12-26 01:34:32"}
{"level":"info","message":"GET /blog/getbyautor/3f0c5b50-3740-4445-846e-22114511570e?page=11&limit=1","timestamp":"2024-12-26 01:34:34"}
{"level":"info","message":"GET /blog/getbyautor/3f0c5b50-3740-4445-846e-22114511570e?page=12&limit=1","timestamp":"2024-12-26 01:34:35"}
{"level":"info","message":"GET /blog/getbyautor/3f0c5b50-3740-4445-846e-22114511570e?page=10&limit=1","timestamp":"2024-12-26 01:34:38"}
{"level":"info","message":"GET /blog/getbyautor/3f0c5b50-3740-4445-846e-22114511570e?page=9&limit=1","timestamp":"2024-12-26 01:34:45"}
{"level":"info","message":"GET /blog/getbyautor/3f0c5b50-3740-4445-846e-22114511570e?page=8&limit=1","timestamp":"2024-12-26 01:34:47"}
{"level":"info","message":"GET /blog/getbyautor/3f0c5b50-3740-4445-846e-22114511570e?page=1&limit=1","timestamp":"2024-12-26 01:35:01"}
{"level":"info","message":"Example app listening on port: 3000","timestamp":"2024-12-26 01:35:18"}
{"level":"info","message":"conectado a la base de datos","timestamp":"2024-12-26 01:35:19"}
{"level":"info","message":"Example app listening on port: 3000","timestamp":"2024-12-26 01:35:21"}
{"level":"info","message":"conectado a la base de datos","timestamp":"2024-12-26 01:35:21"}
{"level":"info","message":"Example app listening on port: 3000","timestamp":"2024-12-26 01:36:26"}
{"level":"info","message":"conectado a la base de datos","timestamp":"2024-12-26 01:36:26"}
{"level":"info","message":"Example app listening on port: 3000","timestamp":"2024-12-26 01:36:38"}
{"level":"info","message":"conectado a la base de datos","timestamp":"2024-12-26 01:36:39"}
{"level":"info","message":"Example app listening on port: 3000","timestamp":"2024-12-26 01:36:52"}
{"level":"info","message":"conectado a la base de datos","timestamp":"2024-12-26 01:36:52"}
{"level":"info","message":"Example app listening on port: 3000","timestamp":"2024-12-26 01:37:01"}
{"level":"info","message":"conectado a la base de datos","timestamp":"2024-12-26 01:37:01"}
{"level":"info","message":"Example app listening on port: 3000","timestamp":"2024-12-26 01:37:03"}
{"level":"info","message":"conectado a la base de datos","timestamp":"2024-12-26 01:37:03"}
{"level":"info","message":"Example app listening on port: 3000","timestamp":"2024-12-26 01:37:08"}
{"level":"info","message":"conectado a la base de datos","timestamp":"2024-12-26 01:37:08"}
{"level":"info","message":"Example app listening on port: 3000","timestamp":"2024-12-26 01:37:09"}
{"level":"info","message":"Example app listening on port: 3000","timestamp":"2024-12-26 01:37:10"}
{"level":"info","message":"conectado a la base de datos","timestamp":"2024-12-26 01:37:10"}
{"level":"info","message":"Example app listening on port: 3000","timestamp":"2024-12-26 01:37:11"}
{"level":"info","message":"conectado a la base de datos","timestamp":"2024-12-26 01:37:11"}
{"level":"info","message":"GET /blog/getbyautor/3f0c5b50-3740-4445-846e-22114511570e?page=1&limit=1","timestamp":"2024-12-26 01:37:20"}
{"level":"info","message":"Example app listening on port: 3000","timestamp":"2024-12-26 01:37:51"}
{"level":"info","message":"GET /blog/getbyautor/3f0c5b50-3740-4445-846e-22114511570e?page=1&limit=1","timestamp":"2024-12-26 01:37:52"}
{"level":"info","message":"Example app listening on port: 3000","timestamp":"2024-12-26 01:37:53"}
{"level":"info","message":"conectado a la base de datos","timestamp":"2024-12-26 01:37:53"}
{"level":"info","message":"GET /blog/getbyautor/3f0c5b50-3740-4445-846e-22114511570e?page=1&limit=1","timestamp":"2024-12-26 01:37:56"}
{"level":"info","message":"Example app listening on port: 3000","timestamp":"2024-12-26 01:38:38"}
{"level":"info","message":"conectado a la base de datos","timestamp":"2024-12-26 01:38:39"}
{"level":"info","message":"Example app listening on port: 3000","timestamp":"2024-12-26 01:38:42"}
{"level":"info","message":"conectado a la base de datos","timestamp":"2024-12-26 01:38:42"}
{"level":"info","message":"Example app listening on port: 3000","timestamp":"2024-12-26 01:38:43"}
{"level":"info","message":"conectado a la base de datos","timestamp":"2024-12-26 01:38:44"}
{"level":"info","message":"Example app listening on port: 3000","timestamp":"2024-12-26 01:38:45"}
{"level":"info","message":"conectado a la base de datos","timestamp":"2024-12-26 01:38:46"}
{"level":"info","message":"GET /blog/getbyautor/3f0c5b50-3740-4445-846e-22114511570e?page=1&limit=1","timestamp":"2024-12-26 01:38:47"}
{"level":"info","message":"Example app listening on port: 3000","timestamp":"2024-12-26 01:38:52"}
{"level":"info","message":"conectado a la base de datos","timestamp":"2024-12-26 01:38:52"}
{"level":"info","message":"Example app listening on port: 3000","timestamp":"2024-12-26 01:38:56"}
{"level":"info","message":"conectado a la base de datos","timestamp":"2024-12-26 01:38:56"}
{"level":"info","message":"GET /blog/getbyautor/3f0c5b50-3740-4445-846e-22114511570e?page=1&limit=1","timestamp":"2024-12-26 01:38:57"}
{"level":"info","message":"GET /blog/getbyautor/3f0c5b50-3740-4445-846e-22114511570e?page=1&limit=1","timestamp":"2024-12-26 01:39:00"}
{"level":"info","message":"Example app listening on port: 3000","timestamp":"2024-12-26 01:39:26"}
{"level":"info","message":"conectado a la base de datos","timestamp":"2024-12-26 01:39:26"}
{"level":"info","message":"Example app listening on port: 3000","timestamp":"2024-12-26 01:39:28"}
{"level":"info","message":"conectado a la base de datos","timestamp":"2024-12-26 01:39:28"}
{"level":"info","message":"Example app listening on port: 3000","timestamp":"2024-12-26 01:39:48"}
{"level":"info","message":"conectado a la base de datos","timestamp":"2024-12-26 01:39:48"}
{"level":"info","message":"Example app listening on port: 3000","timestamp":"2024-12-26 01:39:50"}
{"level":"info","message":"conectado a la base de datos","timestamp":"2024-12-26 01:39:50"}
{"level":"info","message":"GET /blog/getbyautor/3f0c5b50-3740-4445-846e-22114511570e?page=1&limit=1","timestamp":"2024-12-26 01:39:52"}
{"level":"info","message":"GET /blog/getbyautor/3f0c5b50-3740-4445-846e-22114511570e?page=1&limit=10","timestamp":"2024-12-26 01:40:04"}
{"level":"info","message":"Example app listening on port: 3000","timestamp":"2024-12-26 01:41:36"}
{"level":"info","message":"conectado a la base de datos","timestamp":"2024-12-26 01:41:37"}
{"level":"info","message":"Example app listening on port: 3000","timestamp":"2024-12-26 01:41:39"}
{"level":"info","message":"conectado a la base de datos","timestamp":"2024-12-26 01:41:39"}
{"level":"info","message":"Example app listening on port: 3000","timestamp":"2024-12-26 01:41:46"}
{"level":"info","message":"conectado a la base de datos","timestamp":"2024-12-26 01:41:47"}
{"level":"info","message":"Example app listening on port: 3000","timestamp":"2024-12-26 01:41:49"}
{"level":"info","message":"conectado a la base de datos","timestamp":"2024-12-26 01:41:49"}
{"level":"info","message":"Example app listening on port: 3000","timestamp":"2024-12-26 01:41:50"}
{"level":"info","message":"Example app listening on port: 3000","timestamp":"2024-12-26 01:41:50"}
{"level":"info","message":"conectado a la base de datos","timestamp":"2024-12-26 01:41:51"}
{"level":"info","message":"GET /blog/getbyautor/3f0c5b50-3740-4445-846e-22114511570e?page=1&limit=10","timestamp":"2024-12-26 01:41:56"}
{"level":"info","message":"Example app listening on port: 3000","timestamp":"2024-12-26 01:42:06"}
{"level":"info","message":"conectado a la base de datos","timestamp":"2024-12-26 01:42:06"}
{"level":"info","message":"GET /blog/getbyautor/3f0c5b50-3740-4445-846e-22114511570e?page=1&limit=10","timestamp":"2024-12-26 01:42:06"}
{"level":"info","message":"Example app listening on port: 3000","timestamp":"2024-12-26 01:43:50"}
{"level":"info","message":"conectado a la base de datos","timestamp":"2024-12-26 01:43:51"}
{"level":"info","message":"Example app listening on port: 3000","timestamp":"2024-12-26 01:43:55"}
{"level":"info","message":"conectado a la base de datos","timestamp":"2024-12-26 01:43:56"}
{"level":"info","message":"Example app listening on port: 3000","timestamp":"2024-12-26 01:44:03"}
{"level":"info","message":"conectado a la base de datos","timestamp":"2024-12-26 01:44:03"}
{"level":"info","message":"Example app listening on port: 3000","timestamp":"2024-12-26 01:44:04"}
{"level":"info","message":"conectado a la base de datos","timestamp":"2024-12-26 01:44:04"}
{"level":"info","message":"Example app listening on port: 3000","timestamp":"2024-12-26 01:44:12"}
{"level":"info","message":"conectado a la base de datos","timestamp":"2024-12-26 01:44:12"}
{"level":"info","message":"Example app listening on port: 3000","timestamp":"2024-12-26 01:44:16"}
{"level":"info","message":"conectado a la base de datos","timestamp":"2024-12-26 01:44:17"}
{"level":"info","message":"Example app listening on port: 3000","timestamp":"2024-12-26 01:44:18"}
{"level":"info","message":"conectado a la base de datos","timestamp":"2024-12-26 01:44:19"}
{"level":"info","message":"Example app listening on port: 3000","timestamp":"2024-12-26 01:44:21"}
{"level":"info","message":"conectado a la base de datos","timestamp":"2024-12-26 01:44:21"}
{"level":"info","message":"Example app listening on port: 3000","timestamp":"2024-12-26 01:44:23"}
{"level":"info","message":"conectado a la base de datos","timestamp":"2024-12-26 01:44:23"}
{"level":"info","message":"Example app listening on port: 3000","timestamp":"2024-12-26 01:44:26"}
{"level":"info","message":"conectado a la base de datos","timestamp":"2024-12-26 01:44:26"}
{"level":"info","message":"Example app listening on port: 3000","timestamp":"2024-12-26 01:44:28"}
{"level":"info","message":"conectado a la base de datos","timestamp":"2024-12-26 01:44:28"}
{"level":"info","message":"Example app listening on port: 3000","timestamp":"2024-12-26 01:44:30"}
{"level":"info","message":"conectado a la base de datos","timestamp":"2024-12-26 01:44:30"}
{"level":"info","message":"GET /blog/getbyautor/3f0c5b50-3740-4445-846e-22114511570e?page=1&limit=10","timestamp":"2024-12-26 01:44:31"}
{"level":"info","message":"Example app listening on port: 3000","timestamp":"2024-12-26 01:44:40"}
{"level":"info","message":"conectado a la base de datos","timestamp":"2024-12-26 01:44:41"}
{"level":"info","message":"GET /blog/getbyautor/3f0c5b50-3740-4445-846e-22114511570e?page=1&limit=10","timestamp":"2024-12-26 01:44:41"}
{"level":"info","message":"Example app listening on port: 3000","timestamp":"2024-12-26 01:44:55"}
{"level":"info","message":"conectado a la base de datos","timestamp":"2024-12-26 01:44:55"}
{"level":"info","message":"GET /blog?page=1&limit=2","timestamp":"2024-12-26 01:45:09"}
{"level":"info","message":"GET /blog?page=2&limit=2","timestamp":"2024-12-26 01:45:12"}
{"level":"info","message":"GET /blog?page=1&limit=2","timestamp":"2024-12-26 01:45:15"}
{"level":"info","message":"GET /blog/b7b088d7-566e-4dd6-8866-b9b28807692b","timestamp":"2024-12-26 01:45:16"}
{"level":"info","message":"POST /auth/login","timestamp":"2024-12-26 01:45:29"}
{"level":"info","message":"POST /auth/login","timestamp":"2024-12-26 01:45:36"}
{"level":"info","message":"GET /blog/getbyautor/00ab055d-d9af-4c37-bb1a-6857d243532d?page=1&limit=10","timestamp":"2024-12-26 01:45:58"}
{"level":"info","message":"GET /blog?page=1&limit=2","timestamp":"2024-12-26 01:46:07"}
{"level":"info","message":"GET /blog/getbyautor/3f0c5b50-3740-4445-846e-22114511570e?page=1&limit=2","timestamp":"2024-12-26 01:46:20"}
{"level":"info","message":"GET /blog/getbyautor/3f0c5b50-3740-4445-846e-22114511570e?page=2&limit=2","timestamp":"2024-12-26 01:46:22"}
{"level":"info","message":"GET /blog/getbyautor/3f0c5b50-3740-4445-846e-22114511570e?page=3&limit=2","timestamp":"2024-12-26 01:46:24"}
{"level":"info","message":"GET /blog/getbyautor/3f0c5b50-3740-4445-846e-22114511570e?page=4&limit=2","timestamp":"2024-12-26 01:46:24"}
{"level":"info","message":"GET /blog/getbyautor/3f0c5b50-3740-4445-846e-22114511570e?page=5&limit=2","timestamp":"2024-12-26 01:46:25"}
{"level":"info","message":"GET /blog/getbyautor/3f0c5b50-3740-4445-846e-22114511570e?page=6&limit=2","timestamp":"2024-12-26 01:46:25"}
{"level":"info","message":"GET /blog/getbyautor/3f0c5b50-3740-4445-846e-22114511570e?page=5&limit=2","timestamp":"2024-12-26 01:46:28"}
{"level":"info","message":"GET /blog/getbyautor/3f0c5b50-3740-4445-846e-22114511570e?page=4&limit=2","timestamp":"2024-12-26 01:46:28"}
{"level":"info","message":"GET /blog/getbyautor/3f0c5b50-3740-4445-846e-22114511570e?page=3&limit=2","timestamp":"2024-12-26 01:46:28"}
{"level":"info","message":"GET /blog/getbyautor/3f0c5b50-3740-4445-846e-22114511570e?page=2&limit=2","timestamp":"2024-12-26 01:46:28"}
{"level":"info","message":"GET /blog/getbyautor/3f0c5b50-3740-4445-846e-22114511570e?page=1&limit=2","timestamp":"2024-12-26 01:46:29"}
{"level":"info","message":"Example app listening on port: 3000","timestamp":"2024-12-26 01:46:36"}
{"level":"info","message":"conectado a la base de datos","timestamp":"2024-12-26 01:46:36"}
{"level":"info","message":"GET /blog/getbyautor/3f0c5b50-3740-4445-846e-22114511570e?page=1&limit=2","timestamp":"2024-12-26 01:46:48"}
{"level":"info","message":"GET /blog/getbyautor/3f0c5b50-3740-4445-846e-22114511570e?page=1&limit=2","timestamp":"2024-12-26 01:46:49"}
{"level":"info","message":"GET /blog/getbyautor/3f0c5b50-3740-4445-846e-22114511570e?page=1&limit=2","timestamp":"2024-12-26 01:46:51"}
{"level":"info","message":"GET /blog/getbyautor/3f0c5b50-3740-4445-846e-22114511570e?page=1&limit=2","timestamp":"2024-12-26 01:46:52"}
{"level":"info","message":"GET /blog/getbyautor/3f0c5b50-3740-4445-846e-22114511570e?page=1&limit=2","timestamp":"2024-12-26 01:46:54"}
{"level":"info","message":"GET /blog/getbyautor/3f0c5b50-3740-4445-846e-22114511570e?page=2&limit=2","timestamp":"2024-12-26 01:46:58"}
{"level":"info","message":"GET /blog/getbyautor/3f0c5b50-3740-4445-846e-22114511570e?page=3&limit=2","timestamp":"2024-12-26 01:46:58"}
{"level":"info","message":"GET /blog/getbyautor/3f0c5b50-3740-4445-846e-22114511570e?page=4&limit=2","timestamp":"2024-12-26 01:46:58"}
{"level":"info","message":"GET /blog/getbyautor/3f0c5b50-3740-4445-846e-22114511570e?page=5&limit=2","timestamp":"2024-12-26 01:46:59"}
{"level":"info","message":"GET /blog/getbyautor/3f0c5b50-3740-4445-846e-22114511570e?page=5&limit=2","timestamp":"2024-12-26 01:47:01"}
{"level":"info","message":"GET /blog/getbyautor/3f0c5b50-3740-4445-846e-22114511570e?page=6&limit=2","timestamp":"2024-12-26 01:47:08"}
{"level":"info","message":"GET /blog/getbyautor/3f0c5b50-3740-4445-846e-22114511570e?page=5&limit=2","timestamp":"2024-12-26 01:47:10"}
{"level":"info","message":"GET /blog/getbyautor/3f0c5b50-3740-4445-846e-22114511570e?page=4&limit=2","timestamp":"2024-12-26 01:47:10"}
{"level":"info","message":"GET /blog/getbyautor/3f0c5b50-3740-4445-846e-22114511570e?page=3&limit=2","timestamp":"2024-12-26 01:47:10"}
{"level":"info","message":"GET /blog/getbyautor/3f0c5b50-3740-4445-846e-22114511570e?page=2&limit=2","timestamp":"2024-12-26 01:47:10"}
{"level":"info","message":"GET /blog/getbyautor/3f0c5b50-3740-4445-846e-22114511570e?page=2&limit=2","timestamp":"2024-12-26 01:47:23"}
{"level":"info","message":"GET /blog/getbyautor/3f0c5b50-3740-4445-846e-22114511570e?page=2&limit=2","timestamp":"2024-12-26 01:47:31"}
{"level":"info","message":"GET /blog/getbyautor/3f0c5b50-3740-4445-846e-22114511570e?page=2&limit=2","timestamp":"2024-12-26 01:47:34"}
{"level":"info","message":"GET /blog?page=1&limit=2","timestamp":"2024-12-26 01:47:36"}
{"level":"info","message":"GET /blog/getbyautor/3f0c5b50-3740-4445-846e-22114511570e?page=1&limit=2","timestamp":"2024-12-26 01:47:42"}
{"level":"info","message":"GET /blog/getbyautor/3f0c5b50-3740-4445-846e-22114511570e?page=2&limit=2","timestamp":"2024-12-26 01:47:44"}
{"level":"info","message":"GET /blog/getbyautor/3f0c5b50-3740-4445-846e-22114511570e?page=3&limit=2","timestamp":"2024-12-26 01:47:44"}
{"level":"info","message":"GET /blog/getbyautor/3f0c5b50-3740-4445-846e-22114511570e?page=4&limit=2","timestamp":"2024-12-26 01:47:44"}
{"level":"info","message":"GET /blog/getbyautor/3f0c5b50-3740-4445-846e-22114511570e?page=5&limit=2","timestamp":"2024-12-26 01:47:44"}
{"level":"info","message":"Example app listening on port: 3000","timestamp":"2024-12-26 01:47:59"}
{"level":"info","message":"conectado a la base de datos","timestamp":"2024-12-26 01:47:59"}
{"level":"info","message":"Example app listening on port: 3000","timestamp":"2024-12-26 01:48:29"}
{"level":"info","message":"conectado a la base de datos","timestamp":"2024-12-26 01:48:30"}
{"level":"info","message":"Example app listening on port: 3000","timestamp":"2024-12-26 01:48:31"}
{"level":"info","message":"conectado a la base de datos","timestamp":"2024-12-26 01:48:31"}
{"level":"info","message":"Example app listening on port: 3000","timestamp":"2024-12-26 01:48:35"}
{"level":"info","message":"conectado a la base de datos","timestamp":"2024-12-26 01:48:36"}
{"level":"info","message":"GET /blog/getbyautor/3f0c5b50-3740-4445-846e-22114511570e?page=1&limit=2","timestamp":"2024-12-26 01:48:37"}
{"level":"info","message":"GET /blog/getbyautor/3f0c5b50-3740-4445-846e-22114511570e?page=2&limit=2","timestamp":"2024-12-26 01:48:41"}
{"level":"info","message":"GET /blog/getbyautor/3f0c5b50-3740-4445-846e-22114511570e?page=3&limit=2","timestamp":"2024-12-26 01:48:44"}
{"level":"info","message":"GET /blog/getbyautor/3f0c5b50-3740-4445-846e-22114511570e?page=4&limit=2","timestamp":"2024-12-26 01:48:44"}
{"level":"info","message":"GET /blog/getbyautor/3f0c5b50-3740-4445-846e-22114511570e?page=5&limit=2","timestamp":"2024-12-26 01:48:45"}
{"level":"info","message":"GET /blog/getbyautor/3f0c5b50-3740-4445-846e-22114511570e?page=6&limit=2","timestamp":"2024-12-26 01:48:45"}
{"level":"info","message":"GET /blog/getbyautor/3f0c5b50-3740-4445-846e-22114511570e?page=5&limit=2","timestamp":"2024-12-26 01:48:47"}
{"level":"info","message":"GET /blog/getbyautor/3f0c5b50-3740-4445-846e-22114511570e?page=5&limit=2","timestamp":"2024-12-26 01:49:24"}
{"level":"info","message":"GET /blog/getbyautor/3f0c5b50-3740-4445-846e-22114511570e?page=5&limit=2","timestamp":"2024-12-26 01:49:29"}
{"level":"info","message":"GET /blog/getbyautor/3f0c5b50-3740-4445-846e-22114511570e?page=5&limit=2","timestamp":"2024-12-26 01:49:38"}
{"level":"info","message":"GET /blog/getbyautor/3f0c5b50-3740-4445-846e-22114511570e?page=5&limit=2","timestamp":"2024-12-26 01:49:39"}
{"level":"info","message":"GET /blog/getbyautor/3f0c5b50-3740-4445-846e-22114511570e?page=5&limit=2","timestamp":"2024-12-26 01:49:45"}
{"level":"info","message":"GET /blog/getbyautor/3f0c5b50-3740-4445-846e-22114511570e?page=5&limit=2","timestamp":"2024-12-26 01:49:47"}
{"level":"info","message":"GET /blog/getbyautor/3f0c5b50-3740-4445-846e-22114511570e?page=6&limit=2","timestamp":"2024-12-26 01:49:58"}
{"level":"info","message":"GET /blog/getbyautor/3f0c5b50-3740-4445-846e-22114511570e?page=5&limit=2","timestamp":"2024-12-26 01:49:59"}
{"level":"info","message":"GET /blog/getbyautor/3f0c5b50-3740-4445-846e-22114511570e?page=4&limit=2","timestamp":"2024-12-26 01:49:59"}
{"level":"info","message":"GET /blog/getbyautor/3f0c5b50-3740-4445-846e-22114511570e?page=3&limit=2","timestamp":"2024-12-26 01:50:02"}
{"level":"info","message":"GET /blog/getbyautor/3f0c5b50-3740-4445-846e-22114511570e?page=3&limit=2","timestamp":"2024-12-26 01:50:19"}
{"level":"info","message":"GET /blog/getbyautor/3f0c5b50-3740-4445-846e-22114511570e?page=3&limit=2","timestamp":"2024-12-26 01:50:31"}
{"level":"info","message":"GET /blog/getbyautor/3f0c5b50-3740-4445-846e-22114511570e?page=3&limit=2","timestamp":"2024-12-26 01:50:32"}
{"level":"info","message":"GET /blog/getbyautor/3f0c5b50-3740-4445-846e-22114511570e?page=3&limit=2","timestamp":"2024-12-26 01:50:43"}
{"level":"info","message":"GET /blog/getbyautor/3f0c5b50-3740-4445-846e-22114511570e?page=3&limit=2","timestamp":"2024-12-26 01:50:44"}
{"level":"info","message":"GET /blog/getbyautor/3f0c5b50-3740-4445-846e-22114511570e?page=3&limit=2","timestamp":"2024-12-26 01:50:51"}
{"level":"info","message":"GET /blog/getbyautor/00ab055d-d9af-4c37-bb1a-6857d243532d?page=3&limit=2","timestamp":"2024-12-26 01:51:00"}
{"level":"info","message":"GET /blog/getbyautor/3f0c5b50-3740-4445-846e-22114511570e?page=3&limit=2","timestamp":"2024-12-26 01:51:22"}
{"level":"info","message":"GET /blog/getbyautor/3f0c5b50-3740-4445-846e-22114511570e?page=3&limit=1","timestamp":"2024-12-26 01:52:02"}
{"level":"info","message":"GET /blog/getbyautor/3f0c5b50-3740-4445-846e-22114511570e?page=1&limit=1","timestamp":"2024-12-26 01:52:08"}
{"level":"info","message":"GET /blog/getbyautor/3f0c5b50-3740-4445-846e-22114511570e?page=1&limit=2","timestamp":"2024-12-26 01:52:20"}
{"level":"info","message":"GET /blog/getbyautor/3f0c5b50-3740-4445-846e-22114511570e?page=1&limit=3","timestamp":"2024-12-26 01:52:24"}
{"level":"info","message":"GET /blog/getbyautor/3f0c5b50-3740-4445-846e-22114511570e?page=4&limit=3","timestamp":"2024-12-26 01:52:28"}
{"level":"info","message":"GET /blog/getbyautor/3f0c5b50-3740-4445-846e-22114511570e?page=6&limit=3","timestamp":"2024-12-26 01:52:36"}
{"level":"info","message":"GET /blog/getbyautor/3f0c5b50-3740-4445-846e-22114511570e?page=4&limit=2","timestamp":"2024-12-26 01:52:44"}
{"level":"info","message":"Example app listening on port: 3000","timestamp":"2024-12-26 01:53:45"}
{"level":"info","message":"Example app listening on port: 3000","timestamp":"2024-12-26 01:53:46"}
{"level":"info","message":"conectado a la base de datos","timestamp":"2024-12-26 01:53:46"}
{"level":"info","message":"GET /blog/getbyautor/3f0c5b50-3740-4445-846e-22114511570e?page=4&limit=2","timestamp":"2024-12-26 01:53:48"}
{"level":"info","message":"Example app listening on port: 3000","timestamp":"2024-12-26 01:54:39"}
{"level":"info","message":"conectado a la base de datos","timestamp":"2024-12-26 01:54:40"}
{"level":"info","message":"Example app listening on port: 3000","timestamp":"2024-12-26 01:54:41"}
{"level":"info","message":"GET /blog/getbyautor/3f0c5b50-3740-4445-846e-22114511570e?page=4&limit=2","timestamp":"2024-12-26 01:54:41"}
{"level":"info","message":"conectado a la base de datos","timestamp":"2024-12-26 01:54:41"}
{"level":"info","message":"Example app listening on port: 3000","timestamp":"2024-12-26 01:55:36"}
{"level":"info","message":"conectado a la base de datos","timestamp":"2024-12-26 01:55:37"}
{"level":"info","message":"Example app listening on port: 3000","timestamp":"2024-12-26 01:55:38"}
{"level":"info","message":"conectado a la base de datos","timestamp":"2024-12-26 01:55:39"}
{"level":"info","message":"Example app listening on port: 3000","timestamp":"2024-12-26 01:55:40"}
{"level":"info","message":"conectado a la base de datos","timestamp":"2024-12-26 01:55:40"}
{"level":"info","message":"Example app listening on port: 3000","timestamp":"2024-12-26 01:55:43"}
{"level":"info","message":"conectado a la base de datos","timestamp":"2024-12-26 01:55:43"}
{"level":"info","message":"GET /blog/getbyautor/3f0c5b50-3740-4445-846e-22114511570e?page=4&limit=2","timestamp":"2024-12-26 01:55:48"}
{"level":"info","message":"GET /blog/getbyautor/3f0c5b50-3740-4445-846e-22114511570e?page=1&limit=2","timestamp":"2024-12-26 01:57:41"}
{"level":"info","message":"Example app listening on port: 3000","timestamp":"2024-12-26 01:57:47"}
{"level":"info","message":"Example app listening on port: 3000","timestamp":"2024-12-26 01:57:48"}
{"level":"info","message":"conectado a la base de datos","timestamp":"2024-12-26 01:57:48"}
{"level":"info","message":"GET /blog/getbyautor/3f0c5b50-3740-4445-846e-22114511570e?page=1&limit=2","timestamp":"2024-12-26 01:57:49"}
{"level":"info","message":"GET /blog/getbyautor/3f0c5b50-3740-4445-846e-22114511570e?page=4&limit=2","timestamp":"2024-12-26 01:58:10"}
{"level":"info","message":"Example app listening on port: 3000","timestamp":"2024-12-26 01:58:57"}
{"level":"info","message":"conectado a la base de datos","timestamp":"2024-12-26 01:58:57"}
{"level":"info","message":"Example app listening on port: 3000","timestamp":"2024-12-26 01:59:21"}
{"level":"info","message":"conectado a la base de datos","timestamp":"2024-12-26 01:59:22"}
{"level":"info","message":"Example app listening on port: 3000","timestamp":"2024-12-26 01:59:24"}
{"level":"info","message":"conectado a la base de datos","timestamp":"2024-12-26 01:59:24"}
{"level":"info","message":"Example app listening on port: 3000","timestamp":"2024-12-26 01:59:25"}
{"level":"info","message":"conectado a la base de datos","timestamp":"2024-12-26 01:59:26"}
{"level":"info","message":"GET /blog/getbyautor/3f0c5b50-3740-4445-846e-22114511570e?page=4&limit=2","timestamp":"2024-12-26 01:59:28"}
{"level":"info","message":"Example app listening on port: 3000","timestamp":"2024-12-26 01:59:40"}
{"level":"info","message":"conectado a la base de datos","timestamp":"2024-12-26 01:59:41"}
{"level":"info","message":"Example app listening on port: 3000","timestamp":"2024-12-26 01:59:44"}
{"level":"info","message":"conectado a la base de datos","timestamp":"2024-12-26 01:59:44"}
{"level":"info","message":"Example app listening on port: 3000","timestamp":"2024-12-26 01:59:45"}
{"level":"info","message":"conectado a la base de datos","timestamp":"2024-12-26 01:59:46"}
{"level":"info","message":"GET /blog/getbyautor/3f0c5b50-3740-4445-846e-22114511570e?page=4&limit=2","timestamp":"2024-12-26 01:59:47"}
