{"level":"info","message":"Example app listening on port: 3000","timestamp":"2024-12-17 00:00:00"}
{"level":"info","message":"conectado a la base de datos","timestamp":"2024-12-17 00:00:01"}
{"level":"info","message":"Example app listening on port: 3000","timestamp":"2024-12-17 00:00:03"}
{"level":"info","message":"conectado a la base de datos","timestamp":"2024-12-17 00:00:03"}
{"level":"info","message":"Example app listening on port: 3000","timestamp":"2024-12-17 00:00:07"}
{"level":"info","message":"conectado a la base de datos","timestamp":"2024-12-17 00:00:08"}
{"level":"info","message":"GET /productos/filtrado","timestamp":"2024-12-17 00:00:09"}
{"level":"info","message":"GET /productos/filtrado?limit=1&page=2","timestamp":"2024-12-17 00:00:13"}
{"level":"info","message":"Example app listening on port: 3000","timestamp":"2024-12-17 00:00:37"}
{"level":"info","message":"conectado a la base de datos","timestamp":"2024-12-17 00:00:37"}
{"level":"info","message":"Example app listening on port: 3000","timestamp":"2024-12-17 00:00:40"}
{"level":"info","message":"conectado a la base de datos","timestamp":"2024-12-17 00:00:40"}
{"level":"info","message":"Example app listening on port: 3000","timestamp":"2024-12-17 00:00:42"}
{"level":"info","message":"conectado a la base de datos","timestamp":"2024-12-17 00:00:42"}
{"level":"info","message":"Example app listening on port: 3000","timestamp":"2024-12-17 00:00:43"}
{"level":"info","message":"conectado a la base de datos","timestamp":"2024-12-17 00:00:44"}
{"level":"info","message":"GET /productos/filtrado?limit=1&page=2","timestamp":"2024-12-17 00:00:45"}
{"level":"info","message":"Example app listening on port: 3000","timestamp":"2024-12-17 00:00:54"}
{"level":"info","message":"conectado a la base de datos","timestamp":"2024-12-17 00:00:55"}
{"level":"info","message":"Example app listening on port: 3000","timestamp":"2024-12-17 00:00:57"}
{"level":"info","message":"conectado a la base de datos","timestamp":"2024-12-17 00:00:57"}
{"level":"info","message":"Example app listening on port: 3000","timestamp":"2024-12-17 00:01:01"}
{"level":"info","message":"GET /productos/filtrado?limit=1&page=2","timestamp":"2024-12-17 00:01:01"}
{"level":"info","message":"conectado a la base de datos","timestamp":"2024-12-17 00:01:02"}
{"level":"info","message":"Example app listening on port: 3000","timestamp":"2024-12-17 00:01:13"}
{"level":"info","message":"conectado a la base de datos","timestamp":"2024-12-17 00:01:15"}
{"level":"info","message":"GET /productos/filtrado","timestamp":"2024-12-17 00:02:29"}
{"level":"info","message":"Example app listening on port: 3000","timestamp":"2024-12-17 00:02:47"}
{"level":"info","message":"conectado a la base de datos","timestamp":"2024-12-17 00:02:47"}
{"level":"info","message":"Example app listening on port: 3000","timestamp":"2024-12-17 00:02:49"}
{"level":"info","message":"conectado a la base de datos","timestamp":"2024-12-17 00:02:49"}
{"level":"info","message":"Example app listening on port: 3000","timestamp":"2024-12-17 00:02:50"}
{"level":"info","message":"conectado a la base de datos","timestamp":"2024-12-17 00:02:50"}
{"level":"info","message":"GET /productos/filtrado","timestamp":"2024-12-17 00:02:50"}
{"level":"info","message":"Example app listening on port: 3000","timestamp":"2024-12-17 00:03:00"}
{"level":"info","message":"conectado a la base de datos","timestamp":"2024-12-17 00:03:01"}
{"level":"info","message":"Example app listening on port: 3000","timestamp":"2024-12-17 00:03:05"}
{"level":"info","message":"conectado a la base de datos","timestamp":"2024-12-17 00:03:06"}
{"level":"info","message":"GET /productos/filtrado","timestamp":"2024-12-17 00:03:06"}
{"level":"info","message":"Example app listening on port: 3000","timestamp":"2024-12-17 00:03:22"}
{"level":"info","message":"conectado a la base de datos","timestamp":"2024-12-17 00:03:22"}
{"level":"info","message":"GET /productos/filtrado","timestamp":"2024-12-17 00:03:26"}
{"level":"info","message":"Example app listening on port: 3000","timestamp":"2024-12-17 00:03:37"}
{"level":"info","message":"conectado a la base de datos","timestamp":"2024-12-17 00:03:37"}
{"level":"info","message":"GET /productos/filtrado","timestamp":"2024-12-17 00:03:38"}
{"level":"info","message":"Example app listening on port: 3000","timestamp":"2024-12-17 00:03:49"}
{"level":"info","message":"conectado a la base de datos","timestamp":"2024-12-17 00:03:49"}
{"level":"info","message":"GET /productos/filtrado","timestamp":"2024-12-17 00:03:50"}
{"level":"info","message":"Example app listening on port: 3000","timestamp":"2024-12-17 00:03:55"}
{"level":"info","message":"GET /productos/filtrado","timestamp":"2024-12-17 00:03:57"}
{"level":"info","message":"conectado a la base de datos","timestamp":"2024-12-17 00:04:04"}
{"level":"info","message":"Example app listening on port: 3000","timestamp":"2024-12-17 00:04:07"}
{"level":"info","message":"conectado a la base de datos","timestamp":"2024-12-17 00:04:08"}
{"level":"info","message":"GET /productos/filtrado","timestamp":"2024-12-17 00:04:08"}
{"level":"info","message":"Example app listening on port: 3000","timestamp":"2024-12-17 00:04:23"}
{"level":"info","message":"conectado a la base de datos","timestamp":"2024-12-17 00:04:23"}
{"level":"info","message":"Example app listening on port: 3000","timestamp":"2024-12-17 00:04:24"}
{"level":"info","message":"GET /productos/filtrado","timestamp":"2024-12-17 00:04:25"}
{"level":"info","message":"conectado a la base de datos","timestamp":"2024-12-17 00:04:25"}
{"level":"info","message":"Example app listening on port: 3000","timestamp":"2024-12-17 00:05:31"}
{"level":"info","message":"GET /productos/filtrado","timestamp":"2024-12-17 00:05:32"}
{"level":"info","message":"conectado a la base de datos","timestamp":"2024-12-17 00:05:32"}
{"level":"info","message":"Example app listening on port: 3000","timestamp":"2024-12-17 00:05:50"}
{"level":"info","message":"conectado a la base de datos","timestamp":"2024-12-17 00:05:50"}
{"level":"info","message":"GET /productos/filtrado","timestamp":"2024-12-17 00:05:51"}
{"level":"info","message":"Example app listening on port: 3000","timestamp":"2024-12-17 00:05:53"}
{"level":"info","message":"conectado a la base de datos","timestamp":"2024-12-17 00:05:53"}
{"level":"info","message":"Example app listening on port: 3000","timestamp":"2024-12-17 00:06:05"}
{"level":"info","message":"conectado a la base de datos","timestamp":"2024-12-17 00:06:05"}
{"level":"info","message":"POST /productos","timestamp":"2024-12-17 00:06:21"}
{"level":"info","message":"Example app listening on port: 3000","timestamp":"2024-12-17 00:07:01"}
{"level":"info","message":"conectado a la base de datos","timestamp":"2024-12-17 00:07:01"}
{"level":"info","message":"Example app listening on port: 3000","timestamp":"2024-12-17 00:07:03"}
{"level":"info","message":"conectado a la base de datos","timestamp":"2024-12-17 00:07:03"}
{"level":"info","message":"Example app listening on port: 3000","timestamp":"2024-12-17 00:07:04"}
{"level":"info","message":"conectado a la base de datos","timestamp":"2024-12-17 00:07:05"}
{"level":"info","message":"Example app listening on port: 3000","timestamp":"2024-12-17 00:07:05"}
{"level":"info","message":"conectado a la base de datos","timestamp":"2024-12-17 00:07:06"}
{"level":"info","message":"Example app listening on port: 3000","timestamp":"2024-12-17 00:07:07"}
{"level":"info","message":"POST /productos","timestamp":"2024-12-17 00:07:07"}
{"level":"info","message":"conectado a la base de datos","timestamp":"2024-12-17 00:07:07"}
{"level":"info","message":"Example app listening on port: 3000","timestamp":"2024-12-17 00:07:24"}
{"level":"info","message":"conectado a la base de datos","timestamp":"2024-12-17 00:07:24"}
{"level":"info","message":"Example app listening on port: 3000","timestamp":"2024-12-17 00:07:26"}
{"level":"info","message":"conectado a la base de datos","timestamp":"2024-12-17 00:07:26"}
{"level":"info","message":"Example app listening on port: 3000","timestamp":"2024-12-17 00:07:27"}
{"level":"info","message":"POST /productos","timestamp":"2024-12-17 00:07:28"}
{"level":"info","message":"conectado a la base de datos","timestamp":"2024-12-17 00:07:28"}
{"level":"info","message":"Example app listening on port: 3000","timestamp":"2024-12-17 00:08:10"}
{"level":"info","message":"conectado a la base de datos","timestamp":"2024-12-17 00:08:11"}
{"level":"info","message":"Example app listening on port: 3000","timestamp":"2024-12-17 00:08:12"}
{"level":"info","message":"POST /productos","timestamp":"2024-12-17 00:08:12"}
{"level":"info","message":"conectado a la base de datos","timestamp":"2024-12-17 00:08:12"}
{"level":"info","message":"Example app listening on port: 3000","timestamp":"2024-12-17 00:10:31"}
{"level":"info","message":"Example app listening on port: 3000","timestamp":"2024-12-17 00:10:31"}
{"level":"info","message":"POST /productos","timestamp":"2024-12-17 00:10:32"}
{"level":"info","message":"conectado a la base de datos","timestamp":"2024-12-17 00:10:40"}
{"level":"info","message":"Example app listening on port: 3000","timestamp":"2024-12-17 00:10:56"}
{"level":"info","message":"conectado a la base de datos","timestamp":"2024-12-17 00:10:57"}
{"level":"info","message":"POST /productos","timestamp":"2024-12-17 00:10:58"}
{"level":"info","message":"Example app listening on port: 3000","timestamp":"2024-12-17 00:11:13"}
{"level":"info","message":"conectado a la base de datos","timestamp":"2024-12-17 00:11:13"}
{"level":"info","message":"Example app listening on port: 3000","timestamp":"2024-12-17 00:11:20"}
{"level":"info","message":"conectado a la base de datos","timestamp":"2024-12-17 00:11:21"}
{"level":"info","message":"GET /productos/paginado","timestamp":"2024-12-17 00:11:25"}
{"level":"info","message":"GET /productos/filtrado","timestamp":"2024-12-17 00:11:28"}
{"level":"info","message":"Example app listening on port: 3000","timestamp":"2024-12-17 00:12:01"}
{"level":"info","message":"conectado a la base de datos","timestamp":"2024-12-17 00:12:02"}
{"level":"info","message":"GET /productos/filtrado","timestamp":"2024-12-17 00:12:05"}
{"level":"info","message":"Example app listening on port: 3000","timestamp":"2024-12-17 00:12:13"}
{"level":"info","message":"conectado a la base de datos","timestamp":"2024-12-17 00:12:13"}
{"level":"info","message":"Example app listening on port: 3000","timestamp":"2024-12-17 00:12:18"}
{"level":"info","message":"conectado a la base de datos","timestamp":"2024-12-17 00:12:19"}
{"level":"info","message":"Example app listening on port: 3000","timestamp":"2024-12-17 00:12:21"}
{"level":"info","message":"conectado a la base de datos","timestamp":"2024-12-17 00:12:22"}
{"level":"info","message":"Example app listening on port: 3000","timestamp":"2024-12-17 00:12:37"}
{"level":"info","message":"conectado a la base de datos","timestamp":"2024-12-17 00:12:37"}
{"level":"info","message":"Example app listening on port: 3000","timestamp":"2024-12-17 00:12:39"}
{"level":"info","message":"conectado a la base de datos","timestamp":"2024-12-17 00:12:40"}
{"level":"info","message":"GET /productos/filtrado","timestamp":"2024-12-17 00:12:40"}
{"level":"info","message":"GET /productos/filtrado?limit=1&page=2","timestamp":"2024-12-17 00:12:46"}
{"level":"info","message":"Example app listening on port: 3000","timestamp":"2024-12-17 00:12:49"}
{"level":"info","message":"conectado a la base de datos","timestamp":"2024-12-17 00:12:49"}
{"level":"info","message":"Example app listening on port: 3000","timestamp":"2024-12-17 00:12:54"}
{"level":"info","message":"conectado a la base de datos","timestamp":"2024-12-17 00:12:55"}
{"level":"info","message":"Example app listening on port: 3000","timestamp":"2024-12-17 00:13:01"}
{"level":"info","message":"conectado a la base de datos","timestamp":"2024-12-17 00:13:02"}
{"level":"info","message":"Example app listening on port: 3000","timestamp":"2024-12-17 00:13:02"}
{"level":"info","message":"conectado a la base de datos","timestamp":"2024-12-17 00:13:03"}
{"level":"info","message":"GET /productos","timestamp":"2024-12-17 00:13:04"}
{"level":"info","message":"Example app listening on port: 3000","timestamp":"2024-12-17 00:13:13"}
{"level":"info","message":"conectado a la base de datos","timestamp":"2024-12-17 00:13:14"}
{"level":"info","message":"Example app listening on port: 3000","timestamp":"2024-12-17 00:13:15"}
{"level":"info","message":"conectado a la base de datos","timestamp":"2024-12-17 00:13:16"}
{"level":"info","message":"Example app listening on port: 3000","timestamp":"2024-12-17 00:13:17"}
{"level":"info","message":"conectado a la base de datos","timestamp":"2024-12-17 00:13:18"}
{"level":"info","message":"Example app listening on port: 3000","timestamp":"2024-12-17 00:13:27"}
{"level":"info","message":"conectado a la base de datos","timestamp":"2024-12-17 00:13:27"}
{"level":"info","message":"Example app listening on port: 3000","timestamp":"2024-12-17 00:13:47"}
{"level":"info","message":"conectado a la base de datos","timestamp":"2024-12-17 00:13:48"}
{"level":"info","message":"Example app listening on port: 3000","timestamp":"2024-12-17 00:13:59"}
{"level":"info","message":"conectado a la base de datos","timestamp":"2024-12-17 00:13:59"}
{"level":"info","message":"Example app listening on port: 3000","timestamp":"2024-12-17 00:14:03"}
{"level":"info","message":"conectado a la base de datos","timestamp":"2024-12-17 00:14:04"}
{"level":"info","message":"Example app listening on port: 3000","timestamp":"2024-12-17 00:14:09"}
{"level":"info","message":"Example app listening on port: 3000","timestamp":"2024-12-17 00:14:10"}
{"level":"info","message":"conectado a la base de datos","timestamp":"2024-12-17 00:14:11"}
{"level":"info","message":"Example app listening on port: 3000","timestamp":"2024-12-17 00:14:15"}
{"level":"info","message":"conectado a la base de datos","timestamp":"2024-12-17 00:14:16"}
{"level":"info","message":"Example app listening on port: 3000","timestamp":"2024-12-17 00:14:18"}
{"level":"info","message":"conectado a la base de datos","timestamp":"2024-12-17 00:14:19"}
{"level":"info","message":"Example app listening on port: 3000","timestamp":"2024-12-17 00:14:35"}
{"level":"info","message":"conectado a la base de datos","timestamp":"2024-12-17 00:14:36"}
{"level":"info","message":"Example app listening on port: 3000","timestamp":"2024-12-17 00:14:37"}
{"level":"info","message":"conectado a la base de datos","timestamp":"2024-12-17 00:14:38"}
{"level":"info","message":"Example app listening on port: 3000","timestamp":"2024-12-17 00:14:42"}
{"level":"info","message":"conectado a la base de datos","timestamp":"2024-12-17 00:14:43"}
{"level":"info","message":"Example app listening on port: 3000","timestamp":"2024-12-17 00:14:52"}
{"level":"info","message":"conectado a la base de datos","timestamp":"2024-12-17 00:14:53"}
{"level":"info","message":"Example app listening on port: 3000","timestamp":"2024-12-17 00:14:53"}
{"level":"info","message":"conectado a la base de datos","timestamp":"2024-12-17 00:14:54"}
{"level":"info","message":"Example app listening on port: 3000","timestamp":"2024-12-17 00:14:56"}
{"level":"info","message":"conectado a la base de datos","timestamp":"2024-12-17 00:14:57"}
{"level":"info","message":"Example app listening on port: 3000","timestamp":"2024-12-17 00:14:59"}
{"level":"info","message":"conectado a la base de datos","timestamp":"2024-12-17 00:14:59"}
{"level":"info","message":"Example app listening on port: 3000","timestamp":"2024-12-17 00:15:01"}
{"level":"info","message":"conectado a la base de datos","timestamp":"2024-12-17 00:15:01"}
{"level":"info","message":"Example app listening on port: 3000","timestamp":"2024-12-17 00:15:06"}
{"level":"info","message":"conectado a la base de datos","timestamp":"2024-12-17 00:15:07"}
{"level":"info","message":"Example app listening on port: 3000","timestamp":"2024-12-17 00:15:12"}
{"level":"info","message":"conectado a la base de datos","timestamp":"2024-12-17 00:15:13"}
{"level":"info","message":"Example app listening on port: 3000","timestamp":"2024-12-17 00:15:14"}
{"level":"info","message":"conectado a la base de datos","timestamp":"2024-12-17 00:15:14"}
{"level":"info","message":"Example app listening on port: 3000","timestamp":"2024-12-17 00:15:20"}
{"level":"info","message":"conectado a la base de datos","timestamp":"2024-12-17 00:15:21"}
{"level":"info","message":"GET /productos","timestamp":"2024-12-17 00:15:30"}
{"level":"info","message":"GET /productos/filtrado?limit=1&page=2","timestamp":"2024-12-17 00:15:35"}
{"level":"info","message":"GET /productos/filtrado?limit=1&page=1","timestamp":"2024-12-17 00:15:41"}
{"level":"info","message":"GET /productos/paginado","timestamp":"2024-12-17 00:15:45"}
{"level":"info","message":"Example app listening on port: 3000","timestamp":"2024-12-17 00:15:54"}
{"level":"info","message":"conectado a la base de datos","timestamp":"2024-12-17 00:15:55"}
{"level":"info","message":"Example app listening on port: 3000","timestamp":"2024-12-17 00:16:02"}
{"level":"info","message":"conectado a la base de datos","timestamp":"2024-12-17 00:16:02"}
{"level":"info","message":"GET /productos/paginado","timestamp":"2024-12-17 00:16:05"}
{"level":"info","message":"GET /productos/b850e502-9222-4725-b14f-3e316ac24004","timestamp":"2024-12-17 00:16:28"}
{"level":"info","message":"Example app listening on port: 3000","timestamp":"2024-12-17 00:17:09"}
{"level":"info","message":"conectado a la base de datos","timestamp":"2024-12-17 00:17:10"}
{"level":"info","message":"Example app listening on port: 3000","timestamp":"2024-12-17 00:17:11"}
{"level":"info","message":"conectado a la base de datos","timestamp":"2024-12-17 00:17:12"}
{"level":"info","message":"GET /productos/b850e502-9222-4725-b14f-3e316ac24004","timestamp":"2024-12-17 00:17:39"}
{"level":"info","message":"Example app listening on port: 3000","timestamp":"2024-12-17 00:17:48"}
{"level":"info","message":"conectado a la base de datos","timestamp":"2024-12-17 00:17:48"}
{"level":"info","message":"Example app listening on port: 3000","timestamp":"2024-12-17 00:17:49"}
{"level":"info","message":"conectado a la base de datos","timestamp":"2024-12-17 00:17:50"}
{"level":"info","message":"Example app listening on port: 3000","timestamp":"2024-12-17 00:17:51"}
{"level":"info","message":"Example app listening on port: 3000","timestamp":"2024-12-17 00:17:52"}
{"level":"info","message":"conectado a la base de datos","timestamp":"2024-12-17 00:17:53"}
{"level":"info","message":"Example app listening on port: 3000","timestamp":"2024-12-17 00:17:53"}
{"level":"info","message":"GET /productos/b850e502-9222-4725-b14f-3e316ac24004","timestamp":"2024-12-17 00:17:54"}
{"level":"info","message":"Example app listening on port: 3000","timestamp":"2024-12-17 00:19:09"}
{"level":"info","message":"conectado a la base de datos","timestamp":"2024-12-17 00:19:09"}
{"level":"info","message":"Example app listening on port: 3000","timestamp":"2024-12-17 00:19:11"}
{"level":"info","message":"conectado a la base de datos","timestamp":"2024-12-17 00:19:11"}
{"level":"info","message":"GET /productos/b850e502-9222-4725-b14f-3e316ac24004","timestamp":"2024-12-17 00:19:12"}
{"level":"info","message":"Example app listening on port: 3000","timestamp":"2024-12-17 00:19:26"}
{"level":"info","message":"conectado a la base de datos","timestamp":"2024-12-17 00:19:27"}
{"level":"info","message":"Example app listening on port: 3000","timestamp":"2024-12-17 00:19:35"}
{"level":"info","message":"conectado a la base de datos","timestamp":"2024-12-17 00:19:35"}
{"level":"info","message":"Example app listening on port: 3000","timestamp":"2024-12-17 00:19:36"}
{"level":"info","message":"conectado a la base de datos","timestamp":"2024-12-17 00:19:37"}
{"level":"info","message":"GET /productos/b850e502-9222-4725-b14f-3e316ac24004","timestamp":"2024-12-17 00:19:42"}
{"level":"info","message":"Example app listening on port: 3000","timestamp":"2024-12-17 00:20:07"}
{"level":"info","message":"conectado a la base de datos","timestamp":"2024-12-17 00:20:07"}
{"level":"info","message":"GET /productos/b850e502-9222-4725-b14f-3e316ac24004","timestamp":"2024-12-17 00:20:08"}
{"level":"info","message":"Example app listening on port: 3000","timestamp":"2024-12-17 00:20:16"}
{"level":"info","message":"conectado a la base de datos","timestamp":"2024-12-17 00:20:17"}
{"level":"info","message":"GET /productos/b850e502-9222-4725-b14f-3e316ac24004","timestamp":"2024-12-17 00:20:19"}
{"level":"info","message":"GET /productos","timestamp":"2024-12-17 00:20:24"}
{"level":"info","message":"GET /productos/paginado","timestamp":"2024-12-17 00:20:29"}
{"level":"info","message":"GET /productos/b850e502-9222-4725-b14f-3e316ac24004","timestamp":"2024-12-17 00:20:31"}
{"level":"info","message":"PUT /productos/b850e502-9222-4725-b14f-3e316ac24004","timestamp":"2024-12-17 00:20:54"}
{"level":"info","message":"DELETE /productos/b850e502-9222-4725-b14f-3e316ac24004","timestamp":"2024-12-17 00:21:21"}
{"level":"info","message":"Example app listening on port: 3000","timestamp":"2024-12-17 00:21:46"}
{"level":"info","message":"conectado a la base de datos","timestamp":"2024-12-17 00:21:47"}
{"level":"info","message":"Example app listening on port: 3000","timestamp":"2024-12-17 00:21:48"}
{"level":"info","message":"conectado a la base de datos","timestamp":"2024-12-17 00:21:49"}
{"level":"info","message":"Example app listening on port: 3000","timestamp":"2024-12-17 00:21:50"}
{"level":"info","message":"conectado a la base de datos","timestamp":"2024-12-17 00:21:50"}
{"level":"info","message":"PUT /productos/b850e502-9222-4725-b14f-3e316ac24004","timestamp":"2024-12-17 00:21:53"}
{"level":"info","message":"Example app listening on port: 3000","timestamp":"2024-12-17 00:22:09"}
{"level":"info","message":"conectado a la base de datos","timestamp":"2024-12-17 00:22:10"}
{"level":"info","message":"Example app listening on port: 3000","timestamp":"2024-12-17 00:22:13"}
{"level":"info","message":"conectado a la base de datos","timestamp":"2024-12-17 00:22:14"}
{"level":"info","message":"PUT /productos/b850e502-9222-4725-b14f-3e316ac24004","timestamp":"2024-12-17 00:22:15"}
{"level":"info","message":"Example app listening on port: 3000","timestamp":"2024-12-17 00:22:40"}
{"level":"info","message":"conectado a la base de datos","timestamp":"2024-12-17 00:22:41"}
{"level":"info","message":"Example app listening on port: 3000","timestamp":"2024-12-17 00:22:43"}
{"level":"info","message":"conectado a la base de datos","timestamp":"2024-12-17 00:22:44"}
{"level":"info","message":"Example app listening on port: 3000","timestamp":"2024-12-17 00:22:44"}
{"level":"info","message":"conectado a la base de datos","timestamp":"2024-12-17 00:22:45"}
{"level":"info","message":"Example app listening on port: 3000","timestamp":"2024-12-17 00:22:45"}
{"level":"info","message":"conectado a la base de datos","timestamp":"2024-12-17 00:22:46"}
{"level":"info","message":"Example app listening on port: 3000","timestamp":"2024-12-17 00:22:47"}
{"level":"info","message":"conectado a la base de datos","timestamp":"2024-12-17 00:22:47"}
{"level":"info","message":"Example app listening on port: 3000","timestamp":"2024-12-17 00:22:53"}
{"level":"info","message":"conectado a la base de datos","timestamp":"2024-12-17 00:22:53"}
{"level":"info","message":"Example app listening on port: 3000","timestamp":"2024-12-17 00:22:54"}
{"level":"info","message":"conectado a la base de datos","timestamp":"2024-12-17 00:22:55"}
{"level":"info","message":"Example app listening on port: 3000","timestamp":"2024-12-17 00:22:56"}
{"level":"info","message":"conectado a la base de datos","timestamp":"2024-12-17 00:22:56"}
{"level":"info","message":"PUT /productos/b850e502-9222-4725-b14f-3e316ac24004","timestamp":"2024-12-17 00:22:58"}
{"level":"info","message":"Example app listening on port: 3000","timestamp":"2024-12-17 00:23:07"}
{"level":"info","message":"conectado a la base de datos","timestamp":"2024-12-17 00:23:08"}
{"level":"info","message":"Example app listening on port: 3000","timestamp":"2024-12-17 00:23:09"}
{"level":"info","message":"PUT /productos/b850e502-9222-4725-b14f-3e316ac24004","timestamp":"2024-12-17 00:23:09"}
{"level":"info","message":"conectado a la base de datos","timestamp":"2024-12-17 00:23:09"}
{"level":"info","message":"Example app listening on port: 3000","timestamp":"2024-12-17 00:23:19"}
{"level":"info","message":"conectado a la base de datos","timestamp":"2024-12-17 00:23:19"}
{"level":"info","message":"Example app listening on port: 3000","timestamp":"2024-12-17 00:23:20"}
{"level":"info","message":"conectado a la base de datos","timestamp":"2024-12-17 00:23:21"}
{"level":"info","message":"Example app listening on port: 3000","timestamp":"2024-12-17 00:23:33"}
{"level":"info","message":"conectado a la base de datos","timestamp":"2024-12-17 00:23:33"}
{"level":"info","message":"Example app listening on port: 3000","timestamp":"2024-12-17 00:23:36"}
{"level":"info","message":"conectado a la base de datos","timestamp":"2024-12-17 00:23:37"}
{"level":"info","message":"Example app listening on port: 3000","timestamp":"2024-12-17 00:23:40"}
{"level":"info","message":"conectado a la base de datos","timestamp":"2024-12-17 00:23:41"}
{"level":"info","message":"PUT /productos/b850e502-9222-4725-b14f-3e316ac24004","timestamp":"2024-12-17 00:23:42"}
{"level":"info","message":"Example app listening on port: 3000","timestamp":"2024-12-17 00:23:46"}
{"level":"info","message":"conectado a la base de datos","timestamp":"2024-12-17 00:23:47"}
{"level":"info","message":"PUT /productos/b850e502-9222-4725-b14f-3e316ac24004","timestamp":"2024-12-17 00:23:48"}
{"level":"info","message":"Example app listening on port: 3000","timestamp":"2024-12-17 00:24:39"}
{"level":"info","message":"conectado a la base de datos","timestamp":"2024-12-17 00:24:39"}
{"level":"info","message":"Example app listening on port: 3000","timestamp":"2024-12-17 00:24:43"}
{"level":"info","message":"conectado a la base de datos","timestamp":"2024-12-17 00:24:43"}
{"level":"info","message":"Example app listening on port: 3000","timestamp":"2024-12-17 00:24:44"}
{"level":"info","message":"PUT /productos/b850e502-9222-4725-b14f-3e316ac24004","timestamp":"2024-12-17 00:24:45"}
{"level":"info","message":"conectado a la base de datos","timestamp":"2024-12-17 00:24:45"}
{"level":"info","message":"DELETE /productos/b850e502-9222-4725-b14f-3e316ac24004","timestamp":"2024-12-17 00:27:41"}
{"level":"info","message":"Example app listening on port: 3000","timestamp":"2024-12-17 00:27:49"}
{"level":"info","message":"Example app listening on port: 3000","timestamp":"2024-12-17 00:27:50"}
{"level":"info","message":"Example app listening on port: 3000","timestamp":"2024-12-17 00:27:51"}
{"level":"info","message":"conectado a la base de datos","timestamp":"2024-12-17 00:27:51"}
{"level":"info","message":"Example app listening on port: 3000","timestamp":"2024-12-17 00:27:59"}
{"level":"info","message":"conectado a la base de datos","timestamp":"2024-12-17 00:28:00"}
{"level":"info","message":"Example app listening on port: 3000","timestamp":"2024-12-17 00:28:03"}
{"level":"info","message":"Example app listening on port: 3000","timestamp":"2024-12-17 00:28:06"}
{"level":"info","message":"Example app listening on port: 3000","timestamp":"2024-12-17 00:28:07"}
{"level":"info","message":"conectado a la base de datos","timestamp":"2024-12-17 00:28:08"}
{"level":"info","message":"DELETE /productos/b850e502-9222-4725-b14f-3e316ac24004","timestamp":"2024-12-17 00:28:19"}
{"level":"info","message":"Example app listening on port: 3000","timestamp":"2024-12-17 00:28:26"}
{"level":"info","message":"conectado a la base de datos","timestamp":"2024-12-17 00:28:26"}
{"level":"info","message":"Example app listening on port: 3000","timestamp":"2024-12-17 00:28:28"}
{"level":"info","message":"conectado a la base de datos","timestamp":"2024-12-17 00:28:28"}
{"level":"info","message":"DELETE /productos/b850e502-9222-4725-b14f-3e316ac24004","timestamp":"2024-12-17 00:28:29"}
{"level":"info","message":"Example app listening on port: 3000","timestamp":"2024-12-17 00:28:41"}
{"level":"info","message":"conectado a la base de datos","timestamp":"2024-12-17 00:28:41"}
{"level":"info","message":"Example app listening on port: 3000","timestamp":"2024-12-17 00:29:27"}
{"level":"info","message":"Example app listening on port: 3000","timestamp":"2024-12-17 00:29:27"}
{"level":"info","message":"conectado a la base de datos","timestamp":"2024-12-17 00:29:28"}
{"level":"info","message":"DELETE /productos/b850e502-9222-4725-b14f-3e316ac24004","timestamp":"2024-12-17 00:29:30"}
{"level":"info","message":"Example app listening on port: 3000","timestamp":"2024-12-17 00:29:48"}
{"level":"info","message":"conectado a la base de datos","timestamp":"2024-12-17 00:29:49"}
{"level":"info","message":"DELETE /productos/b850e502-9222-4725-b14f-3e316ac24004","timestamp":"2024-12-17 00:29:50"}
{"level":"info","message":"Example app listening on port: 3000","timestamp":"2024-12-17 00:29:57"}
{"level":"info","message":"conectado a la base de datos","timestamp":"2024-12-17 00:29:57"}
{"level":"info","message":"Example app listening on port: 3000","timestamp":"2024-12-17 00:30:00"}
{"level":"info","message":"conectado a la base de datos","timestamp":"2024-12-17 00:30:00"}
{"level":"info","message":"Example app listening on port: 3000","timestamp":"2024-12-17 00:30:02"}
{"level":"info","message":"conectado a la base de datos","timestamp":"2024-12-17 00:30:02"}
{"level":"info","message":"Example app listening on port: 3000","timestamp":"2024-12-17 00:30:03"}
{"level":"info","message":"DELETE /productos/b850e502-9222-4725-b14f-3e316ac24004","timestamp":"2024-12-17 00:30:03"}
{"level":"info","message":"conectado a la base de datos","timestamp":"2024-12-17 00:30:03"}
{"level":"info","message":"Example app listening on port: 3000","timestamp":"2024-12-17 00:30:59"}
{"level":"info","message":"conectado a la base de datos","timestamp":"2024-12-17 00:31:00"}
{"level":"info","message":"Example app listening on port: 3000","timestamp":"2024-12-17 00:31:01"}
{"level":"info","message":"conectado a la base de datos","timestamp":"2024-12-17 00:31:02"}
{"level":"info","message":"Example app listening on port: 3000","timestamp":"2024-12-17 00:31:08"}
{"level":"info","message":"conectado a la base de datos","timestamp":"2024-12-17 00:31:08"}
{"level":"info","message":"Example app listening on port: 3000","timestamp":"2024-12-17 00:31:11"}
{"level":"info","message":"conectado a la base de datos","timestamp":"2024-12-17 00:31:12"}
{"level":"info","message":"Example app listening on port: 3000","timestamp":"2024-12-17 00:31:18"}
{"level":"info","message":"conectado a la base de datos","timestamp":"2024-12-17 00:31:19"}
{"level":"info","message":"Example app listening on port: 3000","timestamp":"2024-12-17 00:31:21"}
{"level":"info","message":"conectado a la base de datos","timestamp":"2024-12-17 00:31:21"}
{"level":"info","message":"Example app listening on port: 3000","timestamp":"2024-12-17 00:31:23"}
{"level":"info","message":"conectado a la base de datos","timestamp":"2024-12-17 00:31:23"}
{"level":"info","message":"Example app listening on port: 3000","timestamp":"2024-12-17 00:31:24"}
{"level":"info","message":"conectado a la base de datos","timestamp":"2024-12-17 00:31:25"}
{"level":"info","message":"Example app listening on port: 3000","timestamp":"2024-12-17 00:31:26"}
{"level":"info","message":"conectado a la base de datos","timestamp":"2024-12-17 00:31:27"}
{"level":"info","message":"Example app listening on port: 3000","timestamp":"2024-12-17 00:31:30"}
{"level":"info","message":"conectado a la base de datos","timestamp":"2024-12-17 00:31:30"}
{"level":"info","message":"Example app listening on port: 3000","timestamp":"2024-12-17 00:31:31"}
{"level":"info","message":"conectado a la base de datos","timestamp":"2024-12-17 00:31:32"}
{"level":"info","message":"Example app listening on port: 3000","timestamp":"2024-12-17 00:31:33"}
{"level":"info","message":"conectado a la base de datos","timestamp":"2024-12-17 00:31:33"}
{"level":"info","message":"Example app listening on port: 3000","timestamp":"2024-12-17 00:31:42"}
{"level":"info","message":"conectado a la base de datos","timestamp":"2024-12-17 00:31:42"}
{"level":"info","message":"DELETE /productos/b850e502-9222-4725-b14f-3e316ac24004","timestamp":"2024-12-17 00:31:46"}
{"level":"info","message":"Example app listening on port: 3000","timestamp":"2024-12-17 00:31:57"}
{"level":"info","message":"conectado a la base de datos","timestamp":"2024-12-17 00:31:57"}
{"level":"info","message":"Example app listening on port: 3000","timestamp":"2024-12-17 00:32:00"}
{"level":"info","message":"conectado a la base de datos","timestamp":"2024-12-17 00:32:01"}
{"level":"info","message":"Example app listening on port: 3000","timestamp":"2024-12-17 00:32:03"}
{"level":"info","message":"conectado a la base de datos","timestamp":"2024-12-17 00:32:03"}
{"level":"info","message":"Example app listening on port: 3000","timestamp":"2024-12-17 00:32:06"}
{"level":"info","message":"conectado a la base de datos","timestamp":"2024-12-17 00:32:06"}
{"level":"info","message":"Example app listening on port: 3000","timestamp":"2024-12-17 00:32:20"}
{"level":"info","message":"conectado a la base de datos","timestamp":"2024-12-17 00:32:21"}
{"level":"info","message":"Example app listening on port: 3000","timestamp":"2024-12-17 00:32:22"}
{"level":"info","message":"conectado a la base de datos","timestamp":"2024-12-17 00:32:22"}
{"level":"info","message":"Example app listening on port: 3000","timestamp":"2024-12-17 00:32:53"}
{"level":"info","message":"conectado a la base de datos","timestamp":"2024-12-17 00:32:53"}
{"level":"info","message":"Example app listening on port: 3000","timestamp":"2024-12-17 00:32:56"}
{"level":"info","message":"Example app listening on port: 3000","timestamp":"2024-12-17 00:32:56"}
{"level":"info","message":"conectado a la base de datos","timestamp":"2024-12-17 00:32:57"}
{"level":"info","message":"Example app listening on port: 3000","timestamp":"2024-12-17 00:33:00"}
{"level":"info","message":"conectado a la base de datos","timestamp":"2024-12-17 00:33:00"}
{"level":"info","message":"Example app listening on port: 3000","timestamp":"2024-12-17 00:33:04"}
{"level":"info","message":"conectado a la base de datos","timestamp":"2024-12-17 00:33:04"}
{"level":"info","message":"Example app listening on port: 3000","timestamp":"2024-12-17 00:33:05"}
{"level":"info","message":"conectado a la base de datos","timestamp":"2024-12-17 00:33:06"}
{"level":"info","message":"Example app listening on port: 3000","timestamp":"2024-12-17 00:33:09"}
{"level":"info","message":"conectado a la base de datos","timestamp":"2024-12-17 00:33:10"}
{"level":"info","message":"Example app listening on port: 3000","timestamp":"2024-12-17 00:33:21"}
{"level":"info","message":"conectado a la base de datos","timestamp":"2024-12-17 00:33:22"}
{"level":"info","message":"Example app listening on port: 3000","timestamp":"2024-12-17 00:33:23"}
{"level":"info","message":"conectado a la base de datos","timestamp":"2024-12-17 00:33:23"}
{"level":"info","message":"DELETE /productos/definitivo/b850e502-9222-4725-b14f-3e316ac24004","timestamp":"2024-12-17 00:35:11"}
{"level":"info","message":"GET /productos","timestamp":"2024-12-17 00:35:17"}
{"level":"info","message":"GET /blog/","timestamp":"2024-12-17 00:35:22"}
{"level":"info","message":"Example app listening on port: 3000","timestamp":"2024-12-17 00:35:51"}
{"level":"info","message":"conectado a la base de datos","timestamp":"2024-12-17 00:35:52"}
{"level":"info","message":"Example app listening on port: 3000","timestamp":"2024-12-17 00:35:53"}
{"level":"info","message":"conectado a la base de datos","timestamp":"2024-12-17 00:35:54"}
{"level":"info","message":"Example app listening on port: 3000","timestamp":"2024-12-17 00:35:55"}
{"level":"info","message":"conectado a la base de datos","timestamp":"2024-12-17 00:35:55"}
{"level":"info","message":"Example app listening on port: 3000","timestamp":"2024-12-17 00:36:00"}
{"level":"info","message":"conectado a la base de datos","timestamp":"2024-12-17 00:36:00"}
{"level":"info","message":"Example app listening on port: 3000","timestamp":"2024-12-17 00:36:02"}
{"level":"info","message":"conectado a la base de datos","timestamp":"2024-12-17 00:36:07"}
{"level":"info","message":"GET /blog/","timestamp":"2024-12-17 00:36:08"}
{"level":"info","message":"Example app listening on port: 3000","timestamp":"2024-12-17 00:36:27"}
{"level":"info","message":"conectado a la base de datos","timestamp":"2024-12-17 00:36:27"}
{"level":"info","message":"Example app listening on port: 3000","timestamp":"2024-12-17 00:36:30"}
{"level":"info","message":"conectado a la base de datos","timestamp":"2024-12-17 00:36:31"}
{"level":"info","message":"GET /blog/","timestamp":"2024-12-17 00:36:31"}
{"level":"info","message":"Example app listening on port: 3000","timestamp":"2024-12-17 00:36:43"}
{"level":"info","message":"conectado a la base de datos","timestamp":"2024-12-17 00:36:44"}
{"level":"info","message":"GET /blog/","timestamp":"2024-12-17 00:36:44"}
{"level":"info","message":"POST /blog/","timestamp":"2024-12-17 00:37:00"}
{"level":"info","message":"Example app listening on port: 3000","timestamp":"2024-12-17 00:37:09"}
{"level":"info","message":"conectado a la base de datos","timestamp":"2024-12-17 00:37:09"}
{"level":"info","message":"Example app listening on port: 3000","timestamp":"2024-12-17 00:37:18"}
{"level":"info","message":"conectado a la base de datos","timestamp":"2024-12-17 00:37:18"}
{"level":"info","message":"Example app listening on port: 3000","timestamp":"2024-12-17 00:37:20"}
{"level":"info","message":"conectado a la base de datos","timestamp":"2024-12-17 00:37:21"}
{"level":"info","message":"Example app listening on port: 3000","timestamp":"2024-12-17 00:37:22"}
{"level":"info","message":"conectado a la base de datos","timestamp":"2024-12-17 00:37:22"}
{"level":"info","message":"Example app listening on port: 3000","timestamp":"2024-12-17 00:37:23"}
{"level":"info","message":"conectado a la base de datos","timestamp":"2024-12-17 00:37:24"}
{"level":"info","message":"POST /blog/","timestamp":"2024-12-17 00:37:24"}
{"level":"info","message":"Example app listening on port: 3000","timestamp":"2024-12-17 00:37:46"}
{"level":"info","message":"conectado a la base de datos","timestamp":"2024-12-17 00:37:46"}
{"level":"info","message":"POST /blog/","timestamp":"2024-12-17 00:37:52"}
{"level":"info","message":"POST /auth/register","timestamp":"2024-12-17 00:38:20"}
{"level":"info","message":"POST /auth/register","timestamp":"2024-12-17 00:53:03"}
{"level":"info","message":"POST /auth/register","timestamp":"2024-12-17 00:53:38"}
{"level":"info","message":"Example app listening on port: 3000","timestamp":"2024-12-17 00:55:20"}
{"level":"info","message":"conectado a la base de datos","timestamp":"2024-12-17 00:55:21"}
{"level":"info","message":"Example app listening on port: 3000","timestamp":"2024-12-17 00:55:22"}
{"level":"info","message":"conectado a la base de datos","timestamp":"2024-12-17 00:55:23"}
{"level":"info","message":"Example app listening on port: 3000","timestamp":"2024-12-17 00:55:24"}
{"level":"info","message":"Example app listening on port: 3000","timestamp":"2024-12-17 00:55:24"}
{"level":"info","message":"conectado a la base de datos","timestamp":"2024-12-17 00:55:25"}
{"level":"info","message":"POST /auth/register","timestamp":"2024-12-17 00:55:29"}
{"level":"info","message":"Example app listening on port: 3000","timestamp":"2024-12-17 00:55:31"}
{"level":"info","message":"conectado a la base de datos","timestamp":"2024-12-17 00:55:31"}
{"level":"info","message":"Example app listening on port: 3000","timestamp":"2024-12-17 00:55:36"}
{"level":"info","message":"conectado a la base de datos","timestamp":"2024-12-17 00:55:37"}
{"level":"info","message":"Example app listening on port: 3000","timestamp":"2024-12-17 00:57:11"}
{"level":"info","message":"conectado a la base de datos","timestamp":"2024-12-17 00:57:12"}
{"level":"info","message":"Example app listening on port: 3000","timestamp":"2024-12-17 00:57:13"}
{"level":"info","message":"conectado a la base de datos","timestamp":"2024-12-17 00:57:14"}
{"level":"info","message":"Example app listening on port: 3000","timestamp":"2024-12-17 00:57:15"}
{"level":"info","message":"conectado a la base de datos","timestamp":"2024-12-17 00:57:15"}
{"level":"info","message":"Example app listening on port: 3000","timestamp":"2024-12-17 00:57:16"}
{"level":"info","message":"conectado a la base de datos","timestamp":"2024-12-17 00:57:17"}
{"level":"info","message":"Example app listening on port: 3000","timestamp":"2024-12-17 00:57:18"}
{"level":"info","message":"conectado a la base de datos","timestamp":"2024-12-17 00:57:18"}
{"level":"info","message":"Example app listening on port: 3000","timestamp":"2024-12-17 00:57:21"}
{"level":"info","message":"conectado a la base de datos","timestamp":"2024-12-17 00:57:22"}
{"level":"info","message":"Example app listening on port: 3000","timestamp":"2024-12-17 00:57:23"}
{"level":"info","message":"conectado a la base de datos","timestamp":"2024-12-17 00:57:23"}
{"level":"info","message":"Example app listening on port: 3000","timestamp":"2024-12-17 00:57:24"}
{"level":"info","message":"conectado a la base de datos","timestamp":"2024-12-17 00:57:25"}
{"level":"info","message":"Example app listening on port: 3000","timestamp":"2024-12-17 00:57:25"}
{"level":"info","message":"conectado a la base de datos","timestamp":"2024-12-17 00:57:26"}
{"level":"info","message":"Example app listening on port: 3000","timestamp":"2024-12-17 00:57:26"}
{"level":"info","message":"conectado a la base de datos","timestamp":"2024-12-17 00:57:27"}
{"level":"info","message":"POST /auth/register","timestamp":"2024-12-17 00:57:28"}
{"level":"info","message":"Example app listening on port: 3000","timestamp":"2024-12-17 00:57:59"}
{"level":"info","message":"conectado a la base de datos","timestamp":"2024-12-17 00:58:00"}
{"level":"info","message":"Example app listening on port: 3000","timestamp":"2024-12-17 00:58:16"}
{"level":"info","message":"conectado a la base de datos","timestamp":"2024-12-17 00:58:16"}
{"level":"info","message":"Example app listening on port: 3000","timestamp":"2024-12-17 00:58:19"}
{"level":"info","message":"conectado a la base de datos","timestamp":"2024-12-17 00:58:19"}
{"level":"info","message":"Example app listening on port: 3000","timestamp":"2024-12-17 00:58:22"}
{"level":"info","message":"conectado a la base de datos","timestamp":"2024-12-17 00:58:22"}
{"level":"info","message":"Example app listening on port: 3000","timestamp":"2024-12-17 00:58:24"}
{"level":"info","message":"conectado a la base de datos","timestamp":"2024-12-17 00:58:24"}
{"level":"info","message":"Example app listening on port: 3000","timestamp":"2024-12-17 00:58:29"}
{"level":"info","message":"Example app listening on port: 3000","timestamp":"2024-12-17 00:58:30"}
{"level":"info","message":"conectado a la base de datos","timestamp":"2024-12-17 00:58:30"}
{"level":"info","message":"POST /auth/register","timestamp":"2024-12-17 00:58:32"}
{"level":"info","message":"Example app listening on port: 3000","timestamp":"2024-12-17 00:58:42"}
{"level":"info","message":"conectado a la base de datos","timestamp":"2024-12-17 00:58:42"}
{"level":"info","message":"Example app listening on port: 3000","timestamp":"2024-12-17 00:58:51"}
{"level":"info","message":"Example app listening on port: 3000","timestamp":"2024-12-17 00:58:52"}
{"level":"info","message":"conectado a la base de datos","timestamp":"2024-12-17 00:58:52"}
{"level":"info","message":"POST /auth/register","timestamp":"2024-12-17 00:58:53"}
{"level":"info","message":"Example app listening on port: 3000","timestamp":"2024-12-17 00:59:17"}
{"level":"info","message":"conectado a la base de datos","timestamp":"2024-12-17 00:59:17"}
{"level":"info","message":"POST /auth/register","timestamp":"2024-12-17 00:59:22"}
{"level":"info","message":"Example app listening on port: 3000","timestamp":"2024-12-17 00:59:43"}
{"level":"info","message":"conectado a la base de datos","timestamp":"2024-12-17 00:59:43"}
{"level":"info","message":"POST /auth/register","timestamp":"2024-12-17 00:59:43"}
