{"level":"info","message":"GET /productos","timestamp":"2024-12-20 02:00:21"}
{"level":"info","message":"GET /productos","timestamp":"2024-12-20 02:00:28"}
{"level":"info","message":"GET /productos","timestamp":"2024-12-20 02:00:57"}
{"level":"info","message":"GET /productos","timestamp":"2024-12-20 02:01:01"}
{"level":"info","message":"GET /productos","timestamp":"2024-12-20 02:04:59"}
{"level":"info","message":"GET /favicon.ico","timestamp":"2024-12-20 02:04:59"}
{"level":"info","message":"GET //productos","timestamp":"2024-12-20 02:05:20"}
{"level":"info","message":"GET /productos","timestamp":"2024-12-20 02:05:20"}
{"level":"info","message":"GET /productos","timestamp":"2024-12-20 02:05:49"}
{"level":"info","message":"GET /productos","timestamp":"2024-12-20 02:05:50"}
{"level":"info","message":"GET /productos","timestamp":"2024-12-20 02:05:54"}
{"level":"info","message":"GET //productos","timestamp":"2024-12-20 02:05:55"}
{"level":"info","message":"GET /productos","timestamp":"2024-12-20 02:05:55"}
{"level":"info","message":"GET /productos","timestamp":"2024-12-20 02:07:14"}
{"level":"info","message":"GET /productos","timestamp":"2024-12-20 02:07:18"}
{"level":"info","message":"GET /productos","timestamp":"2024-12-20 02:07:24"}
{"level":"info","message":"GET /productos","timestamp":"2024-12-20 02:07:30"}
{"level":"info","message":"Example app listening on port: 3000","timestamp":"2024-12-20 02:08:26"}
{"level":"info","message":"conectado a la base de datos","timestamp":"2024-12-20 02:08:27"}
{"level":"info","message":"GET /productos","timestamp":"2024-12-20 02:08:30"}
{"level":"info","message":"GET //productos","timestamp":"2024-12-20 02:08:39"}
{"level":"info","message":"GET /productos","timestamp":"2024-12-20 02:08:39"}
{"level":"info","message":"GET //productos","timestamp":"2024-12-20 02:10:06"}
{"level":"info","message":"GET /productos","timestamp":"2024-12-20 02:11:53"}
{"level":"info","message":"GET /productos","timestamp":"2024-12-20 02:11:55"}
{"level":"info","message":"GET /productos","timestamp":"2024-12-20 02:12:03"}
{"level":"info","message":"GET /productos","timestamp":"2024-12-20 02:12:11"}
{"level":"info","message":"GET /productos","timestamp":"2024-12-20 02:12:18"}
{"level":"info","message":"GET /productos","timestamp":"2024-12-20 02:12:20"}
{"level":"info","message":"GET /productos","timestamp":"2024-12-20 02:12:36"}
{"level":"info","message":"GET /productos","timestamp":"2024-12-20 02:12:38"}
{"level":"info","message":"GET /productos","timestamp":"2024-12-20 02:12:44"}
{"level":"info","message":"GET /productos","timestamp":"2024-12-20 02:13:06"}
{"level":"info","message":"GET /productos","timestamp":"2024-12-20 02:13:10"}
{"level":"info","message":"GET /productos","timestamp":"2024-12-20 02:13:11"}
{"level":"info","message":"GET /productos","timestamp":"2024-12-20 02:13:20"}
{"level":"info","message":"GET /productos","timestamp":"2024-12-20 02:13:23"}
{"level":"info","message":"GET /productos","timestamp":"2024-12-20 02:13:37"}
{"level":"info","message":"GET /productos","timestamp":"2024-12-20 02:13:47"}
{"level":"info","message":"GET /productos","timestamp":"2024-12-20 02:14:16"}
{"level":"info","message":"GET /productos","timestamp":"2024-12-20 02:14:21"}
{"level":"info","message":"GET /productos","timestamp":"2024-12-20 02:14:33"}
{"level":"info","message":"GET /productos","timestamp":"2024-12-20 02:14:36"}
{"level":"info","message":"GET /productos","timestamp":"2024-12-20 02:15:38"}
{"level":"info","message":"GET /productos","timestamp":"2024-12-20 02:15:39"}
{"level":"info","message":"GET /productos","timestamp":"2024-12-20 02:15:56"}
{"level":"info","message":"GET /productos","timestamp":"2024-12-20 02:16:32"}
{"level":"info","message":"GET /productos","timestamp":"2024-12-20 02:16:34"}
{"level":"info","message":"GET /productos","timestamp":"2024-12-20 02:16:37"}
{"level":"info","message":"GET /productos","timestamp":"2024-12-20 02:16:38"}
{"level":"info","message":"GET /productos","timestamp":"2024-12-20 02:16:45"}
{"level":"info","message":"GET /productos","timestamp":"2024-12-20 02:16:47"}
{"level":"info","message":"GET /productos","timestamp":"2024-12-20 02:16:53"}
{"level":"info","message":"GET /productos","timestamp":"2024-12-20 02:16:56"}
{"level":"info","message":"GET /productos","timestamp":"2024-12-20 02:17:01"}
{"level":"info","message":"GET /productos","timestamp":"2024-12-20 02:17:12"}
{"level":"info","message":"GET /productos","timestamp":"2024-12-20 02:17:17"}
{"level":"info","message":"GET /productos","timestamp":"2024-12-20 02:17:23"}
{"level":"info","message":"GET /productos","timestamp":"2024-12-20 02:17:28"}
{"level":"info","message":"GET /productos","timestamp":"2024-12-20 02:17:36"}
{"level":"info","message":"GET /productos","timestamp":"2024-12-20 02:17:41"}
{"level":"info","message":"GET /productos","timestamp":"2024-12-20 02:17:47"}
{"level":"info","message":"GET /productos","timestamp":"2024-12-20 02:17:47"}
{"level":"info","message":"GET /productos","timestamp":"2024-12-20 02:17:55"}
{"level":"info","message":"GET /productos","timestamp":"2024-12-20 02:17:56"}
{"level":"info","message":"GET /productos","timestamp":"2024-12-20 02:18:53"}
{"level":"info","message":"GET /productos","timestamp":"2024-12-20 02:18:53"}
{"level":"info","message":"GET /blog/","timestamp":"2024-12-20 02:19:00"}
{"level":"info","message":"GET /productos","timestamp":"2024-12-20 02:19:06"}
{"level":"info","message":"GET /productos","timestamp":"2024-12-20 02:19:07"}
{"level":"info","message":"GET /productos","timestamp":"2024-12-20 02:20:44"}
{"level":"info","message":"GET /productos","timestamp":"2024-12-20 02:20:49"}
{"level":"info","message":"GET /productos","timestamp":"2024-12-20 02:20:54"}
{"level":"info","message":"GET /productos","timestamp":"2024-12-20 02:20:59"}
{"level":"info","message":"GET /blog","timestamp":"2024-12-20 02:21:16"}
{"level":"info","message":"GET /blog","timestamp":"2024-12-20 02:21:22"}
{"level":"info","message":"GET /blog/","timestamp":"2024-12-20 02:21:26"}
{"level":"info","message":"GET /blog/","timestamp":"2024-12-20 02:21:28"}
{"level":"info","message":"GET /blog/","timestamp":"2024-12-20 02:21:35"}
{"level":"info","message":"GET /blog/","timestamp":"2024-12-20 02:21:36"}
{"level":"info","message":"GET /blog/","timestamp":"2024-12-20 02:21:41"}
{"level":"info","message":"GET /blog/","timestamp":"2024-12-20 02:21:41"}
{"level":"info","message":"GET /blog/","timestamp":"2024-12-20 02:21:44"}
{"level":"info","message":"GET /blog/","timestamp":"2024-12-20 02:21:48"}
{"level":"info","message":"GET /blog/","timestamp":"2024-12-20 02:21:48"}
{"level":"info","message":"GET /blog/","timestamp":"2024-12-20 02:21:56"}
{"level":"info","message":"GET /blog/","timestamp":"2024-12-20 02:21:59"}
{"level":"info","message":"GET /blog/","timestamp":"2024-12-20 02:21:59"}
{"level":"info","message":"GET /blog/","timestamp":"2024-12-20 02:22:05"}
{"level":"info","message":"GET /blog/","timestamp":"2024-12-20 02:22:19"}
{"level":"info","message":"GET /blog/","timestamp":"2024-12-20 02:22:20"}
{"level":"info","message":"GET /blog/","timestamp":"2024-12-20 02:22:21"}
{"level":"info","message":"GET /blog/","timestamp":"2024-12-20 02:22:23"}
{"level":"info","message":"GET /blog/","timestamp":"2024-12-20 02:23:17"}
{"level":"info","message":"GET /blog/","timestamp":"2024-12-20 02:23:38"}
{"level":"info","message":"GET /blog/","timestamp":"2024-12-20 02:23:42"}
{"level":"info","message":"GET /blog/","timestamp":"2024-12-20 02:23:45"}
{"level":"info","message":"GET /blog/","timestamp":"2024-12-20 02:24:08"}
{"level":"info","message":"GET /blog/","timestamp":"2024-12-20 02:24:09"}
{"level":"info","message":"GET /blog/","timestamp":"2024-12-20 02:24:24"}
{"level":"info","message":"GET /blog/","timestamp":"2024-12-20 02:24:26"}
{"level":"info","message":"GET /blog/","timestamp":"2024-12-20 02:24:59"}
{"level":"info","message":"GET /blog/","timestamp":"2024-12-20 02:24:59"}
{"level":"info","message":"GET /blog/","timestamp":"2024-12-20 02:24:59"}
{"level":"info","message":"GET /blog/","timestamp":"2024-12-20 02:24:59"}
{"level":"info","message":"GET /blog/","timestamp":"2024-12-20 02:25:00"}
{"level":"info","message":"GET /blog/","timestamp":"2024-12-20 02:25:00"}
{"level":"info","message":"GET /blog/","timestamp":"2024-12-20 02:25:00"}
{"level":"info","message":"GET /blog/","timestamp":"2024-12-20 02:25:00"}
{"level":"info","message":"GET /blog/","timestamp":"2024-12-20 02:25:00"}
{"level":"info","message":"GET /blog/","timestamp":"2024-12-20 02:25:00"}
{"level":"info","message":"GET /blog/","timestamp":"2024-12-20 02:25:00"}
{"level":"info","message":"GET /blog/","timestamp":"2024-12-20 02:25:00"}
{"level":"info","message":"GET /blog/","timestamp":"2024-12-20 02:25:00"}
{"level":"info","message":"GET /blog/","timestamp":"2024-12-20 02:25:00"}
{"level":"info","message":"GET /blog/","timestamp":"2024-12-20 02:25:00"}
{"level":"info","message":"GET /blog/","timestamp":"2024-12-20 02:25:00"}
{"level":"info","message":"GET /blog/","timestamp":"2024-12-20 02:25:00"}
{"level":"info","message":"GET /blog/","timestamp":"2024-12-20 02:25:01"}
{"level":"info","message":"GET /blog/","timestamp":"2024-12-20 02:25:01"}
{"level":"info","message":"GET /blog/","timestamp":"2024-12-20 02:25:01"}
{"level":"info","message":"GET /blog/","timestamp":"2024-12-20 02:25:01"}
{"level":"info","message":"GET /blog/","timestamp":"2024-12-20 02:25:01"}
{"level":"info","message":"GET /blog/","timestamp":"2024-12-20 02:25:01"}
{"level":"info","message":"GET /blog/","timestamp":"2024-12-20 02:25:01"}
{"level":"info","message":"GET /blog/","timestamp":"2024-12-20 02:25:01"}
{"level":"info","message":"GET /blog/","timestamp":"2024-12-20 02:25:01"}
{"level":"info","message":"GET /blog/","timestamp":"2024-12-20 02:25:01"}
{"level":"info","message":"GET /blog/","timestamp":"2024-12-20 02:25:01"}
{"level":"info","message":"GET /blog/","timestamp":"2024-12-20 02:25:01"}
{"level":"info","message":"GET /blog/","timestamp":"2024-12-20 02:25:01"}
{"level":"info","message":"GET /blog/","timestamp":"2024-12-20 02:25:02"}
{"level":"info","message":"GET /blog/","timestamp":"2024-12-20 02:25:02"}
{"level":"info","message":"GET /blog/","timestamp":"2024-12-20 02:25:02"}
{"level":"info","message":"GET /blog/","timestamp":"2024-12-20 02:25:02"}
{"level":"info","message":"GET /blog/","timestamp":"2024-12-20 02:25:02"}
{"level":"info","message":"GET /blog/","timestamp":"2024-12-20 02:25:02"}
{"level":"info","message":"GET /blog/","timestamp":"2024-12-20 02:25:02"}
{"level":"info","message":"GET /blog/","timestamp":"2024-12-20 02:25:02"}
{"level":"info","message":"GET /blog/","timestamp":"2024-12-20 02:25:02"}
{"level":"info","message":"GET /blog/","timestamp":"2024-12-20 02:25:02"}
{"level":"info","message":"GET /blog/","timestamp":"2024-12-20 02:25:02"}
{"level":"info","message":"GET /blog/","timestamp":"2024-12-20 02:25:02"}
{"level":"info","message":"GET /blog/","timestamp":"2024-12-20 02:25:02"}
{"level":"info","message":"GET /blog/","timestamp":"2024-12-20 02:25:02"}
{"level":"info","message":"GET /blog/","timestamp":"2024-12-20 02:25:03"}
{"level":"info","message":"GET /blog/","timestamp":"2024-12-20 02:25:03"}
{"level":"info","message":"GET /blog/","timestamp":"2024-12-20 02:25:03"}
{"level":"info","message":"GET /blog/","timestamp":"2024-12-20 02:25:03"}
{"level":"info","message":"GET /blog/","timestamp":"2024-12-20 02:25:03"}
{"level":"info","message":"GET /blog/","timestamp":"2024-12-20 02:25:03"}
{"level":"info","message":"GET /blog/","timestamp":"2024-12-20 02:25:03"}
{"level":"info","message":"GET /blog/","timestamp":"2024-12-20 02:25:03"}
{"level":"info","message":"GET /blog/","timestamp":"2024-12-20 02:25:03"}
{"level":"info","message":"GET /blog/","timestamp":"2024-12-20 02:25:03"}
{"level":"info","message":"GET /blog/","timestamp":"2024-12-20 02:25:03"}
{"level":"info","message":"GET /blog/","timestamp":"2024-12-20 02:25:03"}
{"level":"info","message":"GET /blog/","timestamp":"2024-12-20 02:25:03"}
{"level":"info","message":"GET /blog/","timestamp":"2024-12-20 02:25:04"}
{"level":"info","message":"GET /blog/","timestamp":"2024-12-20 02:25:04"}
{"level":"info","message":"GET /blog/","timestamp":"2024-12-20 02:25:04"}
{"level":"info","message":"GET /blog/","timestamp":"2024-12-20 02:25:04"}
{"level":"info","message":"GET /blog/","timestamp":"2024-12-20 02:25:04"}
{"level":"info","message":"GET /blog/","timestamp":"2024-12-20 02:25:04"}
{"level":"info","message":"GET /blog/","timestamp":"2024-12-20 02:25:04"}
{"level":"info","message":"GET /blog/","timestamp":"2024-12-20 02:25:04"}
{"level":"info","message":"GET /blog/","timestamp":"2024-12-20 02:25:04"}
{"level":"info","message":"GET /blog/","timestamp":"2024-12-20 02:25:04"}
{"level":"info","message":"GET /blog/","timestamp":"2024-12-20 02:25:04"}
{"level":"info","message":"GET /blog/","timestamp":"2024-12-20 02:25:04"}
{"level":"info","message":"GET /blog/","timestamp":"2024-12-20 02:25:04"}
{"level":"info","message":"GET /blog/","timestamp":"2024-12-20 02:25:04"}
{"level":"info","message":"GET /blog/","timestamp":"2024-12-20 02:25:05"}
{"level":"info","message":"GET /blog/","timestamp":"2024-12-20 02:25:05"}
{"level":"info","message":"GET /blog/","timestamp":"2024-12-20 02:25:05"}
{"level":"info","message":"GET /blog/","timestamp":"2024-12-20 02:25:05"}
{"level":"info","message":"GET /blog/","timestamp":"2024-12-20 02:25:05"}
{"level":"info","message":"GET /blog/","timestamp":"2024-12-20 02:25:05"}
{"level":"info","message":"GET /blog/","timestamp":"2024-12-20 02:25:05"}
{"level":"info","message":"GET /blog/","timestamp":"2024-12-20 02:25:05"}
{"level":"info","message":"GET /blog/","timestamp":"2024-12-20 02:25:05"}
{"level":"info","message":"GET /blog/","timestamp":"2024-12-20 02:25:05"}
{"level":"info","message":"GET /blog/","timestamp":"2024-12-20 02:25:05"}
{"level":"info","message":"GET /blog/","timestamp":"2024-12-20 02:25:05"}
{"level":"info","message":"GET /blog/","timestamp":"2024-12-20 02:25:05"}
{"level":"info","message":"GET /blog/","timestamp":"2024-12-20 02:25:06"}
{"level":"info","message":"GET /blog/","timestamp":"2024-12-20 02:25:06"}
{"level":"info","message":"GET /blog/","timestamp":"2024-12-20 02:25:06"}
{"level":"info","message":"GET /blog/","timestamp":"2024-12-20 02:25:06"}
{"level":"info","message":"GET /blog/","timestamp":"2024-12-20 02:25:06"}
{"level":"info","message":"GET /blog/","timestamp":"2024-12-20 02:25:06"}
{"level":"info","message":"GET /blog/","timestamp":"2024-12-20 02:25:06"}
{"level":"info","message":"GET /blog/","timestamp":"2024-12-20 02:25:06"}
{"level":"info","message":"GET /blog/","timestamp":"2024-12-20 02:25:06"}
{"level":"info","message":"GET /blog/","timestamp":"2024-12-20 02:25:06"}
{"level":"info","message":"GET /blog/","timestamp":"2024-12-20 02:25:06"}
{"level":"info","message":"GET /blog/","timestamp":"2024-12-20 02:25:06"}
{"level":"info","message":"GET /blog/","timestamp":"2024-12-20 02:25:06"}
{"level":"info","message":"GET /blog/","timestamp":"2024-12-20 02:25:06"}
{"level":"info","message":"GET /blog/","timestamp":"2024-12-20 02:25:07"}
{"level":"info","message":"GET /blog/","timestamp":"2024-12-20 02:25:07"}
{"level":"info","message":"GET /blog/","timestamp":"2024-12-20 02:25:07"}
{"level":"info","message":"GET /blog/","timestamp":"2024-12-20 02:25:07"}
{"level":"info","message":"GET /blog/","timestamp":"2024-12-20 02:25:07"}
{"level":"info","message":"GET /blog/","timestamp":"2024-12-20 02:25:07"}
{"level":"info","message":"GET /blog/","timestamp":"2024-12-20 02:25:07"}
{"level":"info","message":"GET /blog/","timestamp":"2024-12-20 02:25:07"}
{"level":"info","message":"GET /blog/","timestamp":"2024-12-20 02:25:07"}
{"level":"info","message":"GET /blog/","timestamp":"2024-12-20 02:25:07"}
{"level":"info","message":"GET /blog/","timestamp":"2024-12-20 02:25:07"}
{"level":"info","message":"GET /blog/","timestamp":"2024-12-20 02:25:07"}
{"level":"info","message":"GET /blog/","timestamp":"2024-12-20 02:25:07"}
{"level":"info","message":"GET /blog/","timestamp":"2024-12-20 02:25:08"}
{"level":"info","message":"GET /blog/","timestamp":"2024-12-20 02:25:08"}
{"level":"info","message":"GET /blog/","timestamp":"2024-12-20 02:25:08"}
{"level":"info","message":"GET /blog/","timestamp":"2024-12-20 02:25:08"}
{"level":"info","message":"GET /blog/","timestamp":"2024-12-20 02:25:08"}
{"level":"info","message":"GET /blog/","timestamp":"2024-12-20 02:25:08"}
{"level":"info","message":"GET /blog/","timestamp":"2024-12-20 02:25:08"}
{"level":"info","message":"GET /blog/","timestamp":"2024-12-20 02:25:08"}
{"level":"info","message":"GET /blog/","timestamp":"2024-12-20 02:25:08"}
{"level":"info","message":"GET /blog/","timestamp":"2024-12-20 02:25:08"}
{"level":"info","message":"GET /blog/","timestamp":"2024-12-20 02:25:08"}
{"level":"info","message":"GET /blog/","timestamp":"2024-12-20 02:25:08"}
{"level":"info","message":"GET /blog/","timestamp":"2024-12-20 02:25:08"}
{"level":"info","message":"GET /blog/","timestamp":"2024-12-20 02:25:08"}
{"level":"info","message":"GET /blog/","timestamp":"2024-12-20 02:25:09"}
{"level":"info","message":"GET /blog/","timestamp":"2024-12-20 02:25:09"}
{"level":"info","message":"GET /blog/","timestamp":"2024-12-20 02:25:09"}
{"level":"info","message":"GET /blog/","timestamp":"2024-12-20 02:25:09"}
{"level":"info","message":"GET /blog/","timestamp":"2024-12-20 02:25:09"}
{"level":"info","message":"GET /blog/","timestamp":"2024-12-20 02:25:09"}
{"level":"info","message":"GET /blog/","timestamp":"2024-12-20 02:25:09"}
{"level":"info","message":"GET /blog/","timestamp":"2024-12-20 02:25:09"}
{"level":"info","message":"GET /blog/","timestamp":"2024-12-20 02:25:09"}
{"level":"info","message":"GET /blog/","timestamp":"2024-12-20 02:25:09"}
{"level":"info","message":"GET /blog/","timestamp":"2024-12-20 02:25:09"}
{"level":"info","message":"GET /blog/","timestamp":"2024-12-20 02:25:09"}
{"level":"info","message":"GET /blog/","timestamp":"2024-12-20 02:25:09"}
{"level":"info","message":"GET /blog/","timestamp":"2024-12-20 02:25:10"}
{"level":"info","message":"GET /blog/","timestamp":"2024-12-20 02:25:10"}
{"level":"info","message":"GET /blog/","timestamp":"2024-12-20 02:25:10"}
{"level":"info","message":"GET /blog/","timestamp":"2024-12-20 02:25:10"}
{"level":"info","message":"GET /blog/","timestamp":"2024-12-20 02:25:10"}
{"level":"info","message":"GET /blog/","timestamp":"2024-12-20 02:25:10"}
{"level":"info","message":"GET /blog/","timestamp":"2024-12-20 02:25:14"}
{"level":"info","message":"GET /blog/","timestamp":"2024-12-20 02:25:15"}
{"level":"info","message":"GET /blog/","timestamp":"2024-12-20 02:25:15"}
{"level":"info","message":"GET /blog/","timestamp":"2024-12-20 02:25:15"}
{"level":"info","message":"GET /blog/","timestamp":"2024-12-20 02:25:15"}
{"level":"info","message":"GET /blog/","timestamp":"2024-12-20 02:25:15"}
{"level":"info","message":"GET /blog/","timestamp":"2024-12-20 02:25:15"}
{"level":"info","message":"GET /blog/","timestamp":"2024-12-20 02:25:15"}
{"level":"info","message":"GET /blog/","timestamp":"2024-12-20 02:25:15"}
{"level":"info","message":"GET /blog/","timestamp":"2024-12-20 02:25:15"}
{"level":"info","message":"GET /blog/","timestamp":"2024-12-20 02:25:15"}
{"level":"info","message":"GET /blog/","timestamp":"2024-12-20 02:25:15"}
{"level":"info","message":"GET /blog/","timestamp":"2024-12-20 02:25:15"}
{"level":"info","message":"GET /blog/","timestamp":"2024-12-20 02:25:15"}
{"level":"info","message":"GET /blog/","timestamp":"2024-12-20 02:25:16"}
{"level":"info","message":"GET /blog/","timestamp":"2024-12-20 02:25:16"}
{"level":"info","message":"GET /blog/","timestamp":"2024-12-20 02:25:16"}
{"level":"info","message":"GET /blog/","timestamp":"2024-12-20 02:25:16"}
{"level":"info","message":"GET /blog/","timestamp":"2024-12-20 02:25:16"}
{"level":"info","message":"GET /blog/","timestamp":"2024-12-20 02:25:16"}
{"level":"info","message":"GET /blog/","timestamp":"2024-12-20 02:25:16"}
{"level":"info","message":"GET /blog/","timestamp":"2024-12-20 02:25:16"}
{"level":"info","message":"GET /blog/","timestamp":"2024-12-20 02:25:16"}
{"level":"info","message":"GET /blog/","timestamp":"2024-12-20 02:25:16"}
{"level":"info","message":"GET /blog/","timestamp":"2024-12-20 02:25:16"}
{"level":"info","message":"GET /blog/","timestamp":"2024-12-20 02:25:16"}
{"level":"info","message":"GET /blog/","timestamp":"2024-12-20 02:25:16"}
{"level":"info","message":"GET /blog/","timestamp":"2024-12-20 02:25:16"}
{"level":"info","message":"GET /blog/","timestamp":"2024-12-20 02:25:17"}
{"level":"info","message":"GET /blog/","timestamp":"2024-12-20 02:25:17"}
{"level":"info","message":"GET /blog/","timestamp":"2024-12-20 02:25:17"}
{"level":"info","message":"GET /blog/","timestamp":"2024-12-20 02:25:17"}
{"level":"info","message":"GET /blog/","timestamp":"2024-12-20 02:25:17"}
{"level":"info","message":"GET /blog/","timestamp":"2024-12-20 02:25:17"}
{"level":"info","message":"GET /blog/","timestamp":"2024-12-20 02:25:17"}
{"level":"info","message":"GET /blog/","timestamp":"2024-12-20 02:25:17"}
{"level":"info","message":"GET /blog/","timestamp":"2024-12-20 02:25:17"}
{"level":"info","message":"GET /blog/","timestamp":"2024-12-20 02:25:17"}
{"level":"info","message":"GET /blog/","timestamp":"2024-12-20 02:25:17"}
{"level":"info","message":"GET /blog/","timestamp":"2024-12-20 02:25:17"}
{"level":"info","message":"GET /blog/","timestamp":"2024-12-20 02:25:17"}
{"level":"info","message":"GET /blog/","timestamp":"2024-12-20 02:25:18"}
{"level":"info","message":"GET /blog/","timestamp":"2024-12-20 02:25:18"}
{"level":"info","message":"GET /blog/","timestamp":"2024-12-20 02:25:18"}
{"level":"info","message":"GET /blog/","timestamp":"2024-12-20 02:25:18"}
{"level":"info","message":"GET /blog/","timestamp":"2024-12-20 02:25:18"}
{"level":"info","message":"GET /blog/","timestamp":"2024-12-20 02:25:18"}
{"level":"info","message":"GET /blog/","timestamp":"2024-12-20 02:25:18"}
{"level":"info","message":"GET /blog/","timestamp":"2024-12-20 02:25:18"}
{"level":"info","message":"GET /blog/","timestamp":"2024-12-20 02:25:18"}
{"level":"info","message":"GET /blog/","timestamp":"2024-12-20 02:25:18"}
{"level":"info","message":"GET /blog/","timestamp":"2024-12-20 02:25:18"}
{"level":"info","message":"GET /blog/","timestamp":"2024-12-20 02:25:18"}
{"level":"info","message":"GET /blog/","timestamp":"2024-12-20 02:25:18"}
{"level":"info","message":"GET /blog/","timestamp":"2024-12-20 02:25:18"}
{"level":"info","message":"GET /blog/","timestamp":"2024-12-20 02:25:19"}
{"level":"info","message":"GET /blog/","timestamp":"2024-12-20 02:25:19"}
{"level":"info","message":"GET /blog/","timestamp":"2024-12-20 02:25:19"}
{"level":"info","message":"GET /blog/","timestamp":"2024-12-20 02:25:19"}
{"level":"info","message":"GET /blog/","timestamp":"2024-12-20 02:25:19"}
{"level":"info","message":"GET /blog/","timestamp":"2024-12-20 02:25:19"}
{"level":"info","message":"GET /blog/","timestamp":"2024-12-20 02:25:19"}
{"level":"info","message":"GET /blog/","timestamp":"2024-12-20 02:25:19"}
{"level":"info","message":"GET /blog/","timestamp":"2024-12-20 02:25:19"}
{"level":"info","message":"GET /blog/","timestamp":"2024-12-20 02:25:19"}
{"level":"info","message":"GET /blog/","timestamp":"2024-12-20 02:25:19"}
{"level":"info","message":"GET /blog/","timestamp":"2024-12-20 02:25:19"}
{"level":"info","message":"GET /blog/","timestamp":"2024-12-20 02:25:22"}
{"level":"info","message":"GET /blog/","timestamp":"2024-12-20 02:25:22"}
{"level":"info","message":"GET /blog/","timestamp":"2024-12-20 02:25:22"}
{"level":"info","message":"GET /blog/","timestamp":"2024-12-20 02:25:22"}
{"level":"info","message":"GET /blog/","timestamp":"2024-12-20 02:25:23"}
{"level":"info","message":"GET /blog/","timestamp":"2024-12-20 02:25:23"}
{"level":"info","message":"GET /blog/","timestamp":"2024-12-20 02:25:23"}
{"level":"info","message":"GET /blog/","timestamp":"2024-12-20 02:25:23"}
{"level":"info","message":"GET /blog/","timestamp":"2024-12-20 02:25:23"}
{"level":"info","message":"GET /blog/","timestamp":"2024-12-20 02:25:23"}
{"level":"info","message":"GET /blog/","timestamp":"2024-12-20 02:25:23"}
{"level":"info","message":"GET /blog/","timestamp":"2024-12-20 02:25:23"}
{"level":"info","message":"GET /blog/","timestamp":"2024-12-20 02:25:23"}
{"level":"info","message":"GET /blog/","timestamp":"2024-12-20 02:25:23"}
{"level":"info","message":"GET /blog/","timestamp":"2024-12-20 02:25:23"}
{"level":"info","message":"GET /blog/","timestamp":"2024-12-20 02:25:23"}
{"level":"info","message":"GET /blog/","timestamp":"2024-12-20 02:25:23"}
{"level":"info","message":"GET /blog/","timestamp":"2024-12-20 02:25:23"}
{"level":"info","message":"GET /blog/","timestamp":"2024-12-20 02:25:24"}
{"level":"info","message":"GET /blog/","timestamp":"2024-12-20 02:25:24"}
{"level":"info","message":"GET /blog/","timestamp":"2024-12-20 02:25:24"}
{"level":"info","message":"GET /blog/","timestamp":"2024-12-20 02:25:24"}
{"level":"info","message":"GET /blog/","timestamp":"2024-12-20 02:25:24"}
{"level":"info","message":"GET /blog/","timestamp":"2024-12-20 02:25:24"}
{"level":"info","message":"GET /blog/","timestamp":"2024-12-20 02:25:24"}
{"level":"info","message":"GET /blog/","timestamp":"2024-12-20 02:25:24"}
{"level":"info","message":"GET /blog/","timestamp":"2024-12-20 02:25:24"}
{"level":"info","message":"GET /blog/","timestamp":"2024-12-20 02:25:24"}
{"level":"info","message":"GET /blog/","timestamp":"2024-12-20 02:25:24"}
{"level":"info","message":"GET /blog/","timestamp":"2024-12-20 02:25:24"}
{"level":"info","message":"GET /blog/","timestamp":"2024-12-20 02:25:24"}
{"level":"info","message":"GET /blog/","timestamp":"2024-12-20 02:25:25"}
{"level":"info","message":"GET /blog/","timestamp":"2024-12-20 02:25:25"}
{"level":"info","message":"GET /blog/","timestamp":"2024-12-20 02:25:25"}
{"level":"info","message":"GET /blog/","timestamp":"2024-12-20 02:25:25"}
{"level":"info","message":"GET /blog/","timestamp":"2024-12-20 02:25:25"}
{"level":"info","message":"GET /blog/","timestamp":"2024-12-20 02:25:25"}
{"level":"info","message":"GET /blog/","timestamp":"2024-12-20 02:25:25"}
{"level":"info","message":"GET /blog/","timestamp":"2024-12-20 02:25:25"}
{"level":"info","message":"GET /blog/","timestamp":"2024-12-20 02:25:25"}
{"level":"info","message":"GET /blog/","timestamp":"2024-12-20 02:25:25"}
{"level":"info","message":"GET /blog/","timestamp":"2024-12-20 02:25:25"}
{"level":"info","message":"GET /blog/","timestamp":"2024-12-20 02:25:25"}
{"level":"info","message":"GET /blog/","timestamp":"2024-12-20 02:25:25"}
{"level":"info","message":"GET /blog/","timestamp":"2024-12-20 02:25:25"}
{"level":"info","message":"GET /blog/","timestamp":"2024-12-20 02:25:26"}
{"level":"info","message":"GET /blog/","timestamp":"2024-12-20 02:25:26"}
{"level":"info","message":"GET /blog/","timestamp":"2024-12-20 02:25:26"}
{"level":"info","message":"GET /blog/","timestamp":"2024-12-20 02:25:26"}
{"level":"info","message":"GET /blog/","timestamp":"2024-12-20 02:25:26"}
{"level":"info","message":"GET /blog/","timestamp":"2024-12-20 02:25:26"}
{"level":"info","message":"GET /blog/","timestamp":"2024-12-20 02:25:26"}
{"level":"info","message":"GET /blog/","timestamp":"2024-12-20 02:25:26"}
{"level":"info","message":"GET /blog/","timestamp":"2024-12-20 02:25:26"}
{"level":"info","message":"GET /blog/","timestamp":"2024-12-20 02:25:26"}
{"level":"info","message":"GET /blog/","timestamp":"2024-12-20 02:25:26"}
{"level":"info","message":"GET /blog/","timestamp":"2024-12-20 02:25:26"}
{"level":"info","message":"GET /blog/","timestamp":"2024-12-20 02:25:26"}
{"level":"info","message":"GET /blog/","timestamp":"2024-12-20 02:25:27"}
{"level":"info","message":"GET /blog/","timestamp":"2024-12-20 02:25:27"}
{"level":"info","message":"GET /blog/","timestamp":"2024-12-20 02:25:27"}
{"level":"info","message":"GET /blog/","timestamp":"2024-12-20 02:25:27"}
{"level":"info","message":"GET /blog/","timestamp":"2024-12-20 02:25:27"}
{"level":"info","message":"GET /blog/","timestamp":"2024-12-20 02:25:27"}
{"level":"info","message":"GET /blog/","timestamp":"2024-12-20 02:25:27"}
{"level":"info","message":"GET /blog/","timestamp":"2024-12-20 02:25:27"}
{"level":"info","message":"GET /blog/","timestamp":"2024-12-20 02:25:27"}
{"level":"info","message":"GET /blog/","timestamp":"2024-12-20 02:25:28"}
{"level":"info","message":"GET /blog/","timestamp":"2024-12-20 02:25:30"}
{"level":"info","message":"GET /blog/","timestamp":"2024-12-20 02:25:31"}
{"level":"info","message":"GET /blog/","timestamp":"2024-12-20 02:25:31"}
{"level":"info","message":"GET /blog/","timestamp":"2024-12-20 02:25:31"}
{"level":"info","message":"GET /blog/","timestamp":"2024-12-20 02:25:31"}
{"level":"info","message":"GET /blog/","timestamp":"2024-12-20 02:25:31"}
{"level":"info","message":"GET /blog/","timestamp":"2024-12-20 02:25:31"}
{"level":"info","message":"GET /blog/","timestamp":"2024-12-20 02:25:31"}
{"level":"info","message":"GET /blog/","timestamp":"2024-12-20 02:25:31"}
{"level":"info","message":"GET /blog/","timestamp":"2024-12-20 02:25:31"}
{"level":"info","message":"GET /blog/","timestamp":"2024-12-20 02:25:31"}
{"level":"info","message":"GET /blog/","timestamp":"2024-12-20 02:25:31"}
{"level":"info","message":"GET /blog/","timestamp":"2024-12-20 02:25:31"}
{"level":"info","message":"GET /blog/","timestamp":"2024-12-20 02:25:31"}
{"level":"info","message":"GET /blog/","timestamp":"2024-12-20 02:25:32"}
{"level":"info","message":"GET /blog/","timestamp":"2024-12-20 02:25:32"}
{"level":"info","message":"GET /blog/","timestamp":"2024-12-20 02:25:32"}
{"level":"info","message":"GET /blog/","timestamp":"2024-12-20 02:25:32"}
{"level":"info","message":"GET /blog/","timestamp":"2024-12-20 02:25:32"}
{"level":"info","message":"GET /blog/","timestamp":"2024-12-20 02:25:32"}
{"level":"info","message":"GET /blog/","timestamp":"2024-12-20 02:25:32"}
{"level":"info","message":"GET /blog/","timestamp":"2024-12-20 02:25:32"}
{"level":"info","message":"GET /blog/","timestamp":"2024-12-20 02:25:32"}
{"level":"info","message":"GET /blog/","timestamp":"2024-12-20 02:25:32"}
{"level":"info","message":"GET /blog/","timestamp":"2024-12-20 02:25:32"}
{"level":"info","message":"GET /blog/","timestamp":"2024-12-20 02:25:32"}
{"level":"info","message":"GET /blog/","timestamp":"2024-12-20 02:25:32"}
{"level":"info","message":"GET /blog/","timestamp":"2024-12-20 02:25:32"}
{"level":"info","message":"GET /blog/","timestamp":"2024-12-20 02:25:33"}
{"level":"info","message":"GET /blog/","timestamp":"2024-12-20 02:25:33"}
{"level":"info","message":"GET /blog/","timestamp":"2024-12-20 02:25:33"}
{"level":"info","message":"GET /blog/","timestamp":"2024-12-20 02:25:33"}
{"level":"info","message":"GET /blog/","timestamp":"2024-12-20 02:25:33"}
{"level":"info","message":"GET /blog/","timestamp":"2024-12-20 02:25:33"}
{"level":"info","message":"GET /blog/","timestamp":"2024-12-20 02:25:33"}
{"level":"info","message":"GET /blog/","timestamp":"2024-12-20 02:25:33"}
{"level":"info","message":"GET /blog/","timestamp":"2024-12-20 02:25:33"}
{"level":"info","message":"GET /blog/","timestamp":"2024-12-20 02:25:34"}
{"level":"info","message":"GET /blog/","timestamp":"2024-12-20 02:25:34"}
{"level":"info","message":"GET /blog/","timestamp":"2024-12-20 02:25:34"}
{"level":"info","message":"GET /blog/","timestamp":"2024-12-20 02:25:34"}
{"level":"info","message":"GET /blog/","timestamp":"2024-12-20 02:25:34"}
{"level":"info","message":"GET /blog/","timestamp":"2024-12-20 02:25:34"}
{"level":"info","message":"GET /blog/","timestamp":"2024-12-20 02:25:34"}
{"level":"info","message":"GET /blog/","timestamp":"2024-12-20 02:25:34"}
{"level":"info","message":"GET /blog/","timestamp":"2024-12-20 02:25:35"}
{"level":"info","message":"GET /blog/","timestamp":"2024-12-20 02:25:35"}
{"level":"info","message":"GET /blog/","timestamp":"2024-12-20 02:25:35"}
{"level":"info","message":"GET /blog/","timestamp":"2024-12-20 02:25:35"}
{"level":"info","message":"GET /blog/","timestamp":"2024-12-20 02:25:35"}
{"level":"info","message":"GET /blog/","timestamp":"2024-12-20 02:25:35"}
{"level":"info","message":"GET /blog/","timestamp":"2024-12-20 02:25:36"}
{"level":"info","message":"GET /blog/","timestamp":"2024-12-20 02:25:36"}
{"level":"info","message":"GET /blog/","timestamp":"2024-12-20 02:25:36"}
{"level":"info","message":"GET /blog/","timestamp":"2024-12-20 02:25:36"}
{"level":"info","message":"GET /blog/","timestamp":"2024-12-20 02:25:36"}
{"level":"info","message":"GET /blog/","timestamp":"2024-12-20 02:25:36"}
{"level":"info","message":"GET /blog/","timestamp":"2024-12-20 02:25:36"}
{"level":"info","message":"GET /blog/","timestamp":"2024-12-20 02:25:36"}
{"level":"info","message":"GET /blog/","timestamp":"2024-12-20 02:25:36"}
{"level":"info","message":"GET /blog/","timestamp":"2024-12-20 02:25:36"}
{"level":"info","message":"GET /blog/","timestamp":"2024-12-20 02:25:36"}
{"level":"info","message":"GET /blog/","timestamp":"2024-12-20 02:25:36"}
{"level":"info","message":"GET /blog/","timestamp":"2024-12-20 02:25:36"}
{"level":"info","message":"GET /blog/","timestamp":"2024-12-20 02:25:37"}
{"level":"info","message":"GET /blog/","timestamp":"2024-12-20 02:25:37"}
{"level":"info","message":"GET /blog/","timestamp":"2024-12-20 02:25:37"}
{"level":"info","message":"GET /blog/","timestamp":"2024-12-20 02:25:37"}
{"level":"info","message":"GET /blog/","timestamp":"2024-12-20 02:25:37"}
{"level":"info","message":"GET /blog/","timestamp":"2024-12-20 02:25:37"}
{"level":"info","message":"GET /blog/","timestamp":"2024-12-20 02:25:37"}
{"level":"info","message":"GET /blog/","timestamp":"2024-12-20 02:25:38"}
{"level":"info","message":"GET /blog/","timestamp":"2024-12-20 02:25:38"}
{"level":"info","message":"GET /blog/","timestamp":"2024-12-20 02:25:38"}
{"level":"info","message":"GET /blog/","timestamp":"2024-12-20 02:25:38"}
{"level":"info","message":"GET /blog/","timestamp":"2024-12-20 02:25:38"}
{"level":"info","message":"GET /blog/","timestamp":"2024-12-20 02:25:38"}
{"level":"info","message":"GET /blog/","timestamp":"2024-12-20 02:25:38"}
{"level":"info","message":"GET /blog/","timestamp":"2024-12-20 02:25:39"}
{"level":"info","message":"GET /blog/","timestamp":"2024-12-20 02:25:39"}
{"level":"info","message":"GET /blog/","timestamp":"2024-12-20 02:25:39"}
{"level":"info","message":"GET /blog/","timestamp":"2024-12-20 02:25:39"}
{"level":"info","message":"GET /blog/","timestamp":"2024-12-20 02:25:39"}
{"level":"info","message":"GET /blog/","timestamp":"2024-12-20 02:25:39"}
{"level":"info","message":"GET /blog/","timestamp":"2024-12-20 02:25:39"}
{"level":"info","message":"GET /blog/","timestamp":"2024-12-20 02:25:39"}
{"level":"info","message":"GET /blog/","timestamp":"2024-12-20 02:25:39"}
{"level":"info","message":"GET /blog/","timestamp":"2024-12-20 02:25:39"}
{"level":"info","message":"GET /blog/","timestamp":"2024-12-20 02:25:40"}
{"level":"info","message":"GET /blog/","timestamp":"2024-12-20 02:25:40"}
{"level":"info","message":"GET /blog/","timestamp":"2024-12-20 02:25:40"}
{"level":"info","message":"GET /blog/","timestamp":"2024-12-20 02:25:40"}
{"level":"info","message":"GET /blog/","timestamp":"2024-12-20 02:25:40"}
{"level":"info","message":"GET /blog/","timestamp":"2024-12-20 02:25:40"}
{"level":"info","message":"GET /blog/","timestamp":"2024-12-20 02:25:40"}
{"level":"info","message":"GET /blog/","timestamp":"2024-12-20 02:25:41"}
{"level":"info","message":"GET /blog/","timestamp":"2024-12-20 02:25:41"}
{"level":"info","message":"GET /blog/","timestamp":"2024-12-20 02:25:41"}
{"level":"info","message":"GET /blog/","timestamp":"2024-12-20 02:25:41"}
{"level":"info","message":"GET /blog/","timestamp":"2024-12-20 02:25:41"}
{"level":"info","message":"GET /blog/","timestamp":"2024-12-20 02:25:41"}
{"level":"info","message":"GET /blog/","timestamp":"2024-12-20 02:25:41"}
{"level":"info","message":"GET /blog/","timestamp":"2024-12-20 02:25:41"}
{"level":"info","message":"GET /blog/","timestamp":"2024-12-20 02:25:41"}
{"level":"info","message":"GET /blog/","timestamp":"2024-12-20 02:25:41"}
{"level":"info","message":"GET /blog/","timestamp":"2024-12-20 02:25:42"}
{"level":"info","message":"GET /blog/","timestamp":"2024-12-20 02:25:42"}
{"level":"info","message":"GET /blog/","timestamp":"2024-12-20 02:25:42"}
{"level":"info","message":"GET /blog/","timestamp":"2024-12-20 02:25:43"}
{"level":"info","message":"GET /blog/","timestamp":"2024-12-20 02:25:43"}
{"level":"info","message":"GET /blog/","timestamp":"2024-12-20 02:25:43"}
{"level":"info","message":"GET /blog/","timestamp":"2024-12-20 02:25:43"}
{"level":"info","message":"GET /blog/","timestamp":"2024-12-20 02:25:43"}
{"level":"info","message":"GET /blog/","timestamp":"2024-12-20 02:25:43"}
{"level":"info","message":"GET /blog/","timestamp":"2024-12-20 02:25:44"}
{"level":"info","message":"GET /blog/","timestamp":"2024-12-20 02:25:44"}
{"level":"info","message":"GET /blog/","timestamp":"2024-12-20 02:25:44"}
{"level":"info","message":"GET /blog/","timestamp":"2024-12-20 02:25:44"}
{"level":"info","message":"GET /blog/","timestamp":"2024-12-20 02:25:44"}
{"level":"info","message":"GET /blog/","timestamp":"2024-12-20 02:25:44"}
{"level":"info","message":"GET /blog/","timestamp":"2024-12-20 02:25:44"}
{"level":"info","message":"GET /blog/","timestamp":"2024-12-20 02:25:45"}
{"level":"info","message":"GET /blog/","timestamp":"2024-12-20 02:25:45"}
{"level":"info","message":"GET /blog/","timestamp":"2024-12-20 02:25:45"}
{"level":"info","message":"GET /blog/","timestamp":"2024-12-20 02:25:45"}
{"level":"info","message":"GET /blog/","timestamp":"2024-12-20 02:25:45"}
{"level":"info","message":"GET /blog/","timestamp":"2024-12-20 02:25:45"}
{"level":"info","message":"GET /blog/","timestamp":"2024-12-20 02:25:45"}
{"level":"info","message":"GET /blog/","timestamp":"2024-12-20 02:25:45"}
{"level":"info","message":"GET /blog/","timestamp":"2024-12-20 02:25:45"}
{"level":"info","message":"GET /blog/","timestamp":"2024-12-20 02:25:45"}
{"level":"info","message":"GET /blog/","timestamp":"2024-12-20 02:25:46"}
{"level":"info","message":"GET /blog/","timestamp":"2024-12-20 02:25:46"}
{"level":"info","message":"GET /blog/","timestamp":"2024-12-20 02:25:46"}
{"level":"info","message":"GET /blog/","timestamp":"2024-12-20 02:25:46"}
{"level":"info","message":"GET /blog/","timestamp":"2024-12-20 02:25:46"}
{"level":"info","message":"GET /blog/","timestamp":"2024-12-20 02:25:46"}
{"level":"info","message":"GET /blog/","timestamp":"2024-12-20 02:25:46"}
{"level":"info","message":"GET /blog/","timestamp":"2024-12-20 02:25:46"}
{"level":"info","message":"GET /blog/","timestamp":"2024-12-20 02:25:46"}
{"level":"info","message":"GET /blog/","timestamp":"2024-12-20 02:25:46"}
{"level":"info","message":"GET /blog/","timestamp":"2024-12-20 02:25:47"}
{"level":"info","message":"GET /blog/","timestamp":"2024-12-20 02:25:47"}
{"level":"info","message":"GET /blog/","timestamp":"2024-12-20 02:25:47"}
{"level":"info","message":"GET /blog/","timestamp":"2024-12-20 02:25:47"}
{"level":"info","message":"GET /blog/","timestamp":"2024-12-20 02:25:47"}
{"level":"info","message":"GET /blog/","timestamp":"2024-12-20 02:25:47"}
{"level":"info","message":"GET /blog/","timestamp":"2024-12-20 02:25:47"}
{"level":"info","message":"GET /blog/","timestamp":"2024-12-20 02:25:47"}
{"level":"info","message":"GET /blog/","timestamp":"2024-12-20 02:25:47"}
{"level":"info","message":"GET /blog/","timestamp":"2024-12-20 02:25:47"}
{"level":"info","message":"GET /blog/","timestamp":"2024-12-20 02:25:47"}
{"level":"info","message":"GET /blog/","timestamp":"2024-12-20 02:25:47"}
{"level":"info","message":"GET /blog/","timestamp":"2024-12-20 02:25:47"}
{"level":"info","message":"GET /blog/","timestamp":"2024-12-20 02:25:47"}
{"level":"info","message":"GET /blog/","timestamp":"2024-12-20 02:25:48"}
{"level":"info","message":"GET /blog/","timestamp":"2024-12-20 02:25:48"}
{"level":"info","message":"GET /blog/","timestamp":"2024-12-20 02:25:48"}
{"level":"info","message":"GET /blog/","timestamp":"2024-12-20 02:25:48"}
{"level":"info","message":"GET /blog/","timestamp":"2024-12-20 02:25:48"}
{"level":"info","message":"GET /blog/","timestamp":"2024-12-20 02:25:48"}
{"level":"info","message":"GET /blog/","timestamp":"2024-12-20 02:25:48"}
{"level":"info","message":"GET /blog/","timestamp":"2024-12-20 02:25:48"}
{"level":"info","message":"GET /blog/","timestamp":"2024-12-20 02:25:48"}
{"level":"info","message":"GET /blog/","timestamp":"2024-12-20 02:25:48"}
{"level":"info","message":"GET /blog/","timestamp":"2024-12-20 02:25:49"}
{"level":"info","message":"GET /blog/","timestamp":"2024-12-20 02:25:49"}
{"level":"info","message":"GET /blog/","timestamp":"2024-12-20 02:25:49"}
{"level":"info","message":"GET /blog/","timestamp":"2024-12-20 02:25:49"}
{"level":"info","message":"GET /blog/","timestamp":"2024-12-20 02:25:49"}
{"level":"info","message":"GET /blog/","timestamp":"2024-12-20 02:25:49"}
{"level":"info","message":"GET /blog/","timestamp":"2024-12-20 02:25:50"}
{"level":"info","message":"GET /blog/","timestamp":"2024-12-20 02:25:50"}
{"level":"info","message":"GET /blog/","timestamp":"2024-12-20 02:25:50"}
{"level":"info","message":"GET /blog/","timestamp":"2024-12-20 02:25:50"}
{"level":"info","message":"GET /blog/","timestamp":"2024-12-20 02:25:51"}
{"level":"info","message":"GET /blog/","timestamp":"2024-12-20 02:25:51"}
{"level":"info","message":"GET /blog/","timestamp":"2024-12-20 02:25:51"}
{"level":"info","message":"GET /blog/","timestamp":"2024-12-20 02:25:51"}
{"level":"info","message":"GET /blog/","timestamp":"2024-12-20 02:25:51"}
{"level":"info","message":"GET /blog/","timestamp":"2024-12-20 02:25:51"}
{"level":"info","message":"GET /blog/","timestamp":"2024-12-20 02:25:51"}
{"level":"info","message":"GET /blog/","timestamp":"2024-12-20 02:25:52"}
{"level":"info","message":"GET /blog/","timestamp":"2024-12-20 02:25:52"}
{"level":"info","message":"GET /blog/","timestamp":"2024-12-20 02:25:52"}
{"level":"info","message":"GET /blog/","timestamp":"2024-12-20 02:25:53"}
{"level":"info","message":"GET /blog/","timestamp":"2024-12-20 02:25:53"}
{"level":"info","message":"GET /blog/","timestamp":"2024-12-20 02:25:53"}
{"level":"info","message":"GET /blog/","timestamp":"2024-12-20 02:25:53"}
{"level":"info","message":"GET /blog/","timestamp":"2024-12-20 02:25:53"}
{"level":"info","message":"GET /blog/","timestamp":"2024-12-20 02:25:53"}
{"level":"info","message":"GET /blog/","timestamp":"2024-12-20 02:25:54"}
{"level":"info","message":"GET /blog/","timestamp":"2024-12-20 02:25:54"}
{"level":"info","message":"GET /blog/","timestamp":"2024-12-20 02:25:54"}
{"level":"info","message":"GET /blog/","timestamp":"2024-12-20 02:25:54"}
{"level":"info","message":"GET /blog/","timestamp":"2024-12-20 02:25:54"}
{"level":"info","message":"GET /blog/","timestamp":"2024-12-20 02:25:54"}
{"level":"info","message":"GET /blog/","timestamp":"2024-12-20 02:25:54"}
{"level":"info","message":"GET /blog/","timestamp":"2024-12-20 02:25:54"}
{"level":"info","message":"GET /blog/","timestamp":"2024-12-20 02:25:54"}
{"level":"info","message":"GET /blog/","timestamp":"2024-12-20 02:25:55"}
{"level":"info","message":"GET /blog/","timestamp":"2024-12-20 02:25:55"}
{"level":"info","message":"GET /blog/","timestamp":"2024-12-20 02:25:55"}
{"level":"info","message":"GET /blog/","timestamp":"2024-12-20 02:25:55"}
{"level":"info","message":"GET /blog/","timestamp":"2024-12-20 02:25:55"}
{"level":"info","message":"GET /blog/","timestamp":"2024-12-20 02:25:55"}
{"level":"info","message":"GET /blog/","timestamp":"2024-12-20 02:25:55"}
{"level":"info","message":"GET /blog/","timestamp":"2024-12-20 02:25:55"}
{"level":"info","message":"GET /blog/","timestamp":"2024-12-20 02:25:55"}
{"level":"info","message":"GET /blog/","timestamp":"2024-12-20 02:25:55"}
{"level":"info","message":"GET /blog/","timestamp":"2024-12-20 02:25:55"}
{"level":"info","message":"GET /blog/","timestamp":"2024-12-20 02:25:55"}
{"level":"info","message":"GET /blog/","timestamp":"2024-12-20 02:25:56"}
{"level":"info","message":"GET /blog/","timestamp":"2024-12-20 02:25:56"}
{"level":"info","message":"GET /blog/","timestamp":"2024-12-20 02:25:56"}
{"level":"info","message":"GET /blog/","timestamp":"2024-12-20 02:25:56"}
{"level":"info","message":"GET /blog/","timestamp":"2024-12-20 02:25:56"}
{"level":"info","message":"GET /blog/","timestamp":"2024-12-20 02:25:56"}
{"level":"info","message":"GET /blog/","timestamp":"2024-12-20 02:25:56"}
{"level":"info","message":"GET /blog/","timestamp":"2024-12-20 02:25:56"}
{"level":"info","message":"GET /blog/","timestamp":"2024-12-20 02:25:56"}
{"level":"info","message":"GET /blog/","timestamp":"2024-12-20 02:25:56"}
{"level":"info","message":"GET /blog/","timestamp":"2024-12-20 02:25:56"}
{"level":"info","message":"GET /blog/","timestamp":"2024-12-20 02:25:56"}
{"level":"info","message":"GET /blog/","timestamp":"2024-12-20 02:25:56"}
{"level":"info","message":"GET /blog/","timestamp":"2024-12-20 02:25:57"}
{"level":"info","message":"GET /blog/","timestamp":"2024-12-20 02:25:57"}
{"level":"info","message":"GET /blog/","timestamp":"2024-12-20 02:25:57"}
{"level":"info","message":"GET /blog/","timestamp":"2024-12-20 02:25:57"}
{"level":"info","message":"GET /blog/","timestamp":"2024-12-20 02:25:57"}
{"level":"info","message":"GET /blog/","timestamp":"2024-12-20 02:25:57"}
{"level":"info","message":"GET /blog/","timestamp":"2024-12-20 02:25:57"}
{"level":"info","message":"GET /blog/","timestamp":"2024-12-20 02:25:57"}
{"level":"info","message":"GET /blog/","timestamp":"2024-12-20 02:25:57"}
{"level":"info","message":"GET /blog/","timestamp":"2024-12-20 02:25:57"}
{"level":"info","message":"GET /blog/","timestamp":"2024-12-20 02:25:57"}
{"level":"info","message":"GET /blog/","timestamp":"2024-12-20 02:25:57"}
{"level":"info","message":"GET /blog/","timestamp":"2024-12-20 02:25:57"}
{"level":"info","message":"GET /blog/","timestamp":"2024-12-20 02:25:58"}
{"level":"info","message":"GET /blog/","timestamp":"2024-12-20 02:25:58"}
{"level":"info","message":"GET /blog/","timestamp":"2024-12-20 02:25:58"}
{"level":"info","message":"GET /blog/","timestamp":"2024-12-20 02:25:58"}
{"level":"info","message":"GET /blog/","timestamp":"2024-12-20 02:25:58"}
{"level":"info","message":"GET /blog/","timestamp":"2024-12-20 02:25:58"}
{"level":"info","message":"GET /blog/","timestamp":"2024-12-20 02:25:58"}
{"level":"info","message":"GET /blog/","timestamp":"2024-12-20 02:25:58"}
{"level":"info","message":"GET /blog/","timestamp":"2024-12-20 02:25:58"}
{"level":"info","message":"GET /blog/","timestamp":"2024-12-20 02:25:58"}
{"level":"info","message":"GET /blog/","timestamp":"2024-12-20 02:25:58"}
{"level":"info","message":"GET /blog/","timestamp":"2024-12-20 02:25:58"}
{"level":"info","message":"GET /blog/","timestamp":"2024-12-20 02:25:58"}
{"level":"info","message":"GET /blog/","timestamp":"2024-12-20 02:25:58"}
{"level":"info","message":"GET /blog/","timestamp":"2024-12-20 02:25:59"}
{"level":"info","message":"GET /blog/","timestamp":"2024-12-20 02:25:59"}
{"level":"info","message":"GET /blog/","timestamp":"2024-12-20 02:25:59"}
{"level":"info","message":"GET /blog/","timestamp":"2024-12-20 02:25:59"}
{"level":"info","message":"GET /blog/","timestamp":"2024-12-20 02:25:59"}
{"level":"info","message":"GET /blog/","timestamp":"2024-12-20 02:25:59"}
{"level":"info","message":"GET /blog/","timestamp":"2024-12-20 02:25:59"}
{"level":"info","message":"GET /blog/","timestamp":"2024-12-20 02:25:59"}
{"level":"info","message":"GET /blog/","timestamp":"2024-12-20 02:25:59"}
{"level":"info","message":"GET /blog/","timestamp":"2024-12-20 02:25:59"}
{"level":"info","message":"GET /blog/","timestamp":"2024-12-20 02:25:59"}
{"level":"info","message":"GET /blog/","timestamp":"2024-12-20 02:25:59"}
{"level":"info","message":"GET /blog/","timestamp":"2024-12-20 02:25:59"}
{"level":"info","message":"GET /blog/","timestamp":"2024-12-20 02:26:00"}
{"level":"info","message":"GET /blog/","timestamp":"2024-12-20 02:26:00"}
{"level":"info","message":"GET /blog/","timestamp":"2024-12-20 02:26:00"}
{"level":"info","message":"GET /blog/","timestamp":"2024-12-20 02:26:00"}
{"level":"info","message":"GET /blog/","timestamp":"2024-12-20 02:26:00"}
{"level":"info","message":"GET /blog/","timestamp":"2024-12-20 02:26:00"}
{"level":"info","message":"GET /blog/","timestamp":"2024-12-20 02:26:00"}
{"level":"info","message":"GET /blog/","timestamp":"2024-12-20 02:26:00"}
{"level":"info","message":"GET /blog/","timestamp":"2024-12-20 02:26:00"}
{"level":"info","message":"GET /blog/","timestamp":"2024-12-20 02:26:00"}
{"level":"info","message":"GET /blog/","timestamp":"2024-12-20 02:26:01"}
{"level":"info","message":"GET /blog/","timestamp":"2024-12-20 02:26:01"}
{"level":"info","message":"GET /blog/","timestamp":"2024-12-20 02:26:01"}
{"level":"info","message":"GET /blog/","timestamp":"2024-12-20 02:26:01"}
{"level":"info","message":"GET /blog/","timestamp":"2024-12-20 02:26:01"}
{"level":"info","message":"GET /blog/","timestamp":"2024-12-20 02:26:01"}
{"level":"info","message":"GET /blog/","timestamp":"2024-12-20 02:26:01"}
{"level":"info","message":"GET /blog/","timestamp":"2024-12-20 02:26:01"}
{"level":"info","message":"GET /blog/","timestamp":"2024-12-20 02:26:01"}
{"level":"info","message":"GET /blog/","timestamp":"2024-12-20 02:26:01"}
{"level":"info","message":"GET /blog/","timestamp":"2024-12-20 02:26:01"}
{"level":"info","message":"GET /blog/","timestamp":"2024-12-20 02:26:02"}
{"level":"info","message":"GET /blog/","timestamp":"2024-12-20 02:26:02"}
{"level":"info","message":"GET /blog/","timestamp":"2024-12-20 02:26:02"}
{"level":"info","message":"GET /blog/","timestamp":"2024-12-20 02:26:02"}
{"level":"info","message":"GET /blog/","timestamp":"2024-12-20 02:26:02"}
{"level":"info","message":"GET /blog/","timestamp":"2024-12-20 02:26:02"}
{"level":"info","message":"GET /blog/","timestamp":"2024-12-20 02:26:02"}
{"level":"info","message":"GET /blog/","timestamp":"2024-12-20 02:26:02"}
{"level":"info","message":"GET /blog/","timestamp":"2024-12-20 02:26:03"}
{"level":"info","message":"GET /blog/","timestamp":"2024-12-20 02:26:03"}
{"level":"info","message":"GET /blog/","timestamp":"2024-12-20 02:26:03"}
{"level":"info","message":"GET /blog/","timestamp":"2024-12-20 02:26:03"}
{"level":"info","message":"GET /blog/","timestamp":"2024-12-20 02:26:04"}
{"level":"info","message":"GET /blog/","timestamp":"2024-12-20 02:26:04"}
{"level":"info","message":"GET /blog/","timestamp":"2024-12-20 02:26:04"}
{"level":"info","message":"GET /blog/","timestamp":"2024-12-20 02:26:04"}
{"level":"info","message":"GET /blog/","timestamp":"2024-12-20 02:26:04"}
{"level":"info","message":"GET /blog/","timestamp":"2024-12-20 02:26:04"}
{"level":"info","message":"GET /blog/","timestamp":"2024-12-20 02:26:04"}
{"level":"info","message":"GET /blog/","timestamp":"2024-12-20 02:26:05"}
{"level":"info","message":"GET /blog/","timestamp":"2024-12-20 02:26:05"}
{"level":"info","message":"GET /blog/","timestamp":"2024-12-20 02:26:05"}
{"level":"info","message":"GET /blog/","timestamp":"2024-12-20 02:26:05"}
{"level":"info","message":"GET /blog/","timestamp":"2024-12-20 02:26:05"}
{"level":"info","message":"GET /blog/","timestamp":"2024-12-20 02:26:05"}
{"level":"info","message":"GET /blog/","timestamp":"2024-12-20 02:26:05"}
{"level":"info","message":"GET /blog/","timestamp":"2024-12-20 02:26:05"}
{"level":"info","message":"GET /blog/","timestamp":"2024-12-20 02:26:05"}
{"level":"info","message":"GET /blog/","timestamp":"2024-12-20 02:26:05"}
{"level":"info","message":"GET /blog/","timestamp":"2024-12-20 02:26:05"}
{"level":"info","message":"GET /blog/","timestamp":"2024-12-20 02:26:05"}
{"level":"info","message":"GET /blog/","timestamp":"2024-12-20 02:26:05"}
{"level":"info","message":"GET /blog/","timestamp":"2024-12-20 02:26:06"}
{"level":"info","message":"GET /blog/","timestamp":"2024-12-20 02:26:06"}
{"level":"info","message":"GET /blog/","timestamp":"2024-12-20 02:26:06"}
{"level":"info","message":"GET /blog/","timestamp":"2024-12-20 02:26:06"}
{"level":"info","message":"GET /blog/","timestamp":"2024-12-20 02:26:06"}
{"level":"info","message":"GET /blog/","timestamp":"2024-12-20 02:26:06"}
{"level":"info","message":"GET /blog/","timestamp":"2024-12-20 02:26:06"}
{"level":"info","message":"GET /blog/","timestamp":"2024-12-20 02:26:06"}
{"level":"info","message":"GET /blog/","timestamp":"2024-12-20 02:26:06"}
{"level":"info","message":"GET /blog/","timestamp":"2024-12-20 02:26:06"}
{"level":"info","message":"GET /blog/","timestamp":"2024-12-20 02:26:06"}
{"level":"info","message":"GET /blog/","timestamp":"2024-12-20 02:26:06"}
{"level":"info","message":"GET /blog/","timestamp":"2024-12-20 02:26:06"}
{"level":"info","message":"GET /blog/","timestamp":"2024-12-20 02:26:06"}
{"level":"info","message":"GET /blog/","timestamp":"2024-12-20 02:26:07"}
{"level":"info","message":"GET /blog/","timestamp":"2024-12-20 02:26:07"}
{"level":"info","message":"GET /blog/","timestamp":"2024-12-20 02:26:07"}
{"level":"info","message":"GET /blog/","timestamp":"2024-12-20 02:26:07"}
{"level":"info","message":"GET /blog/","timestamp":"2024-12-20 02:26:07"}
{"level":"info","message":"GET /blog/","timestamp":"2024-12-20 02:26:07"}
{"level":"info","message":"GET /blog/","timestamp":"2024-12-20 02:26:07"}
{"level":"info","message":"GET /blog/","timestamp":"2024-12-20 02:26:07"}
{"level":"info","message":"GET /blog/","timestamp":"2024-12-20 02:26:07"}
{"level":"info","message":"GET /blog/","timestamp":"2024-12-20 02:26:07"}
{"level":"info","message":"GET /blog/","timestamp":"2024-12-20 02:26:07"}
{"level":"info","message":"GET /blog/","timestamp":"2024-12-20 02:26:07"}
{"level":"info","message":"GET /blog/","timestamp":"2024-12-20 02:26:07"}
{"level":"info","message":"GET /blog/","timestamp":"2024-12-20 02:26:08"}
{"level":"info","message":"GET /blog/","timestamp":"2024-12-20 02:26:08"}
{"level":"info","message":"GET /blog/","timestamp":"2024-12-20 02:26:08"}
{"level":"info","message":"GET /blog/","timestamp":"2024-12-20 02:26:08"}
{"level":"info","message":"GET /blog/","timestamp":"2024-12-20 02:26:08"}
{"level":"info","message":"GET /blog/","timestamp":"2024-12-20 02:26:08"}
{"level":"info","message":"GET /blog/","timestamp":"2024-12-20 02:26:08"}
{"level":"info","message":"GET /blog/","timestamp":"2024-12-20 02:26:08"}
{"level":"info","message":"GET /blog/","timestamp":"2024-12-20 02:26:08"}
{"level":"info","message":"GET /blog/","timestamp":"2024-12-20 02:26:08"}
{"level":"info","message":"GET /blog/","timestamp":"2024-12-20 02:26:08"}
{"level":"info","message":"GET /blog/","timestamp":"2024-12-20 02:26:08"}
{"level":"info","message":"GET /blog/","timestamp":"2024-12-20 02:26:08"}
{"level":"info","message":"GET /blog/","timestamp":"2024-12-20 02:26:08"}
{"level":"info","message":"GET /blog/","timestamp":"2024-12-20 02:26:09"}
{"level":"info","message":"GET /blog/","timestamp":"2024-12-20 02:26:09"}
{"level":"info","message":"GET /blog/","timestamp":"2024-12-20 02:26:09"}
{"level":"info","message":"GET /blog/","timestamp":"2024-12-20 02:26:09"}
{"level":"info","message":"GET /blog/","timestamp":"2024-12-20 02:26:09"}
{"level":"info","message":"GET /blog/","timestamp":"2024-12-20 02:26:09"}
{"level":"info","message":"GET /blog/","timestamp":"2024-12-20 02:26:09"}
{"level":"info","message":"GET /blog/","timestamp":"2024-12-20 02:26:09"}
{"level":"info","message":"GET /blog/","timestamp":"2024-12-20 02:26:09"}
{"level":"info","message":"GET /blog/","timestamp":"2024-12-20 02:26:09"}
{"level":"info","message":"GET /blog/","timestamp":"2024-12-20 02:26:09"}
{"level":"info","message":"GET /blog/","timestamp":"2024-12-20 02:26:09"}
{"level":"info","message":"GET /blog/","timestamp":"2024-12-20 02:26:09"}
{"level":"info","message":"GET /blog/","timestamp":"2024-12-20 02:26:10"}
{"level":"info","message":"GET /blog/","timestamp":"2024-12-20 02:26:10"}
{"level":"info","message":"GET /blog/","timestamp":"2024-12-20 02:26:10"}
{"level":"info","message":"GET /blog/","timestamp":"2024-12-20 02:26:10"}
{"level":"info","message":"GET /blog/","timestamp":"2024-12-20 02:26:10"}
{"level":"info","message":"GET /blog/","timestamp":"2024-12-20 02:26:10"}
{"level":"info","message":"GET /blog/","timestamp":"2024-12-20 02:26:10"}
{"level":"info","message":"GET /blog/","timestamp":"2024-12-20 02:26:10"}
{"level":"info","message":"GET /blog/","timestamp":"2024-12-20 02:26:10"}
{"level":"info","message":"GET /blog/","timestamp":"2024-12-20 02:26:10"}
{"level":"info","message":"GET /blog/","timestamp":"2024-12-20 02:26:10"}
{"level":"info","message":"GET /blog/","timestamp":"2024-12-20 02:26:10"}
{"level":"info","message":"GET /blog/","timestamp":"2024-12-20 02:26:10"}
{"level":"info","message":"GET /blog/","timestamp":"2024-12-20 02:26:11"}
{"level":"info","message":"GET /blog/","timestamp":"2024-12-20 02:26:11"}
{"level":"info","message":"GET /blog/","timestamp":"2024-12-20 02:26:11"}
{"level":"info","message":"GET /blog/","timestamp":"2024-12-20 02:26:11"}
{"level":"info","message":"GET /blog/","timestamp":"2024-12-20 02:26:11"}
{"level":"info","message":"GET /blog/","timestamp":"2024-12-20 02:26:11"}
{"level":"info","message":"GET /blog/","timestamp":"2024-12-20 02:26:11"}
{"level":"info","message":"GET /blog/","timestamp":"2024-12-20 02:26:11"}
{"level":"info","message":"GET /blog/","timestamp":"2024-12-20 02:26:11"}
{"level":"info","message":"GET /blog/","timestamp":"2024-12-20 02:26:11"}
{"level":"info","message":"GET /blog/","timestamp":"2024-12-20 02:26:11"}
{"level":"info","message":"GET /blog/","timestamp":"2024-12-20 02:26:11"}
{"level":"info","message":"GET /blog/","timestamp":"2024-12-20 02:26:11"}
{"level":"info","message":"GET /blog/","timestamp":"2024-12-20 02:26:12"}
{"level":"info","message":"GET /blog/","timestamp":"2024-12-20 02:26:12"}
{"level":"info","message":"GET /blog/","timestamp":"2024-12-20 02:26:12"}
{"level":"info","message":"GET /blog/","timestamp":"2024-12-20 02:26:12"}
{"level":"info","message":"GET /blog/","timestamp":"2024-12-20 02:26:12"}
{"level":"info","message":"GET /blog/","timestamp":"2024-12-20 02:26:12"}
{"level":"info","message":"GET /blog/","timestamp":"2024-12-20 02:26:12"}
{"level":"info","message":"GET /blog/","timestamp":"2024-12-20 02:26:12"}
{"level":"info","message":"GET /blog/","timestamp":"2024-12-20 02:26:12"}
{"level":"info","message":"GET /blog/","timestamp":"2024-12-20 02:26:12"}
{"level":"info","message":"GET /blog/","timestamp":"2024-12-20 02:26:12"}
{"level":"info","message":"GET /blog/","timestamp":"2024-12-20 02:26:12"}
{"level":"info","message":"GET /blog/","timestamp":"2024-12-20 02:26:12"}
{"level":"info","message":"GET /blog/","timestamp":"2024-12-20 02:26:12"}
{"level":"info","message":"GET /blog/","timestamp":"2024-12-20 02:26:13"}
{"level":"info","message":"GET /blog/","timestamp":"2024-12-20 02:26:13"}
{"level":"info","message":"GET /blog/","timestamp":"2024-12-20 02:26:13"}
{"level":"info","message":"GET /blog/","timestamp":"2024-12-20 02:26:13"}
{"level":"info","message":"GET /blog/","timestamp":"2024-12-20 02:26:13"}
{"level":"info","message":"GET /blog/","timestamp":"2024-12-20 02:26:13"}
{"level":"info","message":"GET /blog/","timestamp":"2024-12-20 02:26:13"}
{"level":"info","message":"GET /blog/","timestamp":"2024-12-20 02:26:13"}
{"level":"info","message":"GET /blog/","timestamp":"2024-12-20 02:26:13"}
{"level":"info","message":"GET /blog/","timestamp":"2024-12-20 02:26:13"}
{"level":"info","message":"GET /blog/","timestamp":"2024-12-20 02:26:13"}
{"level":"info","message":"GET /blog/","timestamp":"2024-12-20 02:26:13"}
{"level":"info","message":"GET /blog/","timestamp":"2024-12-20 02:26:13"}
{"level":"info","message":"GET /blog/","timestamp":"2024-12-20 02:26:14"}
{"level":"info","message":"GET /blog/","timestamp":"2024-12-20 02:26:14"}
{"level":"info","message":"GET /blog/","timestamp":"2024-12-20 02:26:14"}
{"level":"info","message":"GET /blog/","timestamp":"2024-12-20 02:26:14"}
{"level":"info","message":"GET /blog/","timestamp":"2024-12-20 02:26:14"}
{"level":"info","message":"GET /blog/","timestamp":"2024-12-20 02:26:14"}
{"level":"info","message":"GET /blog/","timestamp":"2024-12-20 02:26:14"}
{"level":"info","message":"GET /blog/","timestamp":"2024-12-20 02:26:14"}
{"level":"info","message":"GET /blog/","timestamp":"2024-12-20 02:26:14"}
{"level":"info","message":"GET /blog/","timestamp":"2024-12-20 02:26:14"}
{"level":"info","message":"GET /blog/","timestamp":"2024-12-20 02:26:14"}
{"level":"info","message":"GET /blog/","timestamp":"2024-12-20 02:26:14"}
{"level":"info","message":"GET /blog/","timestamp":"2024-12-20 02:26:14"}
{"level":"info","message":"GET /blog/","timestamp":"2024-12-20 02:26:14"}
{"level":"info","message":"GET /blog/","timestamp":"2024-12-20 02:26:15"}
{"level":"info","message":"GET /blog/","timestamp":"2024-12-20 02:26:15"}
{"level":"info","message":"GET /blog/","timestamp":"2024-12-20 02:26:15"}
{"level":"info","message":"GET /blog/","timestamp":"2024-12-20 02:26:15"}
{"level":"info","message":"GET /blog/","timestamp":"2024-12-20 02:26:15"}
{"level":"info","message":"GET /blog/","timestamp":"2024-12-20 02:26:15"}
{"level":"info","message":"GET /blog/","timestamp":"2024-12-20 02:26:15"}
{"level":"info","message":"GET /blog/","timestamp":"2024-12-20 02:26:15"}
{"level":"info","message":"GET /blog/","timestamp":"2024-12-20 02:26:15"}
{"level":"info","message":"GET /blog/","timestamp":"2024-12-20 02:26:15"}
{"level":"info","message":"GET /blog/","timestamp":"2024-12-20 02:26:15"}
{"level":"info","message":"GET /blog/","timestamp":"2024-12-20 02:26:15"}
{"level":"info","message":"GET /blog/","timestamp":"2024-12-20 02:26:15"}
{"level":"info","message":"GET /blog/","timestamp":"2024-12-20 02:26:16"}
{"level":"info","message":"GET /blog/","timestamp":"2024-12-20 02:26:18"}
{"level":"info","message":"GET /blog/","timestamp":"2024-12-20 02:26:18"}
{"level":"info","message":"GET /blog/","timestamp":"2024-12-20 02:26:18"}
{"level":"info","message":"GET /blog/","timestamp":"2024-12-20 02:26:18"}
{"level":"info","message":"GET /blog/","timestamp":"2024-12-20 02:26:18"}
{"level":"info","message":"GET /blog/","timestamp":"2024-12-20 02:26:18"}
{"level":"info","message":"GET /blog/","timestamp":"2024-12-20 02:26:18"}
{"level":"info","message":"GET /blog/","timestamp":"2024-12-20 02:26:18"}
{"level":"info","message":"GET /blog/","timestamp":"2024-12-20 02:26:18"}
{"level":"info","message":"GET /blog/","timestamp":"2024-12-20 02:26:18"}
{"level":"info","message":"GET /blog/","timestamp":"2024-12-20 02:26:18"}
{"level":"info","message":"GET /blog/","timestamp":"2024-12-20 02:26:18"}
{"level":"info","message":"GET /blog/","timestamp":"2024-12-20 02:26:18"}
{"level":"info","message":"GET /blog/","timestamp":"2024-12-20 02:26:19"}
{"level":"info","message":"GET /blog/","timestamp":"2024-12-20 02:26:19"}
{"level":"info","message":"GET /blog/","timestamp":"2024-12-20 02:26:19"}
{"level":"info","message":"GET /blog/","timestamp":"2024-12-20 02:26:19"}
{"level":"info","message":"GET /blog/","timestamp":"2024-12-20 02:26:19"}
{"level":"info","message":"GET /blog/","timestamp":"2024-12-20 02:26:19"}
{"level":"info","message":"GET /blog/","timestamp":"2024-12-20 02:26:19"}
{"level":"info","message":"GET /blog/","timestamp":"2024-12-20 02:26:19"}
{"level":"info","message":"GET /blog/","timestamp":"2024-12-20 02:26:19"}
{"level":"info","message":"GET /blog/","timestamp":"2024-12-20 02:26:19"}
{"level":"info","message":"GET /blog/","timestamp":"2024-12-20 02:26:19"}
{"level":"info","message":"GET /blog/","timestamp":"2024-12-20 02:26:19"}
{"level":"info","message":"GET /blog/","timestamp":"2024-12-20 02:26:19"}
{"level":"info","message":"GET /blog/","timestamp":"2024-12-20 02:26:19"}
{"level":"info","message":"GET /blog/","timestamp":"2024-12-20 02:26:20"}
{"level":"info","message":"GET /blog/","timestamp":"2024-12-20 02:26:20"}
{"level":"info","message":"GET /blog/","timestamp":"2024-12-20 02:26:20"}
{"level":"info","message":"GET /blog/","timestamp":"2024-12-20 02:26:20"}
{"level":"info","message":"GET /blog/","timestamp":"2024-12-20 02:26:20"}
{"level":"info","message":"GET /blog/","timestamp":"2024-12-20 02:26:20"}
{"level":"info","message":"GET /blog/","timestamp":"2024-12-20 02:26:20"}
{"level":"info","message":"GET /blog/","timestamp":"2024-12-20 02:26:20"}
{"level":"info","message":"GET /blog/","timestamp":"2024-12-20 02:26:20"}
{"level":"info","message":"GET /blog/","timestamp":"2024-12-20 02:26:20"}
{"level":"info","message":"GET /blog/","timestamp":"2024-12-20 02:26:20"}
{"level":"info","message":"GET /blog/","timestamp":"2024-12-20 02:26:20"}
{"level":"info","message":"GET /blog/","timestamp":"2024-12-20 02:26:20"}
{"level":"info","message":"GET /blog/","timestamp":"2024-12-20 02:26:21"}
{"level":"info","message":"GET /blog/","timestamp":"2024-12-20 02:26:21"}
{"level":"info","message":"GET /blog/","timestamp":"2024-12-20 02:26:21"}
{"level":"info","message":"GET /blog/","timestamp":"2024-12-20 02:26:21"}
{"level":"info","message":"GET /blog/","timestamp":"2024-12-20 02:26:21"}
{"level":"info","message":"GET /blog/","timestamp":"2024-12-20 02:26:21"}
{"level":"info","message":"GET /blog/","timestamp":"2024-12-20 02:26:21"}
{"level":"info","message":"GET /blog/","timestamp":"2024-12-20 02:26:21"}
{"level":"info","message":"GET /blog/","timestamp":"2024-12-20 02:26:21"}
{"level":"info","message":"GET /blog/","timestamp":"2024-12-20 02:26:21"}
{"level":"info","message":"GET /blog/","timestamp":"2024-12-20 02:26:21"}
{"level":"info","message":"GET /blog/","timestamp":"2024-12-20 02:26:21"}
{"level":"info","message":"GET /blog/","timestamp":"2024-12-20 02:26:21"}
{"level":"info","message":"GET /blog/","timestamp":"2024-12-20 02:26:22"}
{"level":"info","message":"GET /blog/","timestamp":"2024-12-20 02:26:22"}
{"level":"info","message":"GET /blog/","timestamp":"2024-12-20 02:26:22"}
{"level":"info","message":"GET /blog/","timestamp":"2024-12-20 02:26:22"}
{"level":"info","message":"GET /blog/","timestamp":"2024-12-20 02:26:22"}
{"level":"info","message":"GET /blog/","timestamp":"2024-12-20 02:26:22"}
{"level":"info","message":"GET /blog/","timestamp":"2024-12-20 02:26:22"}
{"level":"info","message":"GET /blog/","timestamp":"2024-12-20 02:26:22"}
{"level":"info","message":"GET /blog/","timestamp":"2024-12-20 02:26:22"}
{"level":"info","message":"GET /blog/","timestamp":"2024-12-20 02:26:22"}
{"level":"info","message":"GET /blog/","timestamp":"2024-12-20 02:26:22"}
{"level":"info","message":"GET /blog/","timestamp":"2024-12-20 02:26:22"}
{"level":"info","message":"GET /blog/","timestamp":"2024-12-20 02:26:22"}
{"level":"info","message":"GET /blog/","timestamp":"2024-12-20 02:26:22"}
{"level":"info","message":"GET /blog/","timestamp":"2024-12-20 02:26:23"}
{"level":"info","message":"GET /blog/","timestamp":"2024-12-20 02:26:23"}
{"level":"info","message":"GET /blog/","timestamp":"2024-12-20 02:26:23"}
{"level":"info","message":"GET /blog/","timestamp":"2024-12-20 02:26:23"}
{"level":"info","message":"GET /blog/","timestamp":"2024-12-20 02:26:23"}
{"level":"info","message":"GET /blog/","timestamp":"2024-12-20 02:26:23"}
{"level":"info","message":"GET /blog/","timestamp":"2024-12-20 02:26:23"}
{"level":"info","message":"GET /blog/","timestamp":"2024-12-20 02:26:23"}
{"level":"info","message":"GET /blog/","timestamp":"2024-12-20 02:26:23"}
{"level":"info","message":"GET /blog/","timestamp":"2024-12-20 02:26:23"}
{"level":"info","message":"GET /blog/","timestamp":"2024-12-20 02:26:23"}
{"level":"info","message":"GET /blog/","timestamp":"2024-12-20 02:26:23"}
{"level":"info","message":"GET /blog/","timestamp":"2024-12-20 02:26:23"}
{"level":"info","message":"GET /blog/","timestamp":"2024-12-20 02:26:24"}
{"level":"info","message":"GET /blog/","timestamp":"2024-12-20 02:26:24"}
{"level":"info","message":"GET /blog/","timestamp":"2024-12-20 02:26:24"}
{"level":"info","message":"GET /blog/","timestamp":"2024-12-20 02:26:24"}
{"level":"info","message":"GET /blog/","timestamp":"2024-12-20 02:26:24"}
{"level":"info","message":"GET /blog/","timestamp":"2024-12-20 02:26:24"}
{"level":"info","message":"GET /blog/","timestamp":"2024-12-20 02:26:24"}
{"level":"info","message":"GET /blog/","timestamp":"2024-12-20 02:26:24"}
{"level":"info","message":"GET /blog/","timestamp":"2024-12-20 02:26:24"}
{"level":"info","message":"GET /blog/","timestamp":"2024-12-20 02:26:24"}
{"level":"info","message":"GET /blog/","timestamp":"2024-12-20 02:26:24"}
{"level":"info","message":"GET /blog/","timestamp":"2024-12-20 02:26:24"}
{"level":"info","message":"GET /blog/","timestamp":"2024-12-20 02:26:24"}
{"level":"info","message":"GET /blog/","timestamp":"2024-12-20 02:26:24"}
{"level":"info","message":"GET /blog/","timestamp":"2024-12-20 02:26:25"}
{"level":"info","message":"GET /blog/","timestamp":"2024-12-20 02:26:25"}
{"level":"info","message":"GET /blog/","timestamp":"2024-12-20 02:26:25"}
{"level":"info","message":"GET /blog/","timestamp":"2024-12-20 02:26:25"}
{"level":"info","message":"GET /blog/","timestamp":"2024-12-20 02:26:25"}
{"level":"info","message":"GET /blog/","timestamp":"2024-12-20 02:26:25"}
{"level":"info","message":"GET /blog/","timestamp":"2024-12-20 02:26:25"}
{"level":"info","message":"GET /blog/","timestamp":"2024-12-20 02:26:25"}
{"level":"info","message":"GET /blog/","timestamp":"2024-12-20 02:26:25"}
{"level":"info","message":"GET /blog/","timestamp":"2024-12-20 02:26:25"}
{"level":"info","message":"GET /blog/","timestamp":"2024-12-20 02:26:25"}
{"level":"info","message":"GET /blog/","timestamp":"2024-12-20 02:26:25"}
{"level":"info","message":"GET /blog/","timestamp":"2024-12-20 02:26:25"}
{"level":"info","message":"GET /blog/","timestamp":"2024-12-20 02:26:26"}
{"level":"info","message":"GET /blog/","timestamp":"2024-12-20 02:26:26"}
{"level":"info","message":"GET /blog/","timestamp":"2024-12-20 02:26:26"}
{"level":"info","message":"GET /blog/","timestamp":"2024-12-20 02:26:26"}
{"level":"info","message":"GET /blog/","timestamp":"2024-12-20 02:26:26"}
{"level":"info","message":"GET /blog/","timestamp":"2024-12-20 02:26:26"}
{"level":"info","message":"GET /blog/","timestamp":"2024-12-20 02:26:26"}
{"level":"info","message":"GET /blog/","timestamp":"2024-12-20 02:26:26"}
{"level":"info","message":"GET /blog/","timestamp":"2024-12-20 02:26:26"}
{"level":"info","message":"GET /blog/","timestamp":"2024-12-20 02:26:26"}
{"level":"info","message":"GET /blog/","timestamp":"2024-12-20 02:26:26"}
{"level":"info","message":"GET /blog/","timestamp":"2024-12-20 02:26:26"}
{"level":"info","message":"GET /blog/","timestamp":"2024-12-20 02:26:26"}
{"level":"info","message":"GET /blog/","timestamp":"2024-12-20 02:26:26"}
{"level":"info","message":"GET /blog/","timestamp":"2024-12-20 02:26:27"}
{"level":"info","message":"GET /blog/","timestamp":"2024-12-20 02:26:27"}
{"level":"info","message":"GET /blog/","timestamp":"2024-12-20 02:26:27"}
{"level":"info","message":"GET /blog/","timestamp":"2024-12-20 02:26:27"}
{"level":"info","message":"GET /blog/","timestamp":"2024-12-20 02:26:27"}
{"level":"info","message":"GET /blog/","timestamp":"2024-12-20 02:26:27"}
{"level":"info","message":"GET /blog/","timestamp":"2024-12-20 02:26:27"}
{"level":"info","message":"GET /blog/","timestamp":"2024-12-20 02:26:27"}
{"level":"info","message":"GET /blog/","timestamp":"2024-12-20 02:26:27"}
{"level":"info","message":"GET /blog/","timestamp":"2024-12-20 02:26:27"}
{"level":"info","message":"GET /blog/","timestamp":"2024-12-20 02:26:27"}
{"level":"info","message":"GET /blog/","timestamp":"2024-12-20 02:26:27"}
{"level":"info","message":"GET /blog/","timestamp":"2024-12-20 02:26:27"}
{"level":"info","message":"GET /blog/","timestamp":"2024-12-20 02:26:28"}
{"level":"info","message":"GET /blog/","timestamp":"2024-12-20 02:26:28"}
{"level":"info","message":"GET /blog/","timestamp":"2024-12-20 02:26:28"}
{"level":"info","message":"GET /blog/","timestamp":"2024-12-20 02:26:28"}
{"level":"info","message":"GET /blog/","timestamp":"2024-12-20 02:26:28"}
{"level":"info","message":"GET /blog/","timestamp":"2024-12-20 02:26:28"}
{"level":"info","message":"GET /blog/","timestamp":"2024-12-20 02:26:28"}
{"level":"info","message":"GET /blog/","timestamp":"2024-12-20 02:26:28"}
{"level":"info","message":"GET /blog/","timestamp":"2024-12-20 02:26:28"}
{"level":"info","message":"GET /blog/","timestamp":"2024-12-20 02:26:28"}
{"level":"info","message":"GET /blog/","timestamp":"2024-12-20 02:26:28"}
{"level":"info","message":"GET /blog/","timestamp":"2024-12-20 02:26:28"}
{"level":"info","message":"GET /blog/","timestamp":"2024-12-20 02:26:28"}
{"level":"info","message":"GET /blog/","timestamp":"2024-12-20 02:26:28"}
{"level":"info","message":"GET /blog/","timestamp":"2024-12-20 02:26:29"}
{"level":"info","message":"GET /blog/","timestamp":"2024-12-20 02:26:29"}
{"level":"info","message":"GET /blog/","timestamp":"2024-12-20 02:26:29"}
{"level":"info","message":"GET /blog/","timestamp":"2024-12-20 02:26:29"}
{"level":"info","message":"GET /blog/","timestamp":"2024-12-20 02:26:29"}
{"level":"info","message":"GET /blog/","timestamp":"2024-12-20 02:26:29"}
{"level":"info","message":"GET /blog/","timestamp":"2024-12-20 02:26:29"}
{"level":"info","message":"GET /blog/","timestamp":"2024-12-20 02:26:29"}
{"level":"info","message":"GET /blog/","timestamp":"2024-12-20 02:26:29"}
{"level":"info","message":"GET /blog/","timestamp":"2024-12-20 02:26:29"}
{"level":"info","message":"GET /blog/","timestamp":"2024-12-20 02:26:29"}
{"level":"info","message":"GET /blog/","timestamp":"2024-12-20 02:26:29"}
{"level":"info","message":"GET /blog/","timestamp":"2024-12-20 02:26:29"}
{"level":"info","message":"GET /blog/","timestamp":"2024-12-20 02:26:30"}
{"level":"info","message":"GET /blog/","timestamp":"2024-12-20 02:26:30"}
{"level":"info","message":"GET /blog/","timestamp":"2024-12-20 02:26:30"}
{"level":"info","message":"GET /blog/","timestamp":"2024-12-20 02:26:30"}
{"level":"info","message":"GET /blog/","timestamp":"2024-12-20 02:26:30"}
{"level":"info","message":"GET /blog/","timestamp":"2024-12-20 02:26:30"}
{"level":"info","message":"GET /blog/","timestamp":"2024-12-20 02:26:30"}
{"level":"info","message":"GET /blog/","timestamp":"2024-12-20 02:26:30"}
{"level":"info","message":"GET /blog/","timestamp":"2024-12-20 02:26:30"}
{"level":"info","message":"GET /blog/","timestamp":"2024-12-20 02:26:30"}
{"level":"info","message":"GET /blog/","timestamp":"2024-12-20 02:26:30"}
{"level":"info","message":"GET /blog/","timestamp":"2024-12-20 02:26:30"}
{"level":"info","message":"GET /blog/","timestamp":"2024-12-20 02:26:30"}
{"level":"info","message":"GET /blog/","timestamp":"2024-12-20 02:26:31"}
{"level":"info","message":"GET /blog/","timestamp":"2024-12-20 02:26:31"}
{"level":"info","message":"GET /blog/","timestamp":"2024-12-20 02:26:31"}
{"level":"info","message":"GET /blog/","timestamp":"2024-12-20 02:26:31"}
{"level":"info","message":"GET /blog/","timestamp":"2024-12-20 02:26:31"}
{"level":"info","message":"GET /blog/","timestamp":"2024-12-20 02:26:31"}
{"level":"info","message":"GET /blog/","timestamp":"2024-12-20 02:26:31"}
{"level":"info","message":"GET /blog/","timestamp":"2024-12-20 02:26:31"}
{"level":"info","message":"GET /blog/","timestamp":"2024-12-20 02:26:31"}
{"level":"info","message":"GET /blog/","timestamp":"2024-12-20 02:26:31"}
{"level":"info","message":"GET /blog/","timestamp":"2024-12-20 02:26:31"}
{"level":"info","message":"GET /blog/","timestamp":"2024-12-20 02:26:31"}
{"level":"info","message":"GET /blog/","timestamp":"2024-12-20 02:26:31"}
{"level":"info","message":"GET /blog/","timestamp":"2024-12-20 02:26:32"}
{"level":"info","message":"GET /blog/","timestamp":"2024-12-20 02:26:32"}
{"level":"info","message":"GET /blog/","timestamp":"2024-12-20 02:26:32"}
{"level":"info","message":"GET /blog/","timestamp":"2024-12-20 02:26:32"}
{"level":"info","message":"GET /blog/","timestamp":"2024-12-20 02:26:32"}
{"level":"info","message":"GET /blog/","timestamp":"2024-12-20 02:26:32"}
{"level":"info","message":"GET /blog/","timestamp":"2024-12-20 02:26:32"}
{"level":"info","message":"GET /blog/","timestamp":"2024-12-20 02:26:32"}
{"level":"info","message":"GET /blog/","timestamp":"2024-12-20 02:26:32"}
{"level":"info","message":"GET /blog/","timestamp":"2024-12-20 02:26:32"}
{"level":"info","message":"GET /blog/","timestamp":"2024-12-20 02:26:32"}
{"level":"info","message":"GET /blog/","timestamp":"2024-12-20 02:26:32"}
{"level":"info","message":"GET /blog/","timestamp":"2024-12-20 02:26:32"}
{"level":"info","message":"GET /blog/","timestamp":"2024-12-20 02:26:32"}
{"level":"info","message":"GET /blog/","timestamp":"2024-12-20 02:26:33"}
{"level":"info","message":"GET /blog/","timestamp":"2024-12-20 02:26:33"}
{"level":"info","message":"GET /blog/","timestamp":"2024-12-20 02:26:33"}
{"level":"info","message":"GET /blog/","timestamp":"2024-12-20 02:26:33"}
{"level":"info","message":"GET /blog/","timestamp":"2024-12-20 02:26:33"}
{"level":"info","message":"GET /blog/","timestamp":"2024-12-20 02:26:33"}
{"level":"info","message":"GET /blog/","timestamp":"2024-12-20 02:26:33"}
{"level":"info","message":"GET /blog/","timestamp":"2024-12-20 02:26:33"}
{"level":"info","message":"GET /blog/","timestamp":"2024-12-20 02:26:33"}
{"level":"info","message":"GET /blog/","timestamp":"2024-12-20 02:26:33"}
{"level":"info","message":"GET /blog/","timestamp":"2024-12-20 02:26:33"}
{"level":"info","message":"GET /blog/","timestamp":"2024-12-20 02:26:33"}
{"level":"info","message":"GET /blog/","timestamp":"2024-12-20 02:26:33"}
{"level":"info","message":"GET /blog/","timestamp":"2024-12-20 02:26:34"}
{"level":"info","message":"GET /blog/","timestamp":"2024-12-20 02:26:34"}
{"level":"info","message":"GET /blog/","timestamp":"2024-12-20 02:26:34"}
{"level":"info","message":"GET /blog/","timestamp":"2024-12-20 02:26:34"}
{"level":"info","message":"GET /blog/","timestamp":"2024-12-20 02:26:34"}
{"level":"info","message":"GET /blog/","timestamp":"2024-12-20 02:26:34"}
{"level":"info","message":"GET /blog/","timestamp":"2024-12-20 02:26:34"}
{"level":"info","message":"GET /blog/","timestamp":"2024-12-20 02:26:34"}
{"level":"info","message":"GET /blog/","timestamp":"2024-12-20 02:26:34"}
{"level":"info","message":"GET /blog/","timestamp":"2024-12-20 02:26:34"}
{"level":"info","message":"GET /blog/","timestamp":"2024-12-20 02:26:34"}
{"level":"info","message":"GET /blog/","timestamp":"2024-12-20 02:26:34"}
{"level":"info","message":"GET /blog/","timestamp":"2024-12-20 02:26:34"}
{"level":"info","message":"GET /blog/","timestamp":"2024-12-20 02:26:34"}
{"level":"info","message":"GET /blog/","timestamp":"2024-12-20 02:26:35"}
{"level":"info","message":"GET /blog/","timestamp":"2024-12-20 02:26:35"}
{"level":"info","message":"GET /blog/","timestamp":"2024-12-20 02:26:35"}
{"level":"info","message":"GET /blog/","timestamp":"2024-12-20 02:26:35"}
{"level":"info","message":"GET /blog/","timestamp":"2024-12-20 02:26:35"}
{"level":"info","message":"GET /blog/","timestamp":"2024-12-20 02:26:35"}
{"level":"info","message":"GET /blog/","timestamp":"2024-12-20 02:26:35"}
{"level":"info","message":"GET /blog/","timestamp":"2024-12-20 02:26:35"}
{"level":"info","message":"GET /blog/","timestamp":"2024-12-20 02:26:35"}
{"level":"info","message":"GET /blog/","timestamp":"2024-12-20 02:26:35"}
{"level":"info","message":"GET /blog/","timestamp":"2024-12-20 02:26:35"}
{"level":"info","message":"GET /blog/","timestamp":"2024-12-20 02:26:35"}
{"level":"info","message":"GET /blog/","timestamp":"2024-12-20 02:26:35"}
{"level":"info","message":"GET /blog/","timestamp":"2024-12-20 02:26:36"}
{"level":"info","message":"GET /blog/","timestamp":"2024-12-20 02:26:36"}
{"level":"info","message":"GET /blog/","timestamp":"2024-12-20 02:26:36"}
{"level":"info","message":"GET /blog/","timestamp":"2024-12-20 02:26:36"}
{"level":"info","message":"GET /blog/","timestamp":"2024-12-20 02:26:36"}
{"level":"info","message":"GET /blog/","timestamp":"2024-12-20 02:26:36"}
{"level":"info","message":"GET /blog/","timestamp":"2024-12-20 02:26:36"}
{"level":"info","message":"GET /blog/","timestamp":"2024-12-20 02:26:36"}
{"level":"info","message":"GET /blog/","timestamp":"2024-12-20 02:26:36"}
{"level":"info","message":"GET /blog/","timestamp":"2024-12-20 02:26:36"}
{"level":"info","message":"GET /blog/","timestamp":"2024-12-20 02:26:36"}
{"level":"info","message":"GET /blog/","timestamp":"2024-12-20 02:26:36"}
{"level":"info","message":"GET /blog/","timestamp":"2024-12-20 02:26:36"}
{"level":"info","message":"GET /blog/","timestamp":"2024-12-20 02:26:36"}
{"level":"info","message":"GET /blog/","timestamp":"2024-12-20 02:26:37"}
{"level":"info","message":"GET /blog/","timestamp":"2024-12-20 02:26:37"}
{"level":"info","message":"GET /blog/","timestamp":"2024-12-20 02:26:37"}
{"level":"info","message":"GET /blog/","timestamp":"2024-12-20 02:26:37"}
{"level":"info","message":"GET /blog/","timestamp":"2024-12-20 02:26:37"}
{"level":"info","message":"GET /blog/","timestamp":"2024-12-20 02:26:37"}
{"level":"info","message":"GET /blog/","timestamp":"2024-12-20 02:26:37"}
{"level":"info","message":"GET /blog/","timestamp":"2024-12-20 02:26:37"}
{"level":"info","message":"GET /blog/","timestamp":"2024-12-20 02:26:37"}
{"level":"info","message":"GET /blog/","timestamp":"2024-12-20 02:26:37"}
{"level":"info","message":"GET /blog/","timestamp":"2024-12-20 02:26:37"}
{"level":"info","message":"GET /blog/","timestamp":"2024-12-20 02:26:37"}
{"level":"info","message":"GET /blog/","timestamp":"2024-12-20 02:26:37"}
{"level":"info","message":"GET /blog/","timestamp":"2024-12-20 02:26:38"}
{"level":"info","message":"GET /blog/","timestamp":"2024-12-20 02:26:38"}
{"level":"info","message":"GET /blog/","timestamp":"2024-12-20 02:26:38"}
{"level":"info","message":"GET /blog/","timestamp":"2024-12-20 02:26:38"}
{"level":"info","message":"GET /blog/","timestamp":"2024-12-20 02:26:38"}
{"level":"info","message":"GET /blog/","timestamp":"2024-12-20 02:26:38"}
{"level":"info","message":"GET /blog/","timestamp":"2024-12-20 02:26:38"}
{"level":"info","message":"GET /blog/","timestamp":"2024-12-20 02:26:38"}
{"level":"info","message":"GET /blog/","timestamp":"2024-12-20 02:26:38"}
{"level":"info","message":"GET /blog/","timestamp":"2024-12-20 02:26:38"}
{"level":"info","message":"GET /blog/","timestamp":"2024-12-20 02:26:38"}
{"level":"info","message":"GET /blog/","timestamp":"2024-12-20 02:26:38"}
{"level":"info","message":"GET /blog/","timestamp":"2024-12-20 02:26:38"}
{"level":"info","message":"GET /blog/","timestamp":"2024-12-20 02:26:38"}
{"level":"info","message":"GET /blog/","timestamp":"2024-12-20 02:26:39"}
{"level":"info","message":"GET /blog/","timestamp":"2024-12-20 02:26:39"}
{"level":"info","message":"GET /blog/","timestamp":"2024-12-20 02:26:39"}
{"level":"info","message":"GET /blog/","timestamp":"2024-12-20 02:26:39"}
{"level":"info","message":"GET /blog/","timestamp":"2024-12-20 02:26:39"}
{"level":"info","message":"GET /blog/","timestamp":"2024-12-20 02:26:39"}
{"level":"info","message":"GET /blog/","timestamp":"2024-12-20 02:26:39"}
{"level":"info","message":"GET /blog/","timestamp":"2024-12-20 02:26:39"}
{"level":"info","message":"GET /blog/","timestamp":"2024-12-20 02:26:39"}
{"level":"info","message":"GET /blog/","timestamp":"2024-12-20 02:26:39"}
{"level":"info","message":"GET /blog/","timestamp":"2024-12-20 02:26:39"}
{"level":"info","message":"GET /blog/","timestamp":"2024-12-20 02:26:39"}
{"level":"info","message":"GET /blog/","timestamp":"2024-12-20 02:26:39"}
{"level":"info","message":"GET /blog/","timestamp":"2024-12-20 02:26:40"}
{"level":"info","message":"GET /blog/","timestamp":"2024-12-20 02:26:40"}
{"level":"info","message":"GET /blog/","timestamp":"2024-12-20 02:26:40"}
{"level":"info","message":"GET /blog/","timestamp":"2024-12-20 02:26:40"}
{"level":"info","message":"GET /blog/","timestamp":"2024-12-20 02:26:40"}
{"level":"info","message":"GET /blog/","timestamp":"2024-12-20 02:26:40"}
{"level":"info","message":"GET /blog/","timestamp":"2024-12-20 02:26:40"}
{"level":"info","message":"GET /blog/","timestamp":"2024-12-20 02:26:40"}
{"level":"info","message":"GET /blog/","timestamp":"2024-12-20 02:26:40"}
{"level":"info","message":"GET /blog/","timestamp":"2024-12-20 02:26:40"}
{"level":"info","message":"GET /blog/","timestamp":"2024-12-20 02:26:40"}
{"level":"info","message":"GET /blog/","timestamp":"2024-12-20 02:26:40"}
{"level":"info","message":"GET /blog/","timestamp":"2024-12-20 02:26:40"}
{"level":"info","message":"GET /blog/","timestamp":"2024-12-20 02:26:40"}
{"level":"info","message":"GET /blog/","timestamp":"2024-12-20 02:26:41"}
{"level":"info","message":"GET /blog/","timestamp":"2024-12-20 02:26:41"}
{"level":"info","message":"GET /blog/","timestamp":"2024-12-20 02:26:41"}
{"level":"info","message":"GET /blog/","timestamp":"2024-12-20 02:26:41"}
{"level":"info","message":"GET /blog/","timestamp":"2024-12-20 02:26:41"}
{"level":"info","message":"GET /blog/","timestamp":"2024-12-20 02:26:41"}
{"level":"info","message":"GET /blog/","timestamp":"2024-12-20 02:26:41"}
{"level":"info","message":"GET /blog/","timestamp":"2024-12-20 02:26:41"}
{"level":"info","message":"GET /blog/","timestamp":"2024-12-20 02:26:41"}
{"level":"info","message":"GET /blog/","timestamp":"2024-12-20 02:26:41"}
{"level":"info","message":"GET /blog/","timestamp":"2024-12-20 02:26:41"}
{"level":"info","message":"GET /blog/","timestamp":"2024-12-20 02:26:41"}
{"level":"info","message":"GET /blog/","timestamp":"2024-12-20 02:26:41"}
{"level":"info","message":"GET /blog/","timestamp":"2024-12-20 02:26:42"}
{"level":"info","message":"GET /blog/","timestamp":"2024-12-20 02:26:42"}
{"level":"info","message":"GET /blog/","timestamp":"2024-12-20 02:26:42"}
{"level":"info","message":"GET /blog/","timestamp":"2024-12-20 02:26:42"}
{"level":"info","message":"GET /blog/","timestamp":"2024-12-20 02:26:42"}
{"level":"info","message":"GET /blog/","timestamp":"2024-12-20 02:26:42"}
{"level":"info","message":"GET /blog/","timestamp":"2024-12-20 02:26:42"}
{"level":"info","message":"GET /blog/","timestamp":"2024-12-20 02:26:42"}
{"level":"info","message":"GET /blog/","timestamp":"2024-12-20 02:26:42"}
{"level":"info","message":"GET /blog/","timestamp":"2024-12-20 02:26:42"}
{"level":"info","message":"GET /blog/","timestamp":"2024-12-20 02:26:43"}
{"level":"info","message":"GET /blog/","timestamp":"2024-12-20 02:26:43"}
{"level":"info","message":"GET /blog/","timestamp":"2024-12-20 02:26:43"}
{"level":"info","message":"GET /blog/","timestamp":"2024-12-20 02:26:43"}
{"level":"info","message":"GET /blog/","timestamp":"2024-12-20 02:26:43"}
{"level":"info","message":"GET /blog/","timestamp":"2024-12-20 02:26:43"}
{"level":"info","message":"GET /blog/","timestamp":"2024-12-20 02:26:43"}
{"level":"info","message":"GET /blog/","timestamp":"2024-12-20 02:26:43"}
{"level":"info","message":"GET /blog/","timestamp":"2024-12-20 02:26:43"}
{"level":"info","message":"GET /blog/","timestamp":"2024-12-20 02:26:43"}
{"level":"info","message":"GET /blog/","timestamp":"2024-12-20 02:26:43"}
{"level":"info","message":"GET /blog/","timestamp":"2024-12-20 02:26:43"}
{"level":"info","message":"GET /blog/","timestamp":"2024-12-20 02:26:43"}
{"level":"info","message":"GET /blog/","timestamp":"2024-12-20 02:26:43"}
{"level":"info","message":"GET /blog/","timestamp":"2024-12-20 02:26:44"}
{"level":"info","message":"GET /blog/","timestamp":"2024-12-20 02:26:44"}
{"level":"info","message":"GET /blog/","timestamp":"2024-12-20 02:26:44"}
{"level":"info","message":"GET /blog/","timestamp":"2024-12-20 02:26:44"}
{"level":"info","message":"GET /blog/","timestamp":"2024-12-20 02:26:44"}
{"level":"info","message":"GET /blog/","timestamp":"2024-12-20 02:26:44"}
{"level":"info","message":"GET /blog/","timestamp":"2024-12-20 02:26:44"}
{"level":"info","message":"GET /blog/","timestamp":"2024-12-20 02:26:44"}
{"level":"info","message":"GET /blog/","timestamp":"2024-12-20 02:26:44"}
{"level":"info","message":"GET /blog/","timestamp":"2024-12-20 02:26:44"}
{"level":"info","message":"GET /blog/","timestamp":"2024-12-20 02:26:44"}
{"level":"info","message":"GET /blog/","timestamp":"2024-12-20 02:26:44"}
{"level":"info","message":"GET /blog/","timestamp":"2024-12-20 02:26:44"}
{"level":"info","message":"GET /blog/","timestamp":"2024-12-20 02:26:45"}
{"level":"info","message":"GET /blog/","timestamp":"2024-12-20 02:26:45"}
{"level":"info","message":"GET /blog/","timestamp":"2024-12-20 02:26:45"}
{"level":"info","message":"GET /blog/","timestamp":"2024-12-20 02:26:45"}
{"level":"info","message":"GET /blog/","timestamp":"2024-12-20 02:26:45"}
{"level":"info","message":"GET /blog/","timestamp":"2024-12-20 02:26:45"}
{"level":"info","message":"GET /blog/","timestamp":"2024-12-20 02:26:45"}
{"level":"info","message":"GET /blog/","timestamp":"2024-12-20 02:26:45"}
{"level":"info","message":"GET /blog/","timestamp":"2024-12-20 02:26:45"}
{"level":"info","message":"GET /blog/","timestamp":"2024-12-20 02:26:45"}
{"level":"info","message":"GET /blog/","timestamp":"2024-12-20 02:26:45"}
{"level":"info","message":"GET /blog/","timestamp":"2024-12-20 02:26:45"}
{"level":"info","message":"GET /blog/","timestamp":"2024-12-20 02:26:45"}
{"level":"info","message":"GET /blog/","timestamp":"2024-12-20 02:26:45"}
{"level":"info","message":"GET /blog/","timestamp":"2024-12-20 02:26:46"}
{"level":"info","message":"GET /blog/","timestamp":"2024-12-20 02:26:46"}
{"level":"info","message":"GET /blog/","timestamp":"2024-12-20 02:26:46"}
{"level":"info","message":"GET /blog/","timestamp":"2024-12-20 02:26:46"}
{"level":"info","message":"GET /blog/","timestamp":"2024-12-20 02:26:46"}
{"level":"info","message":"GET /blog/","timestamp":"2024-12-20 02:26:46"}
{"level":"info","message":"GET /blog/","timestamp":"2024-12-20 02:26:46"}
{"level":"info","message":"GET /blog/","timestamp":"2024-12-20 02:26:46"}
{"level":"info","message":"GET /blog/","timestamp":"2024-12-20 02:26:46"}
{"level":"info","message":"GET /blog/","timestamp":"2024-12-20 02:26:46"}
{"level":"info","message":"GET /blog/","timestamp":"2024-12-20 02:26:46"}
{"level":"info","message":"GET /blog/","timestamp":"2024-12-20 02:26:46"}
{"level":"info","message":"GET /blog/","timestamp":"2024-12-20 02:26:46"}
{"level":"info","message":"GET /blog/","timestamp":"2024-12-20 02:26:46"}
{"level":"info","message":"GET /blog/","timestamp":"2024-12-20 02:26:47"}
{"level":"info","message":"GET /blog/","timestamp":"2024-12-20 02:26:47"}
{"level":"info","message":"GET /blog/","timestamp":"2024-12-20 02:26:47"}
{"level":"info","message":"GET /blog/","timestamp":"2024-12-20 02:26:47"}
{"level":"info","message":"GET /blog/","timestamp":"2024-12-20 02:26:47"}
{"level":"info","message":"GET /blog/","timestamp":"2024-12-20 02:26:47"}
{"level":"info","message":"GET /blog/","timestamp":"2024-12-20 02:26:47"}
{"level":"info","message":"GET /blog/","timestamp":"2024-12-20 02:26:47"}
{"level":"info","message":"GET /blog/","timestamp":"2024-12-20 02:26:47"}
{"level":"info","message":"GET /blog/","timestamp":"2024-12-20 02:26:47"}
{"level":"info","message":"GET /blog/","timestamp":"2024-12-20 02:26:47"}
{"level":"info","message":"GET /blog/","timestamp":"2024-12-20 02:26:47"}
{"level":"info","message":"GET /blog/","timestamp":"2024-12-20 02:26:47"}
{"level":"info","message":"GET /blog/","timestamp":"2024-12-20 02:26:48"}
{"level":"info","message":"GET /blog/","timestamp":"2024-12-20 02:26:48"}
{"level":"info","message":"GET /blog/","timestamp":"2024-12-20 02:26:48"}
{"level":"info","message":"GET /blog/","timestamp":"2024-12-20 02:26:48"}
{"level":"info","message":"GET /blog/","timestamp":"2024-12-20 02:26:48"}
{"level":"info","message":"GET /blog/","timestamp":"2024-12-20 02:26:48"}
{"level":"info","message":"GET /blog/","timestamp":"2024-12-20 02:26:48"}
{"level":"info","message":"GET /blog/","timestamp":"2024-12-20 02:26:48"}
{"level":"info","message":"GET /blog/","timestamp":"2024-12-20 02:26:48"}
{"level":"info","message":"GET /blog/","timestamp":"2024-12-20 02:26:48"}
{"level":"info","message":"GET /blog/","timestamp":"2024-12-20 02:26:48"}
{"level":"info","message":"GET /blog/","timestamp":"2024-12-20 02:26:48"}
{"level":"info","message":"GET /blog/","timestamp":"2024-12-20 02:26:48"}
{"level":"info","message":"GET /blog/","timestamp":"2024-12-20 02:26:48"}
{"level":"info","message":"GET /blog/","timestamp":"2024-12-20 02:26:49"}
{"level":"info","message":"GET /blog/","timestamp":"2024-12-20 02:26:49"}
{"level":"info","message":"GET /blog/","timestamp":"2024-12-20 02:26:49"}
{"level":"info","message":"GET /blog/","timestamp":"2024-12-20 02:26:49"}
{"level":"info","message":"GET /blog/","timestamp":"2024-12-20 02:26:49"}
{"level":"info","message":"GET /blog/","timestamp":"2024-12-20 02:26:49"}
{"level":"info","message":"GET /blog/","timestamp":"2024-12-20 02:26:49"}
{"level":"info","message":"GET /blog/","timestamp":"2024-12-20 02:26:49"}
{"level":"info","message":"GET /blog/","timestamp":"2024-12-20 02:26:49"}
{"level":"info","message":"GET /blog/","timestamp":"2024-12-20 02:26:49"}
{"level":"info","message":"GET /blog/","timestamp":"2024-12-20 02:26:50"}
{"level":"info","message":"GET /blog/","timestamp":"2024-12-20 02:26:50"}
{"level":"info","message":"GET /blog/","timestamp":"2024-12-20 02:26:50"}
{"level":"info","message":"GET /blog/","timestamp":"2024-12-20 02:26:50"}
{"level":"info","message":"GET /blog/","timestamp":"2024-12-20 02:26:50"}
{"level":"info","message":"GET /blog/","timestamp":"2024-12-20 02:26:50"}
{"level":"info","message":"GET /blog/","timestamp":"2024-12-20 02:26:50"}
{"level":"info","message":"GET /blog/","timestamp":"2024-12-20 02:26:50"}
{"level":"info","message":"GET /blog/","timestamp":"2024-12-20 02:26:50"}
{"level":"info","message":"GET /blog/","timestamp":"2024-12-20 02:26:50"}
{"level":"info","message":"GET /blog/","timestamp":"2024-12-20 02:26:50"}
{"level":"info","message":"GET /blog/","timestamp":"2024-12-20 02:26:50"}
{"level":"info","message":"GET /blog/","timestamp":"2024-12-20 02:26:50"}
{"level":"info","message":"GET /blog/","timestamp":"2024-12-20 02:26:51"}
{"level":"info","message":"GET /blog/","timestamp":"2024-12-20 02:26:51"}
{"level":"info","message":"GET /blog/","timestamp":"2024-12-20 02:26:51"}
{"level":"info","message":"GET /blog/","timestamp":"2024-12-20 02:26:51"}
{"level":"info","message":"GET /blog/","timestamp":"2024-12-20 02:26:51"}
{"level":"info","message":"GET /blog/","timestamp":"2024-12-20 02:26:51"}
{"level":"info","message":"GET /blog/","timestamp":"2024-12-20 02:26:51"}
{"level":"info","message":"GET /blog/","timestamp":"2024-12-20 02:26:51"}
{"level":"info","message":"GET /blog/","timestamp":"2024-12-20 02:26:51"}
{"level":"info","message":"GET /blog/","timestamp":"2024-12-20 02:26:51"}
{"level":"info","message":"GET /blog/","timestamp":"2024-12-20 02:26:51"}
{"level":"info","message":"GET /blog/","timestamp":"2024-12-20 02:26:51"}
{"level":"info","message":"GET /blog/","timestamp":"2024-12-20 02:26:51"}
{"level":"info","message":"GET /blog/","timestamp":"2024-12-20 02:26:51"}
{"level":"info","message":"GET /blog/","timestamp":"2024-12-20 02:26:52"}
{"level":"info","message":"GET /blog/","timestamp":"2024-12-20 02:26:52"}
{"level":"info","message":"GET /blog/","timestamp":"2024-12-20 02:26:52"}
{"level":"info","message":"GET /blog/","timestamp":"2024-12-20 02:26:53"}
{"level":"info","message":"GET /blog/","timestamp":"2024-12-20 02:26:55"}
{"level":"info","message":"GET /blog/","timestamp":"2024-12-20 02:26:59"}
{"level":"info","message":"GET /blog/","timestamp":"2024-12-20 02:27:00"}
{"level":"info","message":"GET /blog/","timestamp":"2024-12-20 02:27:02"}
{"level":"info","message":"GET /blog/","timestamp":"2024-12-20 02:27:12"}
{"level":"info","message":"GET /blog/","timestamp":"2024-12-20 02:28:22"}
{"level":"info","message":"GET /blog/","timestamp":"2024-12-20 02:30:12"}
{"level":"info","message":"GET /blog/","timestamp":"2024-12-20 02:31:57"}
{"level":"info","message":"GET /blog/","timestamp":"2024-12-20 02:32:30"}
{"level":"info","message":"GET /blog/","timestamp":"2024-12-20 02:32:40"}
{"level":"info","message":"GET /blog","timestamp":"2024-12-20 02:35:28"}
{"level":"info","message":"GET /blog/","timestamp":"2024-12-20 02:45:54"}
{"level":"info","message":"GET /blog/","timestamp":"2024-12-20 02:52:00"}
{"level":"info","message":"GET /blog/","timestamp":"2024-12-20 02:52:14"}
