{"level":"info","message":"Example app listening on port: 3000","timestamp":"2024-12-26 02:00:07"}
{"level":"info","message":"conectado a la base de datos","timestamp":"2024-12-26 02:00:08"}
{"level":"info","message":"Example app listening on port: 3000","timestamp":"2024-12-26 02:00:09"}
{"level":"info","message":"conectado a la base de datos","timestamp":"2024-12-26 02:00:09"}
{"level":"info","message":"Example app listening on port: 3000","timestamp":"2024-12-26 02:00:11"}
{"level":"info","message":"conectado a la base de datos","timestamp":"2024-12-26 02:00:12"}
{"level":"info","message":"Example app listening on port: 3000","timestamp":"2024-12-26 02:00:14"}
{"level":"info","message":"conectado a la base de datos","timestamp":"2024-12-26 02:00:14"}
{"level":"info","message":"Example app listening on port: 3000","timestamp":"2024-12-26 02:00:15"}
{"level":"info","message":"conectado a la base de datos","timestamp":"2024-12-26 02:00:15"}
{"level":"info","message":"Example app listening on port: 3000","timestamp":"2024-12-26 02:00:16"}
{"level":"info","message":"conectado a la base de datos","timestamp":"2024-12-26 02:00:16"}
{"level":"info","message":"GET /blog/getbyautor/3f0c5b50-3740-4445-846e-22114511570e?page=4&limit=2","timestamp":"2024-12-26 02:00:17"}
{"level":"info","message":"Example app listening on port: 3000","timestamp":"2024-12-26 02:00:45"}
{"level":"info","message":"conectado a la base de datos","timestamp":"2024-12-26 02:00:46"}
{"level":"info","message":"Example app listening on port: 3000","timestamp":"2024-12-26 02:00:47"}
{"level":"info","message":"conectado a la base de datos","timestamp":"2024-12-26 02:00:48"}
{"level":"info","message":"Example app listening on port: 3000","timestamp":"2024-12-26 02:00:52"}
{"level":"info","message":"conectado a la base de datos","timestamp":"2024-12-26 02:00:52"}
{"level":"info","message":"Example app listening on port: 3000","timestamp":"2024-12-26 02:01:01"}
{"level":"info","message":"conectado a la base de datos","timestamp":"2024-12-26 02:01:01"}
{"level":"info","message":"Example app listening on port: 3000","timestamp":"2024-12-26 02:01:04"}
{"level":"info","message":"conectado a la base de datos","timestamp":"2024-12-26 02:01:05"}
{"level":"info","message":"Example app listening on port: 3000","timestamp":"2024-12-26 02:01:08"}
{"level":"info","message":"conectado a la base de datos","timestamp":"2024-12-26 02:01:09"}
{"level":"info","message":"Example app listening on port: 3000","timestamp":"2024-12-26 02:01:09"}
{"level":"info","message":"GET /blog/getbyautor/3f0c5b50-3740-4445-846e-22114511570e?page=4&limit=2","timestamp":"2024-12-26 02:01:11"}
{"level":"info","message":"conectado a la base de datos","timestamp":"2024-12-26 02:01:14"}
{"level":"info","message":"Example app listening on port: 3000","timestamp":"2024-12-26 02:01:47"}
{"level":"info","message":"conectado a la base de datos","timestamp":"2024-12-26 02:01:47"}
{"level":"info","message":"GET /blog/getbyautor/3f0c5b50-3740-4445-846e-22114511570e?page=4&limit=2","timestamp":"2024-12-26 02:01:47"}
{"level":"info","message":"Example app listening on port: 3000","timestamp":"2024-12-26 02:02:01"}
{"level":"info","message":"conectado a la base de datos","timestamp":"2024-12-26 02:02:01"}
{"level":"info","message":"Example app listening on port: 3000","timestamp":"2024-12-26 02:02:02"}
{"level":"info","message":"conectado a la base de datos","timestamp":"2024-12-26 02:02:03"}
{"level":"info","message":"GET /blog/getbyautor/3f0c5b50-3740-4445-846e-22114511570e?page=4&limit=2","timestamp":"2024-12-26 02:02:05"}
{"level":"info","message":"Example app listening on port: 3000","timestamp":"2024-12-26 02:02:53"}
{"level":"info","message":"conectado a la base de datos","timestamp":"2024-12-26 02:02:53"}
{"level":"info","message":"Example app listening on port: 3000","timestamp":"2024-12-26 02:02:57"}
{"level":"info","message":"conectado a la base de datos","timestamp":"2024-12-26 02:02:58"}
{"level":"info","message":"Example app listening on port: 3000","timestamp":"2024-12-26 02:03:03"}
{"level":"info","message":"conectado a la base de datos","timestamp":"2024-12-26 02:03:04"}
{"level":"info","message":"Example app listening on port: 3000","timestamp":"2024-12-26 02:03:08"}
{"level":"info","message":"conectado a la base de datos","timestamp":"2024-12-26 02:03:09"}
{"level":"info","message":"Example app listening on port: 3000","timestamp":"2024-12-26 02:03:16"}
{"level":"info","message":"conectado a la base de datos","timestamp":"2024-12-26 02:03:16"}
{"level":"info","message":"Example app listening on port: 3000","timestamp":"2024-12-26 02:03:17"}
{"level":"info","message":"conectado a la base de datos","timestamp":"2024-12-26 02:03:18"}
{"level":"info","message":"Example app listening on port: 3000","timestamp":"2024-12-26 02:03:24"}
{"level":"info","message":"conectado a la base de datos","timestamp":"2024-12-26 02:03:24"}
{"level":"info","message":"GET /blog/getbyautor/3f0c5b50-3740-4445-846e-22114511570e?page=4&limit=2","timestamp":"2024-12-26 02:03:25"}
{"level":"info","message":"GET /blog/getbyautor/3f0c5b50-3740-4445-846e-22114511570e?page=3&limit=2","timestamp":"2024-12-26 02:03:44"}
{"level":"info","message":"GET /blog/getbyautor/3f0c5b50-3740-4445-846e-22114511570e?page=4&limit=2","timestamp":"2024-12-26 02:03:46"}
{"level":"info","message":"GET /blog/getbyautor/3f0c5b50-3740-4445-846e-22114511570e?page=5&limit=2","timestamp":"2024-12-26 02:03:50"}
{"level":"info","message":"GET /blog/getbyautor/3f0c5b50-3740-4445-846e-22114511570e?page=6&limit=2","timestamp":"2024-12-26 02:03:51"}
{"level":"info","message":"GET /blog/getbyautor/3f0c5b50-3740-4445-846e-22114511570e?page=5&limit=2","timestamp":"2024-12-26 02:03:54"}
{"level":"info","message":"GET /blog/getbyautor/3f0c5b50-3740-4445-846e-22114511570e?page=4&limit=2","timestamp":"2024-12-26 02:03:54"}
{"level":"info","message":"GET /blog/getbyautor/3f0c5b50-3740-4445-846e-22114511570e?page=3&limit=2","timestamp":"2024-12-26 02:03:54"}
{"level":"info","message":"GET /blog/getbyautor/3f0c5b50-3740-4445-846e-22114511570e?page=2&limit=2","timestamp":"2024-12-26 02:03:55"}
{"level":"info","message":"Example app listening on port: 3000","timestamp":"2024-12-26 02:04:05"}
{"level":"info","message":"conectado a la base de datos","timestamp":"2024-12-26 02:04:06"}
{"level":"info","message":"Example app listening on port: 3000","timestamp":"2024-12-26 02:04:16"}
{"level":"info","message":"conectado a la base de datos","timestamp":"2024-12-26 02:04:17"}
{"level":"info","message":"Example app listening on port: 3000","timestamp":"2024-12-26 02:04:31"}
{"level":"info","message":"conectado a la base de datos","timestamp":"2024-12-26 02:04:31"}
{"level":"info","message":"Example app listening on port: 3000","timestamp":"2024-12-26 02:04:32"}
{"level":"info","message":"conectado a la base de datos","timestamp":"2024-12-26 02:04:33"}
{"level":"info","message":"GET /blog/getbyautor/3f0c5b50-3740-4445-846e-22114511570e?page=4&limit=2","timestamp":"2024-12-26 02:04:33"}
{"level":"info","message":"Example app listening on port: 3000","timestamp":"2024-12-26 02:04:39"}
{"level":"info","message":"conectado a la base de datos","timestamp":"2024-12-26 02:04:39"}
{"level":"info","message":"Example app listening on port: 3000","timestamp":"2024-12-26 02:04:40"}
{"level":"info","message":"conectado a la base de datos","timestamp":"2024-12-26 02:04:40"}
{"level":"info","message":"GET /blog/getbyautor/3f0c5b50-3740-4445-846e-22114511570e?page=2&limit=2","timestamp":"2024-12-26 02:04:48"}
{"level":"info","message":"GET /blog/getbyautor/3f0c5b50-3740-4445-846e-22114511570e?page=1&limit=2","timestamp":"2024-12-26 02:04:50"}
{"level":"info","message":"GET /blog/getbyautor/3f0c5b50-3740-4445-846e-22114511570e?page=2&limit=2","timestamp":"2024-12-26 02:04:52"}
{"level":"info","message":"GET /blog/getbyautor/3f0c5b50-3740-4445-846e-22114511570e?page=3&limit=2","timestamp":"2024-12-26 02:04:53"}
{"level":"info","message":"GET /blog/getbyautor/3f0c5b50-3740-4445-846e-22114511570e?page=4&limit=2","timestamp":"2024-12-26 02:04:54"}
{"level":"info","message":"GET /blog/getbyautor/3f0c5b50-3740-4445-846e-22114511570e?page=4&limit=3","timestamp":"2024-12-26 02:04:57"}
{"level":"info","message":"GET /blog/getbyautor/3f0c5b50-3740-4445-846e-22114511570e?page=3&limit=3","timestamp":"2024-12-26 02:05:00"}
{"level":"info","message":"GET /blog/getbyautor/3f0c5b50-3740-4445-846e-22114511570e?page=2&limit=3","timestamp":"2024-12-26 02:05:01"}
{"level":"info","message":"GET /blog/getbyautor/3f0c5b50-3740-4445-846e-22114511570e?page=1&limit=3","timestamp":"2024-12-26 02:05:02"}
{"level":"info","message":"Example app listening on port: 3000","timestamp":"2024-12-26 02:05:09"}
{"level":"info","message":"conectado a la base de datos","timestamp":"2024-12-26 02:05:10"}
{"level":"info","message":"Example app listening on port: 3000","timestamp":"2024-12-26 02:05:11"}
{"level":"info","message":"conectado a la base de datos","timestamp":"2024-12-26 02:05:11"}
{"level":"info","message":"GET /blog/getbyautor/3f0c5b50-3740-4445-846e-22114511570e?page=1&limit=3","timestamp":"2024-12-26 02:05:31"}
{"level":"info","message":"GET /blog/getbyautor/3f0c5b50-3740-4445-846e-22114511570e?page=1&limit=3","timestamp":"2024-12-26 02:05:35"}
{"level":"info","message":"Example app listening on port: 3000","timestamp":"2024-12-26 02:06:09"}
{"level":"info","message":"conectado a la base de datos","timestamp":"2024-12-26 02:06:09"}
{"level":"info","message":"Example app listening on port: 3000","timestamp":"2024-12-26 02:06:11"}
{"level":"info","message":"conectado a la base de datos","timestamp":"2024-12-26 02:06:11"}
{"level":"info","message":"Example app listening on port: 3000","timestamp":"2024-12-26 02:06:12"}
{"level":"info","message":"conectado a la base de datos","timestamp":"2024-12-26 02:06:13"}
{"level":"info","message":"Example app listening on port: 3000","timestamp":"2024-12-26 02:06:26"}
{"level":"info","message":"conectado a la base de datos","timestamp":"2024-12-26 02:06:27"}
{"level":"info","message":"Example app listening on port: 3000","timestamp":"2024-12-26 02:06:28"}
{"level":"info","message":"conectado a la base de datos","timestamp":"2024-12-26 02:06:28"}
{"level":"info","message":"Example app listening on port: 3000","timestamp":"2024-12-26 02:06:29"}
{"level":"info","message":"conectado a la base de datos","timestamp":"2024-12-26 02:06:29"}
{"level":"info","message":"GET /blog/getbyautor/3f0c5b50-3740-4445-846e-22114511570e?page=4&limit=2","timestamp":"2024-12-26 02:06:43"}
{"level":"info","message":"GET /blog/getbyautor/3f0c5b50-3740-4445-846e-22114511570e?page=1&limit=3","timestamp":"2024-12-26 02:06:51"}
{"level":"info","message":"GET /blog/getbyautor/3f0c5b50-3740-4445-846e-22114511570e?page=1&limit=3","timestamp":"2024-12-26 02:07:00"}
{"level":"info","message":"GET /blog/getbyautor/3f0c5b50-3740-4445-846e-22114511570e?page=1&limit=3","timestamp":"2024-12-26 02:07:01"}
{"level":"info","message":"GET /blog/getbyautor/3f0c5b50-3740-4445-846e-22114511570e?page=1&limit=3","timestamp":"2024-12-26 02:07:02"}
{"level":"info","message":"GET /blog/getbyautor/3f0c5b50-3740-4445-846e-22114511570e?page=1&limit=3","timestamp":"2024-12-26 02:07:05"}
{"level":"info","message":"GET /blog/getbyautor/3f0c5b50-3740-4445-846e-22114511570e?page=2&limit=3","timestamp":"2024-12-26 02:07:18"}
{"level":"info","message":"GET /blog/getbyautor/3f0c5b50-3740-4445-846e-22114511570e?page=3&limit=3","timestamp":"2024-12-26 02:07:18"}
{"level":"info","message":"GET /blog/getbyautor/3f0c5b50-3740-4445-846e-22114511570e?page=4&limit=3","timestamp":"2024-12-26 02:07:19"}
{"level":"info","message":"GET /blog/4a438d29-ee43-4bac-b8a9-9831cdf270cb","timestamp":"2024-12-26 02:08:28"}
{"level":"info","message":"GET /blog/getbyautor/3f0c5b50-3740-4445-846e-22114511570e?page=4&limit=3","timestamp":"2024-12-26 02:08:40"}
{"level":"info","message":"GET /blog/4a438d29-ee43-4bac-b8a9-9831cdf270cb","timestamp":"2024-12-26 02:08:49"}
{"level":"info","message":"GET /blog?page=1&limit=2","timestamp":"2024-12-26 02:08:51"}
{"level":"info","message":"GET /blog/getbyautor/3f0c5b50-3740-4445-846e-22114511570e?page=1&limit=2","timestamp":"2024-12-26 02:09:06"}
{"level":"info","message":"GET /blog/c796ce76-f790-43ef-b793-2b0dc866f85e","timestamp":"2024-12-26 02:09:11"}
{"level":"info","message":"GET /blog?page=1&limit=2","timestamp":"2024-12-26 02:09:23"}
{"level":"info","message":"GET /blog/getbyautor/3f0c5b50-3740-4445-846e-22114511570e?page=1&limit=2","timestamp":"2024-12-26 02:09:25"}
{"level":"info","message":"GET /blog?page=1&limit=2","timestamp":"2024-12-26 02:10:04"}
{"level":"info","message":"GET /blog/getbyautor/3f0c5b50-3740-4445-846e-22114511570e?page=1&limit=2","timestamp":"2024-12-26 02:10:08"}
{"level":"info","message":"GET /blog/c796ce76-f790-43ef-b793-2b0dc866f85e","timestamp":"2024-12-26 02:10:09"}
{"level":"info","message":"GET /blog/getbyautor/3f0c5b50-3740-4445-846e-22114511570e?page=1&limit=2","timestamp":"2024-12-26 02:10:10"}
{"level":"info","message":"GET /blog/c796ce76-f790-43ef-b793-2b0dc866f85e","timestamp":"2024-12-26 02:10:11"}
{"level":"info","message":"GET /blog/c796ce76-f790-43ef-b793-2b0dc866f85e","timestamp":"2024-12-26 02:11:05"}
{"level":"info","message":"GET /blog/c796ce76-f790-43ef-b793-2b0dc866f85e","timestamp":"2024-12-26 02:11:07"}
{"level":"info","message":"GET /blog/c796ce76-f790-43ef-b793-2b0dc866f85e","timestamp":"2024-12-26 02:11:12"}
{"level":"info","message":"GET /blog/c796ce76-f790-43ef-b793-2b0dc866f85e","timestamp":"2024-12-26 02:11:20"}
{"level":"info","message":"GET /blog/c796ce76-f790-43ef-b793-2b0dc866f85e","timestamp":"2024-12-26 02:11:37"}
{"level":"info","message":"GET /blog/c796ce76-f790-43ef-b793-2b0dc866f85e","timestamp":"2024-12-26 02:11:39"}
{"level":"info","message":"GET /blog/c796ce76-f790-43ef-b793-2b0dc866f85e","timestamp":"2024-12-26 02:11:41"}
{"level":"info","message":"GET /blog/getbyautor/3f0c5b50-3740-4445-846e-22114511570e?page=1&limit=2","timestamp":"2024-12-26 02:11:42"}
{"level":"info","message":"GET /blog/c796ce76-f790-43ef-b793-2b0dc866f85e","timestamp":"2024-12-26 02:11:44"}
{"level":"info","message":"GET /blog/getbyautor/3f0c5b50-3740-4445-846e-22114511570e?page=1&limit=2","timestamp":"2024-12-26 02:11:45"}
{"level":"info","message":"GET /blog/c796ce76-f790-43ef-b793-2b0dc866f85e","timestamp":"2024-12-26 02:11:47"}
{"level":"info","message":"GET /blog/c796ce76-f790-43ef-b793-2b0dc866f85e","timestamp":"2024-12-26 02:11:49"}
{"level":"info","message":"GET /blog/c796ce76-f790-43ef-b793-2b0dc866f85e","timestamp":"2024-12-26 02:11:52"}
{"level":"info","message":"GET /blog/c796ce76-f790-43ef-b793-2b0dc866f85e","timestamp":"2024-12-26 02:11:53"}
{"level":"info","message":"GET /blog/c796ce76-f790-43ef-b793-2b0dc866f85e","timestamp":"2024-12-26 02:11:56"}
{"level":"info","message":"GET /blog/c796ce76-f790-43ef-b793-2b0dc866f85e","timestamp":"2024-12-26 02:11:56"}
{"level":"info","message":"GET /blog/c796ce76-f790-43ef-b793-2b0dc866f85e","timestamp":"2024-12-26 02:11:56"}
{"level":"info","message":"GET /blog/c796ce76-f790-43ef-b793-2b0dc866f85e","timestamp":"2024-12-26 02:11:56"}
{"level":"info","message":"GET /blog/c796ce76-f790-43ef-b793-2b0dc866f85e","timestamp":"2024-12-26 02:11:56"}
{"level":"info","message":"GET /blog/getbyautor/3f0c5b50-3740-4445-846e-22114511570e?page=1&limit=2","timestamp":"2024-12-26 02:11:57"}
{"level":"info","message":"GET /blog/d1e582ce-d193-4926-8c87-da0db7f46df4","timestamp":"2024-12-26 02:12:01"}
{"level":"info","message":"GET /blog/d1e582ce-d193-4926-8c87-da0db7f46df4","timestamp":"2024-12-26 02:12:02"}
{"level":"info","message":"GET /blog/d1e582ce-d193-4926-8c87-da0db7f46df4","timestamp":"2024-12-26 02:12:02"}
{"level":"info","message":"GET /blog/d1e582ce-d193-4926-8c87-da0db7f46df4","timestamp":"2024-12-26 02:12:02"}
{"level":"info","message":"GET /blog/d1e582ce-d193-4926-8c87-da0db7f46df4","timestamp":"2024-12-26 02:12:03"}
{"level":"info","message":"GET /blog/getbyautor/3f0c5b50-3740-4445-846e-22114511570e?page=1&limit=2","timestamp":"2024-12-26 02:12:04"}
{"level":"info","message":"GET /blog/getbyautor/3f0c5b50-3740-4445-846e-22114511570e?page=1&limit=2","timestamp":"2024-12-26 02:12:14"}
{"level":"info","message":"GET /blog/d1e582ce-d193-4926-8c87-da0db7f46df4","timestamp":"2024-12-26 02:12:18"}
{"level":"info","message":"GET /blog/d1e582ce-d193-4926-8c87-da0db7f46df4","timestamp":"2024-12-26 02:12:25"}
{"level":"info","message":"GET /blog/d1e582ce-d193-4926-8c87-da0db7f46df4","timestamp":"2024-12-26 02:12:56"}
{"level":"info","message":"GET /blog/getbyautor/3f0c5b50-3740-4445-846e-22114511570e?page=1&limit=2","timestamp":"2024-12-26 02:12:57"}
{"level":"info","message":"GET /blog/c796ce76-f790-43ef-b793-2b0dc866f85e","timestamp":"2024-12-26 02:13:13"}
{"level":"info","message":"GET /blog/c796ce76-f790-43ef-b793-2b0dc866f85e","timestamp":"2024-12-26 02:13:34"}
{"level":"info","message":"GET /blog/c796ce76-f790-43ef-b793-2b0dc866f85e","timestamp":"2024-12-26 02:13:39"}
{"level":"info","message":"GET /blog?page=1&limit=2","timestamp":"2024-12-26 02:13:41"}
{"level":"info","message":"GET /blog/getbyautor/3f0c5b50-3740-4445-846e-22114511570e?page=1&limit=2","timestamp":"2024-12-26 02:13:43"}
{"level":"info","message":"GET /blog/getbyautor/3f0c5b50-3740-4445-846e-22114511570e?page=1&limit=2","timestamp":"2024-12-26 02:13:57"}
{"level":"info","message":"GET /blog/c796ce76-f790-43ef-b793-2b0dc866f85e","timestamp":"2024-12-26 02:14:00"}
{"level":"info","message":"GET /blog/getbyautor/3f0c5b50-3740-4445-846e-22114511570e?page=1&limit=2","timestamp":"2024-12-26 02:14:03"}
{"level":"info","message":"GET /blog/getbyautor/3f0c5b50-3740-4445-846e-22114511570e?page=1&limit=2","timestamp":"2024-12-26 02:14:09"}
{"level":"info","message":"GET /blog/getbyautor/3f0c5b50-3740-4445-846e-22114511570e?page=1&limit=2","timestamp":"2024-12-26 02:16:18"}
{"level":"info","message":"GET /blog/getbyautor/3f0c5b50-3740-4445-846e-22114511570e?page=1&limit=2","timestamp":"2024-12-26 02:16:23"}
{"level":"info","message":"GET /blog/getbyautor/3f0c5b50-3740-4445-846e-22114511570e?page=1&limit=2","timestamp":"2024-12-26 02:16:27"}
{"level":"info","message":"GET /blog/getbyautor/3f0c5b50-3740-4445-846e-22114511570e?page=1&limit=2","timestamp":"2024-12-26 02:16:38"}
{"level":"info","message":"GET /blog/getbyautor/3f0c5b50-3740-4445-846e-22114511570e?page=1&limit=2","timestamp":"2024-12-26 02:16:41"}
{"level":"info","message":"GET /blog/getbyautor/3f0c5b50-3740-4445-846e-22114511570e?page=1&limit=2","timestamp":"2024-12-26 02:16:54"}
{"level":"info","message":"GET /blog/getbyautor/3f0c5b50-3740-4445-846e-22114511570e?page=1&limit=2","timestamp":"2024-12-26 02:17:56"}
{"level":"info","message":"GET /blog/getbyautor/3f0c5b50-3740-4445-846e-22114511570e?page=1&limit=2","timestamp":"2024-12-26 02:17:57"}
{"level":"info","message":"GET /blog/getbyautor/3f0c5b50-3740-4445-846e-22114511570e?page=1&limit=2","timestamp":"2024-12-26 02:18:03"}
{"level":"info","message":"GET /blog/d1e582ce-d193-4926-8c87-da0db7f46df4","timestamp":"2024-12-26 02:19:21"}
{"level":"info","message":"GET /blog?page=1&limit=2","timestamp":"2024-12-26 02:19:23"}
{"level":"info","message":"GET /blog/d1e582ce-d193-4926-8c87-da0db7f46df4","timestamp":"2024-12-26 02:19:28"}
{"level":"info","message":"GET /blog?page=1&limit=2","timestamp":"2024-12-26 02:19:30"}
{"level":"info","message":"GET /blog?page=1&limit=2","timestamp":"2024-12-26 02:19:45"}
{"level":"info","message":"GET /blog/b7b088d7-566e-4dd6-8866-b9b28807692b","timestamp":"2024-12-26 02:19:48"}
{"level":"info","message":"GET /blog?page=1&limit=2","timestamp":"2024-12-26 02:19:50"}
{"level":"info","message":"GET /blog/getbyautor/3f0c5b50-3740-4445-846e-22114511570e?page=1&limit=2","timestamp":"2024-12-26 02:19:51"}
{"level":"info","message":"GET /blog?page=1&limit=2","timestamp":"2024-12-26 02:20:05"}
{"level":"info","message":"GET /blog/b7b088d7-566e-4dd6-8866-b9b28807692b","timestamp":"2024-12-26 02:20:06"}
{"level":"info","message":"GET /blog?page=1&limit=2","timestamp":"2024-12-26 02:20:07"}
{"level":"info","message":"GET /blog/b7b088d7-566e-4dd6-8866-b9b28807692b","timestamp":"2024-12-26 02:20:08"}
{"level":"info","message":"GET /blog?page=1&limit=2","timestamp":"2024-12-26 02:20:40"}
{"level":"info","message":"GET /blog/b7b088d7-566e-4dd6-8866-b9b28807692b","timestamp":"2024-12-26 02:20:42"}
{"level":"info","message":"GET /blog/getbyautor/3f0c5b50-3740-4445-846e-22114511570e?page=1&limit=2","timestamp":"2024-12-26 02:20:46"}
{"level":"info","message":"GET /blog/getbyautor/3f0c5b50-3740-4445-846e-22114511570e?page=1&limit=2","timestamp":"2024-12-26 02:21:19"}
{"level":"info","message":"GET /blog/getbyautor/3f0c5b50-3740-4445-846e-22114511570e?page=1&limit=2","timestamp":"2024-12-26 02:21:35"}
{"level":"info","message":"GET /blog/getbyautor/3f0c5b50-3740-4445-846e-22114511570e?page=1&limit=2","timestamp":"2024-12-26 02:21:50"}
{"level":"info","message":"GET /blog?page=1&limit=2","timestamp":"2024-12-26 02:22:48"}
{"level":"info","message":"GET /blog/b7b088d7-566e-4dd6-8866-b9b28807692b","timestamp":"2024-12-26 02:22:49"}
{"level":"info","message":"GET /blog?page=1&limit=2","timestamp":"2024-12-26 02:22:50"}
{"level":"info","message":"GET /blog/getbyautor/3f0c5b50-3740-4445-846e-22114511570e?page=1&limit=2","timestamp":"2024-12-26 02:22:52"}
{"level":"info","message":"GET /blog?page=1&limit=2","timestamp":"2024-12-26 02:23:18"}
{"level":"info","message":"GET /blog/b7b088d7-566e-4dd6-8866-b9b28807692b","timestamp":"2024-12-26 02:23:20"}
{"level":"info","message":"GET /blog?page=1&limit=2","timestamp":"2024-12-26 02:23:21"}
{"level":"info","message":"GET /blog/getbyautor/3f0c5b50-3740-4445-846e-22114511570e?page=1&limit=2","timestamp":"2024-12-26 02:23:24"}
{"level":"info","message":"GET /blog/getbyautor/3f0c5b50-3740-4445-846e-22114511570e?page=1&limit=2","timestamp":"2024-12-26 02:23:57"}
{"level":"info","message":"GET /blog/getbyautor/3f0c5b50-3740-4445-846e-22114511570e?page=1&limit=2","timestamp":"2024-12-26 02:24:00"}
{"level":"info","message":"GET /blog/getbyautor/3f0c5b50-3740-4445-846e-22114511570e?page=1&limit=2","timestamp":"2024-12-26 02:24:02"}
{"level":"info","message":"GET /blog/getbyautor/3f0c5b50-3740-4445-846e-22114511570e?page=1&limit=2","timestamp":"2024-12-26 02:24:24"}
{"level":"info","message":"GET /blog/getbyautor/3f0c5b50-3740-4445-846e-22114511570e?page=1&limit=2","timestamp":"2024-12-26 02:24:25"}
