{"level":"info","message":"OPTIONS /auth/login","timestamp":"2024-12-21 02:00:35"}
{"level":"info","message":"POST /auth/login","timestamp":"2024-12-21 02:00:35"}
{"level":"info","message":"GET /blog/","timestamp":"2024-12-21 02:00:35"}
{"level":"info","message":"OPTIONS /auth/login","timestamp":"2024-12-21 02:00:54"}
{"level":"info","message":"POST /auth/login","timestamp":"2024-12-21 02:00:54"}
{"level":"info","message":"GET /blog/","timestamp":"2024-12-21 02:00:54"}
{"level":"info","message":"GET /blog/","timestamp":"2024-12-21 02:03:25"}
{"level":"info","message":"GET /blog/","timestamp":"2024-12-21 02:03:26"}
{"level":"info","message":"GET /blog/","timestamp":"2024-12-21 02:03:29"}
{"level":"info","message":"GET /blog/","timestamp":"2024-12-21 02:04:23"}
{"level":"info","message":"GET /blog/","timestamp":"2024-12-21 02:04:25"}
{"level":"info","message":"GET /blog/","timestamp":"2024-12-21 02:04:27"}
{"level":"info","message":"GET /blog/","timestamp":"2024-12-21 02:04:29"}
{"level":"info","message":"GET /blog/","timestamp":"2024-12-21 02:04:31"}
{"level":"info","message":"GET /blog/","timestamp":"2024-12-21 02:04:32"}
{"level":"info","message":"OPTIONS /auth/login","timestamp":"2024-12-21 02:05:00"}
{"level":"info","message":"POST /auth/login","timestamp":"2024-12-21 02:05:00"}
{"level":"info","message":"GET /blog/","timestamp":"2024-12-21 02:05:00"}
{"level":"info","message":"GET /blog/","timestamp":"2024-12-21 02:08:08"}
{"level":"info","message":"GET /blog/","timestamp":"2024-12-21 02:08:15"}
{"level":"info","message":"GET /blog/","timestamp":"2024-12-21 02:10:29"}
{"level":"info","message":"GET /blog/","timestamp":"2024-12-21 02:11:01"}
{"level":"info","message":"GET /blog/","timestamp":"2024-12-21 02:11:28"}
{"level":"info","message":"GET /blog/","timestamp":"2024-12-21 02:11:36"}
{"level":"info","message":"GET /blog/","timestamp":"2024-12-21 02:11:39"}
{"level":"info","message":"GET /blog/","timestamp":"2024-12-21 02:12:04"}
{"level":"info","message":"GET /blog/","timestamp":"2024-12-21 02:12:08"}
{"level":"info","message":"GET /blog/","timestamp":"2024-12-21 02:12:09"}
{"level":"info","message":"OPTIONS /auth/login","timestamp":"2024-12-21 02:12:32"}
{"level":"info","message":"POST /auth/login","timestamp":"2024-12-21 02:12:32"}
{"level":"info","message":"GET /blog/","timestamp":"2024-12-21 02:12:32"}
{"level":"info","message":"OPTIONS /auth/login","timestamp":"2024-12-21 02:12:47"}
{"level":"info","message":"POST /auth/login","timestamp":"2024-12-21 02:12:47"}
{"level":"info","message":"GET /blog/","timestamp":"2024-12-21 02:12:47"}
{"level":"info","message":"OPTIONS /auth/login","timestamp":"2024-12-21 02:13:09"}
{"level":"info","message":"POST /auth/login","timestamp":"2024-12-21 02:13:09"}
{"level":"info","message":"GET /blog/","timestamp":"2024-12-21 02:13:09"}
{"level":"info","message":"GET /blog/","timestamp":"2024-12-21 02:13:27"}
{"level":"info","message":"GET /blog/","timestamp":"2024-12-21 02:14:27"}
{"level":"info","message":"OPTIONS /auth/login","timestamp":"2024-12-21 02:18:32"}
{"level":"info","message":"POST /auth/login","timestamp":"2024-12-21 02:18:32"}
{"level":"info","message":"GET /blog/","timestamp":"2024-12-21 02:18:32"}
{"level":"info","message":"GET /blog/","timestamp":"2024-12-21 02:19:00"}
{"level":"info","message":"GET /blog/","timestamp":"2024-12-21 02:19:51"}
{"level":"info","message":"GET /blog/","timestamp":"2024-12-21 02:20:08"}
{"level":"info","message":"GET /blog/","timestamp":"2024-12-21 02:20:20"}
{"level":"info","message":"OPTIONS /auth/register","timestamp":"2024-12-21 02:35:59"}
{"level":"info","message":"POST /auth/register","timestamp":"2024-12-21 02:35:59"}
{"level":"info","message":"OPTIONS /auth/register","timestamp":"2024-12-21 02:37:34"}
{"level":"info","message":"POST /auth/register","timestamp":"2024-12-21 02:37:34"}
{"level":"info","message":"OPTIONS /auth/register","timestamp":"2024-12-21 02:40:41"}
{"level":"info","message":"POST /auth/register","timestamp":"2024-12-21 02:40:41"}
{"level":"info","message":"OPTIONS /auth/login","timestamp":"2024-12-21 02:40:54"}
{"level":"info","message":"POST /auth/login","timestamp":"2024-12-21 02:40:54"}
{"level":"info","message":"GET /blog/","timestamp":"2024-12-21 02:40:54"}
{"level":"info","message":"GET /blog/","timestamp":"2024-12-21 02:43:37"}
{"level":"info","message":"GET /blog/","timestamp":"2024-12-21 02:51:10"}
{"level":"info","message":"OPTIONS /auth/register","timestamp":"2024-12-21 02:53:40"}
{"level":"info","message":"POST /auth/register","timestamp":"2024-12-21 02:53:40"}
{"level":"info","message":"OPTIONS /auth/register","timestamp":"2024-12-21 02:54:42"}
{"level":"info","message":"POST /auth/register","timestamp":"2024-12-21 02:54:42"}
{"level":"info","message":"OPTIONS /auth/login","timestamp":"2024-12-21 02:55:21"}
{"level":"info","message":"POST /auth/login","timestamp":"2024-12-21 02:55:21"}
{"level":"info","message":"GET /blog/","timestamp":"2024-12-21 02:55:21"}
{"level":"info","message":"GET /blog/","timestamp":"2024-12-21 02:55:27"}
{"level":"info","message":"OPTIONS /auth/login","timestamp":"2024-12-21 02:56:33"}
{"level":"info","message":"POST /auth/login","timestamp":"2024-12-21 02:56:33"}
{"level":"info","message":"GET /blog/","timestamp":"2024-12-21 02:56:33"}
{"level":"info","message":"GET /blog/","timestamp":"2024-12-21 02:56:39"}
{"level":"info","message":"GET /blog/","timestamp":"2024-12-21 02:57:39"}
{"level":"info","message":"GET /blog/","timestamp":"2024-12-21 02:57:43"}
{"level":"info","message":"GET /blog/","timestamp":"2024-12-21 02:59:42"}
