{"level":"info","message":"Example app listening on port: 3000","timestamp":"2024-12-25 23:00:57"}
{"level":"info","message":"conectado a la base de datos","timestamp":"2024-12-25 23:00:58"}
{"level":"info","message":"Example app listening on port: 3000","timestamp":"2024-12-25 23:01:08"}
{"level":"info","message":"conectado a la base de datos","timestamp":"2024-12-25 23:01:13"}
{"level":"info","message":"Example app listening on port: 3000","timestamp":"2024-12-25 23:01:20"}
{"level":"info","message":"conectado a la base de datos","timestamp":"2024-12-25 23:01:40"}
{"level":"info","message":"Example app listening on port: 3000","timestamp":"2024-12-25 23:01:48"}
{"level":"info","message":"conectado a la base de datos","timestamp":"2024-12-25 23:01:48"}
{"level":"info","message":"Example app listening on port: 3000","timestamp":"2024-12-25 23:01:53"}
{"level":"info","message":"Example app listening on port: 3000","timestamp":"2024-12-25 23:01:55"}
{"level":"info","message":"conectado a la base de datos","timestamp":"2024-12-25 23:01:55"}
{"level":"info","message":"Example app listening on port: 3000","timestamp":"2024-12-25 23:01:56"}
{"level":"info","message":"conectado a la base de datos","timestamp":"2024-12-25 23:01:57"}
{"level":"info","message":"Example app listening on port: 3000","timestamp":"2024-12-25 23:02:01"}
{"level":"info","message":"conectado a la base de datos","timestamp":"2024-12-25 23:02:14"}
{"level":"info","message":"Example app listening on port: 3000","timestamp":"2024-12-25 23:02:48"}
{"level":"info","message":"conectado a la base de datos","timestamp":"2024-12-25 23:02:49"}
{"level":"info","message":"Example app listening on port: 3000","timestamp":"2024-12-25 23:02:53"}
{"level":"info","message":"conectado a la base de datos","timestamp":"2024-12-25 23:02:53"}
{"level":"info","message":"Example app listening on port: 3000","timestamp":"2024-12-25 23:02:59"}
{"level":"info","message":"conectado a la base de datos","timestamp":"2024-12-25 23:03:00"}
{"level":"info","message":"Example app listening on port: 3000","timestamp":"2024-12-25 23:03:03"}
{"level":"info","message":"conectado a la base de datos","timestamp":"2024-12-25 23:03:04"}
{"level":"info","message":"Example app listening on port: 3000","timestamp":"2024-12-25 23:03:18"}
{"level":"info","message":"conectado a la base de datos","timestamp":"2024-12-25 23:03:18"}
{"level":"info","message":"Example app listening on port: 3000","timestamp":"2024-12-25 23:04:24"}
{"level":"info","message":"conectado a la base de datos","timestamp":"2024-12-25 23:04:25"}
{"level":"info","message":"Example app listening on port: 3000","timestamp":"2024-12-25 23:04:26"}
{"level":"info","message":"conectado a la base de datos","timestamp":"2024-12-25 23:04:26"}
{"level":"info","message":"GET /blog/","timestamp":"2024-12-25 23:04:30"}
{"level":"info","message":"GET /blog/3f0c5b50-3740-4445-846e-22114511570e","timestamp":"2024-12-25 23:05:16"}
{"level":"info","message":"Example app listening on port: 3000","timestamp":"2024-12-25 23:05:29"}
{"level":"info","message":"conectado a la base de datos","timestamp":"2024-12-25 23:05:30"}
{"level":"info","message":"Example app listening on port: 3000","timestamp":"2024-12-25 23:05:39"}
{"level":"info","message":"GET /blog/3f0c5b50-3740-4445-846e-22114511570e","timestamp":"2024-12-25 23:05:43"}
{"level":"info","message":"conectado a la base de datos","timestamp":"2024-12-25 23:05:48"}
{"level":"info","message":"GET /blog/3f0c5b50-3740-4445-846e-22114511570e","timestamp":"2024-12-25 23:05:55"}
{"level":"info","message":"Example app listening on port: 3000","timestamp":"2024-12-25 23:06:05"}
{"level":"info","message":"conectado a la base de datos","timestamp":"2024-12-25 23:06:06"}
{"level":"info","message":"Example app listening on port: 3000","timestamp":"2024-12-25 23:06:08"}
{"level":"info","message":"conectado a la base de datos","timestamp":"2024-12-25 23:06:09"}
{"level":"info","message":"GET /blog/3f0c5b50-3740-4445-846e-22114511570e","timestamp":"2024-12-25 23:09:23"}
{"level":"info","message":"Example app listening on port: 3000","timestamp":"2024-12-25 23:09:31"}
{"level":"info","message":"conectado a la base de datos","timestamp":"2024-12-25 23:09:31"}
{"level":"info","message":"Example app listening on port: 3000","timestamp":"2024-12-25 23:09:34"}
{"level":"info","message":"conectado a la base de datos","timestamp":"2024-12-25 23:09:34"}
{"level":"info","message":"Example app listening on port: 3000","timestamp":"2024-12-25 23:09:37"}
{"level":"info","message":"Example app listening on port: 3000","timestamp":"2024-12-25 23:09:37"}
{"level":"info","message":"conectado a la base de datos","timestamp":"2024-12-25 23:09:42"}
{"level":"info","message":"GET /blog/getbyautor/3f0c5b50-3740-4445-846e-22114511570e","timestamp":"2024-12-25 23:09:43"}
{"level":"info","message":"Example app listening on port: 3000","timestamp":"2024-12-25 23:09:51"}
{"level":"info","message":"conectado a la base de datos","timestamp":"2024-12-25 23:09:53"}
{"level":"info","message":"Example app listening on port: 3000","timestamp":"2024-12-25 23:09:55"}
{"level":"info","message":"GET /blog/getbyautor/3f0c5b50-3740-4445-846e-22114511570e","timestamp":"2024-12-25 23:09:57"}
{"level":"info","message":"conectado a la base de datos","timestamp":"2024-12-25 23:10:00"}
{"level":"info","message":"Example app listening on port: 3000","timestamp":"2024-12-25 23:18:38"}
{"level":"info","message":"conectado a la base de datos","timestamp":"2024-12-25 23:18:39"}
{"level":"info","message":"Example app listening on port: 3000","timestamp":"2024-12-25 23:18:41"}
{"level":"info","message":"conectado a la base de datos","timestamp":"2024-12-25 23:18:41"}
{"level":"info","message":"Example app listening on port: 3000","timestamp":"2024-12-25 23:18:43"}
{"level":"info","message":"conectado a la base de datos","timestamp":"2024-12-25 23:18:44"}
{"level":"info","message":"Example app listening on port: 3000","timestamp":"2024-12-25 23:18:45"}
{"level":"info","message":"conectado a la base de datos","timestamp":"2024-12-25 23:18:46"}
{"level":"info","message":"GET /blog/","timestamp":"2024-12-25 23:18:50"}
{"level":"info","message":"Example app listening on port: 3000","timestamp":"2024-12-25 23:19:01"}
{"level":"info","message":"conectado a la base de datos","timestamp":"2024-12-25 23:19:01"}
{"level":"info","message":"GET /blog/getbyautor/3f0c5b50-3740-4445-846e-22114511570e","timestamp":"2024-12-25 23:19:03"}
{"level":"info","message":"Example app listening on port: 3000","timestamp":"2024-12-25 23:21:31"}
{"level":"info","message":"conectado a la base de datos","timestamp":"2024-12-25 23:21:31"}
{"level":"info","message":"Example app listening on port: 3000","timestamp":"2024-12-25 23:21:33"}
{"level":"info","message":"conectado a la base de datos","timestamp":"2024-12-25 23:21:33"}
{"level":"info","message":"GET /blog/getbyautor/3f0c5b50-3740-4445-846e-22114511570e","timestamp":"2024-12-25 23:21:38"}
{"level":"info","message":"Example app listening on port: 3000","timestamp":"2024-12-25 23:21:46"}
{"level":"info","message":"conectado a la base de datos","timestamp":"2024-12-25 23:21:51"}
{"level":"info","message":"Example app listening on port: 3000","timestamp":"2024-12-25 23:21:52"}
{"level":"info","message":"conectado a la base de datos","timestamp":"2024-12-25 23:21:53"}
{"level":"info","message":"Example app listening on port: 3000","timestamp":"2024-12-25 23:21:55"}
{"level":"info","message":"Example app listening on port: 3000","timestamp":"2024-12-25 23:21:56"}
{"level":"info","message":"conectado a la base de datos","timestamp":"2024-12-25 23:21:57"}
{"level":"info","message":"Example app listening on port: 3000","timestamp":"2024-12-25 23:23:18"}
{"level":"info","message":"GET /blog/getbyautor/3f0c5b50-3740-4445-846e-22114511570e","timestamp":"2024-12-25 23:23:19"}
{"level":"info","message":"conectado a la base de datos","timestamp":"2024-12-25 23:23:20"}
{"level":"info","message":"Example app listening on port: 3000","timestamp":"2024-12-25 23:25:21"}
{"level":"info","message":"conectado a la base de datos","timestamp":"2024-12-25 23:25:22"}
{"level":"info","message":"GET /blog/getbyautor/3f0c5b50-3740-4445-846e-22114511570e","timestamp":"2024-12-25 23:25:25"}
{"level":"info","message":"Example app listening on port: 3000","timestamp":"2024-12-25 23:25:41"}
{"level":"info","message":"Example app listening on port: 3000","timestamp":"2024-12-25 23:25:42"}
{"level":"info","message":"conectado a la base de datos","timestamp":"2024-12-25 23:25:43"}
{"level":"info","message":"GET /blog/getbyautor/3f0c5b50-3740-4445-846e-22114511570e","timestamp":"2024-12-25 23:25:45"}
{"level":"info","message":"GET /blog/","timestamp":"2024-12-25 23:29:21"}
{"level":"info","message":"GET /blog/getbyautor/3f0c5b50-3740-4445-846e-22114511570e","timestamp":"2024-12-25 23:29:40"}
{"level":"info","message":"GET /blog/getbyautor/3f0c5b50-3740-4445-846e-22114511570e","timestamp":"2024-12-25 23:30:05"}
{"level":"info","message":"Example app listening on port: 3000","timestamp":"2024-12-25 23:30:10"}
{"level":"info","message":"conectado a la base de datos","timestamp":"2024-12-25 23:30:11"}
{"level":"info","message":"Example app listening on port: 3000","timestamp":"2024-12-25 23:30:12"}
{"level":"info","message":"conectado a la base de datos","timestamp":"2024-12-25 23:30:12"}
{"level":"info","message":"Example app listening on port: 3000","timestamp":"2024-12-25 23:30:14"}
{"level":"info","message":"conectado a la base de datos","timestamp":"2024-12-25 23:30:14"}
{"level":"info","message":"Example app listening on port: 3000","timestamp":"2024-12-25 23:30:15"}
{"level":"info","message":"conectado a la base de datos","timestamp":"2024-12-25 23:30:16"}
{"level":"info","message":"Example app listening on port: 3000","timestamp":"2024-12-25 23:31:41"}
{"level":"info","message":"conectado a la base de datos","timestamp":"2024-12-25 23:31:42"}
{"level":"info","message":"Example app listening on port: 3000","timestamp":"2024-12-25 23:31:43"}
{"level":"info","message":"conectado a la base de datos","timestamp":"2024-12-25 23:31:44"}
{"level":"info","message":"Example app listening on port: 3000","timestamp":"2024-12-25 23:31:46"}
{"level":"info","message":"conectado a la base de datos","timestamp":"2024-12-25 23:31:47"}
{"level":"info","message":"GET /blog/getbyautor/3f0c5b50-3740-4445-846e-22114511570e","timestamp":"2024-12-25 23:31:49"}
{"level":"info","message":"Example app listening on port: 3000","timestamp":"2024-12-25 23:32:07"}
{"level":"info","message":"GET /blog/getbyautor/3f0c5b50-3740-4445-846e-22114511570e","timestamp":"2024-12-25 23:32:09"}
{"level":"info","message":"conectado a la base de datos","timestamp":"2024-12-25 23:32:12"}
{"level":"info","message":"Example app listening on port: 3000","timestamp":"2024-12-25 23:32:31"}
{"level":"info","message":"conectado a la base de datos","timestamp":"2024-12-25 23:32:32"}
{"level":"info","message":"Example app listening on port: 3000","timestamp":"2024-12-25 23:32:34"}
{"level":"info","message":"conectado a la base de datos","timestamp":"2024-12-25 23:32:34"}
{"level":"info","message":"Example app listening on port: 3000","timestamp":"2024-12-25 23:32:43"}
{"level":"info","message":"conectado a la base de datos","timestamp":"2024-12-25 23:32:44"}
{"level":"info","message":"GET /blog/getbyautor/3f0c5b50-3740-4445-846e-22114511570e","timestamp":"2024-12-25 23:39:26"}
{"level":"info","message":"Example app listening on port: 3000","timestamp":"2024-12-25 23:39:30"}
{"level":"info","message":"conectado a la base de datos","timestamp":"2024-12-25 23:39:31"}
{"level":"info","message":"Example app listening on port: 3000","timestamp":"2024-12-25 23:39:44"}
{"level":"info","message":"conectado a la base de datos","timestamp":"2024-12-25 23:39:44"}
{"level":"info","message":"Example app listening on port: 3000","timestamp":"2024-12-25 23:39:46"}
{"level":"info","message":"conectado a la base de datos","timestamp":"2024-12-25 23:39:47"}
{"level":"info","message":"GET /blog/getbyautor/3f0c5b50-3740-4445-846e-22114511570e","timestamp":"2024-12-25 23:39:49"}
{"level":"info","message":"Example app listening on port: 3000","timestamp":"2024-12-25 23:40:06"}
{"level":"info","message":"conectado a la base de datos","timestamp":"2024-12-25 23:40:06"}
{"level":"info","message":"Example app listening on port: 3000","timestamp":"2024-12-25 23:40:08"}
{"level":"info","message":"conectado a la base de datos","timestamp":"2024-12-25 23:40:08"}
{"level":"info","message":"Example app listening on port: 3000","timestamp":"2024-12-25 23:40:12"}
{"level":"info","message":"conectado a la base de datos","timestamp":"2024-12-25 23:40:12"}
{"level":"info","message":"Example app listening on port: 3000","timestamp":"2024-12-25 23:43:01"}
{"level":"info","message":"conectado a la base de datos","timestamp":"2024-12-25 23:43:02"}
{"level":"info","message":"GET /productos/paginado?page=2&limit=1","timestamp":"2024-12-25 23:47:34"}
{"level":"info","message":"GET /productos/paginado?page=2&limit=2","timestamp":"2024-12-25 23:47:41"}
{"level":"info","message":"GET /productos/paginado?page=1&limit=1","timestamp":"2024-12-25 23:47:50"}
{"level":"info","message":"Example app listening on port: 3000","timestamp":"2024-12-25 23:48:04"}
{"level":"info","message":"conectado a la base de datos","timestamp":"2024-12-25 23:48:04"}
{"level":"info","message":"Example app listening on port: 3000","timestamp":"2024-12-25 23:48:06"}
{"level":"info","message":"conectado a la base de datos","timestamp":"2024-12-25 23:48:06"}
{"level":"info","message":"Example app listening on port: 3000","timestamp":"2024-12-25 23:48:22"}
{"level":"info","message":"Example app listening on port: 3000","timestamp":"2024-12-25 23:48:22"}
{"level":"info","message":"conectado a la base de datos","timestamp":"2024-12-25 23:48:23"}
{"level":"info","message":"Example app listening on port: 3000","timestamp":"2024-12-25 23:48:29"}
{"level":"info","message":"Example app listening on port: 3000","timestamp":"2024-12-25 23:48:29"}
{"level":"info","message":"conectado a la base de datos","timestamp":"2024-12-25 23:48:30"}
{"level":"info","message":"Example app listening on port: 3000","timestamp":"2024-12-25 23:48:54"}
{"level":"info","message":"conectado a la base de datos","timestamp":"2024-12-25 23:48:54"}
{"level":"info","message":"Example app listening on port: 3000","timestamp":"2024-12-25 23:48:58"}
{"level":"info","message":"conectado a la base de datos","timestamp":"2024-12-25 23:48:58"}
{"level":"info","message":"Example app listening on port: 3000","timestamp":"2024-12-25 23:48:59"}
{"level":"info","message":"conectado a la base de datos","timestamp":"2024-12-25 23:49:00"}
{"level":"info","message":"Example app listening on port: 3000","timestamp":"2024-12-25 23:49:07"}
{"level":"info","message":"conectado a la base de datos","timestamp":"2024-12-25 23:49:08"}
{"level":"info","message":"Example app listening on port: 3000","timestamp":"2024-12-25 23:49:21"}
{"level":"info","message":"conectado a la base de datos","timestamp":"2024-12-25 23:49:22"}
{"level":"info","message":"Example app listening on port: 3000","timestamp":"2024-12-25 23:49:37"}
{"level":"info","message":"conectado a la base de datos","timestamp":"2024-12-25 23:49:38"}
{"level":"info","message":"Example app listening on port: 3000","timestamp":"2024-12-25 23:49:46"}
{"level":"info","message":"conectado a la base de datos","timestamp":"2024-12-25 23:49:46"}
{"level":"info","message":"Example app listening on port: 3000","timestamp":"2024-12-25 23:50:01"}
{"level":"info","message":"conectado a la base de datos","timestamp":"2024-12-25 23:50:01"}
{"level":"info","message":"Example app listening on port: 3000","timestamp":"2024-12-25 23:50:03"}
{"level":"info","message":"Example app listening on port: 3000","timestamp":"2024-12-25 23:50:09"}
{"level":"info","message":"conectado a la base de datos","timestamp":"2024-12-25 23:50:10"}
{"level":"info","message":"Example app listening on port: 3000","timestamp":"2024-12-25 23:50:15"}
{"level":"info","message":"conectado a la base de datos","timestamp":"2024-12-25 23:50:16"}
{"level":"info","message":"GET /productos/paginado?page=1&limit=1","timestamp":"2024-12-25 23:53:34"}
{"level":"info","message":"GET /blog/getbyautor/3f0c5b50-3740-4445-846e-22114511570e","timestamp":"2024-12-25 23:53:41"}
{"level":"info","message":"Example app listening on port: 3000","timestamp":"2024-12-25 23:53:52"}
{"level":"info","message":"conectado a la base de datos","timestamp":"2024-12-25 23:53:53"}
{"level":"info","message":"Example app listening on port: 3000","timestamp":"2024-12-25 23:53:56"}
{"level":"info","message":"Example app listening on port: 3000","timestamp":"2024-12-25 23:53:56"}
{"level":"info","message":"conectado a la base de datos","timestamp":"2024-12-25 23:53:57"}
{"level":"info","message":"Example app listening on port: 3000","timestamp":"2024-12-25 23:53:57"}
{"level":"info","message":"conectado a la base de datos","timestamp":"2024-12-25 23:53:58"}
{"level":"info","message":"GET /blog/getbyautor/3f0c5b50-3740-4445-846e-22114511570e","timestamp":"2024-12-25 23:54:00"}
{"level":"info","message":"Example app listening on port: 3000","timestamp":"2024-12-25 23:54:09"}
{"level":"info","message":"conectado a la base de datos","timestamp":"2024-12-25 23:54:10"}
{"level":"info","message":"Example app listening on port: 3000","timestamp":"2024-12-25 23:54:11"}
{"level":"info","message":"conectado a la base de datos","timestamp":"2024-12-25 23:54:11"}
{"level":"info","message":"Example app listening on port: 3000","timestamp":"2024-12-25 23:54:13"}
{"level":"info","message":"conectado a la base de datos","timestamp":"2024-12-25 23:54:13"}
{"level":"info","message":"Example app listening on port: 3000","timestamp":"2024-12-25 23:54:15"}
{"level":"info","message":"conectado a la base de datos","timestamp":"2024-12-25 23:54:15"}
{"level":"info","message":"GET /blog/getbyautor/3f0c5b50-3740-4445-846e-22114511570e","timestamp":"2024-12-25 23:54:16"}
{"level":"info","message":"Example app listening on port: 3000","timestamp":"2024-12-25 23:54:22"}
{"level":"info","message":"conectado a la base de datos","timestamp":"2024-12-25 23:54:22"}
{"level":"info","message":"Example app listening on port: 3000","timestamp":"2024-12-25 23:54:23"}
{"level":"info","message":"GET /blog/getbyautor/3f0c5b50-3740-4445-846e-22114511570e","timestamp":"2024-12-25 23:54:23"}
{"level":"info","message":"conectado a la base de datos","timestamp":"2024-12-25 23:54:23"}
{"level":"info","message":"Example app listening on port: 3000","timestamp":"2024-12-25 23:54:37"}
{"level":"info","message":"conectado a la base de datos","timestamp":"2024-12-25 23:54:37"}
{"level":"info","message":"Example app listening on port: 3000","timestamp":"2024-12-25 23:54:39"}
{"level":"info","message":"conectado a la base de datos","timestamp":"2024-12-25 23:54:41"}
{"level":"info","message":"Example app listening on port: 3000","timestamp":"2024-12-25 23:54:51"}
{"level":"info","message":"conectado a la base de datos","timestamp":"2024-12-25 23:54:51"}
{"level":"info","message":"Example app listening on port: 3000","timestamp":"2024-12-25 23:54:52"}
{"level":"info","message":"GET /blog/getbyautor/3f0c5b50-3740-4445-846e-22114511570e","timestamp":"2024-12-25 23:54:53"}
{"level":"info","message":"conectado a la base de datos","timestamp":"2024-12-25 23:54:53"}
{"level":"info","message":"Example app listening on port: 3000","timestamp":"2024-12-25 23:55:18"}
{"level":"info","message":"Example app listening on port: 3000","timestamp":"2024-12-25 23:55:19"}
{"level":"info","message":"conectado a la base de datos","timestamp":"2024-12-25 23:55:19"}
{"level":"info","message":"GET /blog/getbyautor/3f0c5b50-3740-4445-846e-22114511570e","timestamp":"2024-12-25 23:55:21"}
{"level":"info","message":"Example app listening on port: 3000","timestamp":"2024-12-25 23:56:00"}
{"level":"info","message":"conectado a la base de datos","timestamp":"2024-12-25 23:56:01"}
{"level":"info","message":"Example app listening on port: 3000","timestamp":"2024-12-25 23:56:03"}
{"level":"info","message":"conectado a la base de datos","timestamp":"2024-12-25 23:56:03"}
{"level":"info","message":"Example app listening on port: 3000","timestamp":"2024-12-25 23:56:23"}
{"level":"info","message":"conectado a la base de datos","timestamp":"2024-12-25 23:56:25"}
{"level":"info","message":"Example app listening on port: 3000","timestamp":"2024-12-25 23:56:26"}
{"level":"info","message":"conectado a la base de datos","timestamp":"2024-12-25 23:56:26"}
{"level":"info","message":"Example app listening on port: 3000","timestamp":"2024-12-25 23:56:37"}
{"level":"info","message":"Example app listening on port: 3000","timestamp":"2024-12-25 23:56:41"}
{"level":"info","message":"conectado a la base de datos","timestamp":"2024-12-25 23:56:41"}
{"level":"info","message":"GET /blog/getbyautor/3f0c5b50-3740-4445-846e-22114511570e","timestamp":"2024-12-25 23:56:44"}
{"level":"info","message":"Example app listening on port: 3000","timestamp":"2024-12-25 23:56:57"}
{"level":"info","message":"conectado a la base de datos","timestamp":"2024-12-25 23:56:57"}
{"level":"info","message":"Example app listening on port: 3000","timestamp":"2024-12-25 23:57:00"}
{"level":"info","message":"conectado a la base de datos","timestamp":"2024-12-25 23:57:01"}
{"level":"info","message":"GET /blog/getbyautor/3f0c5b50-3740-4445-846e-22114511570e","timestamp":"2024-12-25 23:57:06"}
{"level":"info","message":"Example app listening on port: 3000","timestamp":"2024-12-25 23:57:17"}
{"level":"info","message":"conectado a la base de datos","timestamp":"2024-12-25 23:57:18"}
{"level":"info","message":"Example app listening on port: 3000","timestamp":"2024-12-25 23:57:20"}
{"level":"info","message":"conectado a la base de datos","timestamp":"2024-12-25 23:57:20"}
{"level":"info","message":"Example app listening on port: 3000","timestamp":"2024-12-25 23:57:24"}
{"level":"info","message":"conectado a la base de datos","timestamp":"2024-12-25 23:57:25"}
{"level":"info","message":"Example app listening on port: 3000","timestamp":"2024-12-25 23:58:02"}
{"level":"info","message":"conectado a la base de datos","timestamp":"2024-12-25 23:58:04"}
{"level":"info","message":"GET /blog/getbyautor/3f0c5b50-3740-4445-846e-22114511570e","timestamp":"2024-12-25 23:58:07"}
{"level":"info","message":"Example app listening on port: 3000","timestamp":"2024-12-25 23:58:31"}
{"level":"info","message":"conectado a la base de datos","timestamp":"2024-12-25 23:58:31"}
{"level":"info","message":"Example app listening on port: 3000","timestamp":"2024-12-25 23:58:33"}
{"level":"info","message":"conectado a la base de datos","timestamp":"2024-12-25 23:58:34"}
{"level":"info","message":"Example app listening on port: 3000","timestamp":"2024-12-25 23:58:38"}
{"level":"info","message":"conectado a la base de datos","timestamp":"2024-12-25 23:58:39"}
{"level":"info","message":"Example app listening on port: 3000","timestamp":"2024-12-25 23:58:43"}
{"level":"info","message":"conectado a la base de datos","timestamp":"2024-12-25 23:58:44"}
{"level":"info","message":"Example app listening on port: 3000","timestamp":"2024-12-25 23:58:54"}
{"level":"info","message":"conectado a la base de datos","timestamp":"2024-12-25 23:58:55"}
{"level":"info","message":"Example app listening on port: 3000","timestamp":"2024-12-25 23:58:56"}
{"level":"info","message":"Example app listening on port: 3000","timestamp":"2024-12-25 23:58:58"}
{"level":"info","message":"GET /blog/getbyautor/3f0c5b50-3740-4445-846e-22114511570e","timestamp":"2024-12-25 23:58:59"}
{"level":"info","message":"conectado a la base de datos","timestamp":"2024-12-25 23:59:00"}
{"level":"info","message":"Example app listening on port: 3000","timestamp":"2024-12-25 23:59:20"}
{"level":"info","message":"Example app listening on port: 3000","timestamp":"2024-12-25 23:59:24"}
{"level":"info","message":"conectado a la base de datos","timestamp":"2024-12-25 23:59:25"}
{"level":"info","message":"GET /blog/getbyautor/3f0c5b50-3740-4445-846e-22114511570e","timestamp":"2024-12-25 23:59:27"}
{"level":"info","message":"Example app listening on port: 3000","timestamp":"2024-12-25 23:59:38"}
{"level":"info","message":"conectado a la base de datos","timestamp":"2024-12-25 23:59:38"}
{"level":"info","message":"Example app listening on port: 3000","timestamp":"2024-12-25 23:59:42"}
{"level":"info","message":"conectado a la base de datos","timestamp":"2024-12-25 23:59:43"}
{"level":"info","message":"Example app listening on port: 3000","timestamp":"2024-12-25 23:59:45"}
{"level":"info","message":"conectado a la base de datos","timestamp":"2024-12-25 23:59:45"}
{"level":"info","message":"Example app listening on port: 3000","timestamp":"2024-12-25 23:59:47"}
{"level":"info","message":"Example app listening on port: 3000","timestamp":"2024-12-25 23:59:48"}
{"level":"info","message":"conectado a la base de datos","timestamp":"2024-12-25 23:59:48"}
{"level":"info","message":"GET /blog/getbyautor/3f0c5b50-3740-4445-846e-22114511570e","timestamp":"2024-12-25 23:59:50"}
