{"level":"info","message":"Example app listening on port: 3000","timestamp":"2024-12-19 02:00:26"}
{"level":"info","message":"conectado a la base de datos","timestamp":"2024-12-19 02:00:26"}
{"level":"info","message":"GET /docs/","timestamp":"2024-12-19 02:00:27"}
{"level":"info","message":"GET /docs/swagger-ui.css","timestamp":"2024-12-19 02:00:27"}
{"level":"info","message":"GET /docs/swagger-ui-bundle.js","timestamp":"2024-12-19 02:00:27"}
{"level":"info","message":"GET /docs/swagger-ui-standalone-preset.js","timestamp":"2024-12-19 02:00:27"}
{"level":"info","message":"GET /docs/swagger-ui-init.js","timestamp":"2024-12-19 02:00:27"}
{"level":"info","message":"GET /docs/favicon-32x32.png","timestamp":"2024-12-19 02:00:27"}
{"level":"info","message":"GET /docs/","timestamp":"2024-12-19 02:00:42"}
{"level":"info","message":"GET /docs/swagger-ui.css","timestamp":"2024-12-19 02:00:42"}
{"level":"info","message":"GET /docs/swagger-ui-bundle.js","timestamp":"2024-12-19 02:00:42"}
{"level":"info","message":"GET /docs/swagger-ui-standalone-preset.js","timestamp":"2024-12-19 02:00:42"}
{"level":"info","message":"GET /docs/swagger-ui-init.js","timestamp":"2024-12-19 02:00:42"}
{"level":"info","message":"GET /docs/favicon-32x32.png","timestamp":"2024-12-19 02:00:42"}
{"level":"info","message":"GET /docs/","timestamp":"2024-12-19 02:00:44"}
{"level":"info","message":"GET /docs/swagger-ui.css","timestamp":"2024-12-19 02:00:44"}
{"level":"info","message":"GET /docs/swagger-ui-bundle.js","timestamp":"2024-12-19 02:00:44"}
{"level":"info","message":"GET /docs/swagger-ui-standalone-preset.js","timestamp":"2024-12-19 02:00:44"}
{"level":"info","message":"GET /docs/swagger-ui-init.js","timestamp":"2024-12-19 02:00:44"}
{"level":"info","message":"GET /docs/favicon-32x32.png","timestamp":"2024-12-19 02:00:44"}
{"level":"info","message":"Example app listening on port: 3000","timestamp":"2024-12-19 02:00:46"}
{"level":"info","message":"conectado a la base de datos","timestamp":"2024-12-19 02:00:47"}
{"level":"info","message":"Example app listening on port: 3000","timestamp":"2024-12-19 02:00:52"}
{"level":"info","message":"Example app listening on port: 3000","timestamp":"2024-12-19 02:00:52"}
{"level":"info","message":"conectado a la base de datos","timestamp":"2024-12-19 02:00:53"}
{"level":"info","message":"Example app listening on port: 3000","timestamp":"2024-12-19 02:00:54"}
{"level":"info","message":"conectado a la base de datos","timestamp":"2024-12-19 02:00:54"}
{"level":"info","message":"GET /docs/","timestamp":"2024-12-19 02:00:58"}
{"level":"info","message":"GET /docs/swagger-ui.css","timestamp":"2024-12-19 02:00:58"}
{"level":"info","message":"GET /docs/swagger-ui-bundle.js","timestamp":"2024-12-19 02:00:58"}
{"level":"info","message":"GET /docs/swagger-ui-standalone-preset.js","timestamp":"2024-12-19 02:00:58"}
{"level":"info","message":"GET /docs/swagger-ui-init.js","timestamp":"2024-12-19 02:00:58"}
{"level":"info","message":"GET /docs/favicon-32x32.png","timestamp":"2024-12-19 02:00:58"}
{"level":"info","message":"Example app listening on port: 3000","timestamp":"2024-12-19 02:04:28"}
{"level":"info","message":"conectado a la base de datos","timestamp":"2024-12-19 02:04:29"}
{"level":"info","message":"Example app listening on port: 3000","timestamp":"2024-12-19 02:04:29"}
{"level":"info","message":"conectado a la base de datos","timestamp":"2024-12-19 02:04:30"}
{"level":"info","message":"GET /docs/","timestamp":"2024-12-19 02:04:31"}
{"level":"info","message":"GET /docs/swagger-ui.css","timestamp":"2024-12-19 02:04:31"}
{"level":"info","message":"GET /docs/swagger-ui-bundle.js","timestamp":"2024-12-19 02:04:31"}
{"level":"info","message":"GET /docs/swagger-ui-standalone-preset.js","timestamp":"2024-12-19 02:04:31"}
{"level":"info","message":"GET /docs/swagger-ui-init.js","timestamp":"2024-12-19 02:04:31"}
{"level":"info","message":"GET /docs/favicon-32x32.png","timestamp":"2024-12-19 02:04:31"}
{"level":"info","message":"Example app listening on port: 3000","timestamp":"2024-12-19 02:04:53"}
{"level":"info","message":"conectado a la base de datos","timestamp":"2024-12-19 02:04:53"}
{"level":"info","message":"GET /docs/","timestamp":"2024-12-19 02:04:54"}
{"level":"info","message":"GET /docs/swagger-ui.css","timestamp":"2024-12-19 02:04:54"}
{"level":"info","message":"GET /docs/swagger-ui-bundle.js","timestamp":"2024-12-19 02:04:54"}
{"level":"info","message":"GET /docs/swagger-ui-standalone-preset.js","timestamp":"2024-12-19 02:04:54"}
{"level":"info","message":"GET /docs/swagger-ui-init.js","timestamp":"2024-12-19 02:04:54"}
{"level":"info","message":"GET /docs/favicon-32x32.png","timestamp":"2024-12-19 02:04:54"}
{"level":"info","message":"Example app listening on port: 3000","timestamp":"2024-12-19 02:05:06"}
{"level":"info","message":"conectado a la base de datos","timestamp":"2024-12-19 02:05:07"}
{"level":"info","message":"Example app listening on port: 3000","timestamp":"2024-12-19 02:05:08"}
{"level":"info","message":"conectado a la base de datos","timestamp":"2024-12-19 02:05:09"}
{"level":"info","message":"Example app listening on port: 3000","timestamp":"2024-12-19 02:05:09"}
{"level":"info","message":"conectado a la base de datos","timestamp":"2024-12-19 02:05:10"}
{"level":"info","message":"Example app listening on port: 3000","timestamp":"2024-12-19 02:05:24"}
{"level":"info","message":"conectado a la base de datos","timestamp":"2024-12-19 02:05:24"}
{"level":"info","message":"Example app listening on port: 3000","timestamp":"2024-12-19 02:05:27"}
{"level":"info","message":"conectado a la base de datos","timestamp":"2024-12-19 02:05:27"}
{"level":"info","message":"Example app listening on port: 3000","timestamp":"2024-12-19 02:05:28"}
{"level":"info","message":"conectado a la base de datos","timestamp":"2024-12-19 02:05:29"}
{"level":"info","message":"GET /docs/","timestamp":"2024-12-19 02:05:49"}
{"level":"info","message":"GET /docs/swagger-ui.css","timestamp":"2024-12-19 02:05:49"}
{"level":"info","message":"GET /docs/swagger-ui-bundle.js","timestamp":"2024-12-19 02:05:49"}
{"level":"info","message":"GET /docs/swagger-ui-standalone-preset.js","timestamp":"2024-12-19 02:05:49"}
{"level":"info","message":"GET /docs/swagger-ui-init.js","timestamp":"2024-12-19 02:05:49"}
{"level":"info","message":"GET /docs/favicon-32x32.png","timestamp":"2024-12-19 02:05:49"}
{"level":"info","message":"Example app listening on port: 3000","timestamp":"2024-12-19 02:06:15"}
{"level":"info","message":"conectado a la base de datos","timestamp":"2024-12-19 02:06:15"}
{"level":"info","message":"Example app listening on port: 3000","timestamp":"2024-12-19 02:06:34"}
{"level":"info","message":"conectado a la base de datos","timestamp":"2024-12-19 02:06:35"}
{"level":"info","message":"Example app listening on port: 3000","timestamp":"2024-12-19 02:06:36"}
{"level":"info","message":"conectado a la base de datos","timestamp":"2024-12-19 02:06:36"}
{"level":"info","message":"GET /docs/","timestamp":"2024-12-19 02:06:39"}
{"level":"info","message":"GET /docs/swagger-ui.css","timestamp":"2024-12-19 02:06:39"}
{"level":"info","message":"GET /docs/swagger-ui-bundle.js","timestamp":"2024-12-19 02:06:39"}
{"level":"info","message":"GET /docs/swagger-ui-standalone-preset.js","timestamp":"2024-12-19 02:06:39"}
{"level":"info","message":"GET /docs/swagger-ui-init.js","timestamp":"2024-12-19 02:06:39"}
{"level":"info","message":"GET /docs/favicon-32x32.png","timestamp":"2024-12-19 02:06:39"}
{"level":"info","message":"Example app listening on port: 3000","timestamp":"2024-12-19 02:06:58"}
{"level":"info","message":"conectado a la base de datos","timestamp":"2024-12-19 02:06:58"}
{"level":"info","message":"Example app listening on port: 3000","timestamp":"2024-12-19 02:06:59"}
{"level":"info","message":"conectado a la base de datos","timestamp":"2024-12-19 02:07:00"}
{"level":"info","message":"Example app listening on port: 3000","timestamp":"2024-12-19 02:07:00"}
{"level":"info","message":"conectado a la base de datos","timestamp":"2024-12-19 02:07:01"}
{"level":"info","message":"Example app listening on port: 3000","timestamp":"2024-12-19 02:07:30"}
{"level":"info","message":"conectado a la base de datos","timestamp":"2024-12-19 02:07:31"}
{"level":"info","message":"Example app listening on port: 3000","timestamp":"2024-12-19 02:07:32"}
{"level":"info","message":"conectado a la base de datos","timestamp":"2024-12-19 02:07:33"}
{"level":"info","message":"Example app listening on port: 3000","timestamp":"2024-12-19 02:07:39"}
{"level":"info","message":"conectado a la base de datos","timestamp":"2024-12-19 02:07:39"}
{"level":"info","message":"Example app listening on port: 3000","timestamp":"2024-12-19 02:07:40"}
{"level":"info","message":"conectado a la base de datos","timestamp":"2024-12-19 02:07:41"}
{"level":"info","message":"Example app listening on port: 3000","timestamp":"2024-12-19 02:08:27"}
{"level":"info","message":"conectado a la base de datos","timestamp":"2024-12-19 02:08:27"}
{"level":"info","message":"Example app listening on port: 3000","timestamp":"2024-12-19 02:08:37"}
{"level":"info","message":"conectado a la base de datos","timestamp":"2024-12-19 02:08:38"}
{"level":"info","message":"Example app listening on port: 3000","timestamp":"2024-12-19 02:08:45"}
{"level":"info","message":"conectado a la base de datos","timestamp":"2024-12-19 02:08:45"}
{"level":"info","message":"Example app listening on port: 3000","timestamp":"2024-12-19 02:08:46"}
{"level":"info","message":"conectado a la base de datos","timestamp":"2024-12-19 02:08:46"}
{"level":"info","message":"Example app listening on port: 3000","timestamp":"2024-12-19 02:08:59"}
{"level":"info","message":"conectado a la base de datos","timestamp":"2024-12-19 02:09:00"}
{"level":"info","message":"Example app listening on port: 3000","timestamp":"2024-12-19 02:09:01"}
{"level":"info","message":"conectado a la base de datos","timestamp":"2024-12-19 02:09:02"}
{"level":"info","message":"Example app listening on port: 3000","timestamp":"2024-12-19 02:09:04"}
{"level":"info","message":"Example app listening on port: 3000","timestamp":"2024-12-19 02:09:05"}
{"level":"info","message":"conectado a la base de datos","timestamp":"2024-12-19 02:09:05"}
{"level":"info","message":"Example app listening on port: 3000","timestamp":"2024-12-19 02:09:08"}
{"level":"info","message":"conectado a la base de datos","timestamp":"2024-12-19 02:09:09"}
{"level":"info","message":"Example app listening on port: 3000","timestamp":"2024-12-19 02:09:15"}
{"level":"info","message":"conectado a la base de datos","timestamp":"2024-12-19 02:09:15"}
{"level":"info","message":"Example app listening on port: 3000","timestamp":"2024-12-19 02:09:35"}
{"level":"info","message":"conectado a la base de datos","timestamp":"2024-12-19 02:09:36"}
{"level":"info","message":"Example app listening on port: 3000","timestamp":"2024-12-19 02:09:37"}
{"level":"info","message":"conectado a la base de datos","timestamp":"2024-12-19 02:09:37"}
{"level":"info","message":"Example app listening on port: 3000","timestamp":"2024-12-19 02:09:42"}
{"level":"info","message":"conectado a la base de datos","timestamp":"2024-12-19 02:09:43"}
{"level":"info","message":"Example app listening on port: 3000","timestamp":"2024-12-19 02:09:51"}
{"level":"info","message":"conectado a la base de datos","timestamp":"2024-12-19 02:09:52"}
{"level":"info","message":"GET /docs/","timestamp":"2024-12-19 02:09:56"}
{"level":"info","message":"GET /docs/swagger-ui.css","timestamp":"2024-12-19 02:09:56"}
{"level":"info","message":"GET /docs/swagger-ui-bundle.js","timestamp":"2024-12-19 02:09:56"}
{"level":"info","message":"GET /docs/swagger-ui-standalone-preset.js","timestamp":"2024-12-19 02:09:56"}
{"level":"info","message":"GET /docs/swagger-ui-init.js","timestamp":"2024-12-19 02:09:56"}
{"level":"info","message":"GET /docs/favicon-32x32.png","timestamp":"2024-12-19 02:09:56"}
{"level":"info","message":"Example app listening on port: 3000","timestamp":"2024-12-19 02:10:08"}
{"level":"info","message":"conectado a la base de datos","timestamp":"2024-12-19 02:10:08"}
{"level":"info","message":"Example app listening on port: 3000","timestamp":"2024-12-19 02:11:35"}
{"level":"info","message":"conectado a la base de datos","timestamp":"2024-12-19 02:11:35"}
{"level":"info","message":"GET /docs/","timestamp":"2024-12-19 02:11:39"}
{"level":"info","message":"GET /docs/swagger-ui.css","timestamp":"2024-12-19 02:11:39"}
{"level":"info","message":"GET /docs/swagger-ui-bundle.js","timestamp":"2024-12-19 02:11:39"}
{"level":"info","message":"GET /docs/swagger-ui-standalone-preset.js","timestamp":"2024-12-19 02:11:39"}
{"level":"info","message":"GET /docs/swagger-ui-init.js","timestamp":"2024-12-19 02:11:39"}
{"level":"info","message":"GET /docs/favicon-32x32.png","timestamp":"2024-12-19 02:11:39"}
{"level":"info","message":"Example app listening on port: 3000","timestamp":"2024-12-19 02:11:50"}
{"level":"info","message":"conectado a la base de datos","timestamp":"2024-12-19 02:11:51"}
{"level":"info","message":"GET /docs/","timestamp":"2024-12-19 02:12:44"}
{"level":"info","message":"GET /docs/swagger-ui.css","timestamp":"2024-12-19 02:12:44"}
{"level":"info","message":"GET /docs/swagger-ui-bundle.js","timestamp":"2024-12-19 02:12:44"}
{"level":"info","message":"GET /docs/swagger-ui-standalone-preset.js","timestamp":"2024-12-19 02:12:44"}
{"level":"info","message":"GET /docs/swagger-ui-init.js","timestamp":"2024-12-19 02:12:44"}
{"level":"info","message":"GET /docs/favicon-32x32.png","timestamp":"2024-12-19 02:12:44"}
{"level":"info","message":"Example app listening on port: 3000","timestamp":"2024-12-19 02:12:46"}
{"level":"info","message":"conectado a la base de datos","timestamp":"2024-12-19 02:12:46"}
{"level":"info","message":"GET /docs/","timestamp":"2024-12-19 02:12:46"}
{"level":"info","message":"GET /docs/swagger-ui.css","timestamp":"2024-12-19 02:12:46"}
{"level":"info","message":"GET /docs/swagger-ui-bundle.js","timestamp":"2024-12-19 02:12:46"}
{"level":"info","message":"GET /docs/swagger-ui-standalone-preset.js","timestamp":"2024-12-19 02:12:46"}
{"level":"info","message":"GET /docs/swagger-ui-init.js","timestamp":"2024-12-19 02:12:46"}
{"level":"info","message":"GET /docs/favicon-32x32.png","timestamp":"2024-12-19 02:12:46"}
{"level":"info","message":"GET /productos","timestamp":"2024-12-19 02:12:51"}
{"level":"info","message":"Example app listening on port: 3000","timestamp":"2024-12-19 02:13:00"}
{"level":"info","message":"conectado a la base de datos","timestamp":"2024-12-19 02:13:00"}
{"level":"info","message":"GET /docs/","timestamp":"2024-12-19 02:13:03"}
{"level":"info","message":"GET /docs/swagger-ui.css","timestamp":"2024-12-19 02:13:03"}
{"level":"info","message":"GET /docs/swagger-ui-bundle.js","timestamp":"2024-12-19 02:13:03"}
{"level":"info","message":"GET /docs/swagger-ui-standalone-preset.js","timestamp":"2024-12-19 02:13:03"}
{"level":"info","message":"GET /docs/swagger-ui-init.js","timestamp":"2024-12-19 02:13:03"}
{"level":"info","message":"GET /docs/favicon-32x32.png","timestamp":"2024-12-19 02:13:03"}
{"level":"info","message":"Example app listening on port: 3000","timestamp":"2024-12-19 02:15:45"}
{"level":"info","message":"conectado a la base de datos","timestamp":"2024-12-19 02:15:46"}
{"level":"info","message":"Example app listening on port: 3000","timestamp":"2024-12-19 02:15:47"}
{"level":"info","message":"conectado a la base de datos","timestamp":"2024-12-19 02:15:47"}
{"level":"info","message":"GET /docs/","timestamp":"2024-12-19 02:15:50"}
{"level":"info","message":"GET /docs/swagger-ui.css","timestamp":"2024-12-19 02:15:50"}
{"level":"info","message":"GET /docs/swagger-ui-bundle.js","timestamp":"2024-12-19 02:15:50"}
{"level":"info","message":"GET /docs/swagger-ui-standalone-preset.js","timestamp":"2024-12-19 02:15:50"}
{"level":"info","message":"GET /docs/swagger-ui-init.js","timestamp":"2024-12-19 02:15:50"}
{"level":"info","message":"GET /docs/favicon-32x32.png","timestamp":"2024-12-19 02:15:50"}
{"level":"info","message":"Example app listening on port: 3000","timestamp":"2024-12-19 02:16:21"}
{"level":"info","message":"conectado a la base de datos","timestamp":"2024-12-19 02:16:21"}
{"level":"info","message":"Example app listening on port: 3000","timestamp":"2024-12-19 02:16:22"}
{"level":"info","message":"conectado a la base de datos","timestamp":"2024-12-19 02:16:23"}
{"level":"info","message":"GET /docs/","timestamp":"2024-12-19 02:16:34"}
{"level":"info","message":"GET /docs/swagger-ui.css","timestamp":"2024-12-19 02:16:34"}
{"level":"info","message":"GET /docs/swagger-ui-bundle.js","timestamp":"2024-12-19 02:16:34"}
{"level":"info","message":"GET /docs/swagger-ui-standalone-preset.js","timestamp":"2024-12-19 02:16:34"}
{"level":"info","message":"GET /docs/swagger-ui-init.js","timestamp":"2024-12-19 02:16:34"}
{"level":"info","message":"GET /docs/favicon-32x32.png","timestamp":"2024-12-19 02:16:34"}
{"level":"info","message":"Example app listening on port: 3000","timestamp":"2024-12-19 02:17:42"}
{"level":"info","message":"conectado a la base de datos","timestamp":"2024-12-19 02:17:42"}
{"level":"info","message":"GET /docs/","timestamp":"2024-12-19 02:17:43"}
{"level":"info","message":"GET /docs/swagger-ui.css","timestamp":"2024-12-19 02:17:43"}
{"level":"info","message":"GET /docs/swagger-ui-standalone-preset.js","timestamp":"2024-12-19 02:17:43"}
{"level":"info","message":"GET /docs/swagger-ui-init.js","timestamp":"2024-12-19 02:17:43"}
{"level":"info","message":"GET /docs/swagger-ui-bundle.js","timestamp":"2024-12-19 02:17:43"}
{"level":"info","message":"GET /docs/favicon-32x32.png","timestamp":"2024-12-19 02:17:43"}
{"level":"info","message":"Example app listening on port: 3000","timestamp":"2024-12-19 02:18:28"}
{"level":"info","message":"conectado a la base de datos","timestamp":"2024-12-19 02:18:28"}
{"level":"info","message":"Example app listening on port: 3000","timestamp":"2024-12-19 02:18:30"}
{"level":"info","message":"conectado a la base de datos","timestamp":"2024-12-19 02:18:30"}
{"level":"info","message":"Example app listening on port: 3000","timestamp":"2024-12-19 02:18:37"}
{"level":"info","message":"conectado a la base de datos","timestamp":"2024-12-19 02:18:38"}
{"level":"info","message":"Example app listening on port: 3000","timestamp":"2024-12-19 02:18:39"}
{"level":"info","message":"conectado a la base de datos","timestamp":"2024-12-19 02:18:40"}
{"level":"info","message":"Example app listening on port: 3000","timestamp":"2024-12-19 02:18:54"}
{"level":"info","message":"conectado a la base de datos","timestamp":"2024-12-19 02:18:54"}
{"level":"info","message":"Example app listening on port: 3000","timestamp":"2024-12-19 02:18:55"}
{"level":"info","message":"Example app listening on port: 3000","timestamp":"2024-12-19 02:18:56"}
{"level":"info","message":"conectado a la base de datos","timestamp":"2024-12-19 02:18:56"}
{"level":"info","message":"Example app listening on port: 3000","timestamp":"2024-12-19 02:20:43"}
{"level":"info","message":"Example app listening on port: 3000","timestamp":"2024-12-19 02:20:44"}
{"level":"info","message":"conectado a la base de datos","timestamp":"2024-12-19 02:20:44"}
{"level":"info","message":"GET /docs/","timestamp":"2024-12-19 02:20:49"}
{"level":"info","message":"GET /docs/swagger-ui.css","timestamp":"2024-12-19 02:20:49"}
{"level":"info","message":"GET /docs/swagger-ui-bundle.js","timestamp":"2024-12-19 02:20:49"}
{"level":"info","message":"GET /docs/swagger-ui-standalone-preset.js","timestamp":"2024-12-19 02:20:49"}
{"level":"info","message":"GET /docs/swagger-ui-init.js","timestamp":"2024-12-19 02:20:49"}
{"level":"info","message":"GET /docs/favicon-32x32.png","timestamp":"2024-12-19 02:20:49"}
{"level":"info","message":"GET /blogs","timestamp":"2024-12-19 02:21:00"}
{"level":"info","message":"Example app listening on port: 3000","timestamp":"2024-12-19 02:21:06"}
{"level":"info","message":"conectado a la base de datos","timestamp":"2024-12-19 02:21:07"}
{"level":"info","message":"Example app listening on port: 3000","timestamp":"2024-12-19 02:21:38"}
{"level":"info","message":"conectado a la base de datos","timestamp":"2024-12-19 02:21:39"}
{"level":"info","message":"Example app listening on port: 3000","timestamp":"2024-12-19 02:21:49"}
{"level":"info","message":"conectado a la base de datos","timestamp":"2024-12-19 02:21:50"}
{"level":"info","message":"Example app listening on port: 3000","timestamp":"2024-12-19 02:21:55"}
{"level":"info","message":"conectado a la base de datos","timestamp":"2024-12-19 02:21:55"}
{"level":"info","message":"Example app listening on port: 3000","timestamp":"2024-12-19 02:22:00"}
{"level":"info","message":"conectado a la base de datos","timestamp":"2024-12-19 02:22:00"}
{"level":"info","message":"Example app listening on port: 3000","timestamp":"2024-12-19 02:22:11"}
{"level":"info","message":"conectado a la base de datos","timestamp":"2024-12-19 02:22:11"}
{"level":"info","message":"Example app listening on port: 3000","timestamp":"2024-12-19 02:22:12"}
{"level":"info","message":"conectado a la base de datos","timestamp":"2024-12-19 02:22:13"}
{"level":"info","message":"Example app listening on port: 3000","timestamp":"2024-12-19 02:22:13"}
{"level":"info","message":"Example app listening on port: 3000","timestamp":"2024-12-19 02:22:14"}
{"level":"info","message":"conectado a la base de datos","timestamp":"2024-12-19 02:22:14"}
{"level":"info","message":"Example app listening on port: 3000","timestamp":"2024-12-19 02:22:15"}
{"level":"info","message":"conectado a la base de datos","timestamp":"2024-12-19 02:22:15"}
{"level":"info","message":"GET /docs/","timestamp":"2024-12-19 02:22:17"}
{"level":"info","message":"GET /docs/swagger-ui.css","timestamp":"2024-12-19 02:22:17"}
{"level":"info","message":"GET /docs/swagger-ui-standalone-preset.js","timestamp":"2024-12-19 02:22:17"}
{"level":"info","message":"GET /docs/swagger-ui-init.js","timestamp":"2024-12-19 02:22:17"}
{"level":"info","message":"GET /docs/swagger-ui-bundle.js","timestamp":"2024-12-19 02:22:17"}
{"level":"info","message":"GET /docs/favicon-32x32.png","timestamp":"2024-12-19 02:22:17"}
{"level":"info","message":"Example app listening on port: 3000","timestamp":"2024-12-19 02:22:39"}
{"level":"info","message":"conectado a la base de datos","timestamp":"2024-12-19 02:22:39"}
{"level":"info","message":"Example app listening on port: 3000","timestamp":"2024-12-19 02:22:40"}
{"level":"info","message":"conectado a la base de datos","timestamp":"2024-12-19 02:22:41"}
{"level":"info","message":"GET /docs/","timestamp":"2024-12-19 02:22:41"}
{"level":"info","message":"GET /docs/swagger-ui.css","timestamp":"2024-12-19 02:22:42"}
{"level":"info","message":"GET /docs/swagger-ui-bundle.js","timestamp":"2024-12-19 02:22:42"}
{"level":"info","message":"GET /docs/swagger-ui-standalone-preset.js","timestamp":"2024-12-19 02:22:42"}
{"level":"info","message":"GET /docs/swagger-ui-init.js","timestamp":"2024-12-19 02:22:42"}
{"level":"info","message":"GET /docs/favicon-32x32.png","timestamp":"2024-12-19 02:22:42"}
{"level":"info","message":"Example app listening on port: 3000","timestamp":"2024-12-19 02:22:49"}
{"level":"info","message":"conectado a la base de datos","timestamp":"2024-12-19 02:22:49"}
{"level":"info","message":"Example app listening on port: 3000","timestamp":"2024-12-19 02:23:12"}
{"level":"info","message":"conectado a la base de datos","timestamp":"2024-12-19 02:23:13"}
{"level":"info","message":"Example app listening on port: 3000","timestamp":"2024-12-19 02:23:14"}
{"level":"info","message":"conectado a la base de datos","timestamp":"2024-12-19 02:23:14"}
{"level":"info","message":"Example app listening on port: 3000","timestamp":"2024-12-19 02:23:19"}
{"level":"info","message":"conectado a la base de datos","timestamp":"2024-12-19 02:23:19"}
{"level":"info","message":"Example app listening on port: 3000","timestamp":"2024-12-19 02:23:23"}
{"level":"info","message":"conectado a la base de datos","timestamp":"2024-12-19 02:23:24"}
{"level":"info","message":"Example app listening on port: 3000","timestamp":"2024-12-19 02:23:25"}
{"level":"info","message":"conectado a la base de datos","timestamp":"2024-12-19 02:23:26"}
{"level":"info","message":"Example app listening on port: 3000","timestamp":"2024-12-19 02:23:34"}
{"level":"info","message":"conectado a la base de datos","timestamp":"2024-12-19 02:23:35"}
{"level":"info","message":"GET /docs/","timestamp":"2024-12-19 02:23:38"}
{"level":"info","message":"GET /docs/swagger-ui.css","timestamp":"2024-12-19 02:23:38"}
{"level":"info","message":"GET /docs/swagger-ui-bundle.js","timestamp":"2024-12-19 02:23:38"}
{"level":"info","message":"GET /docs/swagger-ui-standalone-preset.js","timestamp":"2024-12-19 02:23:38"}
{"level":"info","message":"GET /docs/swagger-ui-init.js","timestamp":"2024-12-19 02:23:38"}
{"level":"info","message":"GET /docs/favicon-32x32.png","timestamp":"2024-12-19 02:23:38"}
{"level":"info","message":"Example app listening on port: 3000","timestamp":"2024-12-19 02:24:42"}
{"level":"info","message":"conectado a la base de datos","timestamp":"2024-12-19 02:24:43"}
{"level":"info","message":"Example app listening on port: 3000","timestamp":"2024-12-19 02:24:49"}
{"level":"info","message":"conectado a la base de datos","timestamp":"2024-12-19 02:24:49"}
{"level":"info","message":"Example app listening on port: 3000","timestamp":"2024-12-19 02:24:54"}
{"level":"info","message":"conectado a la base de datos","timestamp":"2024-12-19 02:24:55"}
{"level":"info","message":"Example app listening on port: 3000","timestamp":"2024-12-19 02:24:56"}
{"level":"info","message":"conectado a la base de datos","timestamp":"2024-12-19 02:24:56"}
{"level":"info","message":"GET /docs/","timestamp":"2024-12-19 02:24:57"}
{"level":"info","message":"GET /docs/swagger-ui.css","timestamp":"2024-12-19 02:24:57"}
{"level":"info","message":"GET /docs/swagger-ui-bundle.js","timestamp":"2024-12-19 02:24:57"}
{"level":"info","message":"GET /docs/swagger-ui-standalone-preset.js","timestamp":"2024-12-19 02:24:57"}
{"level":"info","message":"GET /docs/swagger-ui-init.js","timestamp":"2024-12-19 02:24:57"}
{"level":"info","message":"GET /docs/favicon-32x32.png","timestamp":"2024-12-19 02:24:57"}
{"level":"info","message":"Example app listening on port: 3000","timestamp":"2024-12-19 02:25:26"}
{"level":"info","message":"conectado a la base de datos","timestamp":"2024-12-19 02:25:26"}
{"level":"info","message":"Example app listening on port: 3000","timestamp":"2024-12-19 02:45:43"}
{"level":"info","message":"conectado a la base de datos","timestamp":"2024-12-19 02:45:44"}
{"level":"info","message":"Example app listening on port: 3000","timestamp":"2024-12-19 02:48:48"}
{"level":"info","message":"conectado a la base de datos","timestamp":"2024-12-19 02:48:49"}
{"level":"info","message":"GET /autores","timestamp":"2024-12-19 02:49:04"}
{"level":"info","message":"POST /auth/register","timestamp":"2024-12-19 02:49:11"}
{"level":"info","message":"Example app listening on port: 3000","timestamp":"2024-12-19 02:50:31"}
{"level":"info","message":"conectado a la base de datos","timestamp":"2024-12-19 02:50:32"}
{"level":"info","message":"Example app listening on port: 3000","timestamp":"2024-12-19 02:50:34"}
{"level":"info","message":"conectado a la base de datos","timestamp":"2024-12-19 02:50:34"}
{"level":"info","message":"Example app listening on port: 3000","timestamp":"2024-12-19 02:50:40"}
{"level":"info","message":"conectado a la base de datos","timestamp":"2024-12-19 02:50:41"}
{"level":"info","message":"Example app listening on port: 3000","timestamp":"2024-12-19 02:50:42"}
{"level":"info","message":"conectado a la base de datos","timestamp":"2024-12-19 02:50:42"}
{"level":"info","message":"Example app listening on port: 3000","timestamp":"2024-12-19 02:50:45"}
{"level":"info","message":"conectado a la base de datos","timestamp":"2024-12-19 02:50:45"}
{"level":"info","message":"Example app listening on port: 3000","timestamp":"2024-12-19 02:50:46"}
{"level":"info","message":"conectado a la base de datos","timestamp":"2024-12-19 02:50:46"}
{"level":"info","message":"POST /auth/register","timestamp":"2024-12-19 02:50:48"}
{"level":"info","message":"Example app listening on port: 3000","timestamp":"2024-12-19 02:51:05"}
{"level":"info","message":"conectado a la base de datos","timestamp":"2024-12-19 02:51:05"}
{"level":"info","message":"Example app listening on port: 3000","timestamp":"2024-12-19 02:51:35"}
{"level":"info","message":"conectado a la base de datos","timestamp":"2024-12-19 02:51:35"}
{"level":"info","message":"Example app listening on port: 3000","timestamp":"2024-12-19 02:51:37"}
{"level":"info","message":"conectado a la base de datos","timestamp":"2024-12-19 02:51:37"}
{"level":"info","message":"Example app listening on port: 3000","timestamp":"2024-12-19 02:51:39"}
{"level":"info","message":"conectado a la base de datos","timestamp":"2024-12-19 02:51:39"}
{"level":"info","message":"Example app listening on port: 3000","timestamp":"2024-12-19 02:51:40"}
{"level":"info","message":"conectado a la base de datos","timestamp":"2024-12-19 02:51:41"}
{"level":"info","message":"POST /auth/register","timestamp":"2024-12-19 02:51:42"}
{"level":"info","message":"POST /auth/register","timestamp":"2024-12-19 02:51:52"}
{"level":"info","message":"POST /auth/login","timestamp":"2024-12-19 02:52:05"}
{"level":"info","message":"Example app listening on port: 3000","timestamp":"2024-12-19 02:52:22"}
{"level":"info","message":"conectado a la base de datos","timestamp":"2024-12-19 02:52:23"}
{"level":"info","message":"Example app listening on port: 3000","timestamp":"2024-12-19 02:52:25"}
{"level":"info","message":"conectado a la base de datos","timestamp":"2024-12-19 02:52:25"}
{"level":"info","message":"Example app listening on port: 3000","timestamp":"2024-12-19 02:52:45"}
{"level":"info","message":"conectado a la base de datos","timestamp":"2024-12-19 02:52:45"}
{"level":"info","message":"POST /auth/login","timestamp":"2024-12-19 02:52:47"}
{"level":"info","message":"POST /auth/login","timestamp":"2024-12-19 02:52:57"}
{"level":"info","message":"POST /auth/login","timestamp":"2024-12-19 02:54:03"}
{"level":"info","message":"POST /auth/login","timestamp":"2024-12-19 02:54:06"}
{"level":"info","message":"Example app listening on port: 3000","timestamp":"2024-12-19 02:54:46"}
{"level":"info","message":"conectado a la base de datos","timestamp":"2024-12-19 02:54:47"}
{"level":"info","message":"Example app listening on port: 3000","timestamp":"2024-12-19 02:54:48"}
{"level":"info","message":"conectado a la base de datos","timestamp":"2024-12-19 02:54:48"}
{"level":"info","message":"Example app listening on port: 3000","timestamp":"2024-12-19 02:55:11"}
{"level":"info","message":"conectado a la base de datos","timestamp":"2024-12-19 02:55:11"}
{"level":"info","message":"Example app listening on port: 3000","timestamp":"2024-12-19 02:55:13"}
{"level":"info","message":"conectado a la base de datos","timestamp":"2024-12-19 02:55:13"}
{"level":"info","message":"Example app listening on port: 3000","timestamp":"2024-12-19 02:55:15"}
{"level":"info","message":"conectado a la base de datos","timestamp":"2024-12-19 02:55:15"}
{"level":"info","message":"Example app listening on port: 3000","timestamp":"2024-12-19 02:55:18"}
{"level":"info","message":"conectado a la base de datos","timestamp":"2024-12-19 02:55:19"}
{"level":"info","message":"Example app listening on port: 3000","timestamp":"2024-12-19 02:55:34"}
{"level":"info","message":"conectado a la base de datos","timestamp":"2024-12-19 02:55:34"}
{"level":"info","message":"Example app listening on port: 3000","timestamp":"2024-12-19 02:55:38"}
{"level":"info","message":"conectado a la base de datos","timestamp":"2024-12-19 02:55:39"}
{"level":"info","message":"Example app listening on port: 3000","timestamp":"2024-12-19 02:55:39"}
{"level":"info","message":"conectado a la base de datos","timestamp":"2024-12-19 02:55:40"}
{"level":"info","message":"POST /auth/login","timestamp":"2024-12-19 02:55:42"}
{"level":"info","message":"GET /autores","timestamp":"2024-12-19 02:55:45"}
{"level":"info","message":"POST /auth/login","timestamp":"2024-12-19 02:55:55"}
{"level":"info","message":"POST /auth/register","timestamp":"2024-12-19 02:56:54"}
{"level":"info","message":"POST /auth/login","timestamp":"2024-12-19 02:57:01"}
{"level":"info","message":"POST /auth/login","timestamp":"2024-12-19 02:57:06"}
{"level":"info","message":"POST /auth/login","timestamp":"2024-12-19 02:57:08"}
{"level":"info","message":"POST /auth/login","timestamp":"2024-12-19 02:57:09"}
{"level":"info","message":"POST /auth/login","timestamp":"2024-12-19 02:57:10"}
{"level":"info","message":"POST /auth/login","timestamp":"2024-12-19 02:57:12"}
{"level":"info","message":"POST /blog/","timestamp":"2024-12-19 02:57:54"}
{"level":"info","message":"POST /auth/login","timestamp":"2024-12-19 02:58:02"}
{"level":"info","message":"POST /blog/","timestamp":"2024-12-19 02:58:09"}
{"level":"info","message":"Example app listening on port: 3000","timestamp":"2024-12-19 02:59:22"}
{"level":"info","message":"conectado a la base de datos","timestamp":"2024-12-19 02:59:23"}
{"level":"info","message":"POST /blog/","timestamp":"2024-12-19 02:59:23"}
{"level":"info","message":"POST /auth/login","timestamp":"2024-12-19 02:59:27"}
{"level":"info","message":"POST /blog/","timestamp":"2024-12-19 02:59:36"}
{"level":"info","message":"POST /auth/login","timestamp":"2024-12-19 02:59:41"}
{"level":"info","message":"POST /auth/login","timestamp":"2024-12-19 02:59:41"}
{"level":"info","message":"POST /auth/login","timestamp":"2024-12-19 02:59:42"}
{"level":"info","message":"POST /blog/","timestamp":"2024-12-19 02:59:50"}
{"level":"info","message":"POST /auth/login","timestamp":"2024-12-19 02:59:53"}
{"level":"info","message":"POST /auth/login","timestamp":"2024-12-19 02:59:55"}
{"level":"info","message":"POST /auth/login","timestamp":"2024-12-19 02:59:55"}
{"level":"info","message":"POST /auth/login","timestamp":"2024-12-19 02:59:56"}
{"level":"info","message":"POST /auth/login","timestamp":"2024-12-19 02:59:57"}
{"level":"info","message":"POST /auth/login","timestamp":"2024-12-19 02:59:57"}
